This is pdfTeX, Version 3.141592653-2.6-1.40.26 (MiKTeX 24.4) (preloaded format=pdflatex 2025.7.20)  22 JUL 2025 13:25
entering extended mode
 restricted \write18 enabled.
 %&-line parsing enabled.
**C:/projetos/sistema_educacional/api/uploads/CEF04_PLAN/gabaritos/1B.tex
(C:/projetos/sistema_educacional/api/uploads/CEF04_PLAN/gabaritos/1B.tex
LaTeX2e <2024-11-01> patch level 2
L3 programming layer <2025-01-18>
(C:\Users\santo\AppData\Local\Programs\MiKTeX\tex/latex/base\article.cls
Document Class: article 2024/06/29 v1.4n Standard LaTeX document class
(C:\Users\santo\AppData\Local\Programs\MiKTeX\tex/latex/base\size12.clo
File: size12.clo 2024/06/29 v1.4n Standard LaTeX file (size option)
)
\c@part=\count196
\c@section=\count197
\c@subsection=\count198
\c@subsubsection=\count199
\c@paragraph=\count266
\c@subparagraph=\count267
\c@figure=\count268
\c@table=\count269
\abovecaptionskip=\skip49
\belowcaptionskip=\skip50
\bibindent=\dimen141
)
(C:\Users\santo\AppData\Local\Programs\MiKTeX\tex/latex/geometry\geometry.sty
Package: geometry 2020/01/02 v5.9 Page Geometry

(C:\Users\santo\AppData\Local\Programs\MiKTeX\tex/latex/graphics\keyval.sty
Package: keyval 2022/05/29 v1.15 key=value parser (DPC)
\KV@toks@=\toks17
)
(C:\Users\santo\AppData\Local\Programs\MiKTeX\tex/generic/iftex\ifvtex.sty
Package: ifvtex 2019/10/25 v1.7 ifvtex legacy package. Use iftex instead.

(C:\Users\santo\AppData\Local\Programs\MiKTeX\tex/generic/iftex\iftex.sty
Package: iftex 2024/12/12 v1.0g TeX engine tests
))
\Gm@cnth=\count270
\Gm@cntv=\count271
\c@Gm@tempcnt=\count272
\Gm@bindingoffset=\dimen142
\Gm@wd@mp=\dimen143
\Gm@odd@mp=\dimen144
\Gm@even@mp=\dimen145
\Gm@layoutwidth=\dimen146
\Gm@layoutheight=\dimen147
\Gm@layouthoffset=\dimen148
\Gm@layoutvoffset=\dimen149
\Gm@dimlist=\toks18

(C:\Users\santo\AppData\Local\Programs\MiKTeX\tex/latex/geometry\geometry.cfg))

(C:\Users\santo\AppData\Local\Programs\MiKTeX\tex/latex/pgf/frontendlayer\tikz.
sty
(C:\Users\santo\AppData\Local\Programs\MiKTeX\tex/latex/pgf/basiclayer\pgf.sty
(C:\Users\santo\AppData\Local\Programs\MiKTeX\tex/latex/pgf/utilities\pgfrcs.st
y
(C:\Users\santo\AppData\Local\Programs\MiKTeX\tex/generic/pgf/utilities\pgfutil
-common.tex
\pgfutil@everybye=\toks19
\pgfutil@tempdima=\dimen150
\pgfutil@tempdimb=\dimen151
)
(C:\Users\santo\AppData\Local\Programs\MiKTeX\tex/generic/pgf/utilities\pgfutil
-latex.def
\pgfutil@abb=\box52
)
(C:\Users\santo\AppData\Local\Programs\MiKTeX\tex/generic/pgf/utilities\pgfrcs.
code.tex
(C:\Users\santo\AppData\Local\Programs\MiKTeX\tex/generic/pgf\pgf.revision.tex)
Package: pgfrcs 2023-01-15 v3.1.10 (3.1.10)
))
Package: pgf 2023-01-15 v3.1.10 (3.1.10)

(C:\Users\santo\AppData\Local\Programs\MiKTeX\tex/latex/pgf/basiclayer\pgfcore.
sty
(C:\Users\santo\AppData\Local\Programs\MiKTeX\tex/latex/graphics\graphicx.sty
Package: graphicx 2021/09/16 v1.2d Enhanced LaTeX Graphics (DPC,SPQR)

(C:\Users\santo\AppData\Local\Programs\MiKTeX\tex/latex/graphics\graphics.sty
Package: graphics 2024/08/06 v1.4g Standard LaTeX Graphics (DPC,SPQR)

(C:\Users\santo\AppData\Local\Programs\MiKTeX\tex/latex/graphics\trig.sty
Package: trig 2023/12/02 v1.11 sin cos tan (DPC)
)
(C:\Users\santo\AppData\Local\Programs\MiKTeX\tex/latex/graphics-cfg\graphics.c
fg
File: graphics.cfg 2016/06/04 v1.11 sample graphics configuration
)
Package graphics Info: Driver file: pdftex.def on input line 106.

(C:\Users\santo\AppData\Local\Programs\MiKTeX\tex/latex/graphics-def\pdftex.def
File: pdftex.def 2024/04/13 v1.2c Graphics/color driver for pdftex
))
\Gin@req@height=\dimen152
\Gin@req@width=\dimen153
)
(C:\Users\santo\AppData\Local\Programs\MiKTeX\tex/latex/pgf/systemlayer\pgfsys.
sty
(C:\Users\santo\AppData\Local\Programs\MiKTeX\tex/generic/pgf/systemlayer\pgfsy
s.code.tex
Package: pgfsys 2023-01-15 v3.1.10 (3.1.10)

(C:\Users\santo\AppData\Local\Programs\MiKTeX\tex/generic/pgf/utilities\pgfkeys
.code.tex
\pgfkeys@pathtoks=\toks20
\pgfkeys@temptoks=\toks21

(C:\Users\santo\AppData\Local\Programs\MiKTeX\tex/generic/pgf/utilities\pgfkeys
libraryfiltered.code.tex
\pgfkeys@tmptoks=\toks22
))
\pgf@x=\dimen154
\pgf@y=\dimen155
\pgf@xa=\dimen156
\pgf@ya=\dimen157
\pgf@xb=\dimen158
\pgf@yb=\dimen159
\pgf@xc=\dimen160
\pgf@yc=\dimen161
\pgf@xd=\dimen162
\pgf@yd=\dimen163
\w@pgf@writea=\write3
\r@pgf@reada=\read2
\c@pgf@counta=\count273
\c@pgf@countb=\count274
\c@pgf@countc=\count275
\c@pgf@countd=\count276
\t@pgf@toka=\toks23
\t@pgf@tokb=\toks24
\t@pgf@tokc=\toks25
\pgf@sys@id@count=\count277

(C:\Users\santo\AppData\Local\Programs\MiKTeX\tex/generic/pgf/systemlayer\pgf.c
fg
File: pgf.cfg 2023-01-15 v3.1.10 (3.1.10)
)
Driver file for pgf: pgfsys-pdftex.def

(C:\Users\santo\AppData\Local\Programs\MiKTeX\tex/generic/pgf/systemlayer\pgfsy
s-pdftex.def
File: pgfsys-pdftex.def 2023-01-15 v3.1.10 (3.1.10)

(C:\Users\santo\AppData\Local\Programs\MiKTeX\tex/generic/pgf/systemlayer\pgfsy
s-common-pdf.def
File: pgfsys-common-pdf.def 2023-01-15 v3.1.10 (3.1.10)
)))
(C:\Users\santo\AppData\Local\Programs\MiKTeX\tex/generic/pgf/systemlayer\pgfsy
ssoftpath.code.tex
File: pgfsyssoftpath.code.tex 2023-01-15 v3.1.10 (3.1.10)
\pgfsyssoftpath@smallbuffer@items=\count278
\pgfsyssoftpath@bigbuffer@items=\count279
)
(C:\Users\santo\AppData\Local\Programs\MiKTeX\tex/generic/pgf/systemlayer\pgfsy
sprotocol.code.tex
File: pgfsysprotocol.code.tex 2023-01-15 v3.1.10 (3.1.10)
))
(C:\Users\santo\AppData\Local\Programs\MiKTeX\tex/latex/xcolor\xcolor.sty
Package: xcolor 2024/09/29 v3.02 LaTeX color extensions (UK)

(C:\Users\santo\AppData\Local\Programs\MiKTeX\tex/latex/graphics-cfg\color.cfg
File: color.cfg 2016/01/02 v1.6 sample color configuration
)
Package xcolor Info: Driver file: pdftex.def on input line 274.
(C:\Users\santo\AppData\Local\Programs\MiKTeX\tex/latex/graphics\mathcolor.ltx)
Package xcolor Info: Model `cmy' substituted by `cmy0' on input line 1349.
Package xcolor Info: Model `hsb' substituted by `rgb' on input line 1353.
Package xcolor Info: Model `RGB' extended on input line 1365.
Package xcolor Info: Model `HTML' substituted by `rgb' on input line 1367.
Package xcolor Info: Model `Hsb' substituted by `hsb' on input line 1368.
Package xcolor Info: Model `tHsb' substituted by `hsb' on input line 1369.
Package xcolor Info: Model `HSB' substituted by `hsb' on input line 1370.
Package xcolor Info: Model `Gray' substituted by `gray' on input line 1371.
Package xcolor Info: Model `wave' substituted by `hsb' on input line 1372.
)
(C:\Users\santo\AppData\Local\Programs\MiKTeX\tex/generic/pgf/basiclayer\pgfcor
e.code.tex
Package: pgfcore 2023-01-15 v3.1.10 (3.1.10)

(C:\Users\santo\AppData\Local\Programs\MiKTeX\tex/generic/pgf/math\pgfmath.code
.tex
(C:\Users\santo\AppData\Local\Programs\MiKTeX\tex/generic/pgf/math\pgfmathutil.
code.tex)
(C:\Users\santo\AppData\Local\Programs\MiKTeX\tex/generic/pgf/math\pgfmathparse
r.code.tex
\pgfmath@dimen=\dimen164
\pgfmath@count=\count280
\pgfmath@box=\box53
\pgfmath@toks=\toks26
\pgfmath@stack@operand=\toks27
\pgfmath@stack@operation=\toks28
)
(C:\Users\santo\AppData\Local\Programs\MiKTeX\tex/generic/pgf/math\pgfmathfunct
ions.code.tex)
(C:\Users\santo\AppData\Local\Programs\MiKTeX\tex/generic/pgf/math\pgfmathfunct
ions.basic.code.tex)
(C:\Users\santo\AppData\Local\Programs\MiKTeX\tex/generic/pgf/math\pgfmathfunct
ions.trigonometric.code.tex)
(C:\Users\santo\AppData\Local\Programs\MiKTeX\tex/generic/pgf/math\pgfmathfunct
ions.random.code.tex)
(C:\Users\santo\AppData\Local\Programs\MiKTeX\tex/generic/pgf/math\pgfmathfunct
ions.comparison.code.tex)
(C:\Users\santo\AppData\Local\Programs\MiKTeX\tex/generic/pgf/math\pgfmathfunct
ions.base.code.tex)
(C:\Users\santo\AppData\Local\Programs\MiKTeX\tex/generic/pgf/math\pgfmathfunct
ions.round.code.tex)
(C:\Users\santo\AppData\Local\Programs\MiKTeX\tex/generic/pgf/math\pgfmathfunct
ions.misc.code.tex)
(C:\Users\santo\AppData\Local\Programs\MiKTeX\tex/generic/pgf/math\pgfmathfunct
ions.integerarithmetics.code.tex)
(C:\Users\santo\AppData\Local\Programs\MiKTeX\tex/generic/pgf/math\pgfmathcalc.
code.tex)
(C:\Users\santo\AppData\Local\Programs\MiKTeX\tex/generic/pgf/math\pgfmathfloat
.code.tex
\c@pgfmathroundto@lastzeros=\count281
))
(C:\Users\santo\AppData\Local\Programs\MiKTeX\tex/generic/pgf/math\pgfint.code.
tex)
(C:\Users\santo\AppData\Local\Programs\MiKTeX\tex/generic/pgf/basiclayer\pgfcor
epoints.code.tex
File: pgfcorepoints.code.tex 2023-01-15 v3.1.10 (3.1.10)
\pgf@picminx=\dimen165
\pgf@picmaxx=\dimen166
\pgf@picminy=\dimen167
\pgf@picmaxy=\dimen168
\pgf@pathminx=\dimen169
\pgf@pathmaxx=\dimen170
\pgf@pathminy=\dimen171
\pgf@pathmaxy=\dimen172
\pgf@xx=\dimen173
\pgf@xy=\dimen174
\pgf@yx=\dimen175
\pgf@yy=\dimen176
\pgf@zx=\dimen177
\pgf@zy=\dimen178
)
(C:\Users\santo\AppData\Local\Programs\MiKTeX\tex/generic/pgf/basiclayer\pgfcor
epathconstruct.code.tex
File: pgfcorepathconstruct.code.tex 2023-01-15 v3.1.10 (3.1.10)
\pgf@path@lastx=\dimen179
\pgf@path@lasty=\dimen180
)
(C:\Users\santo\AppData\Local\Programs\MiKTeX\tex/generic/pgf/basiclayer\pgfcor
epathusage.code.tex
File: pgfcorepathusage.code.tex 2023-01-15 v3.1.10 (3.1.10)
\pgf@shorten@end@additional=\dimen181
\pgf@shorten@start@additional=\dimen182
)
(C:\Users\santo\AppData\Local\Programs\MiKTeX\tex/generic/pgf/basiclayer\pgfcor
escopes.code.tex
File: pgfcorescopes.code.tex 2023-01-15 v3.1.10 (3.1.10)
\pgfpic=\box54
\pgf@hbox=\box55
\pgf@layerbox@main=\box56
\pgf@picture@serial@count=\count282
)
(C:\Users\santo\AppData\Local\Programs\MiKTeX\tex/generic/pgf/basiclayer\pgfcor
egraphicstate.code.tex
File: pgfcoregraphicstate.code.tex 2023-01-15 v3.1.10 (3.1.10)
\pgflinewidth=\dimen183
)
(C:\Users\santo\AppData\Local\Programs\MiKTeX\tex/generic/pgf/basiclayer\pgfcor
etransformations.code.tex
File: pgfcoretransformations.code.tex 2023-01-15 v3.1.10 (3.1.10)
\pgf@pt@x=\dimen184
\pgf@pt@y=\dimen185
\pgf@pt@temp=\dimen186
)
(C:\Users\santo\AppData\Local\Programs\MiKTeX\tex/generic/pgf/basiclayer\pgfcor
equick.code.tex
File: pgfcorequick.code.tex 2023-01-15 v3.1.10 (3.1.10)
)
(C:\Users\santo\AppData\Local\Programs\MiKTeX\tex/generic/pgf/basiclayer\pgfcor
eobjects.code.tex
File: pgfcoreobjects.code.tex 2023-01-15 v3.1.10 (3.1.10)
)
(C:\Users\santo\AppData\Local\Programs\MiKTeX\tex/generic/pgf/basiclayer\pgfcor
epathprocessing.code.tex
File: pgfcorepathprocessing.code.tex 2023-01-15 v3.1.10 (3.1.10)
)
(C:\Users\santo\AppData\Local\Programs\MiKTeX\tex/generic/pgf/basiclayer\pgfcor
earrows.code.tex
File: pgfcorearrows.code.tex 2023-01-15 v3.1.10 (3.1.10)
\pgfarrowsep=\dimen187
)
(C:\Users\santo\AppData\Local\Programs\MiKTeX\tex/generic/pgf/basiclayer\pgfcor
eshade.code.tex
File: pgfcoreshade.code.tex 2023-01-15 v3.1.10 (3.1.10)
\pgf@max=\dimen188
\pgf@sys@shading@range@num=\count283
\pgf@shadingcount=\count284
)
(C:\Users\santo\AppData\Local\Programs\MiKTeX\tex/generic/pgf/basiclayer\pgfcor
eimage.code.tex
File: pgfcoreimage.code.tex 2023-01-15 v3.1.10 (3.1.10)
)
(C:\Users\santo\AppData\Local\Programs\MiKTeX\tex/generic/pgf/basiclayer\pgfcor
eexternal.code.tex
File: pgfcoreexternal.code.tex 2023-01-15 v3.1.10 (3.1.10)
\pgfexternal@startupbox=\box57
)
(C:\Users\santo\AppData\Local\Programs\MiKTeX\tex/generic/pgf/basiclayer\pgfcor
elayers.code.tex
File: pgfcorelayers.code.tex 2023-01-15 v3.1.10 (3.1.10)
)
(C:\Users\santo\AppData\Local\Programs\MiKTeX\tex/generic/pgf/basiclayer\pgfcor
etransparency.code.tex
File: pgfcoretransparency.code.tex 2023-01-15 v3.1.10 (3.1.10)
)
(C:\Users\santo\AppData\Local\Programs\MiKTeX\tex/generic/pgf/basiclayer\pgfcor
epatterns.code.tex
File: pgfcorepatterns.code.tex 2023-01-15 v3.1.10 (3.1.10)
)
(C:\Users\santo\AppData\Local\Programs\MiKTeX\tex/generic/pgf/basiclayer\pgfcor
erdf.code.tex
File: pgfcorerdf.code.tex 2023-01-15 v3.1.10 (3.1.10)
)))
(C:\Users\santo\AppData\Local\Programs\MiKTeX\tex/generic/pgf/modules\pgfmodule
shapes.code.tex
File: pgfmoduleshapes.code.tex 2023-01-15 v3.1.10 (3.1.10)
\pgfnodeparttextbox=\box58
)
(C:\Users\santo\AppData\Local\Programs\MiKTeX\tex/generic/pgf/modules\pgfmodule
plot.code.tex
File: pgfmoduleplot.code.tex 2023-01-15 v3.1.10 (3.1.10)
)
(C:\Users\santo\AppData\Local\Programs\MiKTeX\tex/latex/pgf/compatibility\pgfco
mp-version-0-65.sty
Package: pgfcomp-version-0-65 2023-01-15 v3.1.10 (3.1.10)
\pgf@nodesepstart=\dimen189
\pgf@nodesepend=\dimen190
)
(C:\Users\santo\AppData\Local\Programs\MiKTeX\tex/latex/pgf/compatibility\pgfco
mp-version-1-18.sty
Package: pgfcomp-version-1-18 2023-01-15 v3.1.10 (3.1.10)
))
(C:\Users\santo\AppData\Local\Programs\MiKTeX\tex/latex/pgf/utilities\pgffor.st
y
(C:\Users\santo\AppData\Local\Programs\MiKTeX\tex/latex/pgf/utilities\pgfkeys.s
ty
(C:\Users\santo\AppData\Local\Programs\MiKTeX\tex/generic/pgf/utilities\pgfkeys
.code.tex))
(C:\Users\santo\AppData\Local\Programs\MiKTeX\tex/latex/pgf/math\pgfmath.sty
(C:\Users\santo\AppData\Local\Programs\MiKTeX\tex/generic/pgf/math\pgfmath.code
.tex))
(C:\Users\santo\AppData\Local\Programs\MiKTeX\tex/generic/pgf/utilities\pgffor.
code.tex
Package: pgffor 2023-01-15 v3.1.10 (3.1.10)
\pgffor@iter=\dimen191
\pgffor@skip=\dimen192
\pgffor@stack=\toks29
\pgffor@toks=\toks30
))
(C:\Users\santo\AppData\Local\Programs\MiKTeX\tex/generic/pgf/frontendlayer/tik
z\tikz.code.tex
Package: tikz 2023-01-15 v3.1.10 (3.1.10)

(C:\Users\santo\AppData\Local\Programs\MiKTeX\tex/generic/pgf/libraries\pgflibr
aryplothandlers.code.tex
File: pgflibraryplothandlers.code.tex 2023-01-15 v3.1.10 (3.1.10)
\pgf@plot@mark@count=\count285
\pgfplotmarksize=\dimen193
)
\tikz@lastx=\dimen194
\tikz@lasty=\dimen195
\tikz@lastxsaved=\dimen196
\tikz@lastysaved=\dimen197
\tikz@lastmovetox=\dimen198
\tikz@lastmovetoy=\dimen199
\tikzleveldistance=\dimen256
\tikzsiblingdistance=\dimen257
\tikz@figbox=\box59
\tikz@figbox@bg=\box60
\tikz@tempbox=\box61
\tikz@tempbox@bg=\box62
\tikztreelevel=\count286
\tikznumberofchildren=\count287
\tikznumberofcurrentchild=\count288
\tikz@fig@count=\count289

(C:\Users\santo\AppData\Local\Programs\MiKTeX\tex/generic/pgf/modules\pgfmodule
matrix.code.tex
File: pgfmodulematrix.code.tex 2023-01-15 v3.1.10 (3.1.10)
\pgfmatrixcurrentrow=\count290
\pgfmatrixcurrentcolumn=\count291
\pgf@matrix@numberofcolumns=\count292
)
\tikz@expandcount=\count293

(C:\Users\santo\AppData\Local\Programs\MiKTeX\tex/generic/pgf/frontendlayer/tik
z/libraries\tikzlibrarytopaths.code.tex
File: tikzlibrarytopaths.code.tex 2023-01-15 v3.1.10 (3.1.10)
)))
(C:\Users\santo\AppData\Local\Programs\MiKTeX\tex/latex/qrcode\qrcode.sty
Package: qrcode 2015/01/08 v1.51 QR code generation

(C:\Users\santo\AppData\Local\Programs\MiKTeX\tex/latex/xkeyval\xkeyval.sty
Package: xkeyval 2022/06/16 v2.9 package option processing (HA)

(C:\Users\santo\AppData\Local\Programs\MiKTeX\tex/generic/xkeyval\xkeyval.tex
(C:\Users\santo\AppData\Local\Programs\MiKTeX\tex/generic/xkeyval\xkvutils.tex
\XKV@toks=\toks31
\XKV@tempa@toks=\toks32
)
\XKV@depth=\count294
File: xkeyval.tex 2014/12/03 v2.7a key=value parser (HA)
))
\c@qr@i=\count295
\c@qr@j=\count296
\qr@a=\count297
\qr@b=\count298
\qr@c=\count299
\qr@for@depth=\count300
\qr@for@maxdepth=\count301
\qr@for@start=\count302
\qr@for@end=\count303
\qr@for@step=\count304
\qr@newforcount=\count305
\qr@newforcount=\count306
\qr@desiredheight=\skip51
\qr@modulesize=\skip52
\qr@minipagewidth=\skip53
\c@maski=\count307
\c@maskj=\count308
\c@totalones=\count309
\c@penaltyi=\count310
\c@penaltyii=\count311
\c@penaltyiii=\count312
\c@penaltyiv=\count313
\c@qr@hexchars=\count314
\qr@newforcount=\count315
\c@qr@divisionsremaining=\count316
) (C:\Users\santo\AppData\Local\Programs\MiKTeX\tex/latex/tools\multicol.sty
Package: multicol 2024/09/14 v1.9i multicolumn formatting (FMi)
\c@tracingmulticols=\count317
\mult@box=\box63
\multicol@leftmargin=\dimen258
\c@unbalance=\count318
\c@collectmore=\count319
\doublecol@number=\count320
\multicoltolerance=\count321
\multicolpretolerance=\count322
\full@width=\dimen259
\page@free=\dimen260
\premulticols=\dimen261
\postmulticols=\dimen262
\multicolsep=\skip54
\multicolbaselineskip=\skip55
\partial@page=\box64
\last@line=\box65
\mc@boxedresult=\box66
\maxbalancingoverflow=\dimen263
\mult@rightbox=\box67
\mult@grightbox=\box68
\mult@firstbox=\box69
\mult@gfirstbox=\box70
\@tempa=\box71
\@tempa=\box72
\@tempa=\box73
\@tempa=\box74
\@tempa=\box75
\@tempa=\box76
\@tempa=\box77
\@tempa=\box78
\@tempa=\box79
\@tempa=\box80
\@tempa=\box81
\@tempa=\box82
\@tempa=\box83
\@tempa=\box84
\@tempa=\box85
\@tempa=\box86
\@tempa=\box87
\@tempa=\box88
\@tempa=\box89
\@tempa=\box90
\@tempa=\box91
\@tempa=\box92
\@tempa=\box93
\@tempa=\box94
\@tempa=\box95
\@tempa=\box96
\@tempa=\box97
\@tempa=\box98
\@tempa=\box99
\@tempa=\box100
\@tempa=\box101
\@tempa=\box102
\@tempa=\box103
\@tempa=\box104
\@tempa=\box105
\@tempa=\box106
\c@minrows=\count323
\c@columnbadness=\count324
\c@finalcolumnbadness=\count325
\last@try=\dimen264
\multicolovershoot=\dimen265
\multicolundershoot=\dimen266
\mult@nat@firstbox=\box107
\colbreak@box=\box108
\mc@col@check@num=\count326
) (C:\Users\santo\AppData\Local\Programs\MiKTeX\tex/latex/tools\array.sty
Package: array 2024/10/17 v2.6g Tabular extension package (FMi)
\col@sep=\dimen267
\ar@mcellbox=\box109
\extrarowheight=\dimen268
\NC@list=\toks33
\extratabsurround=\skip56
\backup@length=\skip57
\ar@cellbox=\box110
)
(C:\Users\santo\AppData\Local\Programs\MiKTeX\tex/latex/adjustbox\adjustbox.sty
Package: adjustbox 2025/02/26 v1.3c Adjusting TeX boxes (trim, clip, ...)
(C:\Users\santo\AppData\Local\Programs\MiKTeX\tex/latex/adjustbox\adjcalc.sty
Package: adjcalc 2012/05/16 v1.1 Provides advanced setlength with multiple back
-ends (calc, etex, pgfmath)
)
(C:\Users\santo\AppData\Local\Programs\MiKTeX\tex/latex/adjustbox\trimclip.sty
Package: trimclip 2025/02/21 v1.2a Trim and clip general TeX material

(C:\Users\santo\AppData\Local\Programs\MiKTeX\tex/latex/collectbox\collectbox.s
ty
Package: collectbox 2022/10/17 v0.4c Collect macro arguments as boxes
\collectedbox=\box111
)
\tc@llx=\dimen269
\tc@lly=\dimen270
\tc@urx=\dimen271
\tc@ury=\dimen272
Package trimclip Info: Using driver 'tc-pdftex.def'.

(C:\Users\santo\AppData\Local\Programs\MiKTeX\tex/latex/adjustbox\tc-pdftex.def
File: tc-pdftex.def 2025/02/26 v2.3 Clipping driver for pdftex
))
\adjbox@Width=\dimen273
\adjbox@Height=\dimen274
\adjbox@Depth=\dimen275
\adjbox@Totalheight=\dimen276
\adjbox@pwidth=\dimen277
\adjbox@pheight=\dimen278
\adjbox@pdepth=\dimen279
\adjbox@ptotalheight=\dimen280

(C:\Users\santo\AppData\Local\Programs\MiKTeX\tex/latex/ifoddpage\ifoddpage.sty
Package: ifoddpage 2022/10/18 v1.2 Conditionals for odd/even page detection
\c@checkoddpage=\count327
) (C:\Users\santo\AppData\Local\Programs\MiKTeX\tex/latex/varwidth\varwidth.sty
Package: varwidth 2009/03/30 ver 0.92;  Variable-width minipages
\@vwid@box=\box112
\sift@deathcycles=\count328
\@vwid@loff=\dimen281
\@vwid@roff=\dimen282
)) (C:\Users\santo\AppData\Local\Programs\MiKTeX\tex/latex/textpos\textpos.sty
Package: textpos 2022/07/23 v1.10.1
Package textpos Info: choosing support for LaTeX3 on input line 60.
\TP@textbox=\box113
\TP@holdbox=\box114
\TPHorizModule=\dimen283
\TPVertModule=\dimen284
\TP@margin=\dimen285
\TP@absmargin=\dimen286

Grid set 16 x 16 = 37.34424pt x 52.81541pt
\TPboxrulesize=\dimen287
\TP@ox=\dimen288
\TP@oy=\dimen289
\TP@tbargs=\toks34
TextBlockOrigin set to 0pt x 0pt
) (C:\Users\santo\AppData\Local\Programs\MiKTeX\tex/latex/fancyhdr\fancyhdr.sty
Package: fancyhdr 2025/01/07 v5.1.1 Extensive control of page headers and foote
rs
\f@nch@headwidth=\skip58
\f@nch@offset@elh=\skip59
\f@nch@offset@erh=\skip60
\f@nch@offset@olh=\skip61
\f@nch@offset@orh=\skip62
\f@nch@offset@elf=\skip63
\f@nch@offset@erf=\skip64
\f@nch@offset@olf=\skip65
\f@nch@offset@orf=\skip66
\f@nch@height=\skip67
\f@nch@footalignment=\skip68
\f@nch@widthL=\skip69
\f@nch@widthC=\skip70
\f@nch@widthR=\skip71
\@temptokenb=\toks35
)
(C:\Users\santo\AppData\Local\Programs\MiKTeX\tex/latex/l3backend\l3backend-pdf
tex.def
File: l3backend-pdftex.def 2024-05-08 L3 backend support: PDF output (pdfTeX)
\l__color_backend_stack_int=\count329
\l__pdf_internal_box=\box115
)
(C:\projetos\sistema_educacional\api\uploads\CEF04_PLAN\gabaritos\1B.aux
<Reading QR code for " 962439-ANA_RAFAELLA_MONTEIRO_DE_BRITO-1B " at level 3-M 
from aux file.>

<Reading QR code for " 594100-ANA_VICTÓRIA_RODRIGUES_ARISHITA-1B " at level 4-
Q from aux file.>

<Reading QR code for " 729447-ARTHUR_DA_SILVA_MIRANDA-1B " at level 3-M from au
x file.>

<Reading QR code for " 889474-BRUNO_FELIPE_DA_SILVA_FILHO-1B " at level 3-M fro
m aux file.>

<Reading QR code for " 631114-DAVI_LUCCA_FERREIRA_DIAS-1B " at level 3-M from a
ux file.>

<Reading QR code for " 959182-DHAVID_LUIZ_FERREIRA_CANDIDO-1B " at level 3-M fr
om aux file.>

<Reading QR code for " 761050-DHULIA_VITORIA_RODRIGUES_AQUINO-1B " at level 4-Q
 from aux file.>

<Reading QR code for " 717370-ESTER_AYLA_FERREIRA_ALVES-1B " at level 3-M from 
aux file.>

<Reading QR code for " 716235-ESTHER_DE_SOUSA_FREITAS-1B " at level 3-M from au
x file.>

<Reading QR code for " 719820-GEOVANNA_DOS_SANTOS_DOURADO-1B " at level 3-M fro
m aux file.>

<Reading QR code for " 737815-HELOÍSA_RIBEIRO_DIAS-1B " at level 3-M from aux 
file.>

<Reading QR code for " 716439-IGOR_SAMUEL_FREIRE_SANTOS-1B " at level 3-M from 
aux file.>

<Reading QR code for " 813627-ISABELLY_MOURÃO_SILVA-1B " at level 3-M from aux
 file.>

<Reading QR code for " 724542-JOÃO_GABRIEL_FERNANDES_MONTEIRO-1B " at level 4-
Q from aux file.>

<Reading QR code for " 668909-JOÃO_MIGUEL_CARDOSO_DE_SOUZA-1B " at level 3-M f
rom aux file.>

<Reading QR code for " 1278806-JULIA_SANTOS_TAVARES-1B " at level 3-M from aux 
file.>

<Reading QR code for " 867079-LARA_FIGUEIREDO_LIMA-1B " at level 3-Q from aux f
ile.>

<Reading QR code for " 667219-LAURA_ANTONIA_FERNANDES_DO_LAGO-1B " at level 4-Q
 from aux file.>

<Reading QR code for " 747555-LUIZ_FELIPE_SPINDOLA_DOS_SANTOS-1B " at level 4-Q
 from aux file.>

<Reading QR code for " 733964-MANUELLA_BATISTA_DE_OLIVEIRA_COSTA-1B " at level 
4-Q from aux file.>

<Reading QR code for " 619273-MANUELLE_ROCHA_DO_CARMO-1B " at level 3-M from au
x file.>

<Reading QR code for " 728102-MARIA_EDUARDA_SOARES_VITORINO-1B " at level 3-M f
rom aux file.>

<Reading QR code for " 966847-MIGUEL_ARTHUR_DIAS_GUIDA-1B " at level 3-M from a
ux file.>

<Reading QR code for " 644117-MIGUEL_VIEIRA_DOS_SANTOS-1B " at level 3-M from a
ux file.>

<Reading QR code for " 791380-PEDRO_HENRIQUE_SOUSA_BRITO-1B " at level 3-M from
 aux file.>

<Reading QR code for " 736483-SABRINA_GONÇALVES_SOARES-1B " at level 3-M from 
aux file.>

<Reading QR code for " 719972-SOPHIA_GABRIELY_RIBEIRO_DA_SILVA_SALES-1B " at le
vel 4-M from aux file.>

<Reading QR code for " 649271-SOPHIA_OLIVEIRA_DE_LIMA-1B " at level 3-M from au
x file.>

<Reading QR code for " 733051-VICTOR_HENRIQUE_CAVALCANTE_CAMARGOS-1B " at level
 4-M from aux file.>

<Reading QR code for " 677144-WELINGTON_ROBERTO_SILVA_PIRES-1B " at level 3-M f
rom aux file.>
)
\openout1 = `1B.aux'.

LaTeX Font Info:    Checking defaults for OML/cmm/m/it on input line 74.
LaTeX Font Info:    ... okay on input line 74.
LaTeX Font Info:    Checking defaults for OMS/cmsy/m/n on input line 74.
LaTeX Font Info:    ... okay on input line 74.
LaTeX Font Info:    Checking defaults for OT1/cmr/m/n on input line 74.
LaTeX Font Info:    ... okay on input line 74.
LaTeX Font Info:    Checking defaults for T1/cmr/m/n on input line 74.
LaTeX Font Info:    ... okay on input line 74.
LaTeX Font Info:    Checking defaults for TS1/cmr/m/n on input line 74.
LaTeX Font Info:    ... okay on input line 74.
LaTeX Font Info:    Checking defaults for OMX/cmex/m/n on input line 74.
LaTeX Font Info:    ... okay on input line 74.
LaTeX Font Info:    Checking defaults for U/cmr/m/n on input line 74.
LaTeX Font Info:    ... okay on input line 74.

*geometry* driver: auto-detecting
*geometry* detected driver: pdftex
*geometry* verbose mode - [ preamble ] result:
* driver: pdftex
* paper: a4paper
* layout: <same size as paper>
* layoutoffset:(h,v)=(0.0pt,0.0pt)
* modes: 
* h-part:(L,W,R)=(28.45274pt, 540.60239pt, 28.45274pt)
* v-part:(T,H,B)=(28.45274pt, 773.91498pt, 42.67912pt)
* \paperwidth=597.50787pt
* \paperheight=845.04684pt
* \textwidth=540.60239pt
* \textheight=773.91498pt
* \oddsidemargin=-43.81725pt
* \evensidemargin=-43.81725pt
* \topmargin=-80.81725pt
* \headheight=12.0pt
* \headsep=25.0pt
* \topskip=12.0pt
* \footskip=30.0pt
* \marginparwidth=35.0pt
* \marginparsep=10.0pt
* \columnsep=10.0pt
* \skip\footins=10.8pt plus 4.0pt minus 2.0pt
* \hoffset=0.0pt
* \voffset=0.0pt
* \mag=1000
* \@twocolumnfalse
* \@twosidefalse
* \@mparswitchfalse
* \@reversemarginfalse
* (1in=72.27pt=25.4mm, 1cm=28.453pt)


(C:\Users\santo\AppData\Local\Programs\MiKTeX\tex/context/base/mkii\supp-pdf.mk
ii
[Loading MPS to PDF converter (version 2006.09.02).]
\scratchcounter=\count330
\scratchdimen=\dimen290
\scratchbox=\box116
\nofMPsegments=\count331
\nofMParguments=\count332
\everyMPshowfont=\toks36
\MPscratchCnt=\count333
\MPscratchDim=\dimen291
\MPnumerator=\count334
\makeMPintoPDFobject=\count335
\everyMPtoPDFconversion=\toks37
)
(C:\Users\santo\AppData\Local\Programs\MiKTeX\tex/latex/epstopdf-pkg\epstopdf-b
ase.sty
Package: epstopdf-base 2020-01-24 v2.11 Base part for package epstopdf
Package epstopdf-base Info: Redefining graphics rule for `.eps' on input line 4
85.

(C:\Users\santo\AppData\Local\Programs\MiKTeX\tex/latex/00miktex\epstopdf-sys.c
fg
File: epstopdf-sys.cfg 2021/03/18 v2.0 Configuration of epstopdf for MiKTeX
))


<QR code requested for " 962439-ANA_RAFAELLA_MONTEIRO_DE_BRITO-1B " in version 
0-M.>

<Copying the QR code for " 962439-ANA_RAFAELLA_MONTEIRO_DE_BRITO-1B " in versio
n 3-M as previously calculated.>
LaTeX Font Info:    External font `cmex10' loaded for size
(Font)              <12> on input line 77.
LaTeX Font Info:    External font `cmex10' loaded for size
(Font)              <8> on input line 77.
LaTeX Font Info:    External font `cmex10' loaded for size
(Font)              <6> on input line 77.


[1

{C:/Users/santo/AppData/Local/MiKTeX/fonts/map/pdftex/pdftex.map}]


<QR code requested for " 594100-ANA_VICTÓRIA_RODRIGUES_ARISHITA-1B " in versio
n 0-M.>
<Error-correction level increased from M to Q at no cost.>

<Copying the QR code for " 594100-ANA_VICTÓRIA_RODRIGUES_ARISHITA-1B " in vers
ion 4-Q as previously calculated.>


[2]


<QR code requested for " 729447-ARTHUR_DA_SILVA_MIRANDA-1B " in version 0-M.>

<Copying the QR code for " 729447-ARTHUR_DA_SILVA_MIRANDA-1B " in version 3-M a
s previously calculated.>


[3]


<QR code requested for " 889474-BRUNO_FELIPE_DA_SILVA_FILHO-1B " in version 0-M
.>

<Copying the QR code for " 889474-BRUNO_FELIPE_DA_SILVA_FILHO-1B " in version 3
-M as previously calculated.>


[4]


<QR code requested for " 631114-DAVI_LUCCA_FERREIRA_DIAS-1B " in version 0-M.>

<Copying the QR code for " 631114-DAVI_LUCCA_FERREIRA_DIAS-1B " in version 3-M 
as previously calculated.>


[5]


<QR code requested for " 959182-DHAVID_LUIZ_FERREIRA_CANDIDO-1B " in version 0-
M.>

<Copying the QR code for " 959182-DHAVID_LUIZ_FERREIRA_CANDIDO-1B " in version 
3-M as previously calculated.>


[6]


<QR code requested for " 761050-DHULIA_VITORIA_RODRIGUES_AQUINO-1B " in version
 0-M.>
<Error-correction level increased from M to Q at no cost.>

<Copying the QR code for " 761050-DHULIA_VITORIA_RODRIGUES_AQUINO-1B " in versi
on 4-Q as previously calculated.>


[7]


<QR code requested for " 717370-ESTER_AYLA_FERREIRA_ALVES-1B " in version 0-M.>


<Copying the QR code for " 717370-ESTER_AYLA_FERREIRA_ALVES-1B " in version 3-M
 as previously calculated.>


[8]


<QR code requested for " 716235-ESTHER_DE_SOUSA_FREITAS-1B " in version 0-M.>

<Copying the QR code for " 716235-ESTHER_DE_SOUSA_FREITAS-1B " in version 3-M a
s previously calculated.>


[9]


<QR code requested for " 719820-GEOVANNA_DOS_SANTOS_DOURADO-1B " in version 0-M
.>

<Copying the QR code for " 719820-GEOVANNA_DOS_SANTOS_DOURADO-1B " in version 3
-M as previously calculated.>


[10]


<QR code requested for " 737815-HELOÍSA_RIBEIRO_DIAS-1B " in version 0-M.>

<Copying the QR code for " 737815-HELOÍSA_RIBEIRO_DIAS-1B " in version 3-M as 
previously calculated.>


[11]


<QR code requested for " 716439-IGOR_SAMUEL_FREIRE_SANTOS-1B " in version 0-M.>


<Copying the QR code for " 716439-IGOR_SAMUEL_FREIRE_SANTOS-1B " in version 3-M
 as previously calculated.>


[12]


<QR code requested for " 813627-ISABELLY_MOURÃO_SILVA-1B " in version 0-M.>

<Copying the QR code for " 813627-ISABELLY_MOURÃO_SILVA-1B " in version 3-M as
 previously calculated.>


[13]


<QR code requested for " 724542-JOÃO_GABRIEL_FERNANDES_MONTEIRO-1B " in versio
n 0-M.>
<Error-correction level increased from M to Q at no cost.>

<Copying the QR code for " 724542-JOÃO_GABRIEL_FERNANDES_MONTEIRO-1B " in vers
ion 4-Q as previously calculated.>


[14]


<QR code requested for " 668909-JOÃO_MIGUEL_CARDOSO_DE_SOUZA-1B " in version 0
-M.>

<Copying the QR code for " 668909-JOÃO_MIGUEL_CARDOSO_DE_SOUZA-1B " in version
 3-M as previously calculated.>


[15]


<QR code requested for " 1278806-JULIA_SANTOS_TAVARES-1B " in version 0-M.>

<Copying the QR code for " 1278806-JULIA_SANTOS_TAVARES-1B " in version 3-M as 
previously calculated.>


[16]


<QR code requested for " 867079-LARA_FIGUEIREDO_LIMA-1B " in version 0-M.>
<Error-correction level increased from M to Q at no cost.>

<Copying the QR code for " 867079-LARA_FIGUEIREDO_LIMA-1B " in version 3-Q as p
reviously calculated.>


[17]


<QR code requested for " 667219-LAURA_ANTONIA_FERNANDES_DO_LAGO-1B " in version
 0-M.>
<Error-correction level increased from M to Q at no cost.>

<Copying the QR code for " 667219-LAURA_ANTONIA_FERNANDES_DO_LAGO-1B " in versi
on 4-Q as previously calculated.>


[18]


<QR code requested for " 747555-LUIZ_FELIPE_SPINDOLA_DOS_SANTOS-1B " in version
 0-M.>
<Error-correction level increased from M to Q at no cost.>

<Copying the QR code for " 747555-LUIZ_FELIPE_SPINDOLA_DOS_SANTOS-1B " in versi
on 4-Q as previously calculated.>


[19]


<QR code requested for " 733964-MANUELLA_BATISTA_DE_OLIVEIRA_COSTA-1B " in vers
ion 0-M.>
<Error-correction level increased from M to Q at no cost.>

<Copying the QR code for " 733964-MANUELLA_BATISTA_DE_OLIVEIRA_COSTA-1B " in ve
rsion 4-Q as previously calculated.>


[20]


<QR code requested for " 619273-MANUELLE_ROCHA_DO_CARMO-1B " in version 0-M.>

<Copying the QR code for " 619273-MANUELLE_ROCHA_DO_CARMO-1B " in version 3-M a
s previously calculated.>


[21]


<QR code requested for " 728102-MARIA_EDUARDA_SOARES_VITORINO-1B " in version 0
-M.>

<Copying the QR code for " 728102-MARIA_EDUARDA_SOARES_VITORINO-1B " in version
 3-M as previously calculated.>


[22]


<QR code requested for " 966847-MIGUEL_ARTHUR_DIAS_GUIDA-1B " in version 0-M.>

<Copying the QR code for " 966847-MIGUEL_ARTHUR_DIAS_GUIDA-1B " in version 3-M 
as previously calculated.>


[23]


<QR code requested for " 644117-MIGUEL_VIEIRA_DOS_SANTOS-1B " in version 0-M.>

<Copying the QR code for " 644117-MIGUEL_VIEIRA_DOS_SANTOS-1B " in version 3-M 
as previously calculated.>


[24]


<QR code requested for " 791380-PEDRO_HENRIQUE_SOUSA_BRITO-1B " in version 0-M.
>

<Copying the QR code for " 791380-PEDRO_HENRIQUE_SOUSA_BRITO-1B " in version 3-
M as previously calculated.>


[25]


<QR code requested for " 736483-SABRINA_GONÇALVES_SOARES-1B " in version 0-M.>


<Copying the QR code for " 736483-SABRINA_GONÇALVES_SOARES-1B " in version 3-M
 as previously calculated.>


[26]


<QR code requested for " 719972-SOPHIA_GABRIELY_RIBEIRO_DA_SILVA_SALES-1B " in 
version 0-M.>

<Copying the QR code for " 719972-SOPHIA_GABRIELY_RIBEIRO_DA_SILVA_SALES-1B " i
n version 4-M as previously calculated.>


[27]


<QR code requested for " 649271-SOPHIA_OLIVEIRA_DE_LIMA-1B " in version 0-M.>

<Copying the QR code for " 649271-SOPHIA_OLIVEIRA_DE_LIMA-1B " in version 3-M a
s previously calculated.>


[28]


<QR code requested for " 733051-VICTOR_HENRIQUE_CAVALCANTE_CAMARGOS-1B " in ver
sion 0-M.>

<Copying the QR code for " 733051-VICTOR_HENRIQUE_CAVALCANTE_CAMARGOS-1B " in v
ersion 4-M as previously calculated.>


[29]


<QR code requested for " 677144-WELINGTON_ROBERTO_SILVA_PIRES-1B " in version 0
-M.>

<Copying the QR code for " 677144-WELINGTON_ROBERTO_SILVA_PIRES-1B " in version
 3-M as previously calculated.>


[30] (C:\projetos\sistema_educacional\api\uploads\CEF04_PLAN\gabaritos\1B.aux
<Reading QR code for " 962439-ANA_RAFAELLA_MONTEIRO_DE_BRITO-1B " at level 3-M 
from aux file.>

<Reading QR code for " 594100-ANA_VICTÓRIA_RODRIGUES_ARISHITA-1B " at level 4-
Q from aux file.>

<Reading QR code for " 729447-ARTHUR_DA_SILVA_MIRANDA-1B " at level 3-M from au
x file.>

<Reading QR code for " 889474-BRUNO_FELIPE_DA_SILVA_FILHO-1B " at level 3-M fro
m aux file.>

<Reading QR code for " 631114-DAVI_LUCCA_FERREIRA_DIAS-1B " at level 3-M from a
ux file.>

<Reading QR code for " 959182-DHAVID_LUIZ_FERREIRA_CANDIDO-1B " at level 3-M fr
om aux file.>

<Reading QR code for " 761050-DHULIA_VITORIA_RODRIGUES_AQUINO-1B " at level 4-Q
 from aux file.>

<Reading QR code for " 717370-ESTER_AYLA_FERREIRA_ALVES-1B " at level 3-M from 
aux file.>

<Reading QR code for " 716235-ESTHER_DE_SOUSA_FREITAS-1B " at level 3-M from au
x file.>

<Reading QR code for " 719820-GEOVANNA_DOS_SANTOS_DOURADO-1B " at level 3-M fro
m aux file.>

<Reading QR code for " 737815-HELOÍSA_RIBEIRO_DIAS-1B " at level 3-M from aux 
file.>

<Reading QR code for " 716439-IGOR_SAMUEL_FREIRE_SANTOS-1B " at level 3-M from 
aux file.>

<Reading QR code for " 813627-ISABELLY_MOURÃO_SILVA-1B " at level 3-M from aux
 file.>

<Reading QR code for " 724542-JOÃO_GABRIEL_FERNANDES_MONTEIRO-1B " at level 4-
Q from aux file.>

<Reading QR code for " 668909-JOÃO_MIGUEL_CARDOSO_DE_SOUZA-1B " at level 3-M f
rom aux file.>

<Reading QR code for " 1278806-JULIA_SANTOS_TAVARES-1B " at level 3-M from aux 
file.>

<Reading QR code for " 867079-LARA_FIGUEIREDO_LIMA-1B " at level 3-Q from aux f
ile.>

<Reading QR code for " 667219-LAURA_ANTONIA_FERNANDES_DO_LAGO-1B " at level 4-Q
 from aux file.>

<Reading QR code for " 747555-LUIZ_FELIPE_SPINDOLA_DOS_SANTOS-1B " at level 4-Q
 from aux file.>

<Reading QR code for " 733964-MANUELLA_BATISTA_DE_OLIVEIRA_COSTA-1B " at level 
4-Q from aux file.>

<Reading QR code for " 619273-MANUELLE_ROCHA_DO_CARMO-1B " at level 3-M from au
x file.>

<Reading QR code for " 728102-MARIA_EDUARDA_SOARES_VITORINO-1B " at level 3-M f
rom aux file.>

<Reading QR code for " 966847-MIGUEL_ARTHUR_DIAS_GUIDA-1B " at level 3-M from a
ux file.>

<Reading QR code for " 644117-MIGUEL_VIEIRA_DOS_SANTOS-1B " at level 3-M from a
ux file.>

<Reading QR code for " 791380-PEDRO_HENRIQUE_SOUSA_BRITO-1B " at level 3-M from
 aux file.>

<Reading QR code for " 736483-SABRINA_GONÇALVES_SOARES-1B " at level 3-M from 
aux file.>

<Reading QR code for " 719972-SOPHIA_GABRIELY_RIBEIRO_DA_SILVA_SALES-1B " at le
vel 4-M from aux file.>

<Reading QR code for " 649271-SOPHIA_OLIVEIRA_DE_LIMA-1B " at level 3-M from au
x file.>

<Reading QR code for " 733051-VICTOR_HENRIQUE_CAVALCANTE_CAMARGOS-1B " at level
 4-M from aux file.>

<Reading QR code for " 677144-WELINGTON_ROBERTO_SILVA_PIRES-1B " at level 3-M f
rom aux file.>
)
 ***********
LaTeX2e <2024-11-01> patch level 2
L3 programming layer <2025-01-18>
 ***********
 ) 
Here is how much of TeX's memory you used:
 15666 strings out of 473530
 315343 string characters out of 5714794
 858457 words of memory out of 5000000
 38648 multiletter control sequences out of 15000+600000
 563213 words of font info for 50 fonts, out of 8000000 for 9000
 1141 hyphenation exceptions out of 8191
 102i,16n,107p,1330b,1168s stack positions out of 10000i,1000n,20000p,200000b,200000s
 <C:\Users\santo\AppData\Local\MiKTeX\fonts/pk/ljfour/jknappen/ec/dpi600\tcbx
0600.pk> <C:\Users\santo\AppData\Local\MiKTeX\fonts/pk/ljfour/jknappen/ec/dpi60
0\tcbx1200.pk> <C:\Users\santo\AppData\Local\MiKTeX\fonts/pk/ljfour/jknappen/ec
/dpi600\tcrm1200.pk><C:/Users/santo/AppData/Local/Programs/MiKTeX/fonts/type1/p
ublic/amsfonts/cm/cmbx12.pfb><C:/Users/santo/AppData/Local/Programs/MiKTeX/font
s/type1/public/amsfonts/cm/cmbx6.pfb><C:/Users/santo/AppData/Local/Programs/MiK
TeX/fonts/type1/public/amsfonts/cm/cmr12.pfb>
Output written on C:\projetos\sistema_educacional\api\uploads\CEF04_PLAN\gabari
tos\1B.pdf (30 pages, 182362 bytes).
PDF statistics:
 131 PDF objects out of 1000 (max. 8388607)
 0 named destinations out of 1000 (max. 500000)
 13 words of extra memory for PDF output out of 10000 (max. 10000000)

