This is pdfTeX, Version 3.141592653-2.6-1.40.26 (MiKTeX 24.4) (preloaded format=pdflatex 2025.2.17)  20 JUL 2025 22:08
entering extended mode
 restricted \write18 enabled.
 %&-line parsing enabled.
**C:/projetos/sistema_educacional/api/uploads/CEF04_PLAN/gabaritos/1E.tex
(C:/projetos/sistema_educacional/api/uploads/CEF04_PLAN/gabaritos/1E.tex
LaTeX2e <2024-11-01> patch level 2
L3 programming layer <2025-01-18>
(C:\Users\santo\AppData\Local\Programs\MiKTeX\tex/latex/base\article.cls
Document Class: article 2024/06/29 v1.4n Standard LaTeX document class
(C:\Users\santo\AppData\Local\Programs\MiKTeX\tex/latex/base\size12.clo
File: size12.clo 2024/06/29 v1.4n Standard LaTeX file (size option)
)
\c@part=\count196
\c@section=\count197
\c@subsection=\count198
\c@subsubsection=\count199
\c@paragraph=\count266
\c@subparagraph=\count267
\c@figure=\count268
\c@table=\count269
\abovecaptionskip=\skip49
\belowcaptionskip=\skip50
\bibindent=\dimen141
)
(C:\Users\santo\AppData\Local\Programs\MiKTeX\tex/latex/geometry\geometry.sty
Package: geometry 2020/01/02 v5.9 Page Geometry

(C:\Users\santo\AppData\Local\Programs\MiKTeX\tex/latex/graphics\keyval.sty
Package: keyval 2022/05/29 v1.15 key=value parser (DPC)
\KV@toks@=\toks17
)
(C:\Users\santo\AppData\Local\Programs\MiKTeX\tex/generic/iftex\ifvtex.sty
Package: ifvtex 2019/10/25 v1.7 ifvtex legacy package. Use iftex instead.

(C:\Users\santo\AppData\Local\Programs\MiKTeX\tex/generic/iftex\iftex.sty
Package: iftex 2024/12/12 v1.0g TeX engine tests
))
\Gm@cnth=\count270
\Gm@cntv=\count271
\c@Gm@tempcnt=\count272
\Gm@bindingoffset=\dimen142
\Gm@wd@mp=\dimen143
\Gm@odd@mp=\dimen144
\Gm@even@mp=\dimen145
\Gm@layoutwidth=\dimen146
\Gm@layoutheight=\dimen147
\Gm@layouthoffset=\dimen148
\Gm@layoutvoffset=\dimen149
\Gm@dimlist=\toks18

(C:\Users\santo\AppData\Local\Programs\MiKTeX\tex/latex/geometry\geometry.cfg))

(C:\Users\santo\AppData\Local\Programs\MiKTeX\tex/latex/pgf/frontendlayer\tikz.
sty
(C:\Users\santo\AppData\Local\Programs\MiKTeX\tex/latex/pgf/basiclayer\pgf.sty
(C:\Users\santo\AppData\Local\Programs\MiKTeX\tex/latex/pgf/utilities\pgfrcs.st
y
(C:\Users\santo\AppData\Local\Programs\MiKTeX\tex/generic/pgf/utilities\pgfutil
-common.tex
\pgfutil@everybye=\toks19
\pgfutil@tempdima=\dimen150
\pgfutil@tempdimb=\dimen151
)
(C:\Users\santo\AppData\Local\Programs\MiKTeX\tex/generic/pgf/utilities\pgfutil
-latex.def
\pgfutil@abb=\box52
)
(C:\Users\santo\AppData\Local\Programs\MiKTeX\tex/generic/pgf/utilities\pgfrcs.
code.tex
(C:\Users\santo\AppData\Local\Programs\MiKTeX\tex/generic/pgf\pgf.revision.tex)
Package: pgfrcs 2023-01-15 v3.1.10 (3.1.10)
))
Package: pgf 2023-01-15 v3.1.10 (3.1.10)

(C:\Users\santo\AppData\Local\Programs\MiKTeX\tex/latex/pgf/basiclayer\pgfcore.
sty
(C:\Users\santo\AppData\Local\Programs\MiKTeX\tex/latex/graphics\graphicx.sty
Package: graphicx 2021/09/16 v1.2d Enhanced LaTeX Graphics (DPC,SPQR)

(C:\Users\santo\AppData\Local\Programs\MiKTeX\tex/latex/graphics\graphics.sty
Package: graphics 2024/08/06 v1.4g Standard LaTeX Graphics (DPC,SPQR)

(C:\Users\santo\AppData\Local\Programs\MiKTeX\tex/latex/graphics\trig.sty
Package: trig 2023/12/02 v1.11 sin cos tan (DPC)
)
(C:\Users\santo\AppData\Local\Programs\MiKTeX\tex/latex/graphics-cfg\graphics.c
fg
File: graphics.cfg 2016/06/04 v1.11 sample graphics configuration
)
Package graphics Info: Driver file: pdftex.def on input line 106.

(C:\Users\santo\AppData\Local\Programs\MiKTeX\tex/latex/graphics-def\pdftex.def
File: pdftex.def 2024/04/13 v1.2c Graphics/color driver for pdftex
))
\Gin@req@height=\dimen152
\Gin@req@width=\dimen153
)
(C:\Users\santo\AppData\Local\Programs\MiKTeX\tex/latex/pgf/systemlayer\pgfsys.
sty
(C:\Users\santo\AppData\Local\Programs\MiKTeX\tex/generic/pgf/systemlayer\pgfsy
s.code.tex
Package: pgfsys 2023-01-15 v3.1.10 (3.1.10)

(C:\Users\santo\AppData\Local\Programs\MiKTeX\tex/generic/pgf/utilities\pgfkeys
.code.tex
\pgfkeys@pathtoks=\toks20
\pgfkeys@temptoks=\toks21

(C:\Users\santo\AppData\Local\Programs\MiKTeX\tex/generic/pgf/utilities\pgfkeys
libraryfiltered.code.tex
\pgfkeys@tmptoks=\toks22
))
\pgf@x=\dimen154
\pgf@y=\dimen155
\pgf@xa=\dimen156
\pgf@ya=\dimen157
\pgf@xb=\dimen158
\pgf@yb=\dimen159
\pgf@xc=\dimen160
\pgf@yc=\dimen161
\pgf@xd=\dimen162
\pgf@yd=\dimen163
\w@pgf@writea=\write3
\r@pgf@reada=\read2
\c@pgf@counta=\count273
\c@pgf@countb=\count274
\c@pgf@countc=\count275
\c@pgf@countd=\count276
\t@pgf@toka=\toks23
\t@pgf@tokb=\toks24
\t@pgf@tokc=\toks25
\pgf@sys@id@count=\count277

(C:\Users\santo\AppData\Local\Programs\MiKTeX\tex/generic/pgf/systemlayer\pgf.c
fg
File: pgf.cfg 2023-01-15 v3.1.10 (3.1.10)
)
Driver file for pgf: pgfsys-pdftex.def

(C:\Users\santo\AppData\Local\Programs\MiKTeX\tex/generic/pgf/systemlayer\pgfsy
s-pdftex.def
File: pgfsys-pdftex.def 2023-01-15 v3.1.10 (3.1.10)

(C:\Users\santo\AppData\Local\Programs\MiKTeX\tex/generic/pgf/systemlayer\pgfsy
s-common-pdf.def
File: pgfsys-common-pdf.def 2023-01-15 v3.1.10 (3.1.10)
)))
(C:\Users\santo\AppData\Local\Programs\MiKTeX\tex/generic/pgf/systemlayer\pgfsy
ssoftpath.code.tex
File: pgfsyssoftpath.code.tex 2023-01-15 v3.1.10 (3.1.10)
\pgfsyssoftpath@smallbuffer@items=\count278
\pgfsyssoftpath@bigbuffer@items=\count279
)
(C:\Users\santo\AppData\Local\Programs\MiKTeX\tex/generic/pgf/systemlayer\pgfsy
sprotocol.code.tex
File: pgfsysprotocol.code.tex 2023-01-15 v3.1.10 (3.1.10)
))
(C:\Users\santo\AppData\Local\Programs\MiKTeX\tex/latex/xcolor\xcolor.sty
Package: xcolor 2024/09/29 v3.02 LaTeX color extensions (UK)

(C:\Users\santo\AppData\Local\Programs\MiKTeX\tex/latex/graphics-cfg\color.cfg
File: color.cfg 2016/01/02 v1.6 sample color configuration
)
Package xcolor Info: Driver file: pdftex.def on input line 274.
(C:\Users\santo\AppData\Local\Programs\MiKTeX\tex/latex/graphics\mathcolor.ltx)
Package xcolor Info: Model `cmy' substituted by `cmy0' on input line 1349.
Package xcolor Info: Model `hsb' substituted by `rgb' on input line 1353.
Package xcolor Info: Model `RGB' extended on input line 1365.
Package xcolor Info: Model `HTML' substituted by `rgb' on input line 1367.
Package xcolor Info: Model `Hsb' substituted by `hsb' on input line 1368.
Package xcolor Info: Model `tHsb' substituted by `hsb' on input line 1369.
Package xcolor Info: Model `HSB' substituted by `hsb' on input line 1370.
Package xcolor Info: Model `Gray' substituted by `gray' on input line 1371.
Package xcolor Info: Model `wave' substituted by `hsb' on input line 1372.
)
(C:\Users\santo\AppData\Local\Programs\MiKTeX\tex/generic/pgf/basiclayer\pgfcor
e.code.tex
Package: pgfcore 2023-01-15 v3.1.10 (3.1.10)

(C:\Users\santo\AppData\Local\Programs\MiKTeX\tex/generic/pgf/math\pgfmath.code
.tex
(C:\Users\santo\AppData\Local\Programs\MiKTeX\tex/generic/pgf/math\pgfmathutil.
code.tex)
(C:\Users\santo\AppData\Local\Programs\MiKTeX\tex/generic/pgf/math\pgfmathparse
r.code.tex
\pgfmath@dimen=\dimen164
\pgfmath@count=\count280
\pgfmath@box=\box53
\pgfmath@toks=\toks26
\pgfmath@stack@operand=\toks27
\pgfmath@stack@operation=\toks28
)
(C:\Users\santo\AppData\Local\Programs\MiKTeX\tex/generic/pgf/math\pgfmathfunct
ions.code.tex)
(C:\Users\santo\AppData\Local\Programs\MiKTeX\tex/generic/pgf/math\pgfmathfunct
ions.basic.code.tex)
(C:\Users\santo\AppData\Local\Programs\MiKTeX\tex/generic/pgf/math\pgfmathfunct
ions.trigonometric.code.tex)
(C:\Users\santo\AppData\Local\Programs\MiKTeX\tex/generic/pgf/math\pgfmathfunct
ions.random.code.tex)
(C:\Users\santo\AppData\Local\Programs\MiKTeX\tex/generic/pgf/math\pgfmathfunct
ions.comparison.code.tex)
(C:\Users\santo\AppData\Local\Programs\MiKTeX\tex/generic/pgf/math\pgfmathfunct
ions.base.code.tex)
(C:\Users\santo\AppData\Local\Programs\MiKTeX\tex/generic/pgf/math\pgfmathfunct
ions.round.code.tex)
(C:\Users\santo\AppData\Local\Programs\MiKTeX\tex/generic/pgf/math\pgfmathfunct
ions.misc.code.tex)
(C:\Users\santo\AppData\Local\Programs\MiKTeX\tex/generic/pgf/math\pgfmathfunct
ions.integerarithmetics.code.tex)
(C:\Users\santo\AppData\Local\Programs\MiKTeX\tex/generic/pgf/math\pgfmathcalc.
code.tex)
(C:\Users\santo\AppData\Local\Programs\MiKTeX\tex/generic/pgf/math\pgfmathfloat
.code.tex
\c@pgfmathroundto@lastzeros=\count281
))
(C:\Users\santo\AppData\Local\Programs\MiKTeX\tex/generic/pgf/math\pgfint.code.
tex)
(C:\Users\santo\AppData\Local\Programs\MiKTeX\tex/generic/pgf/basiclayer\pgfcor
epoints.code.tex
File: pgfcorepoints.code.tex 2023-01-15 v3.1.10 (3.1.10)
\pgf@picminx=\dimen165
\pgf@picmaxx=\dimen166
\pgf@picminy=\dimen167
\pgf@picmaxy=\dimen168
\pgf@pathminx=\dimen169
\pgf@pathmaxx=\dimen170
\pgf@pathminy=\dimen171
\pgf@pathmaxy=\dimen172
\pgf@xx=\dimen173
\pgf@xy=\dimen174
\pgf@yx=\dimen175
\pgf@yy=\dimen176
\pgf@zx=\dimen177
\pgf@zy=\dimen178
)
(C:\Users\santo\AppData\Local\Programs\MiKTeX\tex/generic/pgf/basiclayer\pgfcor
epathconstruct.code.tex
File: pgfcorepathconstruct.code.tex 2023-01-15 v3.1.10 (3.1.10)
\pgf@path@lastx=\dimen179
\pgf@path@lasty=\dimen180
)
(C:\Users\santo\AppData\Local\Programs\MiKTeX\tex/generic/pgf/basiclayer\pgfcor
epathusage.code.tex
File: pgfcorepathusage.code.tex 2023-01-15 v3.1.10 (3.1.10)
\pgf@shorten@end@additional=\dimen181
\pgf@shorten@start@additional=\dimen182
)
(C:\Users\santo\AppData\Local\Programs\MiKTeX\tex/generic/pgf/basiclayer\pgfcor
escopes.code.tex
File: pgfcorescopes.code.tex 2023-01-15 v3.1.10 (3.1.10)
\pgfpic=\box54
\pgf@hbox=\box55
\pgf@layerbox@main=\box56
\pgf@picture@serial@count=\count282
)
(C:\Users\santo\AppData\Local\Programs\MiKTeX\tex/generic/pgf/basiclayer\pgfcor
egraphicstate.code.tex
File: pgfcoregraphicstate.code.tex 2023-01-15 v3.1.10 (3.1.10)
\pgflinewidth=\dimen183
)
(C:\Users\santo\AppData\Local\Programs\MiKTeX\tex/generic/pgf/basiclayer\pgfcor
etransformations.code.tex
File: pgfcoretransformations.code.tex 2023-01-15 v3.1.10 (3.1.10)
\pgf@pt@x=\dimen184
\pgf@pt@y=\dimen185
\pgf@pt@temp=\dimen186
)
(C:\Users\santo\AppData\Local\Programs\MiKTeX\tex/generic/pgf/basiclayer\pgfcor
equick.code.tex
File: pgfcorequick.code.tex 2023-01-15 v3.1.10 (3.1.10)
)
(C:\Users\santo\AppData\Local\Programs\MiKTeX\tex/generic/pgf/basiclayer\pgfcor
eobjects.code.tex
File: pgfcoreobjects.code.tex 2023-01-15 v3.1.10 (3.1.10)
)
(C:\Users\santo\AppData\Local\Programs\MiKTeX\tex/generic/pgf/basiclayer\pgfcor
epathprocessing.code.tex
File: pgfcorepathprocessing.code.tex 2023-01-15 v3.1.10 (3.1.10)
)
(C:\Users\santo\AppData\Local\Programs\MiKTeX\tex/generic/pgf/basiclayer\pgfcor
earrows.code.tex
File: pgfcorearrows.code.tex 2023-01-15 v3.1.10 (3.1.10)
\pgfarrowsep=\dimen187
)
(C:\Users\santo\AppData\Local\Programs\MiKTeX\tex/generic/pgf/basiclayer\pgfcor
eshade.code.tex
File: pgfcoreshade.code.tex 2023-01-15 v3.1.10 (3.1.10)
\pgf@max=\dimen188
\pgf@sys@shading@range@num=\count283
\pgf@shadingcount=\count284
)
(C:\Users\santo\AppData\Local\Programs\MiKTeX\tex/generic/pgf/basiclayer\pgfcor
eimage.code.tex
File: pgfcoreimage.code.tex 2023-01-15 v3.1.10 (3.1.10)
)
(C:\Users\santo\AppData\Local\Programs\MiKTeX\tex/generic/pgf/basiclayer\pgfcor
eexternal.code.tex
File: pgfcoreexternal.code.tex 2023-01-15 v3.1.10 (3.1.10)
\pgfexternal@startupbox=\box57
)
(C:\Users\santo\AppData\Local\Programs\MiKTeX\tex/generic/pgf/basiclayer\pgfcor
elayers.code.tex
File: pgfcorelayers.code.tex 2023-01-15 v3.1.10 (3.1.10)
)
(C:\Users\santo\AppData\Local\Programs\MiKTeX\tex/generic/pgf/basiclayer\pgfcor
etransparency.code.tex
File: pgfcoretransparency.code.tex 2023-01-15 v3.1.10 (3.1.10)
)
(C:\Users\santo\AppData\Local\Programs\MiKTeX\tex/generic/pgf/basiclayer\pgfcor
epatterns.code.tex
File: pgfcorepatterns.code.tex 2023-01-15 v3.1.10 (3.1.10)
)
(C:\Users\santo\AppData\Local\Programs\MiKTeX\tex/generic/pgf/basiclayer\pgfcor
erdf.code.tex
File: pgfcorerdf.code.tex 2023-01-15 v3.1.10 (3.1.10)
)))
(C:\Users\santo\AppData\Local\Programs\MiKTeX\tex/generic/pgf/modules\pgfmodule
shapes.code.tex
File: pgfmoduleshapes.code.tex 2023-01-15 v3.1.10 (3.1.10)
\pgfnodeparttextbox=\box58
)
(C:\Users\santo\AppData\Local\Programs\MiKTeX\tex/generic/pgf/modules\pgfmodule
plot.code.tex
File: pgfmoduleplot.code.tex 2023-01-15 v3.1.10 (3.1.10)
)
(C:\Users\santo\AppData\Local\Programs\MiKTeX\tex/latex/pgf/compatibility\pgfco
mp-version-0-65.sty
Package: pgfcomp-version-0-65 2023-01-15 v3.1.10 (3.1.10)
\pgf@nodesepstart=\dimen189
\pgf@nodesepend=\dimen190
)
(C:\Users\santo\AppData\Local\Programs\MiKTeX\tex/latex/pgf/compatibility\pgfco
mp-version-1-18.sty
Package: pgfcomp-version-1-18 2023-01-15 v3.1.10 (3.1.10)
))
(C:\Users\santo\AppData\Local\Programs\MiKTeX\tex/latex/pgf/utilities\pgffor.st
y
(C:\Users\santo\AppData\Local\Programs\MiKTeX\tex/latex/pgf/utilities\pgfkeys.s
ty
(C:\Users\santo\AppData\Local\Programs\MiKTeX\tex/generic/pgf/utilities\pgfkeys
.code.tex))
(C:\Users\santo\AppData\Local\Programs\MiKTeX\tex/latex/pgf/math\pgfmath.sty
(C:\Users\santo\AppData\Local\Programs\MiKTeX\tex/generic/pgf/math\pgfmath.code
.tex))
(C:\Users\santo\AppData\Local\Programs\MiKTeX\tex/generic/pgf/utilities\pgffor.
code.tex
Package: pgffor 2023-01-15 v3.1.10 (3.1.10)
\pgffor@iter=\dimen191
\pgffor@skip=\dimen192
\pgffor@stack=\toks29
\pgffor@toks=\toks30
))
(C:\Users\santo\AppData\Local\Programs\MiKTeX\tex/generic/pgf/frontendlayer/tik
z\tikz.code.tex
Package: tikz 2023-01-15 v3.1.10 (3.1.10)

(C:\Users\santo\AppData\Local\Programs\MiKTeX\tex/generic/pgf/libraries\pgflibr
aryplothandlers.code.tex
File: pgflibraryplothandlers.code.tex 2023-01-15 v3.1.10 (3.1.10)
\pgf@plot@mark@count=\count285
\pgfplotmarksize=\dimen193
)
\tikz@lastx=\dimen194
\tikz@lasty=\dimen195
\tikz@lastxsaved=\dimen196
\tikz@lastysaved=\dimen197
\tikz@lastmovetox=\dimen198
\tikz@lastmovetoy=\dimen199
\tikzleveldistance=\dimen256
\tikzsiblingdistance=\dimen257
\tikz@figbox=\box59
\tikz@figbox@bg=\box60
\tikz@tempbox=\box61
\tikz@tempbox@bg=\box62
\tikztreelevel=\count286
\tikznumberofchildren=\count287
\tikznumberofcurrentchild=\count288
\tikz@fig@count=\count289

(C:\Users\santo\AppData\Local\Programs\MiKTeX\tex/generic/pgf/modules\pgfmodule
matrix.code.tex
File: pgfmodulematrix.code.tex 2023-01-15 v3.1.10 (3.1.10)
\pgfmatrixcurrentrow=\count290
\pgfmatrixcurrentcolumn=\count291
\pgf@matrix@numberofcolumns=\count292
)
\tikz@expandcount=\count293

(C:\Users\santo\AppData\Local\Programs\MiKTeX\tex/generic/pgf/frontendlayer/tik
z/libraries\tikzlibrarytopaths.code.tex
File: tikzlibrarytopaths.code.tex 2023-01-15 v3.1.10 (3.1.10)
)))
(C:\Users\santo\AppData\Local\Programs\MiKTeX\tex/latex/qrcode\qrcode.sty
Package: qrcode 2015/01/08 v1.51 QR code generation

(C:\Users\santo\AppData\Local\Programs\MiKTeX\tex/latex/xkeyval\xkeyval.sty
Package: xkeyval 2022/06/16 v2.9 package option processing (HA)

(C:\Users\santo\AppData\Local\Programs\MiKTeX\tex/generic/xkeyval\xkeyval.tex
(C:\Users\santo\AppData\Local\Programs\MiKTeX\tex/generic/xkeyval\xkvutils.tex
\XKV@toks=\toks31
\XKV@tempa@toks=\toks32
)
\XKV@depth=\count294
File: xkeyval.tex 2014/12/03 v2.7a key=value parser (HA)
))
\c@qr@i=\count295
\c@qr@j=\count296
\qr@a=\count297
\qr@b=\count298
\qr@c=\count299
\qr@for@depth=\count300
\qr@for@maxdepth=\count301
\qr@for@start=\count302
\qr@for@end=\count303
\qr@for@step=\count304
\qr@newforcount=\count305
\qr@newforcount=\count306
\qr@desiredheight=\skip51
\qr@modulesize=\skip52
\qr@minipagewidth=\skip53
\c@maski=\count307
\c@maskj=\count308
\c@totalones=\count309
\c@penaltyi=\count310
\c@penaltyii=\count311
\c@penaltyiii=\count312
\c@penaltyiv=\count313
\c@qr@hexchars=\count314
\qr@newforcount=\count315
\c@qr@divisionsremaining=\count316
) (C:\Users\santo\AppData\Local\Programs\MiKTeX\tex/latex/tools\multicol.sty
Package: multicol 2024/09/14 v1.9i multicolumn formatting (FMi)
\c@tracingmulticols=\count317
\mult@box=\box63
\multicol@leftmargin=\dimen258
\c@unbalance=\count318
\c@collectmore=\count319
\doublecol@number=\count320
\multicoltolerance=\count321
\multicolpretolerance=\count322
\full@width=\dimen259
\page@free=\dimen260
\premulticols=\dimen261
\postmulticols=\dimen262
\multicolsep=\skip54
\multicolbaselineskip=\skip55
\partial@page=\box64
\last@line=\box65
\mc@boxedresult=\box66
\maxbalancingoverflow=\dimen263
\mult@rightbox=\box67
\mult@grightbox=\box68
\mult@firstbox=\box69
\mult@gfirstbox=\box70
\@tempa=\box71
\@tempa=\box72
\@tempa=\box73
\@tempa=\box74
\@tempa=\box75
\@tempa=\box76
\@tempa=\box77
\@tempa=\box78
\@tempa=\box79
\@tempa=\box80
\@tempa=\box81
\@tempa=\box82
\@tempa=\box83
\@tempa=\box84
\@tempa=\box85
\@tempa=\box86
\@tempa=\box87
\@tempa=\box88
\@tempa=\box89
\@tempa=\box90
\@tempa=\box91
\@tempa=\box92
\@tempa=\box93
\@tempa=\box94
\@tempa=\box95
\@tempa=\box96
\@tempa=\box97
\@tempa=\box98
\@tempa=\box99
\@tempa=\box100
\@tempa=\box101
\@tempa=\box102
\@tempa=\box103
\@tempa=\box104
\@tempa=\box105
\@tempa=\box106
\c@minrows=\count323
\c@columnbadness=\count324
\c@finalcolumnbadness=\count325
\last@try=\dimen264
\multicolovershoot=\dimen265
\multicolundershoot=\dimen266
\mult@nat@firstbox=\box107
\colbreak@box=\box108
\mc@col@check@num=\count326
)
(C:\Users\santo\AppData\Local\Programs\MiKTeX\tex/latex/l3backend\l3backend-pdf
tex.def
File: l3backend-pdftex.def 2024-05-08 L3 backend support: PDF output (pdfTeX)
\l__color_backend_stack_int=\count327
\l__pdf_internal_box=\box109
)
(C:\projetos\sistema_educacional\api\uploads\CEF04_PLAN\gabaritos\1E.aux
<Reading QR code for " 628126-AMANDA_PEREIRA_DA_SILVA " at level 3-Q from aux f
ile.>

<Reading QR code for " 628192-ANA_RAFAELA_LOPES_MOURA " at level 3-Q from aux f
ile.>

<Reading QR code for " 675517-ARTHUR_BISPO_DA_SILVA " at level 3-Q from aux fil
e.>

<Reading QR code for " 729449-BRYAN_DANIEL_DE_ALBUQUERQUE_RAMOS " at level 3-M 
from aux file.>

<Reading QR code for " 583988-CAIO_LUCAS_COSTA_SILVA " at level 3-Q from aux fi
le.>

<Reading QR code for " 1212044-CAIO_LUCAS_FERREIRA_PACHECO " at level 3-M from 
aux file.>

<Reading QR code for " 739182-DANIEL_FILIPE_MARTINS_SILVA " at level 3-M from a
ux file.>

<Reading QR code for " 840355-DAVI_MATHEUS_ROSA_SOUSA " at level 3-Q from aux f
ile.>

<Reading QR code for " 732211-ELIZA_RODRIGUES_SOUSA " at level 3-Q from aux fil
e.>

<Reading QR code for " 625338-ENZO_DANIEL_CARVALHO_DE_ALMEIDA " at level 3-M fr
om aux file.>

<Reading QR code for " 716391-FERNANDA_FREITAS_BARBOSA_DE_FARIAS " at level 4-Q
 from aux file.>

<Reading QR code for " 729461-GABRIEL_MARTINS_VIDAL " at level 3-Q from aux fil
e.>

<Reading QR code for " 530956-GUSTAVO_SOUZA_LIMA " at level 3-Q from aux file.>


<Reading QR code for " 665112-HADASSA_SALVIANO_DE_LIMA_SANTOS " at level 3-M fr
om aux file.>

<Reading QR code for " 720784-JOÃO_FILIPE_DE_LIMA_ROCHA " at level 3-M from au
x file.>

<Reading QR code for " 720891-KAIO_FERNANDO_MOREIRA_ALVES " at level 3-M from a
ux file.>

<Reading QR code for " 716724-KAYLANE_PEREIRA_DA_SILVA " at level 3-M from aux 
file.>

<Reading QR code for " 735356-LUCAS_RODRIGUES_ROCHA " at level 3-Q from aux fil
e.>

<Reading QR code for " 719970-LUÍS_GABRIEL_LAURO_DA_SILVA " at level 3-M from 
aux file.>

<Reading QR code for " 728416-MANUELA_DE_SOUZA_ALVES_VASCONCELOS " at level 4-Q
 from aux file.>

<Reading QR code for " 662590-MANUELA_RIBEIRO_DA_SILVA " at level 3-M from aux 
file.>

<Reading QR code for " 849286-MARIANE_IZABELLA_ALMEIDA_FRANÇA " at level 3-M f
rom aux file.>

<Reading QR code for " 878634-MAYANA_VIANA_LOPES " at level 3-Q from aux file.>


<Reading QR code for " 736502-NATHAN_DENNER_DE_SENA_SANTIAGO " at level 3-M fro
m aux file.>

<Reading QR code for " 868737-NAYARA_LUIZA_FRANÇA_BARBOSA " at level 3-M from 
aux file.>

<Reading QR code for " 860328-REBECA_LUÍZA_DA_SILVA_PASSOS " at level 3-M from
 aux file.>

<Reading QR code for " 860387-RIAN_SILVA_FREITAS " at level 3-Q from aux file.>


<Reading QR code for " 603370-SOPHIA_ISADORA_DOS_SANTOS_SOUZA " at level 3-M fr
om aux file.>

<Reading QR code for " 576915-THALIA_ELOÁ_FERREIRA_MARQUES " at level 3-M from
 aux file.>

<Reading QR code for " 650087-VICTOR_GABRIEL_SILVA_DOS_SANTOS " at level 3-M fr
om aux file.>

<Reading QR code for " 854849-VITORIA_EDUARDA_ALMEIDA_SOUSA " at level 3-M from
 aux file.>

<Reading QR code for " 849289-YASMIN_DE_ARAÚJO_ARGENTINO " at level 3-M from a
ux file.>
)
\openout1 = `1E.aux'.

LaTeX Font Info:    Checking defaults for OML/cmm/m/it on input line 8.
LaTeX Font Info:    ... okay on input line 8.
LaTeX Font Info:    Checking defaults for OMS/cmsy/m/n on input line 8.
LaTeX Font Info:    ... okay on input line 8.
LaTeX Font Info:    Checking defaults for OT1/cmr/m/n on input line 8.
LaTeX Font Info:    ... okay on input line 8.
LaTeX Font Info:    Checking defaults for T1/cmr/m/n on input line 8.
LaTeX Font Info:    ... okay on input line 8.
LaTeX Font Info:    Checking defaults for TS1/cmr/m/n on input line 8.
LaTeX Font Info:    ... okay on input line 8.
LaTeX Font Info:    Checking defaults for OMX/cmex/m/n on input line 8.
LaTeX Font Info:    ... okay on input line 8.
LaTeX Font Info:    Checking defaults for U/cmr/m/n on input line 8.
LaTeX Font Info:    ... okay on input line 8.

*geometry* driver: auto-detecting
*geometry* detected driver: pdftex
*geometry* verbose mode - [ preamble ] result:
* driver: pdftex
* paper: a4paper
* layout: <same size as paper>
* layoutoffset:(h,v)=(0.0pt,0.0pt)
* modes: 
* h-part:(L,W,R)=(28.45274pt, 540.60239pt, 28.45274pt)
* v-part:(T,H,B)=(28.45274pt, 788.14136pt, 28.45274pt)
* \paperwidth=597.50787pt
* \paperheight=845.04684pt
* \textwidth=540.60239pt
* \textheight=788.14136pt
* \oddsidemargin=-43.81725pt
* \evensidemargin=-43.81725pt
* \topmargin=-80.81725pt
* \headheight=12.0pt
* \headsep=25.0pt
* \topskip=12.0pt
* \footskip=30.0pt
* \marginparwidth=35.0pt
* \marginparsep=10.0pt
* \columnsep=10.0pt
* \skip\footins=10.8pt plus 4.0pt minus 2.0pt
* \hoffset=0.0pt
* \voffset=0.0pt
* \mag=1000
* \@twocolumnfalse
* \@twosidefalse
* \@mparswitchfalse
* \@reversemarginfalse
* (1in=72.27pt=25.4mm, 1cm=28.453pt)


(C:\Users\santo\AppData\Local\Programs\MiKTeX\tex/context/base/mkii\supp-pdf.mk
ii
[Loading MPS to PDF converter (version 2006.09.02).]
\scratchcounter=\count328
\scratchdimen=\dimen267
\scratchbox=\box110
\nofMPsegments=\count329
\nofMParguments=\count330
\everyMPshowfont=\toks33
\MPscratchCnt=\count331
\MPscratchDim=\dimen268
\MPnumerator=\count332
\makeMPintoPDFobject=\count333
\everyMPtoPDFconversion=\toks34
)
(C:\Users\santo\AppData\Local\Programs\MiKTeX\tex/latex/epstopdf-pkg\epstopdf-b
ase.sty
Package: epstopdf-base 2020-01-24 v2.11 Base part for package epstopdf
Package epstopdf-base Info: Redefining graphics rule for `.eps' on input line 4
85.

(C:\Users\santo\AppData\Local\Programs\MiKTeX\tex/latex/00miktex\epstopdf-sys.c
fg
File: epstopdf-sys.cfg 2021/03/18 v2.0 Configuration of epstopdf for MiKTeX
))


<QR code requested for " 628126-AMANDA_PEREIRA_DA_SILVA " in version 0-M.>
<Error-correction level increased from M to Q at no cost.>

<Copying the QR code for " 628126-AMANDA_PEREIRA_DA_SILVA " in version 3-Q as p
reviously calculated.>
LaTeX Font Info:    External font `cmex10' loaded for size
(Font)              <12> on input line 16.
LaTeX Font Info:    External font `cmex10' loaded for size
(Font)              <8> on input line 16.
LaTeX Font Info:    External font `cmex10' loaded for size
(Font)              <6> on input line 16.

Overfull \hbox (14.82458pt too wide) in paragraph at lines 9--18
[][] [] 
 []



[1

{C:/Users/santo/AppData/Local/MiKTeX/fonts/map/pdftex/pdftex.map}]


<QR code requested for " 628192-ANA_RAFAELA_LOPES_MOURA " in version 0-M.>
<Error-correction level increased from M to Q at no cost.>

<Copying the QR code for " 628192-ANA_RAFAELA_LOPES_MOURA " in version 3-Q as p
reviously calculated.>

Overfull \hbox (14.82458pt too wide) in paragraph at lines 37--46
[][] [] 
 []



[2]


<QR code requested for " 675517-ARTHUR_BISPO_DA_SILVA " in version 0-M.>
<Error-correction level increased from M to Q at no cost.>

<Copying the QR code for " 675517-ARTHUR_BISPO_DA_SILVA " in version 3-Q as pre
viously calculated.>

Overfull \hbox (14.82458pt too wide) in paragraph at lines 65--74
[][] [] 
 []



[3]


<QR code requested for " 729449-BRYAN_DANIEL_DE_ALBUQUERQUE_RAMOS " in version 
0-M.>

<Copying the QR code for " 729449-BRYAN_DANIEL_DE_ALBUQUERQUE_RAMOS " in versio
n 3-M as previously calculated.>

Overfull \hbox (14.82458pt too wide) in paragraph at lines 93--102
[][] [] 
 []



[4]


<QR code requested for " 583988-CAIO_LUCAS_COSTA_SILVA " in version 0-M.>
<Error-correction level increased from M to Q at no cost.>

<Copying the QR code for " 583988-CAIO_LUCAS_COSTA_SILVA " in version 3-Q as pr
eviously calculated.>

Overfull \hbox (14.82458pt too wide) in paragraph at lines 121--130
[][] [] 
 []



[5]


<QR code requested for " 1212044-CAIO_LUCAS_FERREIRA_PACHECO " in version 0-M.>


<Copying the QR code for " 1212044-CAIO_LUCAS_FERREIRA_PACHECO " in version 3-M
 as previously calculated.>

Overfull \hbox (14.82458pt too wide) in paragraph at lines 149--158
[][] [] 
 []



[6]


<QR code requested for " 739182-DANIEL_FILIPE_MARTINS_SILVA " in version 0-M.>

<Copying the QR code for " 739182-DANIEL_FILIPE_MARTINS_SILVA " in version 3-M 
as previously calculated.>

Overfull \hbox (14.82458pt too wide) in paragraph at lines 177--186
[][] [] 
 []



[7]


<QR code requested for " 840355-DAVI_MATHEUS_ROSA_SOUSA " in version 0-M.>
<Error-correction level increased from M to Q at no cost.>

<Copying the QR code for " 840355-DAVI_MATHEUS_ROSA_SOUSA " in version 3-Q as p
reviously calculated.>

Overfull \hbox (14.82458pt too wide) in paragraph at lines 205--214
[][] [] 
 []



[8]


<QR code requested for " 732211-ELIZA_RODRIGUES_SOUSA " in version 0-M.>
<Error-correction level increased from M to Q at no cost.>

<Copying the QR code for " 732211-ELIZA_RODRIGUES_SOUSA " in version 3-Q as pre
viously calculated.>

Overfull \hbox (14.82458pt too wide) in paragraph at lines 233--242
[][] [] 
 []



[9]


<QR code requested for " 625338-ENZO_DANIEL_CARVALHO_DE_ALMEIDA " in version 0-
M.>

<Copying the QR code for " 625338-ENZO_DANIEL_CARVALHO_DE_ALMEIDA " in version 
3-M as previously calculated.>

Overfull \hbox (14.82458pt too wide) in paragraph at lines 261--270
[][] [] 
 []



[10]


<QR code requested for " 716391-FERNANDA_FREITAS_BARBOSA_DE_FARIAS " in version
 0-M.>
<Error-correction level increased from M to Q at no cost.>

<Copying the QR code for " 716391-FERNANDA_FREITAS_BARBOSA_DE_FARIAS " in versi
on 4-Q as previously calculated.>

Overfull \hbox (14.82458pt too wide) in paragraph at lines 289--298
[][] [] 
 []



[11]


<QR code requested for " 729461-GABRIEL_MARTINS_VIDAL " in version 0-M.>
<Error-correction level increased from M to Q at no cost.>

<Copying the QR code for " 729461-GABRIEL_MARTINS_VIDAL " in version 3-Q as pre
viously calculated.>

Overfull \hbox (14.82458pt too wide) in paragraph at lines 317--326
[][] [] 
 []



[12] 

<QR code requested for " 530956-GUSTAVO_SOUZA_LIMA " in version 0-M.>
<Error-correction level increased from M to Q at no cost.>

<Copying the QR code for " 530956-GUSTAVO_SOUZA_LIMA " in version 3-Q as previo
usly calculated.>

Overfull \hbox (14.82458pt too wide) in paragraph at lines 345--354
[][] [] 
 []



[13]


<QR code requested for " 665112-HADASSA_SALVIANO_DE_LIMA_SANTOS " in version 0-
M.>

<Copying the QR code for " 665112-HADASSA_SALVIANO_DE_LIMA_SANTOS " in version 
3-M as previously calculated.>

Overfull \hbox (14.82458pt too wide) in paragraph at lines 373--382
[][] [] 
 []



[14]


<QR code requested for " 720784-JOÃO_FILIPE_DE_LIMA_ROCHA " in version 0-M.>

<Copying the QR code for " 720784-JOÃO_FILIPE_DE_LIMA_ROCHA " in version 3-M a
s previously calculated.>

Overfull \hbox (14.82458pt too wide) in paragraph at lines 401--410
[][] [] 
 []



[15]


<QR code requested for " 720891-KAIO_FERNANDO_MOREIRA_ALVES " in version 0-M.>

<Copying the QR code for " 720891-KAIO_FERNANDO_MOREIRA_ALVES " in version 3-M 
as previously calculated.>

Overfull \hbox (14.82458pt too wide) in paragraph at lines 429--438
[][] [] 
 []



[16]


<QR code requested for " 716724-KAYLANE_PEREIRA_DA_SILVA " in version 0-M.>

<Copying the QR code for " 716724-KAYLANE_PEREIRA_DA_SILVA " in version 3-M as 
previously calculated.>

Overfull \hbox (14.82458pt too wide) in paragraph at lines 457--466
[][] [] 
 []



[17]


<QR code requested for " 735356-LUCAS_RODRIGUES_ROCHA " in version 0-M.>
<Error-correction level increased from M to Q at no cost.>

<Copying the QR code for " 735356-LUCAS_RODRIGUES_ROCHA " in version 3-Q as pre
viously calculated.>

Overfull \hbox (14.82458pt too wide) in paragraph at lines 485--494
[][] [] 
 []



[18]


<QR code requested for " 719970-LUÍS_GABRIEL_LAURO_DA_SILVA " in version 0-M.>


<Copying the QR code for " 719970-LUÍS_GABRIEL_LAURO_DA_SILVA " in version 3-M
 as previously calculated.>

Overfull \hbox (14.82458pt too wide) in paragraph at lines 513--522
[][] [] 
 []



[19]


<QR code requested for " 728416-MANUELA_DE_SOUZA_ALVES_VASCONCELOS " in version
 0-M.>
<Error-correction level increased from M to Q at no cost.>

<Copying the QR code for " 728416-MANUELA_DE_SOUZA_ALVES_VASCONCELOS " in versi
on 4-Q as previously calculated.>

Overfull \hbox (14.82458pt too wide) in paragraph at lines 541--550
[][] [] 
 []



[20]


<QR code requested for " 662590-MANUELA_RIBEIRO_DA_SILVA " in version 0-M.>

<Copying the QR code for " 662590-MANUELA_RIBEIRO_DA_SILVA " in version 3-M as 
previously calculated.>

Overfull \hbox (14.82458pt too wide) in paragraph at lines 569--578
[][] [] 
 []



[21]


<QR code requested for " 849286-MARIANE_IZABELLA_ALMEIDA_FRANÇA " in version 0
-M.>

<Copying the QR code for " 849286-MARIANE_IZABELLA_ALMEIDA_FRANÇA " in version
 3-M as previously calculated.>

Overfull \hbox (14.82458pt too wide) in paragraph at lines 597--606
[][] [] 
 []



[22] 

<QR code requested for " 878634-MAYANA_VIANA_LOPES " in version 0-M.>
<Error-correction level increased from M to Q at no cost.>

<Copying the QR code for " 878634-MAYANA_VIANA_LOPES " in version 3-Q as previo
usly calculated.>

Overfull \hbox (14.82458pt too wide) in paragraph at lines 625--634
[][] [] 
 []



[23]


<QR code requested for " 736502-NATHAN_DENNER_DE_SENA_SANTIAGO " in version 0-M
.>

<Copying the QR code for " 736502-NATHAN_DENNER_DE_SENA_SANTIAGO " in version 3
-M as previously calculated.>

Overfull \hbox (14.82458pt too wide) in paragraph at lines 653--662
[][] [] 
 []



[24]


<QR code requested for " 868737-NAYARA_LUIZA_FRANÇA_BARBOSA " in version 0-M.>


<Copying the QR code for " 868737-NAYARA_LUIZA_FRANÇA_BARBOSA " in version 3-M
 as previously calculated.>

Overfull \hbox (14.82458pt too wide) in paragraph at lines 681--690
[][] [] 
 []



[25]


<QR code requested for " 860328-REBECA_LUÍZA_DA_SILVA_PASSOS " in version 0-M.
>

<Copying the QR code for " 860328-REBECA_LUÍZA_DA_SILVA_PASSOS " in version 3-
M as previously calculated.>

Overfull \hbox (14.82458pt too wide) in paragraph at lines 709--718
[][] [] 
 []



[26] 

<QR code requested for " 860387-RIAN_SILVA_FREITAS " in version 0-M.>
<Error-correction level increased from M to Q at no cost.>

<Copying the QR code for " 860387-RIAN_SILVA_FREITAS " in version 3-Q as previo
usly calculated.>

Overfull \hbox (14.82458pt too wide) in paragraph at lines 737--746
[][] [] 
 []



[27]


<QR code requested for " 603370-SOPHIA_ISADORA_DOS_SANTOS_SOUZA " in version 0-
M.>

<Copying the QR code for " 603370-SOPHIA_ISADORA_DOS_SANTOS_SOUZA " in version 
3-M as previously calculated.>

Overfull \hbox (14.82458pt too wide) in paragraph at lines 765--774
[][] [] 
 []



[28]


<QR code requested for " 576915-THALIA_ELOÁ_FERREIRA_MARQUES " in version 0-M.
>

<Copying the QR code for " 576915-THALIA_ELOÁ_FERREIRA_MARQUES " in version 3-
M as previously calculated.>

Overfull \hbox (14.82458pt too wide) in paragraph at lines 793--802
[][] [] 
 []



[29]


<QR code requested for " 650087-VICTOR_GABRIEL_SILVA_DOS_SANTOS " in version 0-
M.>

<Copying the QR code for " 650087-VICTOR_GABRIEL_SILVA_DOS_SANTOS " in version 
3-M as previously calculated.>

Overfull \hbox (14.82458pt too wide) in paragraph at lines 821--830
[][] [] 
 []



[30]


<QR code requested for " 854849-VITORIA_EDUARDA_ALMEIDA_SOUSA " in version 0-M.
>

<Copying the QR code for " 854849-VITORIA_EDUARDA_ALMEIDA_SOUSA " in version 3-
M as previously calculated.>

Overfull \hbox (14.82458pt too wide) in paragraph at lines 849--858
[][] [] 
 []



[31]


<QR code requested for " 849289-YASMIN_DE_ARAÚJO_ARGENTINO " in version 0-M.>

<Copying the QR code for " 849289-YASMIN_DE_ARAÚJO_ARGENTINO " in version 3-M 
as previously calculated.>

Overfull \hbox (14.82458pt too wide) in paragraph at lines 877--886
[][] [] 
 []



[32] (C:\projetos\sistema_educacional\api\uploads\CEF04_PLAN\gabaritos\1E.aux
<Reading QR code for " 628126-AMANDA_PEREIRA_DA_SILVA " at level 3-Q from aux f
ile.>

<Reading QR code for " 628192-ANA_RAFAELA_LOPES_MOURA " at level 3-Q from aux f
ile.>

<Reading QR code for " 675517-ARTHUR_BISPO_DA_SILVA " at level 3-Q from aux fil
e.>

<Reading QR code for " 729449-BRYAN_DANIEL_DE_ALBUQUERQUE_RAMOS " at level 3-M 
from aux file.>

<Reading QR code for " 583988-CAIO_LUCAS_COSTA_SILVA " at level 3-Q from aux fi
le.>

<Reading QR code for " 1212044-CAIO_LUCAS_FERREIRA_PACHECO " at level 3-M from 
aux file.>

<Reading QR code for " 739182-DANIEL_FILIPE_MARTINS_SILVA " at level 3-M from a
ux file.>

<Reading QR code for " 840355-DAVI_MATHEUS_ROSA_SOUSA " at level 3-Q from aux f
ile.>

<Reading QR code for " 732211-ELIZA_RODRIGUES_SOUSA " at level 3-Q from aux fil
e.>

<Reading QR code for " 625338-ENZO_DANIEL_CARVALHO_DE_ALMEIDA " at level 3-M fr
om aux file.>

<Reading QR code for " 716391-FERNANDA_FREITAS_BARBOSA_DE_FARIAS " at level 4-Q
 from aux file.>

<Reading QR code for " 729461-GABRIEL_MARTINS_VIDAL " at level 3-Q from aux fil
e.>

<Reading QR code for " 530956-GUSTAVO_SOUZA_LIMA " at level 3-Q from aux file.>


<Reading QR code for " 665112-HADASSA_SALVIANO_DE_LIMA_SANTOS " at level 3-M fr
om aux file.>

<Reading QR code for " 720784-JOÃO_FILIPE_DE_LIMA_ROCHA " at level 3-M from au
x file.>

<Reading QR code for " 720891-KAIO_FERNANDO_MOREIRA_ALVES " at level 3-M from a
ux file.>

<Reading QR code for " 716724-KAYLANE_PEREIRA_DA_SILVA " at level 3-M from aux 
file.>

<Reading QR code for " 735356-LUCAS_RODRIGUES_ROCHA " at level 3-Q from aux fil
e.>

<Reading QR code for " 719970-LUÍS_GABRIEL_LAURO_DA_SILVA " at level 3-M from 
aux file.>

<Reading QR code for " 728416-MANUELA_DE_SOUZA_ALVES_VASCONCELOS " at level 4-Q
 from aux file.>

<Reading QR code for " 662590-MANUELA_RIBEIRO_DA_SILVA " at level 3-M from aux 
file.>

<Reading QR code for " 849286-MARIANE_IZABELLA_ALMEIDA_FRANÇA " at level 3-M f
rom aux file.>

<Reading QR code for " 878634-MAYANA_VIANA_LOPES " at level 3-Q from aux file.>


<Reading QR code for " 736502-NATHAN_DENNER_DE_SENA_SANTIAGO " at level 3-M fro
m aux file.>

<Reading QR code for " 868737-NAYARA_LUIZA_FRANÇA_BARBOSA " at level 3-M from 
aux file.>

<Reading QR code for " 860328-REBECA_LUÍZA_DA_SILVA_PASSOS " at level 3-M from
 aux file.>

<Reading QR code for " 860387-RIAN_SILVA_FREITAS " at level 3-Q from aux file.>


<Reading QR code for " 603370-SOPHIA_ISADORA_DOS_SANTOS_SOUZA " at level 3-M fr
om aux file.>

<Reading QR code for " 576915-THALIA_ELOÁ_FERREIRA_MARQUES " at level 3-M from
 aux file.>

<Reading QR code for " 650087-VICTOR_GABRIEL_SILVA_DOS_SANTOS " at level 3-M fr
om aux file.>

<Reading QR code for " 854849-VITORIA_EDUARDA_ALMEIDA_SOUSA " at level 3-M from
 aux file.>

<Reading QR code for " 849289-YASMIN_DE_ARAÚJO_ARGENTINO " at level 3-M from a
ux file.>
)
 ***********
LaTeX2e <2024-11-01> patch level 2
L3 programming layer <2025-01-18>
 ***********
 ) 
Here is how much of TeX's memory you used:
 14262 strings out of 473530
 289409 string characters out of 5714794
 820482 words of memory out of 5000000
 37282 multiletter control sequences out of 15000+600000
 561880 words of font info for 46 fonts, out of 8000000 for 9000
 1141 hyphenation exceptions out of 8191
 102i,6n,107p,1316b,799s stack positions out of 10000i,1000n,20000p,200000b,200000s
<C:/Users/santo/AppData/Local/Programs/MiKTeX/fonts/type1/public/amsfonts/cm/
cmbx12.pfb><C:/Users/santo/AppData/Local/Programs/MiKTeX/fonts/type1/public/ams
fonts/cm/cmr12.pfb>
Output written on C:\projetos\sistema_educacional\api\uploads\CEF04_PLAN\gabari
tos\1E.pdf (32 pages, 175786 bytes).
PDF statistics:
 118 PDF objects out of 1000 (max. 8388607)
 0 named destinations out of 1000 (max. 500000)
 13 words of extra memory for PDF output out of 10000 (max. 10000000)

