This is pdfTeX, Version 3.141592653-2.6-1.40.26 (MiKTeX 24.4) (preloaded format=pdflatex 2025.2.17)  20 JUL 2025 22:58
entering extended mode
 restricted \write18 enabled.
 %&-line parsing enabled.
**C:/projetos/sistema_educacional/api/uploads/CEF04_PLAN/gabaritos/2F.tex
(C:/projetos/sistema_educacional/api/uploads/CEF04_PLAN/gabaritos/2F.tex
LaTeX2e <2024-11-01> patch level 2
L3 programming layer <2025-01-18>
(C:\Users\santo\AppData\Local\Programs\MiKTeX\tex/latex/base\article.cls
Document Class: article 2024/06/29 v1.4n Standard LaTeX document class
(C:\Users\santo\AppData\Local\Programs\MiKTeX\tex/latex/base\size12.clo
File: size12.clo 2024/06/29 v1.4n Standard LaTeX file (size option)
)
\c@part=\count196
\c@section=\count197
\c@subsection=\count198
\c@subsubsection=\count199
\c@paragraph=\count266
\c@subparagraph=\count267
\c@figure=\count268
\c@table=\count269
\abovecaptionskip=\skip49
\belowcaptionskip=\skip50
\bibindent=\dimen141
)
(C:\Users\santo\AppData\Local\Programs\MiKTeX\tex/latex/geometry\geometry.sty
Package: geometry 2020/01/02 v5.9 Page Geometry

(C:\Users\santo\AppData\Local\Programs\MiKTeX\tex/latex/graphics\keyval.sty
Package: keyval 2022/05/29 v1.15 key=value parser (DPC)
\KV@toks@=\toks17
)
(C:\Users\santo\AppData\Local\Programs\MiKTeX\tex/generic/iftex\ifvtex.sty
Package: ifvtex 2019/10/25 v1.7 ifvtex legacy package. Use iftex instead.

(C:\Users\santo\AppData\Local\Programs\MiKTeX\tex/generic/iftex\iftex.sty
Package: iftex 2024/12/12 v1.0g TeX engine tests
))
\Gm@cnth=\count270
\Gm@cntv=\count271
\c@Gm@tempcnt=\count272
\Gm@bindingoffset=\dimen142
\Gm@wd@mp=\dimen143
\Gm@odd@mp=\dimen144
\Gm@even@mp=\dimen145
\Gm@layoutwidth=\dimen146
\Gm@layoutheight=\dimen147
\Gm@layouthoffset=\dimen148
\Gm@layoutvoffset=\dimen149
\Gm@dimlist=\toks18

(C:\Users\santo\AppData\Local\Programs\MiKTeX\tex/latex/geometry\geometry.cfg))

(C:\Users\santo\AppData\Local\Programs\MiKTeX\tex/latex/pgf/frontendlayer\tikz.
sty
(C:\Users\santo\AppData\Local\Programs\MiKTeX\tex/latex/pgf/basiclayer\pgf.sty
(C:\Users\santo\AppData\Local\Programs\MiKTeX\tex/latex/pgf/utilities\pgfrcs.st
y
(C:\Users\santo\AppData\Local\Programs\MiKTeX\tex/generic/pgf/utilities\pgfutil
-common.tex
\pgfutil@everybye=\toks19
\pgfutil@tempdima=\dimen150
\pgfutil@tempdimb=\dimen151
)
(C:\Users\santo\AppData\Local\Programs\MiKTeX\tex/generic/pgf/utilities\pgfutil
-latex.def
\pgfutil@abb=\box52
)
(C:\Users\santo\AppData\Local\Programs\MiKTeX\tex/generic/pgf/utilities\pgfrcs.
code.tex
(C:\Users\santo\AppData\Local\Programs\MiKTeX\tex/generic/pgf\pgf.revision.tex)
Package: pgfrcs 2023-01-15 v3.1.10 (3.1.10)
))
Package: pgf 2023-01-15 v3.1.10 (3.1.10)

(C:\Users\santo\AppData\Local\Programs\MiKTeX\tex/latex/pgf/basiclayer\pgfcore.
sty
(C:\Users\santo\AppData\Local\Programs\MiKTeX\tex/latex/graphics\graphicx.sty
Package: graphicx 2021/09/16 v1.2d Enhanced LaTeX Graphics (DPC,SPQR)

(C:\Users\santo\AppData\Local\Programs\MiKTeX\tex/latex/graphics\graphics.sty
Package: graphics 2024/08/06 v1.4g Standard LaTeX Graphics (DPC,SPQR)

(C:\Users\santo\AppData\Local\Programs\MiKTeX\tex/latex/graphics\trig.sty
Package: trig 2023/12/02 v1.11 sin cos tan (DPC)
)
(C:\Users\santo\AppData\Local\Programs\MiKTeX\tex/latex/graphics-cfg\graphics.c
fg
File: graphics.cfg 2016/06/04 v1.11 sample graphics configuration
)
Package graphics Info: Driver file: pdftex.def on input line 106.

(C:\Users\santo\AppData\Local\Programs\MiKTeX\tex/latex/graphics-def\pdftex.def
File: pdftex.def 2024/04/13 v1.2c Graphics/color driver for pdftex
))
\Gin@req@height=\dimen152
\Gin@req@width=\dimen153
)
(C:\Users\santo\AppData\Local\Programs\MiKTeX\tex/latex/pgf/systemlayer\pgfsys.
sty
(C:\Users\santo\AppData\Local\Programs\MiKTeX\tex/generic/pgf/systemlayer\pgfsy
s.code.tex
Package: pgfsys 2023-01-15 v3.1.10 (3.1.10)

(C:\Users\santo\AppData\Local\Programs\MiKTeX\tex/generic/pgf/utilities\pgfkeys
.code.tex
\pgfkeys@pathtoks=\toks20
\pgfkeys@temptoks=\toks21

(C:\Users\santo\AppData\Local\Programs\MiKTeX\tex/generic/pgf/utilities\pgfkeys
libraryfiltered.code.tex
\pgfkeys@tmptoks=\toks22
))
\pgf@x=\dimen154
\pgf@y=\dimen155
\pgf@xa=\dimen156
\pgf@ya=\dimen157
\pgf@xb=\dimen158
\pgf@yb=\dimen159
\pgf@xc=\dimen160
\pgf@yc=\dimen161
\pgf@xd=\dimen162
\pgf@yd=\dimen163
\w@pgf@writea=\write3
\r@pgf@reada=\read2
\c@pgf@counta=\count273
\c@pgf@countb=\count274
\c@pgf@countc=\count275
\c@pgf@countd=\count276
\t@pgf@toka=\toks23
\t@pgf@tokb=\toks24
\t@pgf@tokc=\toks25
\pgf@sys@id@count=\count277

(C:\Users\santo\AppData\Local\Programs\MiKTeX\tex/generic/pgf/systemlayer\pgf.c
fg
File: pgf.cfg 2023-01-15 v3.1.10 (3.1.10)
)
Driver file for pgf: pgfsys-pdftex.def

(C:\Users\santo\AppData\Local\Programs\MiKTeX\tex/generic/pgf/systemlayer\pgfsy
s-pdftex.def
File: pgfsys-pdftex.def 2023-01-15 v3.1.10 (3.1.10)

(C:\Users\santo\AppData\Local\Programs\MiKTeX\tex/generic/pgf/systemlayer\pgfsy
s-common-pdf.def
File: pgfsys-common-pdf.def 2023-01-15 v3.1.10 (3.1.10)
)))
(C:\Users\santo\AppData\Local\Programs\MiKTeX\tex/generic/pgf/systemlayer\pgfsy
ssoftpath.code.tex
File: pgfsyssoftpath.code.tex 2023-01-15 v3.1.10 (3.1.10)
\pgfsyssoftpath@smallbuffer@items=\count278
\pgfsyssoftpath@bigbuffer@items=\count279
)
(C:\Users\santo\AppData\Local\Programs\MiKTeX\tex/generic/pgf/systemlayer\pgfsy
sprotocol.code.tex
File: pgfsysprotocol.code.tex 2023-01-15 v3.1.10 (3.1.10)
))
(C:\Users\santo\AppData\Local\Programs\MiKTeX\tex/latex/xcolor\xcolor.sty
Package: xcolor 2024/09/29 v3.02 LaTeX color extensions (UK)

(C:\Users\santo\AppData\Local\Programs\MiKTeX\tex/latex/graphics-cfg\color.cfg
File: color.cfg 2016/01/02 v1.6 sample color configuration
)
Package xcolor Info: Driver file: pdftex.def on input line 274.
(C:\Users\santo\AppData\Local\Programs\MiKTeX\tex/latex/graphics\mathcolor.ltx)
Package xcolor Info: Model `cmy' substituted by `cmy0' on input line 1349.
Package xcolor Info: Model `hsb' substituted by `rgb' on input line 1353.
Package xcolor Info: Model `RGB' extended on input line 1365.
Package xcolor Info: Model `HTML' substituted by `rgb' on input line 1367.
Package xcolor Info: Model `Hsb' substituted by `hsb' on input line 1368.
Package xcolor Info: Model `tHsb' substituted by `hsb' on input line 1369.
Package xcolor Info: Model `HSB' substituted by `hsb' on input line 1370.
Package xcolor Info: Model `Gray' substituted by `gray' on input line 1371.
Package xcolor Info: Model `wave' substituted by `hsb' on input line 1372.
)
(C:\Users\santo\AppData\Local\Programs\MiKTeX\tex/generic/pgf/basiclayer\pgfcor
e.code.tex
Package: pgfcore 2023-01-15 v3.1.10 (3.1.10)

(C:\Users\santo\AppData\Local\Programs\MiKTeX\tex/generic/pgf/math\pgfmath.code
.tex
(C:\Users\santo\AppData\Local\Programs\MiKTeX\tex/generic/pgf/math\pgfmathutil.
code.tex)
(C:\Users\santo\AppData\Local\Programs\MiKTeX\tex/generic/pgf/math\pgfmathparse
r.code.tex
\pgfmath@dimen=\dimen164
\pgfmath@count=\count280
\pgfmath@box=\box53
\pgfmath@toks=\toks26
\pgfmath@stack@operand=\toks27
\pgfmath@stack@operation=\toks28
)
(C:\Users\santo\AppData\Local\Programs\MiKTeX\tex/generic/pgf/math\pgfmathfunct
ions.code.tex)
(C:\Users\santo\AppData\Local\Programs\MiKTeX\tex/generic/pgf/math\pgfmathfunct
ions.basic.code.tex)
(C:\Users\santo\AppData\Local\Programs\MiKTeX\tex/generic/pgf/math\pgfmathfunct
ions.trigonometric.code.tex)
(C:\Users\santo\AppData\Local\Programs\MiKTeX\tex/generic/pgf/math\pgfmathfunct
ions.random.code.tex)
(C:\Users\santo\AppData\Local\Programs\MiKTeX\tex/generic/pgf/math\pgfmathfunct
ions.comparison.code.tex)
(C:\Users\santo\AppData\Local\Programs\MiKTeX\tex/generic/pgf/math\pgfmathfunct
ions.base.code.tex)
(C:\Users\santo\AppData\Local\Programs\MiKTeX\tex/generic/pgf/math\pgfmathfunct
ions.round.code.tex)
(C:\Users\santo\AppData\Local\Programs\MiKTeX\tex/generic/pgf/math\pgfmathfunct
ions.misc.code.tex)
(C:\Users\santo\AppData\Local\Programs\MiKTeX\tex/generic/pgf/math\pgfmathfunct
ions.integerarithmetics.code.tex)
(C:\Users\santo\AppData\Local\Programs\MiKTeX\tex/generic/pgf/math\pgfmathcalc.
code.tex)
(C:\Users\santo\AppData\Local\Programs\MiKTeX\tex/generic/pgf/math\pgfmathfloat
.code.tex
\c@pgfmathroundto@lastzeros=\count281
))
(C:\Users\santo\AppData\Local\Programs\MiKTeX\tex/generic/pgf/math\pgfint.code.
tex)
(C:\Users\santo\AppData\Local\Programs\MiKTeX\tex/generic/pgf/basiclayer\pgfcor
epoints.code.tex
File: pgfcorepoints.code.tex 2023-01-15 v3.1.10 (3.1.10)
\pgf@picminx=\dimen165
\pgf@picmaxx=\dimen166
\pgf@picminy=\dimen167
\pgf@picmaxy=\dimen168
\pgf@pathminx=\dimen169
\pgf@pathmaxx=\dimen170
\pgf@pathminy=\dimen171
\pgf@pathmaxy=\dimen172
\pgf@xx=\dimen173
\pgf@xy=\dimen174
\pgf@yx=\dimen175
\pgf@yy=\dimen176
\pgf@zx=\dimen177
\pgf@zy=\dimen178
)
(C:\Users\santo\AppData\Local\Programs\MiKTeX\tex/generic/pgf/basiclayer\pgfcor
epathconstruct.code.tex
File: pgfcorepathconstruct.code.tex 2023-01-15 v3.1.10 (3.1.10)
\pgf@path@lastx=\dimen179
\pgf@path@lasty=\dimen180
)
(C:\Users\santo\AppData\Local\Programs\MiKTeX\tex/generic/pgf/basiclayer\pgfcor
epathusage.code.tex
File: pgfcorepathusage.code.tex 2023-01-15 v3.1.10 (3.1.10)
\pgf@shorten@end@additional=\dimen181
\pgf@shorten@start@additional=\dimen182
)
(C:\Users\santo\AppData\Local\Programs\MiKTeX\tex/generic/pgf/basiclayer\pgfcor
escopes.code.tex
File: pgfcorescopes.code.tex 2023-01-15 v3.1.10 (3.1.10)
\pgfpic=\box54
\pgf@hbox=\box55
\pgf@layerbox@main=\box56
\pgf@picture@serial@count=\count282
)
(C:\Users\santo\AppData\Local\Programs\MiKTeX\tex/generic/pgf/basiclayer\pgfcor
egraphicstate.code.tex
File: pgfcoregraphicstate.code.tex 2023-01-15 v3.1.10 (3.1.10)
\pgflinewidth=\dimen183
)
(C:\Users\santo\AppData\Local\Programs\MiKTeX\tex/generic/pgf/basiclayer\pgfcor
etransformations.code.tex
File: pgfcoretransformations.code.tex 2023-01-15 v3.1.10 (3.1.10)
\pgf@pt@x=\dimen184
\pgf@pt@y=\dimen185
\pgf@pt@temp=\dimen186
)
(C:\Users\santo\AppData\Local\Programs\MiKTeX\tex/generic/pgf/basiclayer\pgfcor
equick.code.tex
File: pgfcorequick.code.tex 2023-01-15 v3.1.10 (3.1.10)
)
(C:\Users\santo\AppData\Local\Programs\MiKTeX\tex/generic/pgf/basiclayer\pgfcor
eobjects.code.tex
File: pgfcoreobjects.code.tex 2023-01-15 v3.1.10 (3.1.10)
)
(C:\Users\santo\AppData\Local\Programs\MiKTeX\tex/generic/pgf/basiclayer\pgfcor
epathprocessing.code.tex
File: pgfcorepathprocessing.code.tex 2023-01-15 v3.1.10 (3.1.10)
)
(C:\Users\santo\AppData\Local\Programs\MiKTeX\tex/generic/pgf/basiclayer\pgfcor
earrows.code.tex
File: pgfcorearrows.code.tex 2023-01-15 v3.1.10 (3.1.10)
\pgfarrowsep=\dimen187
)
(C:\Users\santo\AppData\Local\Programs\MiKTeX\tex/generic/pgf/basiclayer\pgfcor
eshade.code.tex
File: pgfcoreshade.code.tex 2023-01-15 v3.1.10 (3.1.10)
\pgf@max=\dimen188
\pgf@sys@shading@range@num=\count283
\pgf@shadingcount=\count284
)
(C:\Users\santo\AppData\Local\Programs\MiKTeX\tex/generic/pgf/basiclayer\pgfcor
eimage.code.tex
File: pgfcoreimage.code.tex 2023-01-15 v3.1.10 (3.1.10)
)
(C:\Users\santo\AppData\Local\Programs\MiKTeX\tex/generic/pgf/basiclayer\pgfcor
eexternal.code.tex
File: pgfcoreexternal.code.tex 2023-01-15 v3.1.10 (3.1.10)
\pgfexternal@startupbox=\box57
)
(C:\Users\santo\AppData\Local\Programs\MiKTeX\tex/generic/pgf/basiclayer\pgfcor
elayers.code.tex
File: pgfcorelayers.code.tex 2023-01-15 v3.1.10 (3.1.10)
)
(C:\Users\santo\AppData\Local\Programs\MiKTeX\tex/generic/pgf/basiclayer\pgfcor
etransparency.code.tex
File: pgfcoretransparency.code.tex 2023-01-15 v3.1.10 (3.1.10)
)
(C:\Users\santo\AppData\Local\Programs\MiKTeX\tex/generic/pgf/basiclayer\pgfcor
epatterns.code.tex
File: pgfcorepatterns.code.tex 2023-01-15 v3.1.10 (3.1.10)
)
(C:\Users\santo\AppData\Local\Programs\MiKTeX\tex/generic/pgf/basiclayer\pgfcor
erdf.code.tex
File: pgfcorerdf.code.tex 2023-01-15 v3.1.10 (3.1.10)
)))
(C:\Users\santo\AppData\Local\Programs\MiKTeX\tex/generic/pgf/modules\pgfmodule
shapes.code.tex
File: pgfmoduleshapes.code.tex 2023-01-15 v3.1.10 (3.1.10)
\pgfnodeparttextbox=\box58
)
(C:\Users\santo\AppData\Local\Programs\MiKTeX\tex/generic/pgf/modules\pgfmodule
plot.code.tex
File: pgfmoduleplot.code.tex 2023-01-15 v3.1.10 (3.1.10)
)
(C:\Users\santo\AppData\Local\Programs\MiKTeX\tex/latex/pgf/compatibility\pgfco
mp-version-0-65.sty
Package: pgfcomp-version-0-65 2023-01-15 v3.1.10 (3.1.10)
\pgf@nodesepstart=\dimen189
\pgf@nodesepend=\dimen190
)
(C:\Users\santo\AppData\Local\Programs\MiKTeX\tex/latex/pgf/compatibility\pgfco
mp-version-1-18.sty
Package: pgfcomp-version-1-18 2023-01-15 v3.1.10 (3.1.10)
))
(C:\Users\santo\AppData\Local\Programs\MiKTeX\tex/latex/pgf/utilities\pgffor.st
y
(C:\Users\santo\AppData\Local\Programs\MiKTeX\tex/latex/pgf/utilities\pgfkeys.s
ty
(C:\Users\santo\AppData\Local\Programs\MiKTeX\tex/generic/pgf/utilities\pgfkeys
.code.tex))
(C:\Users\santo\AppData\Local\Programs\MiKTeX\tex/latex/pgf/math\pgfmath.sty
(C:\Users\santo\AppData\Local\Programs\MiKTeX\tex/generic/pgf/math\pgfmath.code
.tex))
(C:\Users\santo\AppData\Local\Programs\MiKTeX\tex/generic/pgf/utilities\pgffor.
code.tex
Package: pgffor 2023-01-15 v3.1.10 (3.1.10)
\pgffor@iter=\dimen191
\pgffor@skip=\dimen192
\pgffor@stack=\toks29
\pgffor@toks=\toks30
))
(C:\Users\santo\AppData\Local\Programs\MiKTeX\tex/generic/pgf/frontendlayer/tik
z\tikz.code.tex
Package: tikz 2023-01-15 v3.1.10 (3.1.10)

(C:\Users\santo\AppData\Local\Programs\MiKTeX\tex/generic/pgf/libraries\pgflibr
aryplothandlers.code.tex
File: pgflibraryplothandlers.code.tex 2023-01-15 v3.1.10 (3.1.10)
\pgf@plot@mark@count=\count285
\pgfplotmarksize=\dimen193
)
\tikz@lastx=\dimen194
\tikz@lasty=\dimen195
\tikz@lastxsaved=\dimen196
\tikz@lastysaved=\dimen197
\tikz@lastmovetox=\dimen198
\tikz@lastmovetoy=\dimen199
\tikzleveldistance=\dimen256
\tikzsiblingdistance=\dimen257
\tikz@figbox=\box59
\tikz@figbox@bg=\box60
\tikz@tempbox=\box61
\tikz@tempbox@bg=\box62
\tikztreelevel=\count286
\tikznumberofchildren=\count287
\tikznumberofcurrentchild=\count288
\tikz@fig@count=\count289

(C:\Users\santo\AppData\Local\Programs\MiKTeX\tex/generic/pgf/modules\pgfmodule
matrix.code.tex
File: pgfmodulematrix.code.tex 2023-01-15 v3.1.10 (3.1.10)
\pgfmatrixcurrentrow=\count290
\pgfmatrixcurrentcolumn=\count291
\pgf@matrix@numberofcolumns=\count292
)
\tikz@expandcount=\count293

(C:\Users\santo\AppData\Local\Programs\MiKTeX\tex/generic/pgf/frontendlayer/tik
z/libraries\tikzlibrarytopaths.code.tex
File: tikzlibrarytopaths.code.tex 2023-01-15 v3.1.10 (3.1.10)
)))
(C:\Users\santo\AppData\Local\Programs\MiKTeX\tex/latex/qrcode\qrcode.sty
Package: qrcode 2015/01/08 v1.51 QR code generation

(C:\Users\santo\AppData\Local\Programs\MiKTeX\tex/latex/xkeyval\xkeyval.sty
Package: xkeyval 2022/06/16 v2.9 package option processing (HA)

(C:\Users\santo\AppData\Local\Programs\MiKTeX\tex/generic/xkeyval\xkeyval.tex
(C:\Users\santo\AppData\Local\Programs\MiKTeX\tex/generic/xkeyval\xkvutils.tex
\XKV@toks=\toks31
\XKV@tempa@toks=\toks32
)
\XKV@depth=\count294
File: xkeyval.tex 2014/12/03 v2.7a key=value parser (HA)
))
\c@qr@i=\count295
\c@qr@j=\count296
\qr@a=\count297
\qr@b=\count298
\qr@c=\count299
\qr@for@depth=\count300
\qr@for@maxdepth=\count301
\qr@for@start=\count302
\qr@for@end=\count303
\qr@for@step=\count304
\qr@newforcount=\count305
\qr@newforcount=\count306
\qr@desiredheight=\skip51
\qr@modulesize=\skip52
\qr@minipagewidth=\skip53
\c@maski=\count307
\c@maskj=\count308
\c@totalones=\count309
\c@penaltyi=\count310
\c@penaltyii=\count311
\c@penaltyiii=\count312
\c@penaltyiv=\count313
\c@qr@hexchars=\count314
\qr@newforcount=\count315
\c@qr@divisionsremaining=\count316
) (C:\Users\santo\AppData\Local\Programs\MiKTeX\tex/latex/tools\multicol.sty
Package: multicol 2024/09/14 v1.9i multicolumn formatting (FMi)
\c@tracingmulticols=\count317
\mult@box=\box63
\multicol@leftmargin=\dimen258
\c@unbalance=\count318
\c@collectmore=\count319
\doublecol@number=\count320
\multicoltolerance=\count321
\multicolpretolerance=\count322
\full@width=\dimen259
\page@free=\dimen260
\premulticols=\dimen261
\postmulticols=\dimen262
\multicolsep=\skip54
\multicolbaselineskip=\skip55
\partial@page=\box64
\last@line=\box65
\mc@boxedresult=\box66
\maxbalancingoverflow=\dimen263
\mult@rightbox=\box67
\mult@grightbox=\box68
\mult@firstbox=\box69
\mult@gfirstbox=\box70
\@tempa=\box71
\@tempa=\box72
\@tempa=\box73
\@tempa=\box74
\@tempa=\box75
\@tempa=\box76
\@tempa=\box77
\@tempa=\box78
\@tempa=\box79
\@tempa=\box80
\@tempa=\box81
\@tempa=\box82
\@tempa=\box83
\@tempa=\box84
\@tempa=\box85
\@tempa=\box86
\@tempa=\box87
\@tempa=\box88
\@tempa=\box89
\@tempa=\box90
\@tempa=\box91
\@tempa=\box92
\@tempa=\box93
\@tempa=\box94
\@tempa=\box95
\@tempa=\box96
\@tempa=\box97
\@tempa=\box98
\@tempa=\box99
\@tempa=\box100
\@tempa=\box101
\@tempa=\box102
\@tempa=\box103
\@tempa=\box104
\@tempa=\box105
\@tempa=\box106
\c@minrows=\count323
\c@columnbadness=\count324
\c@finalcolumnbadness=\count325
\last@try=\dimen264
\multicolovershoot=\dimen265
\multicolundershoot=\dimen266
\mult@nat@firstbox=\box107
\colbreak@box=\box108
\mc@col@check@num=\count326
)
(C:\Users\santo\AppData\Local\Programs\MiKTeX\tex/latex/l3backend\l3backend-pdf
tex.def
File: l3backend-pdftex.def 2024-05-08 L3 backend support: PDF output (pdfTeX)
\l__color_backend_stack_int=\count327
\l__pdf_internal_box=\box109
)
No file 2F.aux.
\openout1 = `2F.aux'.

LaTeX Font Info:    Checking defaults for OML/cmm/m/it on input line 8.
LaTeX Font Info:    ... okay on input line 8.
LaTeX Font Info:    Checking defaults for OMS/cmsy/m/n on input line 8.
LaTeX Font Info:    ... okay on input line 8.
LaTeX Font Info:    Checking defaults for OT1/cmr/m/n on input line 8.
LaTeX Font Info:    ... okay on input line 8.
LaTeX Font Info:    Checking defaults for T1/cmr/m/n on input line 8.
LaTeX Font Info:    ... okay on input line 8.
LaTeX Font Info:    Checking defaults for TS1/cmr/m/n on input line 8.
LaTeX Font Info:    ... okay on input line 8.
LaTeX Font Info:    Checking defaults for OMX/cmex/m/n on input line 8.
LaTeX Font Info:    ... okay on input line 8.
LaTeX Font Info:    Checking defaults for U/cmr/m/n on input line 8.
LaTeX Font Info:    ... okay on input line 8.
*geometry* driver: auto-detecting
*geometry* detected driver: pdftex
*geometry* verbose mode - [ preamble ] result:
* driver: pdftex
* paper: a4paper
* layout: <same size as paper>
* layoutoffset:(h,v)=(0.0pt,0.0pt)
* modes: 
* h-part:(L,W,R)=(28.45274pt, 540.60239pt, 28.45274pt)
* v-part:(T,H,B)=(28.45274pt, 788.14136pt, 28.45274pt)
* \paperwidth=597.50787pt
* \paperheight=845.04684pt
* \textwidth=540.60239pt
* \textheight=788.14136pt
* \oddsidemargin=-43.81725pt
* \evensidemargin=-43.81725pt
* \topmargin=-80.81725pt
* \headheight=12.0pt
* \headsep=25.0pt
* \topskip=12.0pt
* \footskip=30.0pt
* \marginparwidth=35.0pt
* \marginparsep=10.0pt
* \columnsep=10.0pt
* \skip\footins=10.8pt plus 4.0pt minus 2.0pt
* \hoffset=0.0pt
* \voffset=0.0pt
* \mag=1000
* \@twocolumnfalse
* \@twosidefalse
* \@mparswitchfalse
* \@reversemarginfalse
* (1in=72.27pt=25.4mm, 1cm=28.453pt)


(C:\Users\santo\AppData\Local\Programs\MiKTeX\tex/context/base/mkii\supp-pdf.mk
ii
[Loading MPS to PDF converter (version 2006.09.02).]
\scratchcounter=\count328
\scratchdimen=\dimen267
\scratchbox=\box110
\nofMPsegments=\count329
\nofMParguments=\count330
\everyMPshowfont=\toks33
\MPscratchCnt=\count331
\MPscratchDim=\dimen268
\MPnumerator=\count332
\makeMPintoPDFobject=\count333
\everyMPtoPDFconversion=\toks34
)
(C:\Users\santo\AppData\Local\Programs\MiKTeX\tex/latex/epstopdf-pkg\epstopdf-b
ase.sty
Package: epstopdf-base 2020-01-24 v2.11 Base part for package epstopdf
Package epstopdf-base Info: Redefining graphics rule for `.eps' on input line 4
85.

(C:\Users\santo\AppData\Local\Programs\MiKTeX\tex/latex/00miktex\epstopdf-sys.c
fg
File: epstopdf-sys.cfg 2021/03/18 v2.0 Configuration of epstopdf for MiKTeX
))


<QR code requested for " 729539-ABIGAIL_MAGALHÃES_VIEIRA " in version 0-M.>

<Calculating QR code for " 729539-ABIGAIL_MAGALHÃES_VIEIRA " in version 3-M.>
<Splitting off block 1> <Making error block 1>
<Interleaving datablocks of length 44\ and 45:  1, 2, 3, 4, 5, 6, 7, 8, 9, 10,
11, 12, 13, 14, 15, 16, 17, 18, 19, 20, 21, 22, 23, 24, 25, 26, 27, 28, 29,
30, 31, 32, 33, 34, 35, 36, 37, 38, 39, 40, 41, 42, 43, 44, .>
<Interleaving errorblocks of length 26:  1, 2, 3, 4, 5, 6, 7, 8, 9, 10, 11,
12, 13, 14, 15, 16, 17, 18, 19, 20, 21, 22, 23, 24, 25, 26,
.><Interleaving complete.> <Writing data... done.>
<Applying Mask 0... done. Calculating penalty... penalty is 1373>
<Applying Mask 1... done. Calculating penalty... penalty is 1225>
<Applying Mask 2... done. Calculating penalty... penalty is 1237>
<Applying Mask 3... done. Calculating penalty... penalty is 1203>
<Applying Mask 4... done. Calculating penalty... penalty is 1178>
<Applying Mask 5... done. Calculating penalty... penalty is 1212>
<Applying Mask 6... done. Calculating penalty... penalty is 1341>
<Applying Mask 7... done. Calculating penalty... penalty is 1259>
<Selected Mask 4>
<Encoding and writing format string... done.>
<Encoding and writing version information... done.>
<Saving QR code to memory... done.>
<Writing QR code to aux file... done.>
<Printing matrix...
LaTeX Font Info:    External font `cmex10' loaded for size
(Font)              <12> on input line 16.
LaTeX Font Info:    External font `cmex10' loaded for size
(Font)              <8> on input line 16.
LaTeX Font Info:    External font `cmex10' loaded for size
(Font)              <6> on input line 16.
 done.>


Overfull \hbox (14.82458pt too wide) in paragraph at lines 9--18
[][] [] 
 []



[1

{C:/Users/santo/AppData/Local/MiKTeX/fonts/map/pdftex/pdftex.map}]


<QR code requested for " 545450-ANDRÉ_LUIZ_RIBEIRO_SILVA " in version 0-M.>

<Calculating QR code for " 545450-ANDRÉ_LUIZ_RIBEIRO_SILVA " in version 3-M.>
<Splitting off block 1> <Making error block 1>
<Interleaving datablocks of length 44\ and 45:  1, 2, 3, 4, 5, 6, 7, 8, 9, 10,
11, 12, 13, 14, 15, 16, 17, 18, 19, 20, 21, 22, 23, 24, 25, 26, 27, 28, 29,
30, 31, 32, 33, 34, 35, 36, 37, 38, 39, 40, 41, 42, 43, 44, .>
<Interleaving errorblocks of length 26:  1, 2, 3, 4, 5, 6, 7, 8, 9, 10, 11,
12, 13, 14, 15, 16, 17, 18, 19, 20, 21, 22, 23, 24, 25, 26,
.><Interleaving complete.> <Writing data... done.>
<Applying Mask 0... done. Calculating penalty... penalty is 1205>
<Applying Mask 1... done. Calculating penalty... penalty is 1201>
<Applying Mask 2... done. Calculating penalty... penalty is 1245>
<Applying Mask 3... done. Calculating penalty... penalty is 1195>
<Applying Mask 4... done. Calculating penalty... penalty is 1173>
<Applying Mask 5... done. Calculating penalty... penalty is 1197>
<Applying Mask 6... done. Calculating penalty... penalty is 1281>
<Applying Mask 7... done. Calculating penalty... penalty is 1185>
<Selected Mask 4>
<Encoding and writing format string... done.>
<Encoding and writing version information... done.>
<Saving QR code to memory... done.>
<Writing QR code to aux file... done.>
<Printing matrix... done.>


Overfull \hbox (14.82458pt too wide) in paragraph at lines 37--46
[][] [] 
 []



[2]


<QR code requested for " 614539-BEATRIZ_CRISTINA_PACHECO_BATISTA " in version 0
-M.>

<Calculating QR code for " 614539-BEATRIZ_CRISTINA_PACHECO_BATISTA " in version
 3-M.>
<Splitting off block 1> <Making error block 1>
<Interleaving datablocks of length 44\ and 45:  1, 2, 3, 4, 5, 6, 7, 8, 9, 10,
11, 12, 13, 14, 15, 16, 17, 18, 19, 20, 21, 22, 23, 24, 25, 26, 27, 28, 29,
30, 31, 32, 33, 34, 35, 36, 37, 38, 39, 40, 41, 42, 43, 44, .>
<Interleaving errorblocks of length 26:  1, 2, 3, 4, 5, 6, 7, 8, 9, 10, 11,
12, 13, 14, 15, 16, 17, 18, 19, 20, 21, 22, 23, 24, 25, 26,
.><Interleaving complete.> <Writing data... done.>
<Applying Mask 0... done. Calculating penalty... penalty is 1311>
<Applying Mask 1... done. Calculating penalty... penalty is 1201>
<Applying Mask 2... done. Calculating penalty... penalty is 1259>
<Applying Mask 3... done. Calculating penalty... penalty is 1150>
<Applying Mask 4... done. Calculating penalty... penalty is 1187>
<Applying Mask 5... done. Calculating penalty... penalty is 1212>
<Applying Mask 6... done. Calculating penalty... penalty is 1302>
<Applying Mask 7... done. Calculating penalty... penalty is 1232>
<Selected Mask 3>
<Encoding and writing format string... done.>
<Encoding and writing version information... done.>
<Saving QR code to memory... done.>
<Writing QR code to aux file... done.>
<Printing matrix... done.>


Overfull \hbox (14.82458pt too wide) in paragraph at lines 65--74
[][] [] 
 []



[3]


<QR code requested for " 548305-CAUAN_FELIPE_FERREIRA_SALES " in version 0-M.>

<Calculating QR code for " 548305-CAUAN_FELIPE_FERREIRA_SALES " in version 3-M.
>
<Splitting off block 1> <Making error block 1>
<Interleaving datablocks of length 44\ and 45:  1, 2, 3, 4, 5, 6, 7, 8, 9, 10,
11, 12, 13, 14, 15, 16, 17, 18, 19, 20, 21, 22, 23, 24, 25, 26, 27, 28, 29,
30, 31, 32, 33, 34, 35, 36, 37, 38, 39, 40, 41, 42, 43, 44, .>
<Interleaving errorblocks of length 26:  1, 2, 3, 4, 5, 6, 7, 8, 9, 10, 11,
12, 13, 14, 15, 16, 17, 18, 19, 20, 21, 22, 23, 24, 25, 26,
.><Interleaving complete.> <Writing data... done.>
<Applying Mask 0... done. Calculating penalty... penalty is 1223>
<Applying Mask 1... done. Calculating penalty... penalty is 1282>
<Applying Mask 2... done. Calculating penalty... penalty is 1287>
<Applying Mask 3... done. Calculating penalty... penalty is 1154>
<Applying Mask 4... done. Calculating penalty... penalty is 1155>
<Applying Mask 5... done. Calculating penalty... penalty is 1376>
<Applying Mask 6... done. Calculating penalty... penalty is 1380>
<Applying Mask 7... done. Calculating penalty... penalty is 1201>
<Selected Mask 3>
<Encoding and writing format string... done.>
<Encoding and writing version information... done.>
<Saving QR code to memory... done.>
<Writing QR code to aux file... done.>
<Printing matrix... done.>


Overfull \hbox (14.82458pt too wide) in paragraph at lines 93--102
[][] [] 
 []



[4]


<QR code requested for " 532115-CECÍLIA_CAETANO_SILVA " in version 0-M.>
<Error-correction level increased from M to Q at no cost.>
<Calculating QR code for " 532115-CECÍLIA_CAETANO_SILVA " in version 3-Q.>
<Splitting off block 1> <Splitting off block 2> <Making error block 1>
<Making error block 2> <Interleaving datablocks of length 17\ and 18:  1, 2,
3, 4, 5, 6, 7, 8, 9, 10, 11, 12, 13, 14, 15, 16, 17, .>
<Interleaving errorblocks of length 18:  1, 2, 3, 4, 5, 6, 7, 8, 9, 10, 11,
12, 13, 14, 15, 16, 17, 18, .><Interleaving complete.> <Writing data...
done.>
<Applying Mask 0... done. Calculating penalty... penalty is 1410>
<Applying Mask 1... done. Calculating penalty... penalty is 1205>
<Applying Mask 2... done. Calculating penalty... penalty is 1176>
<Applying Mask 3... done. Calculating penalty... penalty is 1275>
<Applying Mask 4... done. Calculating penalty... penalty is 1264>
<Applying Mask 5... done. Calculating penalty... penalty is 1166>
<Applying Mask 6... done. Calculating penalty... penalty is 1249>
<Applying Mask 7... done. Calculating penalty... penalty is 1276>
<Selected Mask 5>
<Encoding and writing format string... done.>
<Encoding and writing version information... done.>
<Saving QR code to memory... done.>
<Writing QR code to aux file... done.>
<Printing matrix... done.>


Overfull \hbox (14.82458pt too wide) in paragraph at lines 121--130
[][] [] 
 []



[5]


<QR code requested for " 614034-CECÍLIA_VIEIRA_SOARES " in version 0-M.>
<Error-correction level increased from M to Q at no cost.>
<Calculating QR code for " 614034-CECÍLIA_VIEIRA_SOARES " in version 3-Q.>
<Splitting off block 1> <Splitting off block 2> <Making error block 1>
<Making error block 2> <Interleaving datablocks of length 17\ and 18:  1, 2,
3, 4, 5, 6, 7, 8, 9, 10, 11, 12, 13, 14, 15, 16, 17, .>
<Interleaving errorblocks of length 18:  1, 2, 3, 4, 5, 6, 7, 8, 9, 10, 11,
12, 13, 14, 15, 16, 17, 18, .><Interleaving complete.> <Writing data...
done.>
<Applying Mask 0... done. Calculating penalty... penalty is 1285>
<Applying Mask 1... done. Calculating penalty... penalty is 1181>
<Applying Mask 2... done. Calculating penalty... penalty is 1246>
<Applying Mask 3... done. Calculating penalty... penalty is 1224>
<Applying Mask 4... done. Calculating penalty... penalty is 1187>
<Applying Mask 5... done. Calculating penalty... penalty is 1283>
<Applying Mask 6... done. Calculating penalty... penalty is 1328>
<Applying Mask 7... done. Calculating penalty... penalty is 1299>
<Selected Mask 1>
<Encoding and writing format string... done.>
<Encoding and writing version information... done.>
<Saving QR code to memory... done.>
<Writing QR code to aux file... done.>
<Printing matrix... done.>


Overfull \hbox (14.82458pt too wide) in paragraph at lines 149--158
[][] [] 
 []



[6] 

<QR code requested for " 528500-DAVI_FRANÇA_COIMBRA " in version 0-M.>
<Error-correction level increased from M to Q at no cost.>
<Calculating QR code for " 528500-DAVI_FRANÇA_COIMBRA " in version 3-Q.>
<Splitting off block 1> <Splitting off block 2> <Making error block 1>
<Making error block 2> <Interleaving datablocks of length 17\ and 18:  1, 2,
3, 4, 5, 6, 7, 8, 9, 10, 11, 12, 13, 14, 15, 16, 17, .>
<Interleaving errorblocks of length 18:  1, 2, 3, 4, 5, 6, 7, 8, 9, 10, 11,
12, 13, 14, 15, 16, 17, 18, .><Interleaving complete.> <Writing data...
done.>
<Applying Mask 0... done. Calculating penalty... penalty is 1174>
<Applying Mask 1... done. Calculating penalty... penalty is 1226>
<Applying Mask 2... done. Calculating penalty... penalty is 1150>
<Applying Mask 3... done. Calculating penalty... penalty is 1230>
<Applying Mask 4... done. Calculating penalty... penalty is 1313>
<Applying Mask 5... done. Calculating penalty... penalty is 1146>
<Applying Mask 6... done. Calculating penalty... penalty is 1166>
<Applying Mask 7... done. Calculating penalty... penalty is 1170>
<Selected Mask 5>
<Encoding and writing format string... done.>
<Encoding and writing version information... done.>
<Saving QR code to memory... done.>
<Writing QR code to aux file... done.>
<Printing matrix... done.>


Overfull \hbox (14.82458pt too wide) in paragraph at lines 177--186
[][] [] 
 []



[7]


<QR code requested for " 553941-EDUARDA_DOS_SANTOS_PEREIRA " in version 0-M.>

<Calculating QR code for " 553941-EDUARDA_DOS_SANTOS_PEREIRA " in version 3-M.>

<Splitting off block 1> <Making error block 1>
<Interleaving datablocks of length 44\ and 45:  1, 2, 3, 4, 5, 6, 7, 8, 9, 10,
11, 12, 13, 14, 15, 16, 17, 18, 19, 20, 21, 22, 23, 24, 25, 26, 27, 28, 29,
30, 31, 32, 33, 34, 35, 36, 37, 38, 39, 40, 41, 42, 43, 44, .>
<Interleaving errorblocks of length 26:  1, 2, 3, 4, 5, 6, 7, 8, 9, 10, 11,
12, 13, 14, 15, 16, 17, 18, 19, 20, 21, 22, 23, 24, 25, 26,
.><Interleaving complete.> <Writing data... done.>
<Applying Mask 0... done. Calculating penalty... penalty is 1305>
<Applying Mask 1... done. Calculating penalty... penalty is 1129>
<Applying Mask 2... done. Calculating penalty... penalty is 1344>
<Applying Mask 3... done. Calculating penalty... penalty is 1203>
<Applying Mask 4... done. Calculating penalty... penalty is 1284>
<Applying Mask 5... done. Calculating penalty... penalty is 1300>
<Applying Mask 6... done. Calculating penalty... penalty is 1396>
<Applying Mask 7... done. Calculating penalty... penalty is 1238>
<Selected Mask 1>
<Encoding and writing format string... done.>
<Encoding and writing version information... done.>
<Saving QR code to memory... done.>
<Writing QR code to aux file... done.>
<Printing matrix... done.>


Overfull \hbox (14.82458pt too wide) in paragraph at lines 205--214
[][] [] 
 []



[8]


<QR code requested for " 1166687-EMANUELLY_DE_SOUSA_COSTA " in version 0-M.>

<Calculating QR code for " 1166687-EMANUELLY_DE_SOUSA_COSTA " in version 3-M.>
<Splitting off block 1> <Making error block 1>
<Interleaving datablocks of length 44\ and 45:  1, 2, 3, 4, 5, 6, 7, 8, 9, 10,
11, 12, 13, 14, 15, 16, 17, 18, 19, 20, 21, 22, 23, 24, 25, 26, 27, 28, 29,
30, 31, 32, 33, 34, 35, 36, 37, 38, 39, 40, 41, 42, 43, 44, .>
<Interleaving errorblocks of length 26:  1, 2, 3, 4, 5, 6, 7, 8, 9, 10, 11,
12, 13, 14, 15, 16, 17, 18, 19, 20, 21, 22, 23, 24, 25, 26,
.><Interleaving complete.> <Writing data... done.>
<Applying Mask 0... done. Calculating penalty... penalty is 1187>
<Applying Mask 1... done. Calculating penalty... penalty is 1221>
<Applying Mask 2... done. Calculating penalty... penalty is 1274>
<Applying Mask 3... done. Calculating penalty... penalty is 1191>
<Applying Mask 4... done. Calculating penalty... penalty is 1277>
<Applying Mask 5... done. Calculating penalty... penalty is 1292>
<Applying Mask 6... done. Calculating penalty... penalty is 1273>
<Applying Mask 7... done. Calculating penalty... penalty is 1339>
<Selected Mask 0>
<Encoding and writing format string... done.>
<Encoding and writing version information... done.>
<Saving QR code to memory... done.>
<Writing QR code to aux file... done.>
<Printing matrix... done.>


Overfull \hbox (14.82458pt too wide) in paragraph at lines 233--242
[][] [] 
 []



[9]


<QR code requested for " 618683-ERICK_BATISTA_DA_SILVA " in version 0-M.>
<Error-correction level increased from M to Q at no cost.>
<Calculating QR code for " 618683-ERICK_BATISTA_DA_SILVA " in version 3-Q.>
<Splitting off block 1> <Splitting off block 2> <Making error block 1>
<Making error block 2> <Interleaving datablocks of length 17\ and 18:  1, 2,
3, 4, 5, 6, 7, 8, 9, 10, 11, 12, 13, 14, 15, 16, 17, .>
<Interleaving errorblocks of length 18:  1, 2, 3, 4, 5, 6, 7, 8, 9, 10, 11,
12, 13, 14, 15, 16, 17, 18, .><Interleaving complete.> <Writing data...
done.>
<Applying Mask 0... done. Calculating penalty... penalty is 1227>
<Applying Mask 1... done. Calculating penalty... penalty is 1227>
<Applying Mask 2... done. Calculating penalty... penalty is 1183>
<Applying Mask 3... done. Calculating penalty... penalty is 1224>
<Applying Mask 4... done. Calculating penalty... penalty is 1178>
<Applying Mask 5... done. Calculating penalty... penalty is 1171>
<Applying Mask 6... done. Calculating penalty... penalty is 1164>
<Applying Mask 7... done. Calculating penalty... penalty is 1195>
<Selected Mask 6>
<Encoding and writing format string... done.>
<Encoding and writing version information... done.>
<Saving QR code to memory... done.>
<Writing QR code to aux file... done.>
<Printing matrix... done.>


Overfull \hbox (14.82458pt too wide) in paragraph at lines 261--270
[][] [] 
 []



[10]


<QR code requested for " 775613-GABRIEL_HENRIQUE_OLIVEIRA_DE_PAIVA " in version
 0-M.>
<Error-correction level increased from M to Q at no cost.>

<Calculating QR code for " 775613-GABRIEL_HENRIQUE_OLIVEIRA_DE_PAIVA " in versi
on 4-Q.>
<Splitting off block 1> <Splitting off block 2> <Making error block 1>
<Making error block 2> <Interleaving datablocks of length 24\ and 25:  1, 2,
3, 4, 5, 6, 7, 8, 9, 10, 11, 12, 13, 14, 15, 16, 17, 18, 19, 20, 21, 22, 23,
24, .> <Interleaving errorblocks of length 26:  1, 2, 3, 4, 5, 6, 7, 8, 9, 10,
11, 12, 13, 14, 15, 16, 17, 18, 19, 20, 21, 22, 23, 24, 25, 26,
.><Interleaving complete.> <Writing data... done.>
<Applying Mask 0... done. Calculating penalty... penalty is 1393>
<Applying Mask 1... done. Calculating penalty... penalty is 1366>
<Applying Mask 2... done. Calculating penalty... penalty is 1313>
<Applying Mask 3... done. Calculating penalty... penalty is 1383>
<Applying Mask 4... done. Calculating penalty... penalty is 1311>
<Applying Mask 5... done. Calculating penalty... penalty is 1342>
<Applying Mask 6... done. Calculating penalty... penalty is 1452>
<Applying Mask 7... done. Calculating penalty... penalty is 1348>
<Selected Mask 4>
<Encoding and writing format string... done.>
<Encoding and writing version information... done.>
<Saving QR code to memory... done.>
<Writing QR code to aux file... done.>
<Printing matrix... done.>


Overfull \hbox (14.82458pt too wide) in paragraph at lines 289--298
[][] [] 
 []



[11]


<QR code requested for " 571741-GEOVANNA_MIQUELY_RODRIGUES_XAVIER " in version 
0-M.>

<Calculating QR code for " 571741-GEOVANNA_MIQUELY_RODRIGUES_XAVIER " in versio
n 3-M.>
<Splitting off block 1> <Making error block 1>
<Interleaving datablocks of length 44\ and 45:  1, 2, 3, 4, 5, 6, 7, 8, 9, 10,
11, 12, 13, 14, 15, 16, 17, 18, 19, 20, 21, 22, 23, 24, 25, 26, 27, 28, 29,
30, 31, 32, 33, 34, 35, 36, 37, 38, 39, 40, 41, 42, 43, 44, .>
<Interleaving errorblocks of length 26:  1, 2, 3, 4, 5, 6, 7, 8, 9, 10, 11,
12, 13, 14, 15, 16, 17, 18, 19, 20, 21, 22, 23, 24, 25, 26,
.><Interleaving complete.> <Writing data... done.>
<Applying Mask 0... done. Calculating penalty... penalty is 1210>
<Applying Mask 1... done. Calculating penalty... penalty is 1210>
<Applying Mask 2... done. Calculating penalty... penalty is 1326>
<Applying Mask 3... done. Calculating penalty... penalty is 1199>
<Applying Mask 4... done. Calculating penalty... penalty is 1132>
<Applying Mask 5... done. Calculating penalty... penalty is 1345>
<Applying Mask 6... done. Calculating penalty... penalty is 1300>
<Applying Mask 7... done. Calculating penalty... penalty is 1133>
<Selected Mask 4>
<Encoding and writing format string... done.>
<Encoding and writing version information... done.>
<Saving QR code to memory... done.>
<Writing QR code to aux file... done.>
<Printing matrix... done.>


Overfull \hbox (14.82458pt too wide) in paragraph at lines 317--326
[][] [] 
 []



[12]


<QR code requested for " 629294-ISABELA_ALVES_GUEDES " in version 0-M.>
<Error-correction level increased from M to Q at no cost.>
<Calculating QR code for " 629294-ISABELA_ALVES_GUEDES " in version 3-Q.>
<Splitting off block 1> <Splitting off block 2> <Making error block 1>
<Making error block 2> <Interleaving datablocks of length 17\ and 18:  1, 2,
3, 4, 5, 6, 7, 8, 9, 10, 11, 12, 13, 14, 15, 16, 17, .>
<Interleaving errorblocks of length 18:  1, 2, 3, 4, 5, 6, 7, 8, 9, 10, 11,
12, 13, 14, 15, 16, 17, 18, .><Interleaving complete.> <Writing data...
done.>
<Applying Mask 0... done. Calculating penalty... penalty is 1144>
<Applying Mask 1... done. Calculating penalty... penalty is 1073>
<Applying Mask 2... done. Calculating penalty... penalty is 1190>
<Applying Mask 3... done. Calculating penalty... penalty is 1210>
<Applying Mask 4... done. Calculating penalty... penalty is 1119>
<Applying Mask 5... done. Calculating penalty... penalty is 1210>
<Applying Mask 6... done. Calculating penalty... penalty is 1134>
<Applying Mask 7... done. Calculating penalty... penalty is 1217>
<Selected Mask 1>
<Encoding and writing format string... done.>
<Encoding and writing version information... done.>
<Saving QR code to memory... done.>
<Writing QR code to aux file... done.>
<Printing matrix... done.>


Overfull \hbox (14.82458pt too wide) in paragraph at lines 345--354
[][] [] 
 []



[13]


<QR code requested for " 709196-ISABELLY_KALENE_PONTE_SOBRINHO " in version 0-M
.>

<Calculating QR code for " 709196-ISABELLY_KALENE_PONTE_SOBRINHO " in version 3
-M.>
<Splitting off block 1> <Making error block 1>
<Interleaving datablocks of length 44\ and 45:  1, 2, 3, 4, 5, 6, 7, 8, 9, 10,
11, 12, 13, 14, 15, 16, 17, 18, 19, 20, 21, 22, 23, 24, 25, 26, 27, 28, 29,
30, 31, 32, 33, 34, 35, 36, 37, 38, 39, 40, 41, 42, 43, 44, .>
<Interleaving errorblocks of length 26:  1, 2, 3, 4, 5, 6, 7, 8, 9, 10, 11,
12, 13, 14, 15, 16, 17, 18, 19, 20, 21, 22, 23, 24, 25, 26,
.><Interleaving complete.> <Writing data... done.>
<Applying Mask 0... done. Calculating penalty... penalty is 1237>
<Applying Mask 1... done. Calculating penalty... penalty is 1162>
<Applying Mask 2... done. Calculating penalty... penalty is 1197>
<Applying Mask 3... done. Calculating penalty... penalty is 1217>
<Applying Mask 4... done. Calculating penalty... penalty is 1209>
<Applying Mask 5... done. Calculating penalty... penalty is 1250>
<Applying Mask 6... done. Calculating penalty... penalty is 1207>
<Applying Mask 7... done. Calculating penalty... penalty is 1251>
<Selected Mask 1>
<Encoding and writing format string... done.>
<Encoding and writing version information... done.>
<Saving QR code to memory... done.>
<Writing QR code to aux file... done.>
<Printing matrix... done.>


Overfull \hbox (14.82458pt too wide) in paragraph at lines 373--382
[][] [] 
 []



[14]


<QR code requested for " 662880-ISAQUE_CARDOSO_ALCANTARA " in version 0-M.>

<Calculating QR code for " 662880-ISAQUE_CARDOSO_ALCANTARA " in version 3-M.>
<Splitting off block 1> <Making error block 1>
<Interleaving datablocks of length 44\ and 45:  1, 2, 3, 4, 5, 6, 7, 8, 9, 10,
11, 12, 13, 14, 15, 16, 17, 18, 19, 20, 21, 22, 23, 24, 25, 26, 27, 28, 29,
30, 31, 32, 33, 34, 35, 36, 37, 38, 39, 40, 41, 42, 43, 44, .>
<Interleaving errorblocks of length 26:  1, 2, 3, 4, 5, 6, 7, 8, 9, 10, 11,
12, 13, 14, 15, 16, 17, 18, 19, 20, 21, 22, 23, 24, 25, 26,
.><Interleaving complete.> <Writing data... done.>
<Applying Mask 0... done. Calculating penalty... penalty is 1319>
<Applying Mask 1... done. Calculating penalty... penalty is 1227>
<Applying Mask 2... done. Calculating penalty... penalty is 1344>
<Applying Mask 3... done. Calculating penalty... penalty is 1201>
<Applying Mask 4... done. Calculating penalty... penalty is 1210>
<Applying Mask 5... done. Calculating penalty... penalty is 1253>
<Applying Mask 6... done. Calculating penalty... penalty is 1237>
<Applying Mask 7... done. Calculating penalty... penalty is 1294>
<Selected Mask 3>
<Encoding and writing format string... done.>
<Encoding and writing version information... done.>
<Saving QR code to memory... done.>
<Writing QR code to aux file... done.>
<Printing matrix... done.>


Overfull \hbox (14.82458pt too wide) in paragraph at lines 401--410
[][] [] 
 []



[15]


<QR code requested for " 949866-JOÃO_GABRIEL_DE_SALES_MARTINS " in version 0-M
.>

<Calculating QR code for " 949866-JOÃO_GABRIEL_DE_SALES_MARTINS " in version 3
-M.>
<Splitting off block 1> <Making error block 1>
<Interleaving datablocks of length 44\ and 45:  1, 2, 3, 4, 5, 6, 7, 8, 9, 10,
11, 12, 13, 14, 15, 16, 17, 18, 19, 20, 21, 22, 23, 24, 25, 26, 27, 28, 29,
30, 31, 32, 33, 34, 35, 36, 37, 38, 39, 40, 41, 42, 43, 44, .>
<Interleaving errorblocks of length 26:  1, 2, 3, 4, 5, 6, 7, 8, 9, 10, 11,
12, 13, 14, 15, 16, 17, 18, 19, 20, 21, 22, 23, 24, 25, 26,
.><Interleaving complete.> <Writing data... done.>
<Applying Mask 0... done. Calculating penalty... penalty is 1183>
<Applying Mask 1... done. Calculating penalty... penalty is 1155>
<Applying Mask 2... done. Calculating penalty... penalty is 1306>
<Applying Mask 3... done. Calculating penalty... penalty is 1186>
<Applying Mask 4... done. Calculating penalty... penalty is 1098>
<Applying Mask 5... done. Calculating penalty... penalty is 1339>
<Applying Mask 6... done. Calculating penalty... penalty is 1193>
<Applying Mask 7... done. Calculating penalty... penalty is 1219>
<Selected Mask 4>
<Encoding and writing format string... done.>
<Encoding and writing version information... done.>
<Saving QR code to memory... done.>
<Writing QR code to aux file... done.>
<Printing matrix... done.>


Overfull \hbox (14.82458pt too wide) in paragraph at lines 429--438
[][] [] 
 []



[16]


<QR code requested for " 594702-JOAO_GABRIEL_XAVIER_DOS_SANTOS " in version 0-M
.>

<Calculating QR code for " 594702-JOAO_GABRIEL_XAVIER_DOS_SANTOS " in version 3
-M.>
<Splitting off block 1> <Making error block 1>
<Interleaving datablocks of length 44\ and 45:  1, 2, 3, 4, 5, 6, 7, 8, 9, 10,
11, 12, 13, 14, 15, 16, 17, 18, 19, 20, 21, 22, 23, 24, 25, 26, 27, 28, 29,
30, 31, 32, 33, 34, 35, 36, 37, 38, 39, 40, 41, 42, 43, 44, .>
<Interleaving errorblocks of length 26:  1, 2, 3, 4, 5, 6, 7, 8, 9, 10, 11,
12, 13, 14, 15, 16, 17, 18, 19, 20, 21, 22, 23, 24, 25, 26,
.><Interleaving complete.> <Writing data... done.>
<Applying Mask 0... done. Calculating penalty... penalty is 1223>
<Applying Mask 1... done. Calculating penalty... penalty is 1088>
<Applying Mask 2... done. Calculating penalty... penalty is 1397>
<Applying Mask 3... done. Calculating penalty... penalty is 1150>
<Applying Mask 4... done. Calculating penalty... penalty is 1190>
<Applying Mask 5... done. Calculating penalty... penalty is 1315>
<Applying Mask 6... done. Calculating penalty... penalty is 1212>
<Applying Mask 7... done. Calculating penalty... penalty is 1377>
<Selected Mask 1>
<Encoding and writing format string... done.>
<Encoding and writing version information... done.>
<Saving QR code to memory... done.>
<Writing QR code to aux file... done.>
<Printing matrix... done.>


Overfull \hbox (14.82458pt too wide) in paragraph at lines 457--466
[][] [] 
 []



[17]


<QR code requested for " 658075-LARA_CRISTINA_DA_SILVA_RIOS " in version 0-M.>

<Calculating QR code for " 658075-LARA_CRISTINA_DA_SILVA_RIOS " in version 3-M.
>
<Splitting off block 1> <Making error block 1>
<Interleaving datablocks of length 44\ and 45:  1, 2, 3, 4, 5, 6, 7, 8, 9, 10,
11, 12, 13, 14, 15, 16, 17, 18, 19, 20, 21, 22, 23, 24, 25, 26, 27, 28, 29,
30, 31, 32, 33, 34, 35, 36, 37, 38, 39, 40, 41, 42, 43, 44, .>
<Interleaving errorblocks of length 26:  1, 2, 3, 4, 5, 6, 7, 8, 9, 10, 11,
12, 13, 14, 15, 16, 17, 18, 19, 20, 21, 22, 23, 24, 25, 26,
.><Interleaving complete.> <Writing data... done.>
<Applying Mask 0... done. Calculating penalty... penalty is 1284>
<Applying Mask 1... done. Calculating penalty... penalty is 1193>
<Applying Mask 2... done. Calculating penalty... penalty is 1334>
<Applying Mask 3... done. Calculating penalty... penalty is 1183>
<Applying Mask 4... done. Calculating penalty... penalty is 1206>
<Applying Mask 5... done. Calculating penalty... penalty is 1307>
<Applying Mask 6... done. Calculating penalty... penalty is 1202>
<Applying Mask 7... done. Calculating penalty... penalty is 1218>
<Selected Mask 3>
<Encoding and writing format string... done.>
<Encoding and writing version information... done.>
<Saving QR code to memory... done.>
<Writing QR code to aux file... done.>
<Printing matrix... done.>


Overfull \hbox (14.82458pt too wide) in paragraph at lines 485--494
[][] [] 
 []



[18]


<QR code requested for " 537519-LAURA_BEATRIZ_DA_SILVA_VAZ " in version 0-M.>

<Calculating QR code for " 537519-LAURA_BEATRIZ_DA_SILVA_VAZ " in version 3-M.>

<Splitting off block 1> <Making error block 1>
<Interleaving datablocks of length 44\ and 45:  1, 2, 3, 4, 5, 6, 7, 8, 9, 10,
11, 12, 13, 14, 15, 16, 17, 18, 19, 20, 21, 22, 23, 24, 25, 26, 27, 28, 29,
30, 31, 32, 33, 34, 35, 36, 37, 38, 39, 40, 41, 42, 43, 44, .>
<Interleaving errorblocks of length 26:  1, 2, 3, 4, 5, 6, 7, 8, 9, 10, 11,
12, 13, 14, 15, 16, 17, 18, 19, 20, 21, 22, 23, 24, 25, 26,
.><Interleaving complete.> <Writing data... done.>
<Applying Mask 0... done. Calculating penalty... penalty is 1242>
<Applying Mask 1... done. Calculating penalty... penalty is 1202>
<Applying Mask 2... done. Calculating penalty... penalty is 1376>
<Applying Mask 3... done. Calculating penalty... penalty is 1166>
<Applying Mask 4... done. Calculating penalty... penalty is 1193>
<Applying Mask 5... done. Calculating penalty... penalty is 1313>
<Applying Mask 6... done. Calculating penalty... penalty is 1314>
<Applying Mask 7... done. Calculating penalty... penalty is 1216>
<Selected Mask 3>
<Encoding and writing format string... done.>
<Encoding and writing version information... done.>
<Saving QR code to memory... done.>
<Writing QR code to aux file... done.>
<Printing matrix... done.>


Overfull \hbox (14.82458pt too wide) in paragraph at lines 513--522
[][] [] 
 []



[19]


<QR code requested for " 546081-LORENNA_SOPHYA_MATOS_DA_SILVA " in version 0-M.
>

<Calculating QR code for " 546081-LORENNA_SOPHYA_MATOS_DA_SILVA " in version 3-
M.>
<Splitting off block 1> <Making error block 1>
<Interleaving datablocks of length 44\ and 45:  1, 2, 3, 4, 5, 6, 7, 8, 9, 10,
11, 12, 13, 14, 15, 16, 17, 18, 19, 20, 21, 22, 23, 24, 25, 26, 27, 28, 29,
30, 31, 32, 33, 34, 35, 36, 37, 38, 39, 40, 41, 42, 43, 44, .>
<Interleaving errorblocks of length 26:  1, 2, 3, 4, 5, 6, 7, 8, 9, 10, 11,
12, 13, 14, 15, 16, 17, 18, 19, 20, 21, 22, 23, 24, 25, 26,
.><Interleaving complete.> <Writing data... done.>
<Applying Mask 0... done. Calculating penalty... penalty is 1345>
<Applying Mask 1... done. Calculating penalty... penalty is 1226>
<Applying Mask 2... done. Calculating penalty... penalty is 1320>
<Applying Mask 3... done. Calculating penalty... penalty is 1144>
<Applying Mask 4... done. Calculating penalty... penalty is 1198>
<Applying Mask 5... done. Calculating penalty... penalty is 1236>
<Applying Mask 6... done. Calculating penalty... penalty is 1231>
<Applying Mask 7... done. Calculating penalty... penalty is 1375>
<Selected Mask 3>
<Encoding and writing format string... done.>
<Encoding and writing version information... done.>
<Saving QR code to memory... done.>
<Writing QR code to aux file... done.>
<Printing matrix... done.>


Overfull \hbox (14.82458pt too wide) in paragraph at lines 541--550
[][] [] 
 []



[20]


<QR code requested for " 562959-LORRANY_VITÓRIA_PAES_LANDIM_SOUSA " in version
 0-M.>
<Error-correction level increased from M to Q at no cost.>

<Calculating QR code for " 562959-LORRANY_VITÓRIA_PAES_LANDIM_SOUSA " in versi
on 4-Q.>
<Splitting off block 1> <Splitting off block 2> <Making error block 1>
<Making error block 2> <Interleaving datablocks of length 24\ and 25:  1, 2,
3, 4, 5, 6, 7, 8, 9, 10, 11, 12, 13, 14, 15, 16, 17, 18, 19, 20, 21, 22, 23,
24, .> <Interleaving errorblocks of length 26:  1, 2, 3, 4, 5, 6, 7, 8, 9, 10,
11, 12, 13, 14, 15, 16, 17, 18, 19, 20, 21, 22, 23, 24, 25, 26,
.><Interleaving complete.> <Writing data... done.>
<Applying Mask 0... done. Calculating penalty... penalty is 1355>
<Applying Mask 1... done. Calculating penalty... penalty is 1304>
<Applying Mask 2... done. Calculating penalty... penalty is 1281>
<Applying Mask 3... done. Calculating penalty... penalty is 1221>
<Applying Mask 4... done. Calculating penalty... penalty is 1252>
<Applying Mask 5... done. Calculating penalty... penalty is 1226>
<Applying Mask 6... done. Calculating penalty... penalty is 1376>
<Applying Mask 7... done. Calculating penalty... penalty is 1350>
<Selected Mask 3>
<Encoding and writing format string... done.>
<Encoding and writing version information... done.>
<Saving QR code to memory... done.>
<Writing QR code to aux file... done.>
<Printing matrix... done.>


Overfull \hbox (14.82458pt too wide) in paragraph at lines 569--578
[][] [] 
 []



[21]


<QR code requested for " 701849-LUCAS_AGUIAR_RODRIGUES_SILVA " in version 0-M.>


<Calculating QR code for " 701849-LUCAS_AGUIAR_RODRIGUES_SILVA " in version 3-M
.>
<Splitting off block 1> <Making error block 1>
<Interleaving datablocks of length 44\ and 45:  1, 2, 3, 4, 5, 6, 7, 8, 9, 10,
11, 12, 13, 14, 15, 16, 17, 18, 19, 20, 21, 22, 23, 24, 25, 26, 27, 28, 29,
30, 31, 32, 33, 34, 35, 36, 37, 38, 39, 40, 41, 42, 43, 44, .>
<Interleaving errorblocks of length 26:  1, 2, 3, 4, 5, 6, 7, 8, 9, 10, 11,
12, 13, 14, 15, 16, 17, 18, 19, 20, 21, 22, 23, 24, 25, 26,
.><Interleaving complete.> <Writing data... done.>
<Applying Mask 0... done. Calculating penalty... penalty is 1252>
<Applying Mask 1... done. Calculating penalty... penalty is 1194>
<Applying Mask 2... done. Calculating penalty... penalty is 1339>
<Applying Mask 3... done. Calculating penalty... penalty is 1156>
<Applying Mask 4... done. Calculating penalty... penalty is 1170>
<Applying Mask 5... done. Calculating penalty... penalty is 1402>
<Applying Mask 6... done. Calculating penalty... penalty is 1268>
<Applying Mask 7... done. Calculating penalty... penalty is 1189>
<Selected Mask 3>
<Encoding and writing format string... done.>
<Encoding and writing version information... done.>
<Saving QR code to memory... done.>
<Writing QR code to aux file... done.>
<Printing matrix... done.>


Overfull \hbox (14.82458pt too wide) in paragraph at lines 597--606
[][] [] 
 []



[22]


<QR code requested for " 95947-LUIZ_FERNANDO_DA_CRUZ_CARDOSO " in version 0-M.>


<Calculating QR code for " 95947-LUIZ_FERNANDO_DA_CRUZ_CARDOSO " in version 3-M
.>
<Splitting off block 1> <Making error block 1>
<Interleaving datablocks of length 44\ and 45:  1, 2, 3, 4, 5, 6, 7, 8, 9, 10,
11, 12, 13, 14, 15, 16, 17, 18, 19, 20, 21, 22, 23, 24, 25, 26, 27, 28, 29,
30, 31, 32, 33, 34, 35, 36, 37, 38, 39, 40, 41, 42, 43, 44, .>
<Interleaving errorblocks of length 26:  1, 2, 3, 4, 5, 6, 7, 8, 9, 10, 11,
12, 13, 14, 15, 16, 17, 18, 19, 20, 21, 22, 23, 24, 25, 26,
.><Interleaving complete.> <Writing data... done.>
<Applying Mask 0... done. Calculating penalty... penalty is 1315>
<Applying Mask 1... done. Calculating penalty... penalty is 1281>
<Applying Mask 2... done. Calculating penalty... penalty is 1299>
<Applying Mask 3... done. Calculating penalty... penalty is 1196>
<Applying Mask 4... done. Calculating penalty... penalty is 1242>
<Applying Mask 5... done. Calculating penalty... penalty is 1240>
<Applying Mask 6... done. Calculating penalty... penalty is 1260>
<Applying Mask 7... done. Calculating penalty... penalty is 1222>
<Selected Mask 3>
<Encoding and writing format string... done.>
<Encoding and writing version information... done.>
<Saving QR code to memory... done.>
<Writing QR code to aux file... done.>
<Printing matrix... done.>


Overfull \hbox (14.82458pt too wide) in paragraph at lines 625--634
[][] [] 
 []



[23]


<QR code requested for " 528014-MARIA_EDUARDA_ALVES_COIMBRA " in version 0-M.>

<Calculating QR code for " 528014-MARIA_EDUARDA_ALVES_COIMBRA " in version 3-M.
>
<Splitting off block 1> <Making error block 1>
<Interleaving datablocks of length 44\ and 45:  1, 2, 3, 4, 5, 6, 7, 8, 9, 10,
11, 12, 13, 14, 15, 16, 17, 18, 19, 20, 21, 22, 23, 24, 25, 26, 27, 28, 29,
30, 31, 32, 33, 34, 35, 36, 37, 38, 39, 40, 41, 42, 43, 44, .>
<Interleaving errorblocks of length 26:  1, 2, 3, 4, 5, 6, 7, 8, 9, 10, 11,
12, 13, 14, 15, 16, 17, 18, 19, 20, 21, 22, 23, 24, 25, 26,
.><Interleaving complete.> <Writing data... done.>
<Applying Mask 0... done. Calculating penalty... penalty is 1408>
<Applying Mask 1... done. Calculating penalty... penalty is 1246>
<Applying Mask 2... done. Calculating penalty... penalty is 1271>
<Applying Mask 3... done. Calculating penalty... penalty is 1159>
<Applying Mask 4... done. Calculating penalty... penalty is 1150>
<Applying Mask 5... done. Calculating penalty... penalty is 1331>
<Applying Mask 6... done. Calculating penalty... penalty is 1253>
<Applying Mask 7... done. Calculating penalty... penalty is 1323>
<Selected Mask 4>
<Encoding and writing format string... done.>
<Encoding and writing version information... done.>
<Saving QR code to memory... done.>
<Writing QR code to aux file... done.>
<Printing matrix... done.>


Overfull \hbox (14.82458pt too wide) in paragraph at lines 653--662
[][] [] 
 []



[24]


<QR code requested for " 1142680-MARIA_PAULA_MENEZES_BRONDANI " in version 0-M.
>

<Calculating QR code for " 1142680-MARIA_PAULA_MENEZES_BRONDANI " in version 3-
M.>
<Splitting off block 1> <Making error block 1>
<Interleaving datablocks of length 44\ and 45:  1, 2, 3, 4, 5, 6, 7, 8, 9, 10,
11, 12, 13, 14, 15, 16, 17, 18, 19, 20, 21, 22, 23, 24, 25, 26, 27, 28, 29,
30, 31, 32, 33, 34, 35, 36, 37, 38, 39, 40, 41, 42, 43, 44, .>
<Interleaving errorblocks of length 26:  1, 2, 3, 4, 5, 6, 7, 8, 9, 10, 11,
12, 13, 14, 15, 16, 17, 18, 19, 20, 21, 22, 23, 24, 25, 26,
.><Interleaving complete.> <Writing data... done.>
<Applying Mask 0... done. Calculating penalty... penalty is 1274>
<Applying Mask 1... done. Calculating penalty... penalty is 1210>
<Applying Mask 2... done. Calculating penalty... penalty is 1271>
<Applying Mask 3... done. Calculating penalty... penalty is 1167>
<Applying Mask 4... done. Calculating penalty... penalty is 1267>
<Applying Mask 5... done. Calculating penalty... penalty is 1215>
<Applying Mask 6... done. Calculating penalty... penalty is 1215>
<Applying Mask 7... done. Calculating penalty... penalty is 1307>
<Selected Mask 3>
<Encoding and writing format string... done.>
<Encoding and writing version information... done.>
<Saving QR code to memory... done.>
<Writing QR code to aux file... done.>
<Printing matrix... done.>


Overfull \hbox (14.82458pt too wide) in paragraph at lines 681--690
[][] [] 
 []



[25]


<QR code requested for " 493047-MELISSA_RANYELE_SIQUEIRA_MATOS " in version 0-M
.>

<Calculating QR code for " 493047-MELISSA_RANYELE_SIQUEIRA_MATOS " in version 3
-M.>
<Splitting off block 1> <Making error block 1>
<Interleaving datablocks of length 44\ and 45:  1, 2, 3, 4, 5, 6, 7, 8, 9, 10,
11, 12, 13, 14, 15, 16, 17, 18, 19, 20, 21, 22, 23, 24, 25, 26, 27, 28, 29,
30, 31, 32, 33, 34, 35, 36, 37, 38, 39, 40, 41, 42, 43, 44, .>
<Interleaving errorblocks of length 26:  1, 2, 3, 4, 5, 6, 7, 8, 9, 10, 11,
12, 13, 14, 15, 16, 17, 18, 19, 20, 21, 22, 23, 24, 25, 26,
.><Interleaving complete.> <Writing data... done.>
<Applying Mask 0... done. Calculating penalty... penalty is 1196>
<Applying Mask 1... done. Calculating penalty... penalty is 1209>
<Applying Mask 2... done. Calculating penalty... penalty is 1265>
<Applying Mask 3... done. Calculating penalty... penalty is 1150>
<Applying Mask 4... done. Calculating penalty... penalty is 1230>
<Applying Mask 5... done. Calculating penalty... penalty is 1244>
<Applying Mask 6... done. Calculating penalty... penalty is 1232>
<Applying Mask 7... done. Calculating penalty... penalty is 1177>
<Selected Mask 3>
<Encoding and writing format string... done.>
<Encoding and writing version information... done.>
<Saving QR code to memory... done.>
<Writing QR code to aux file... done.>
<Printing matrix... done.>


Overfull \hbox (14.82458pt too wide) in paragraph at lines 709--718
[][] [] 
 []



[26]


<QR code requested for " 535130-PAULO_HENRIQUE_DE_LIMA_SOUZA " in version 0-M.>


<Calculating QR code for " 535130-PAULO_HENRIQUE_DE_LIMA_SOUZA " in version 3-M
.>
<Splitting off block 1> <Making error block 1>
<Interleaving datablocks of length 44\ and 45:  1, 2, 3, 4, 5, 6, 7, 8, 9, 10,
11, 12, 13, 14, 15, 16, 17, 18, 19, 20, 21, 22, 23, 24, 25, 26, 27, 28, 29,
30, 31, 32, 33, 34, 35, 36, 37, 38, 39, 40, 41, 42, 43, 44, .>
<Interleaving errorblocks of length 26:  1, 2, 3, 4, 5, 6, 7, 8, 9, 10, 11,
12, 13, 14, 15, 16, 17, 18, 19, 20, 21, 22, 23, 24, 25, 26,
.><Interleaving complete.> <Writing data... done.>
<Applying Mask 0... done. Calculating penalty... penalty is 1206>
<Applying Mask 1... done. Calculating penalty... penalty is 1246>
<Applying Mask 2... done. Calculating penalty... penalty is 1273>
<Applying Mask 3... done. Calculating penalty... penalty is 1164>
<Applying Mask 4... done. Calculating penalty... penalty is 1097>
<Applying Mask 5... done. Calculating penalty... penalty is 1265>
<Applying Mask 6... done. Calculating penalty... penalty is 1272>
<Applying Mask 7... done. Calculating penalty... penalty is 1144>
<Selected Mask 4>
<Encoding and writing format string... done.>
<Encoding and writing version information... done.>
<Saving QR code to memory... done.>
<Writing QR code to aux file... done.>
<Printing matrix... done.>


Overfull \hbox (14.82458pt too wide) in paragraph at lines 737--746
[][] [] 
 []



[27]


<QR code requested for " 493347-PEDRO_CARLOS_GOMES_DOS_SANTOS " in version 0-M.
>

<Calculating QR code for " 493347-PEDRO_CARLOS_GOMES_DOS_SANTOS " in version 3-
M.>
<Splitting off block 1> <Making error block 1>
<Interleaving datablocks of length 44\ and 45:  1, 2, 3, 4, 5, 6, 7, 8, 9, 10,
11, 12, 13, 14, 15, 16, 17, 18, 19, 20, 21, 22, 23, 24, 25, 26, 27, 28, 29,
30, 31, 32, 33, 34, 35, 36, 37, 38, 39, 40, 41, 42, 43, 44, .>
<Interleaving errorblocks of length 26:  1, 2, 3, 4, 5, 6, 7, 8, 9, 10, 11,
12, 13, 14, 15, 16, 17, 18, 19, 20, 21, 22, 23, 24, 25, 26,
.><Interleaving complete.> <Writing data... done.>
<Applying Mask 0... done. Calculating penalty... penalty is 1216>
<Applying Mask 1... done. Calculating penalty... penalty is 1168>
<Applying Mask 2... done. Calculating penalty... penalty is 1232>
<Applying Mask 3... done. Calculating penalty... penalty is 1182>
<Applying Mask 4... done. Calculating penalty... penalty is 1258>
<Applying Mask 5... done. Calculating penalty... penalty is 1317>
<Applying Mask 6... done. Calculating penalty... penalty is 1310>
<Applying Mask 7... done. Calculating penalty... penalty is 1183>
<Selected Mask 1>
<Encoding and writing format string... done.>
<Encoding and writing version information... done.>
<Saving QR code to memory... done.>
<Writing QR code to aux file... done.>
<Printing matrix... done.>


Overfull \hbox (14.82458pt too wide) in paragraph at lines 765--774
[][] [] 
 []



[28]


<QR code requested for " 529148-PIETRO_ALEXANDRE_LIMA_GONÇALVES " in version 0
-M.>

<Calculating QR code for " 529148-PIETRO_ALEXANDRE_LIMA_GONÇALVES " in version
 3-M.>
<Splitting off block 1> <Making error block 1>
<Interleaving datablocks of length 44\ and 45:  1, 2, 3, 4, 5, 6, 7, 8, 9, 10,
11, 12, 13, 14, 15, 16, 17, 18, 19, 20, 21, 22, 23, 24, 25, 26, 27, 28, 29,
30, 31, 32, 33, 34, 35, 36, 37, 38, 39, 40, 41, 42, 43, 44, .>
<Interleaving errorblocks of length 26:  1, 2, 3, 4, 5, 6, 7, 8, 9, 10, 11,
12, 13, 14, 15, 16, 17, 18, 19, 20, 21, 22, 23, 24, 25, 26,
.><Interleaving complete.> <Writing data... done.>
<Applying Mask 0... done. Calculating penalty... penalty is 1292>
<Applying Mask 1... done. Calculating penalty... penalty is 1283>
<Applying Mask 2... done. Calculating penalty... penalty is 1238>
<Applying Mask 3... done. Calculating penalty... penalty is 1192>
<Applying Mask 4... done. Calculating penalty... penalty is 1230>
<Applying Mask 5... done. Calculating penalty... penalty is 1278>
<Applying Mask 6... done. Calculating penalty... penalty is 1347>
<Applying Mask 7... done. Calculating penalty... penalty is 1195>
<Selected Mask 3>
<Encoding and writing format string... done.>
<Encoding and writing version information... done.>
<Saving QR code to memory... done.>
<Writing QR code to aux file... done.>
<Printing matrix... done.>


Overfull \hbox (14.82458pt too wide) in paragraph at lines 793--802
[][] [] 
 []



[29]


<QR code requested for " 512349-RHUAN_GABRIEL_DE_JESUS_DE_ALENCAR " in version 
0-M.>

<Calculating QR code for " 512349-RHUAN_GABRIEL_DE_JESUS_DE_ALENCAR " in versio
n 3-M.>
<Splitting off block 1> <Making error block 1>
<Interleaving datablocks of length 44\ and 45:  1, 2, 3, 4, 5, 6, 7, 8, 9, 10,
11, 12, 13, 14, 15, 16, 17, 18, 19, 20, 21, 22, 23, 24, 25, 26, 27, 28, 29,
30, 31, 32, 33, 34, 35, 36, 37, 38, 39, 40, 41, 42, 43, 44, .>
<Interleaving errorblocks of length 26:  1, 2, 3, 4, 5, 6, 7, 8, 9, 10, 11,
12, 13, 14, 15, 16, 17, 18, 19, 20, 21, 22, 23, 24, 25, 26,
.><Interleaving complete.> <Writing data... done.>
<Applying Mask 0... done. Calculating penalty... penalty is 1310>
<Applying Mask 1... done. Calculating penalty... penalty is 1155>
<Applying Mask 2... done. Calculating penalty... penalty is 1346>
<Applying Mask 3... done. Calculating penalty... penalty is 1118>
<Applying Mask 4... done. Calculating penalty... penalty is 1250>
<Applying Mask 5... done. Calculating penalty... penalty is 1374>
<Applying Mask 6... done. Calculating penalty... penalty is 1216>
<Applying Mask 7... done. Calculating penalty... penalty is 1200>
<Selected Mask 3>
<Encoding and writing format string... done.>
<Encoding and writing version information... done.>
<Saving QR code to memory... done.>
<Writing QR code to aux file... done.>
<Printing matrix... done.>


Overfull \hbox (14.82458pt too wide) in paragraph at lines 821--830
[][] [] 
 []



[30]


<QR code requested for " 618643-THAYLANE_KYARA_ROSA_ALMEIDA " in version 0-M.>

<Calculating QR code for " 618643-THAYLANE_KYARA_ROSA_ALMEIDA " in version 3-M.
>
<Splitting off block 1> <Making error block 1>
<Interleaving datablocks of length 44\ and 45:  1, 2, 3, 4, 5, 6, 7, 8, 9, 10,
11, 12, 13, 14, 15, 16, 17, 18, 19, 20, 21, 22, 23, 24, 25, 26, 27, 28, 29,
30, 31, 32, 33, 34, 35, 36, 37, 38, 39, 40, 41, 42, 43, 44, .>
<Interleaving errorblocks of length 26:  1, 2, 3, 4, 5, 6, 7, 8, 9, 10, 11,
12, 13, 14, 15, 16, 17, 18, 19, 20, 21, 22, 23, 24, 25, 26,
.><Interleaving complete.> <Writing data... done.>
<Applying Mask 0... done. Calculating penalty... penalty is 1357>
<Applying Mask 1... done. Calculating penalty... penalty is 1217>
<Applying Mask 2... done. Calculating penalty... penalty is 1317>
<Applying Mask 3... done. Calculating penalty... penalty is 1171>
<Applying Mask 4... done. Calculating penalty... penalty is 1195>
<Applying Mask 5... done. Calculating penalty... penalty is 1356>
<Applying Mask 6... done. Calculating penalty... penalty is 1250>
<Applying Mask 7... done. Calculating penalty... penalty is 1341>
<Selected Mask 3>
<Encoding and writing format string... done.>
<Encoding and writing version information... done.>
<Saving QR code to memory... done.>
<Writing QR code to aux file... done.>
<Printing matrix... done.>


Overfull \hbox (14.82458pt too wide) in paragraph at lines 849--858
[][] [] 
 []



[31]


<QR code requested for " 618645-VICTOR_MANOEL_PEREIRA_LUSTOSA " in version 0-M.
>

<Calculating QR code for " 618645-VICTOR_MANOEL_PEREIRA_LUSTOSA " in version 3-
M.>
<Splitting off block 1> <Making error block 1>
<Interleaving datablocks of length 44\ and 45:  1, 2, 3, 4, 5, 6, 7, 8, 9, 10,
11, 12, 13, 14, 15, 16, 17, 18, 19, 20, 21, 22, 23, 24, 25, 26, 27, 28, 29,
30, 31, 32, 33, 34, 35, 36, 37, 38, 39, 40, 41, 42, 43, 44, .>
<Interleaving errorblocks of length 26:  1, 2, 3, 4, 5, 6, 7, 8, 9, 10, 11,
12, 13, 14, 15, 16, 17, 18, 19, 20, 21, 22, 23, 24, 25, 26,
.><Interleaving complete.> <Writing data... done.>
<Applying Mask 0... done. Calculating penalty... penalty is 1340>
<Applying Mask 1... done. Calculating penalty... penalty is 1134>
<Applying Mask 2... done. Calculating penalty... penalty is 1319>
<Applying Mask 3... done. Calculating penalty... penalty is 1240>
<Applying Mask 4... done. Calculating penalty... penalty is 1215>
<Applying Mask 5... done. Calculating penalty... penalty is 1313>
<Applying Mask 6... done. Calculating penalty... penalty is 1225>
<Applying Mask 7... done. Calculating penalty... penalty is 1203>
<Selected Mask 1>
<Encoding and writing format string... done.>
<Encoding and writing version information... done.>
<Saving QR code to memory... done.>
<Writing QR code to aux file... done.>
<Printing matrix... done.>


Overfull \hbox (14.82458pt too wide) in paragraph at lines 877--886
[][] [] 
 []



[32] (C:\projetos\sistema_educacional\api\uploads\CEF04_PLAN\gabaritos\2F.aux
<Reading QR code for " 729539-ABIGAIL_MAGALHÃES_VIEIRA " at level 3-M from aux
 file.>

<Reading QR code for " 545450-ANDRÉ_LUIZ_RIBEIRO_SILVA " at level 3-M from aux
 file.>

<Reading QR code for " 614539-BEATRIZ_CRISTINA_PACHECO_BATISTA " at level 3-M f
rom aux file.>

<Reading QR code for " 548305-CAUAN_FELIPE_FERREIRA_SALES " at level 3-M from a
ux file.>

<Reading QR code for " 532115-CECÍLIA_CAETANO_SILVA " at level 3-Q from aux fi
le.>

<Reading QR code for " 614034-CECÍLIA_VIEIRA_SOARES " at level 3-Q from aux fi
le.>

<Reading QR code for " 528500-DAVI_FRANÇA_COIMBRA " at level 3-Q from aux file
.>

<Reading QR code for " 553941-EDUARDA_DOS_SANTOS_PEREIRA " at level 3-M from au
x file.>

<Reading QR code for " 1166687-EMANUELLY_DE_SOUSA_COSTA " at level 3-M from aux
 file.>

<Reading QR code for " 618683-ERICK_BATISTA_DA_SILVA " at level 3-Q from aux fi
le.>

<Reading QR code for " 775613-GABRIEL_HENRIQUE_OLIVEIRA_DE_PAIVA " at level 4-Q
 from aux file.>

<Reading QR code for " 571741-GEOVANNA_MIQUELY_RODRIGUES_XAVIER " at level 3-M 
from aux file.>

<Reading QR code for " 629294-ISABELA_ALVES_GUEDES " at level 3-Q from aux file
.>

<Reading QR code for " 709196-ISABELLY_KALENE_PONTE_SOBRINHO " at level 3-M fro
m aux file.>

<Reading QR code for " 662880-ISAQUE_CARDOSO_ALCANTARA " at level 3-M from aux 
file.>

<Reading QR code for " 949866-JOÃO_GABRIEL_DE_SALES_MARTINS " at level 3-M fro
m aux file.>

<Reading QR code for " 594702-JOAO_GABRIEL_XAVIER_DOS_SANTOS " at level 3-M fro
m aux file.>

<Reading QR code for " 658075-LARA_CRISTINA_DA_SILVA_RIOS " at level 3-M from a
ux file.>

<Reading QR code for " 537519-LAURA_BEATRIZ_DA_SILVA_VAZ " at level 3-M from au
x file.>

<Reading QR code for " 546081-LORENNA_SOPHYA_MATOS_DA_SILVA " at level 3-M from
 aux file.>

<Reading QR code for " 562959-LORRANY_VITÓRIA_PAES_LANDIM_SOUSA " at level 4-Q
 from aux file.>

<Reading QR code for " 701849-LUCAS_AGUIAR_RODRIGUES_SILVA " at level 3-M from 
aux file.>

<Reading QR code for " 95947-LUIZ_FERNANDO_DA_CRUZ_CARDOSO " at level 3-M from 
aux file.>

<Reading QR code for " 528014-MARIA_EDUARDA_ALVES_COIMBRA " at level 3-M from a
ux file.>

<Reading QR code for " 1142680-MARIA_PAULA_MENEZES_BRONDANI " at level 3-M from
 aux file.>

<Reading QR code for " 493047-MELISSA_RANYELE_SIQUEIRA_MATOS " at level 3-M fro
m aux file.>

<Reading QR code for " 535130-PAULO_HENRIQUE_DE_LIMA_SOUZA " at level 3-M from 
aux file.>

<Reading QR code for " 493347-PEDRO_CARLOS_GOMES_DOS_SANTOS " at level 3-M from
 aux file.>

<Reading QR code for " 529148-PIETRO_ALEXANDRE_LIMA_GONÇALVES " at level 3-M f
rom aux file.>

<Reading QR code for " 512349-RHUAN_GABRIEL_DE_JESUS_DE_ALENCAR " at level 3-M 
from aux file.>

<Reading QR code for " 618643-THAYLANE_KYARA_ROSA_ALMEIDA " at level 3-M from a
ux file.>

<Reading QR code for " 618645-VICTOR_MANOEL_PEREIRA_LUSTOSA " at level 3-M from
 aux file.>
)
 ***********
LaTeX2e <2024-11-01> patch level 2
L3 programming layer <2025-01-18>
 ***********
 ) 
Here is how much of TeX's memory you used:
 17542 strings out of 473530
 342230 string characters out of 5714794
 823999 words of memory out of 5000000
 40563 multiletter control sequences out of 15000+600000
 562217 words of font info for 47 fonts, out of 8000000 for 9000
 1141 hyphenation exceptions out of 8191
 102i,6n,327p,1314b,3363s stack positions out of 10000i,1000n,20000p,200000b,200000s
 <C:\Users\santo\AppData\Local\MiKTeX\fonts/pk/ljfour/jknappen/ec/dpi600\tcrm
1200.pk><C:/Users/santo/AppData/Local/Programs/MiKTeX/fonts/type1/public/amsfon
ts/cm/cmbx12.pfb><C:/Users/santo/AppData/Local/Programs/MiKTeX/fonts/type1/publ
ic/amsfonts/cm/cmr12.pfb>
Output written on C:\projetos\sistema_educacional\api\uploads\CEF04_PLAN\gabari
tos\2F.pdf (32 pages, 179989 bytes).
PDF statistics:
 123 PDF objects out of 1000 (max. 8388607)
 0 named destinations out of 1000 (max. 500000)
 13 words of extra memory for PDF output out of 10000 (max. 10000000)

