This is pdfTeX, Version 3.141592653-2.6-1.40.26 (MiKTeX 24.4) (preloaded format=pdflatex 2025.7.20)  20 JUL 2025 23:19
entering extended mode
 restricted \write18 enabled.
 %&-line parsing enabled.
**C:/projetos/sistema_educacional/api/uploads/CEF04_PLAN/gabaritos/2H.tex
(C:/projetos/sistema_educacional/api/uploads/CEF04_PLAN/gabaritos/2H.tex
LaTeX2e <2024-11-01> patch level 2
L3 programming layer <2025-01-18>
(C:\Users\santo\AppData\Local\Programs\MiKTeX\tex/latex/base\article.cls
Document Class: article 2024/06/29 v1.4n Standard LaTeX document class
(C:\Users\santo\AppData\Local\Programs\MiKTeX\tex/latex/base\size12.clo
File: size12.clo 2024/06/29 v1.4n Standard LaTeX file (size option)
)
\c@part=\count196
\c@section=\count197
\c@subsection=\count198
\c@subsubsection=\count199
\c@paragraph=\count266
\c@subparagraph=\count267
\c@figure=\count268
\c@table=\count269
\abovecaptionskip=\skip49
\belowcaptionskip=\skip50
\bibindent=\dimen141
)
(C:\Users\santo\AppData\Local\Programs\MiKTeX\tex/latex/geometry\geometry.sty
Package: geometry 2020/01/02 v5.9 Page Geometry

(C:\Users\santo\AppData\Local\Programs\MiKTeX\tex/latex/graphics\keyval.sty
Package: keyval 2022/05/29 v1.15 key=value parser (DPC)
\KV@toks@=\toks17
)
(C:\Users\santo\AppData\Local\Programs\MiKTeX\tex/generic/iftex\ifvtex.sty
Package: ifvtex 2019/10/25 v1.7 ifvtex legacy package. Use iftex instead.

(C:\Users\santo\AppData\Local\Programs\MiKTeX\tex/generic/iftex\iftex.sty
Package: iftex 2024/12/12 v1.0g TeX engine tests
))
\Gm@cnth=\count270
\Gm@cntv=\count271
\c@Gm@tempcnt=\count272
\Gm@bindingoffset=\dimen142
\Gm@wd@mp=\dimen143
\Gm@odd@mp=\dimen144
\Gm@even@mp=\dimen145
\Gm@layoutwidth=\dimen146
\Gm@layoutheight=\dimen147
\Gm@layouthoffset=\dimen148
\Gm@layoutvoffset=\dimen149
\Gm@dimlist=\toks18

(C:\Users\santo\AppData\Local\Programs\MiKTeX\tex/latex/geometry\geometry.cfg))

(C:\Users\santo\AppData\Local\Programs\MiKTeX\tex/latex/pgf/frontendlayer\tikz.
sty
(C:\Users\santo\AppData\Local\Programs\MiKTeX\tex/latex/pgf/basiclayer\pgf.sty
(C:\Users\santo\AppData\Local\Programs\MiKTeX\tex/latex/pgf/utilities\pgfrcs.st
y
(C:\Users\santo\AppData\Local\Programs\MiKTeX\tex/generic/pgf/utilities\pgfutil
-common.tex
\pgfutil@everybye=\toks19
\pgfutil@tempdima=\dimen150
\pgfutil@tempdimb=\dimen151
)
(C:\Users\santo\AppData\Local\Programs\MiKTeX\tex/generic/pgf/utilities\pgfutil
-latex.def
\pgfutil@abb=\box52
)
(C:\Users\santo\AppData\Local\Programs\MiKTeX\tex/generic/pgf/utilities\pgfrcs.
code.tex
(C:\Users\santo\AppData\Local\Programs\MiKTeX\tex/generic/pgf\pgf.revision.tex)
Package: pgfrcs 2023-01-15 v3.1.10 (3.1.10)
))
Package: pgf 2023-01-15 v3.1.10 (3.1.10)

(C:\Users\santo\AppData\Local\Programs\MiKTeX\tex/latex/pgf/basiclayer\pgfcore.
sty
(C:\Users\santo\AppData\Local\Programs\MiKTeX\tex/latex/graphics\graphicx.sty
Package: graphicx 2021/09/16 v1.2d Enhanced LaTeX Graphics (DPC,SPQR)

(C:\Users\santo\AppData\Local\Programs\MiKTeX\tex/latex/graphics\graphics.sty
Package: graphics 2024/08/06 v1.4g Standard LaTeX Graphics (DPC,SPQR)

(C:\Users\santo\AppData\Local\Programs\MiKTeX\tex/latex/graphics\trig.sty
Package: trig 2023/12/02 v1.11 sin cos tan (DPC)
)
(C:\Users\santo\AppData\Local\Programs\MiKTeX\tex/latex/graphics-cfg\graphics.c
fg
File: graphics.cfg 2016/06/04 v1.11 sample graphics configuration
)
Package graphics Info: Driver file: pdftex.def on input line 106.

(C:\Users\santo\AppData\Local\Programs\MiKTeX\tex/latex/graphics-def\pdftex.def
File: pdftex.def 2024/04/13 v1.2c Graphics/color driver for pdftex
))
\Gin@req@height=\dimen152
\Gin@req@width=\dimen153
)
(C:\Users\santo\AppData\Local\Programs\MiKTeX\tex/latex/pgf/systemlayer\pgfsys.
sty
(C:\Users\santo\AppData\Local\Programs\MiKTeX\tex/generic/pgf/systemlayer\pgfsy
s.code.tex
Package: pgfsys 2023-01-15 v3.1.10 (3.1.10)

(C:\Users\santo\AppData\Local\Programs\MiKTeX\tex/generic/pgf/utilities\pgfkeys
.code.tex
\pgfkeys@pathtoks=\toks20
\pgfkeys@temptoks=\toks21

(C:\Users\santo\AppData\Local\Programs\MiKTeX\tex/generic/pgf/utilities\pgfkeys
libraryfiltered.code.tex
\pgfkeys@tmptoks=\toks22
))
\pgf@x=\dimen154
\pgf@y=\dimen155
\pgf@xa=\dimen156
\pgf@ya=\dimen157
\pgf@xb=\dimen158
\pgf@yb=\dimen159
\pgf@xc=\dimen160
\pgf@yc=\dimen161
\pgf@xd=\dimen162
\pgf@yd=\dimen163
\w@pgf@writea=\write3
\r@pgf@reada=\read2
\c@pgf@counta=\count273
\c@pgf@countb=\count274
\c@pgf@countc=\count275
\c@pgf@countd=\count276
\t@pgf@toka=\toks23
\t@pgf@tokb=\toks24
\t@pgf@tokc=\toks25
\pgf@sys@id@count=\count277

(C:\Users\santo\AppData\Local\Programs\MiKTeX\tex/generic/pgf/systemlayer\pgf.c
fg
File: pgf.cfg 2023-01-15 v3.1.10 (3.1.10)
)
Driver file for pgf: pgfsys-pdftex.def

(C:\Users\santo\AppData\Local\Programs\MiKTeX\tex/generic/pgf/systemlayer\pgfsy
s-pdftex.def
File: pgfsys-pdftex.def 2023-01-15 v3.1.10 (3.1.10)

(C:\Users\santo\AppData\Local\Programs\MiKTeX\tex/generic/pgf/systemlayer\pgfsy
s-common-pdf.def
File: pgfsys-common-pdf.def 2023-01-15 v3.1.10 (3.1.10)
)))
(C:\Users\santo\AppData\Local\Programs\MiKTeX\tex/generic/pgf/systemlayer\pgfsy
ssoftpath.code.tex
File: pgfsyssoftpath.code.tex 2023-01-15 v3.1.10 (3.1.10)
\pgfsyssoftpath@smallbuffer@items=\count278
\pgfsyssoftpath@bigbuffer@items=\count279
)
(C:\Users\santo\AppData\Local\Programs\MiKTeX\tex/generic/pgf/systemlayer\pgfsy
sprotocol.code.tex
File: pgfsysprotocol.code.tex 2023-01-15 v3.1.10 (3.1.10)
))
(C:\Users\santo\AppData\Local\Programs\MiKTeX\tex/latex/xcolor\xcolor.sty
Package: xcolor 2024/09/29 v3.02 LaTeX color extensions (UK)

(C:\Users\santo\AppData\Local\Programs\MiKTeX\tex/latex/graphics-cfg\color.cfg
File: color.cfg 2016/01/02 v1.6 sample color configuration
)
Package xcolor Info: Driver file: pdftex.def on input line 274.
(C:\Users\santo\AppData\Local\Programs\MiKTeX\tex/latex/graphics\mathcolor.ltx)
Package xcolor Info: Model `cmy' substituted by `cmy0' on input line 1349.
Package xcolor Info: Model `hsb' substituted by `rgb' on input line 1353.
Package xcolor Info: Model `RGB' extended on input line 1365.
Package xcolor Info: Model `HTML' substituted by `rgb' on input line 1367.
Package xcolor Info: Model `Hsb' substituted by `hsb' on input line 1368.
Package xcolor Info: Model `tHsb' substituted by `hsb' on input line 1369.
Package xcolor Info: Model `HSB' substituted by `hsb' on input line 1370.
Package xcolor Info: Model `Gray' substituted by `gray' on input line 1371.
Package xcolor Info: Model `wave' substituted by `hsb' on input line 1372.
)
(C:\Users\santo\AppData\Local\Programs\MiKTeX\tex/generic/pgf/basiclayer\pgfcor
e.code.tex
Package: pgfcore 2023-01-15 v3.1.10 (3.1.10)

(C:\Users\santo\AppData\Local\Programs\MiKTeX\tex/generic/pgf/math\pgfmath.code
.tex
(C:\Users\santo\AppData\Local\Programs\MiKTeX\tex/generic/pgf/math\pgfmathutil.
code.tex)
(C:\Users\santo\AppData\Local\Programs\MiKTeX\tex/generic/pgf/math\pgfmathparse
r.code.tex
\pgfmath@dimen=\dimen164
\pgfmath@count=\count280
\pgfmath@box=\box53
\pgfmath@toks=\toks26
\pgfmath@stack@operand=\toks27
\pgfmath@stack@operation=\toks28
)
(C:\Users\santo\AppData\Local\Programs\MiKTeX\tex/generic/pgf/math\pgfmathfunct
ions.code.tex)
(C:\Users\santo\AppData\Local\Programs\MiKTeX\tex/generic/pgf/math\pgfmathfunct
ions.basic.code.tex)
(C:\Users\santo\AppData\Local\Programs\MiKTeX\tex/generic/pgf/math\pgfmathfunct
ions.trigonometric.code.tex)
(C:\Users\santo\AppData\Local\Programs\MiKTeX\tex/generic/pgf/math\pgfmathfunct
ions.random.code.tex)
(C:\Users\santo\AppData\Local\Programs\MiKTeX\tex/generic/pgf/math\pgfmathfunct
ions.comparison.code.tex)
(C:\Users\santo\AppData\Local\Programs\MiKTeX\tex/generic/pgf/math\pgfmathfunct
ions.base.code.tex)
(C:\Users\santo\AppData\Local\Programs\MiKTeX\tex/generic/pgf/math\pgfmathfunct
ions.round.code.tex)
(C:\Users\santo\AppData\Local\Programs\MiKTeX\tex/generic/pgf/math\pgfmathfunct
ions.misc.code.tex)
(C:\Users\santo\AppData\Local\Programs\MiKTeX\tex/generic/pgf/math\pgfmathfunct
ions.integerarithmetics.code.tex)
(C:\Users\santo\AppData\Local\Programs\MiKTeX\tex/generic/pgf/math\pgfmathcalc.
code.tex)
(C:\Users\santo\AppData\Local\Programs\MiKTeX\tex/generic/pgf/math\pgfmathfloat
.code.tex
\c@pgfmathroundto@lastzeros=\count281
))
(C:\Users\santo\AppData\Local\Programs\MiKTeX\tex/generic/pgf/math\pgfint.code.
tex)
(C:\Users\santo\AppData\Local\Programs\MiKTeX\tex/generic/pgf/basiclayer\pgfcor
epoints.code.tex
File: pgfcorepoints.code.tex 2023-01-15 v3.1.10 (3.1.10)
\pgf@picminx=\dimen165
\pgf@picmaxx=\dimen166
\pgf@picminy=\dimen167
\pgf@picmaxy=\dimen168
\pgf@pathminx=\dimen169
\pgf@pathmaxx=\dimen170
\pgf@pathminy=\dimen171
\pgf@pathmaxy=\dimen172
\pgf@xx=\dimen173
\pgf@xy=\dimen174
\pgf@yx=\dimen175
\pgf@yy=\dimen176
\pgf@zx=\dimen177
\pgf@zy=\dimen178
)
(C:\Users\santo\AppData\Local\Programs\MiKTeX\tex/generic/pgf/basiclayer\pgfcor
epathconstruct.code.tex
File: pgfcorepathconstruct.code.tex 2023-01-15 v3.1.10 (3.1.10)
\pgf@path@lastx=\dimen179
\pgf@path@lasty=\dimen180
)
(C:\Users\santo\AppData\Local\Programs\MiKTeX\tex/generic/pgf/basiclayer\pgfcor
epathusage.code.tex
File: pgfcorepathusage.code.tex 2023-01-15 v3.1.10 (3.1.10)
\pgf@shorten@end@additional=\dimen181
\pgf@shorten@start@additional=\dimen182
)
(C:\Users\santo\AppData\Local\Programs\MiKTeX\tex/generic/pgf/basiclayer\pgfcor
escopes.code.tex
File: pgfcorescopes.code.tex 2023-01-15 v3.1.10 (3.1.10)
\pgfpic=\box54
\pgf@hbox=\box55
\pgf@layerbox@main=\box56
\pgf@picture@serial@count=\count282
)
(C:\Users\santo\AppData\Local\Programs\MiKTeX\tex/generic/pgf/basiclayer\pgfcor
egraphicstate.code.tex
File: pgfcoregraphicstate.code.tex 2023-01-15 v3.1.10 (3.1.10)
\pgflinewidth=\dimen183
)
(C:\Users\santo\AppData\Local\Programs\MiKTeX\tex/generic/pgf/basiclayer\pgfcor
etransformations.code.tex
File: pgfcoretransformations.code.tex 2023-01-15 v3.1.10 (3.1.10)
\pgf@pt@x=\dimen184
\pgf@pt@y=\dimen185
\pgf@pt@temp=\dimen186
)
(C:\Users\santo\AppData\Local\Programs\MiKTeX\tex/generic/pgf/basiclayer\pgfcor
equick.code.tex
File: pgfcorequick.code.tex 2023-01-15 v3.1.10 (3.1.10)
)
(C:\Users\santo\AppData\Local\Programs\MiKTeX\tex/generic/pgf/basiclayer\pgfcor
eobjects.code.tex
File: pgfcoreobjects.code.tex 2023-01-15 v3.1.10 (3.1.10)
)
(C:\Users\santo\AppData\Local\Programs\MiKTeX\tex/generic/pgf/basiclayer\pgfcor
epathprocessing.code.tex
File: pgfcorepathprocessing.code.tex 2023-01-15 v3.1.10 (3.1.10)
)
(C:\Users\santo\AppData\Local\Programs\MiKTeX\tex/generic/pgf/basiclayer\pgfcor
earrows.code.tex
File: pgfcorearrows.code.tex 2023-01-15 v3.1.10 (3.1.10)
\pgfarrowsep=\dimen187
)
(C:\Users\santo\AppData\Local\Programs\MiKTeX\tex/generic/pgf/basiclayer\pgfcor
eshade.code.tex
File: pgfcoreshade.code.tex 2023-01-15 v3.1.10 (3.1.10)
\pgf@max=\dimen188
\pgf@sys@shading@range@num=\count283
\pgf@shadingcount=\count284
)
(C:\Users\santo\AppData\Local\Programs\MiKTeX\tex/generic/pgf/basiclayer\pgfcor
eimage.code.tex
File: pgfcoreimage.code.tex 2023-01-15 v3.1.10 (3.1.10)
)
(C:\Users\santo\AppData\Local\Programs\MiKTeX\tex/generic/pgf/basiclayer\pgfcor
eexternal.code.tex
File: pgfcoreexternal.code.tex 2023-01-15 v3.1.10 (3.1.10)
\pgfexternal@startupbox=\box57
)
(C:\Users\santo\AppData\Local\Programs\MiKTeX\tex/generic/pgf/basiclayer\pgfcor
elayers.code.tex
File: pgfcorelayers.code.tex 2023-01-15 v3.1.10 (3.1.10)
)
(C:\Users\santo\AppData\Local\Programs\MiKTeX\tex/generic/pgf/basiclayer\pgfcor
etransparency.code.tex
File: pgfcoretransparency.code.tex 2023-01-15 v3.1.10 (3.1.10)
)
(C:\Users\santo\AppData\Local\Programs\MiKTeX\tex/generic/pgf/basiclayer\pgfcor
epatterns.code.tex
File: pgfcorepatterns.code.tex 2023-01-15 v3.1.10 (3.1.10)
)
(C:\Users\santo\AppData\Local\Programs\MiKTeX\tex/generic/pgf/basiclayer\pgfcor
erdf.code.tex
File: pgfcorerdf.code.tex 2023-01-15 v3.1.10 (3.1.10)
)))
(C:\Users\santo\AppData\Local\Programs\MiKTeX\tex/generic/pgf/modules\pgfmodule
shapes.code.tex
File: pgfmoduleshapes.code.tex 2023-01-15 v3.1.10 (3.1.10)
\pgfnodeparttextbox=\box58
)
(C:\Users\santo\AppData\Local\Programs\MiKTeX\tex/generic/pgf/modules\pgfmodule
plot.code.tex
File: pgfmoduleplot.code.tex 2023-01-15 v3.1.10 (3.1.10)
)
(C:\Users\santo\AppData\Local\Programs\MiKTeX\tex/latex/pgf/compatibility\pgfco
mp-version-0-65.sty
Package: pgfcomp-version-0-65 2023-01-15 v3.1.10 (3.1.10)
\pgf@nodesepstart=\dimen189
\pgf@nodesepend=\dimen190
)
(C:\Users\santo\AppData\Local\Programs\MiKTeX\tex/latex/pgf/compatibility\pgfco
mp-version-1-18.sty
Package: pgfcomp-version-1-18 2023-01-15 v3.1.10 (3.1.10)
))
(C:\Users\santo\AppData\Local\Programs\MiKTeX\tex/latex/pgf/utilities\pgffor.st
y
(C:\Users\santo\AppData\Local\Programs\MiKTeX\tex/latex/pgf/utilities\pgfkeys.s
ty
(C:\Users\santo\AppData\Local\Programs\MiKTeX\tex/generic/pgf/utilities\pgfkeys
.code.tex))
(C:\Users\santo\AppData\Local\Programs\MiKTeX\tex/latex/pgf/math\pgfmath.sty
(C:\Users\santo\AppData\Local\Programs\MiKTeX\tex/generic/pgf/math\pgfmath.code
.tex))
(C:\Users\santo\AppData\Local\Programs\MiKTeX\tex/generic/pgf/utilities\pgffor.
code.tex
Package: pgffor 2023-01-15 v3.1.10 (3.1.10)
\pgffor@iter=\dimen191
\pgffor@skip=\dimen192
\pgffor@stack=\toks29
\pgffor@toks=\toks30
))
(C:\Users\santo\AppData\Local\Programs\MiKTeX\tex/generic/pgf/frontendlayer/tik
z\tikz.code.tex
Package: tikz 2023-01-15 v3.1.10 (3.1.10)

(C:\Users\santo\AppData\Local\Programs\MiKTeX\tex/generic/pgf/libraries\pgflibr
aryplothandlers.code.tex
File: pgflibraryplothandlers.code.tex 2023-01-15 v3.1.10 (3.1.10)
\pgf@plot@mark@count=\count285
\pgfplotmarksize=\dimen193
)
\tikz@lastx=\dimen194
\tikz@lasty=\dimen195
\tikz@lastxsaved=\dimen196
\tikz@lastysaved=\dimen197
\tikz@lastmovetox=\dimen198
\tikz@lastmovetoy=\dimen199
\tikzleveldistance=\dimen256
\tikzsiblingdistance=\dimen257
\tikz@figbox=\box59
\tikz@figbox@bg=\box60
\tikz@tempbox=\box61
\tikz@tempbox@bg=\box62
\tikztreelevel=\count286
\tikznumberofchildren=\count287
\tikznumberofcurrentchild=\count288
\tikz@fig@count=\count289

(C:\Users\santo\AppData\Local\Programs\MiKTeX\tex/generic/pgf/modules\pgfmodule
matrix.code.tex
File: pgfmodulematrix.code.tex 2023-01-15 v3.1.10 (3.1.10)
\pgfmatrixcurrentrow=\count290
\pgfmatrixcurrentcolumn=\count291
\pgf@matrix@numberofcolumns=\count292
)
\tikz@expandcount=\count293

(C:\Users\santo\AppData\Local\Programs\MiKTeX\tex/generic/pgf/frontendlayer/tik
z/libraries\tikzlibrarytopaths.code.tex
File: tikzlibrarytopaths.code.tex 2023-01-15 v3.1.10 (3.1.10)
)))
(C:\Users\santo\AppData\Local\Programs\MiKTeX\tex/latex/qrcode\qrcode.sty
Package: qrcode 2015/01/08 v1.51 QR code generation

(C:\Users\santo\AppData\Local\Programs\MiKTeX\tex/latex/xkeyval\xkeyval.sty
Package: xkeyval 2022/06/16 v2.9 package option processing (HA)

(C:\Users\santo\AppData\Local\Programs\MiKTeX\tex/generic/xkeyval\xkeyval.tex
(C:\Users\santo\AppData\Local\Programs\MiKTeX\tex/generic/xkeyval\xkvutils.tex
\XKV@toks=\toks31
\XKV@tempa@toks=\toks32
)
\XKV@depth=\count294
File: xkeyval.tex 2014/12/03 v2.7a key=value parser (HA)
))
\c@qr@i=\count295
\c@qr@j=\count296
\qr@a=\count297
\qr@b=\count298
\qr@c=\count299
\qr@for@depth=\count300
\qr@for@maxdepth=\count301
\qr@for@start=\count302
\qr@for@end=\count303
\qr@for@step=\count304
\qr@newforcount=\count305
\qr@newforcount=\count306
\qr@desiredheight=\skip51
\qr@modulesize=\skip52
\qr@minipagewidth=\skip53
\c@maski=\count307
\c@maskj=\count308
\c@totalones=\count309
\c@penaltyi=\count310
\c@penaltyii=\count311
\c@penaltyiii=\count312
\c@penaltyiv=\count313
\c@qr@hexchars=\count314
\qr@newforcount=\count315
\c@qr@divisionsremaining=\count316
) (C:\Users\santo\AppData\Local\Programs\MiKTeX\tex/latex/tools\multicol.sty
Package: multicol 2024/09/14 v1.9i multicolumn formatting (FMi)
\c@tracingmulticols=\count317
\mult@box=\box63
\multicol@leftmargin=\dimen258
\c@unbalance=\count318
\c@collectmore=\count319
\doublecol@number=\count320
\multicoltolerance=\count321
\multicolpretolerance=\count322
\full@width=\dimen259
\page@free=\dimen260
\premulticols=\dimen261
\postmulticols=\dimen262
\multicolsep=\skip54
\multicolbaselineskip=\skip55
\partial@page=\box64
\last@line=\box65
\mc@boxedresult=\box66
\maxbalancingoverflow=\dimen263
\mult@rightbox=\box67
\mult@grightbox=\box68
\mult@firstbox=\box69
\mult@gfirstbox=\box70
\@tempa=\box71
\@tempa=\box72
\@tempa=\box73
\@tempa=\box74
\@tempa=\box75
\@tempa=\box76
\@tempa=\box77
\@tempa=\box78
\@tempa=\box79
\@tempa=\box80
\@tempa=\box81
\@tempa=\box82
\@tempa=\box83
\@tempa=\box84
\@tempa=\box85
\@tempa=\box86
\@tempa=\box87
\@tempa=\box88
\@tempa=\box89
\@tempa=\box90
\@tempa=\box91
\@tempa=\box92
\@tempa=\box93
\@tempa=\box94
\@tempa=\box95
\@tempa=\box96
\@tempa=\box97
\@tempa=\box98
\@tempa=\box99
\@tempa=\box100
\@tempa=\box101
\@tempa=\box102
\@tempa=\box103
\@tempa=\box104
\@tempa=\box105
\@tempa=\box106
\c@minrows=\count323
\c@columnbadness=\count324
\c@finalcolumnbadness=\count325
\last@try=\dimen264
\multicolovershoot=\dimen265
\multicolundershoot=\dimen266
\mult@nat@firstbox=\box107
\colbreak@box=\box108
\mc@col@check@num=\count326
) (C:\Users\santo\AppData\Local\Programs\MiKTeX\tex/latex/textpos\textpos.sty
Package: textpos 2022/07/23 v1.10.1
Package textpos Info: choosing support for LaTeX3 on input line 60.
\TP@textbox=\box109
\TP@holdbox=\box110
\TPHorizModule=\dimen267
\TPVertModule=\dimen268
\TP@margin=\dimen269
\TP@absmargin=\dimen270

Grid set 16 x 16 = 37.34424pt x 52.81541pt
\TPboxrulesize=\dimen271
\TP@ox=\dimen272
\TP@oy=\dimen273
\TP@tbargs=\toks33
TextBlockOrigin set to 0pt x 0pt
)
(C:\Users\santo\AppData\Local\Programs\MiKTeX\tex/latex/l3backend\l3backend-pdf
tex.def
File: l3backend-pdftex.def 2024-05-08 L3 backend support: PDF output (pdfTeX)
\l__color_backend_stack_int=\count327
\l__pdf_internal_box=\box111
)
(C:\projetos\sistema_educacional\api\uploads\CEF04_PLAN\gabaritos\2H.aux
<Reading QR code for " 579672-ADAIL_DE_DEUS_RIBEIRO_BARBOSA " at level 3-M from
 aux file.>

<Reading QR code for " 817261-ANA_LETÍCIA_SOARES_ARAUJO " at level 3-M from au
x file.>

<Reading QR code for " 531288-ARTHUR_GONÇALVES_DOS_REIS " at level 3-M from au
x file.>

<Reading QR code for " 661704-CARLOS_EDUARDO_DA_SILVA_CASTRO " at level 3-M fro
m aux file.>

<Reading QR code for " 621874-CATARINA_BEATRIZ_JESUS_DE_OLIVEIRA " at level 4-Q
 from aux file.>

<Reading QR code for " 550833-DANIEL_AMARAL_MELO_DE_SOUSA " at level 3-M from a
ux file.>

<Reading QR code for " 557929-DAVI_ARAUJO_COSTA " at level 2-M from aux file.>

<Reading QR code for " 726444-ERIC_PADILHA_ROCHA " at level 3-Q from aux file.>


<Reading QR code for " 560900-FERNANDA_LARA_AFONSO_DE_OLIVEIRA " at level 3-M f
rom aux file.>

<Reading QR code for " 693180-GABRIEL_LIMA_DOS_SANTOS " at level 3-Q from aux f
ile.>

<Reading QR code for " 661759-GEISIELLI_PEREIRA_DOS_SANTOS_DE_CARVALHO " at lev
el 4-M from aux file.>

<Reading QR code for " 597545-GLAUCIA_VIEIRA_DA_SILVA " at level 3-Q from aux f
ile.>

<Reading QR code for " 618540-GUILHERME_DA_SILVA_FIGUEIREDO_SANTOS " at level 4
-Q from aux file.>

<Reading QR code for " 774757-ISABELLY_VITORIA_DA_SILVA_MONTEIRO " at level 4-Q
 from aux file.>

<Reading QR code for " 572753-JOAO_PEDRO_SALES_FERREIRA " at level 3-M from aux
 file.>

<Reading QR code for " 545358-JONAS_HENRIQUE_MAIA_DE_MEDEIROS " at level 3-M fr
om aux file.>

<Reading QR code for " 569814-JORGE_ENZO_DE_SOUSA_MARQUES " at level 3-M from a
ux file.>

<Reading QR code for " 631510-JÚLIO_CÉSAR_OLIVEIRA_SANTOS " at level 3-M from
 aux file.>

<Reading QR code for " 777861-LANNA_LUISE_AFONSO_TERTULIANO_SILVA " at level 4-
Q from aux file.>

<Reading QR code for " 551060-LARA_SOARES_FERREIRA " at level 3-Q from aux file
.>

<Reading QR code for " 531230-LUCAS_CARDOSO_DA_SILVA_SALAZAR " at level 3-M fro
m aux file.>

<Reading QR code for " 618593-LUIS_MIGUEL_RIBEIRO_NUNES " at level 3-M from aux
 file.>

<Reading QR code for " 1012648-LUÍSA_RODRIGUES_DE_MOURA_CARVALHO " at level 4-
Q from aux file.>

<Reading QR code for " 953123-MARCOS_VINÍCIUS_DA_CONCEIÇÃO_JÚNIOR " at leve
l 4-M from aux file.>

<Reading QR code for " 531291-MARIANA_DE_FREITAS_BOMFIM " at level 3-M from aux
 file.>

<Reading QR code for " 861673-MÍRYAN_BETHANIA_SANTOS_PORTUGUÊZ " at level 4-Q
 from aux file.>
)
\openout1 = `2H.aux'.

LaTeX Font Info:    Checking defaults for OML/cmm/m/it on input line 9.
LaTeX Font Info:    ... okay on input line 9.
LaTeX Font Info:    Checking defaults for OMS/cmsy/m/n on input line 9.
LaTeX Font Info:    ... okay on input line 9.
LaTeX Font Info:    Checking defaults for OT1/cmr/m/n on input line 9.
LaTeX Font Info:    ... okay on input line 9.
LaTeX Font Info:    Checking defaults for T1/cmr/m/n on input line 9.
LaTeX Font Info:    ... okay on input line 9.
LaTeX Font Info:    Checking defaults for TS1/cmr/m/n on input line 9.
LaTeX Font Info:    ... okay on input line 9.
LaTeX Font Info:    Checking defaults for OMX/cmex/m/n on input line 9.
LaTeX Font Info:    ... okay on input line 9.
LaTeX Font Info:    Checking defaults for U/cmr/m/n on input line 9.
LaTeX Font Info:    ... okay on input line 9.

*geometry* driver: auto-detecting
*geometry* detected driver: pdftex
*geometry* verbose mode - [ preamble ] result:
* driver: pdftex
* paper: a4paper
* layout: <same size as paper>
* layoutoffset:(h,v)=(0.0pt,0.0pt)
* modes: 
* h-part:(L,W,R)=(28.45274pt, 540.60239pt, 28.45274pt)
* v-part:(T,H,B)=(28.45274pt, 788.14136pt, 28.45274pt)
* \paperwidth=597.50787pt
* \paperheight=845.04684pt
* \textwidth=540.60239pt
* \textheight=788.14136pt
* \oddsidemargin=-43.81725pt
* \evensidemargin=-43.81725pt
* \topmargin=-80.81725pt
* \headheight=12.0pt
* \headsep=25.0pt
* \topskip=12.0pt
* \footskip=30.0pt
* \marginparwidth=35.0pt
* \marginparsep=10.0pt
* \columnsep=10.0pt
* \skip\footins=10.8pt plus 4.0pt minus 2.0pt
* \hoffset=0.0pt
* \voffset=0.0pt
* \mag=1000
* \@twocolumnfalse
* \@twosidefalse
* \@mparswitchfalse
* \@reversemarginfalse
* (1in=72.27pt=25.4mm, 1cm=28.453pt)


(C:\Users\santo\AppData\Local\Programs\MiKTeX\tex/context/base/mkii\supp-pdf.mk
ii
[Loading MPS to PDF converter (version 2006.09.02).]
\scratchcounter=\count328
\scratchdimen=\dimen274
\scratchbox=\box112
\nofMPsegments=\count329
\nofMParguments=\count330
\everyMPshowfont=\toks34
\MPscratchCnt=\count331
\MPscratchDim=\dimen275
\MPnumerator=\count332
\makeMPintoPDFobject=\count333
\everyMPtoPDFconversion=\toks35
)
(C:\Users\santo\AppData\Local\Programs\MiKTeX\tex/latex/epstopdf-pkg\epstopdf-b
ase.sty
Package: epstopdf-base 2020-01-24 v2.11 Base part for package epstopdf

(C:\Users\santo\AppData\Local\Programs\MiKTeX\tex/generic/infwarerr\infwarerr.s
ty
Package: infwarerr 2019/12/03 v1.5 Providing info/warning/error messages (HO)
) (C:\Users\santo\AppData\Local\Programs\MiKTeX\tex/latex/grfext\grfext.sty
Package: grfext 2019/12/03 v1.3 Manage graphics extensions (HO)

(C:\Users\santo\AppData\Local\Programs\MiKTeX\tex/generic/kvdefinekeys\kvdefine
keys.sty
Package: kvdefinekeys 2019-12-19 v1.6 Define keys (HO)
))
(C:\Users\santo\AppData\Local\Programs\MiKTeX\tex/latex/kvoptions\kvoptions.sty
Package: kvoptions 2022-06-15 v3.15 Key value format for package options (HO)
(C:\Users\santo\AppData\Local\Programs\MiKTeX\tex/generic/ltxcmds\ltxcmds.sty
Package: ltxcmds 2023-12-04 v1.26 LaTeX kernel commands for general use (HO)
)
(C:\Users\santo\AppData\Local\Programs\MiKTeX\tex/latex/kvsetkeys\kvsetkeys.sty
Package: kvsetkeys 2022-10-05 v1.19 Key value parser (HO)
))
(C:\Users\santo\AppData\Local\Programs\MiKTeX\tex/generic/pdftexcmds\pdftexcmds
.sty
Package: pdftexcmds 2020-06-27 v0.33 Utility functions of pdfTeX for LuaTeX (HO
)
Package pdftexcmds Info: \pdf@primitive is available.
Package pdftexcmds Info: \pdf@ifprimitive is available.
Package pdftexcmds Info: \pdfdraftmode found.
)
Package epstopdf-base Info: Redefining graphics rule for `.eps' on input line 4
85.
Package grfext Info: Graphics extension search list:
(grfext)             [.pdf,.png,.jpg,.mps,.jpeg,.jbig2,.jb2,.PDF,.PNG,.JPG,.JPE
G,.JBIG2,.JB2,.eps]
(grfext)             \AppendGraphicsExtensions on input line 504.

(C:\Users\santo\AppData\Local\Programs\MiKTeX\tex/latex/00miktex\epstopdf-sys.c
fg
File: epstopdf-sys.cfg 2021/03/18 v2.0 Configuration of epstopdf for MiKTeX
))


<QR code requested for " 579672-ADAIL_DE_DEUS_RIBEIRO_BARBOSA " in version 0-M.
>

<Copying the QR code for " 579672-ADAIL_DE_DEUS_RIBEIRO_BARBOSA " in version 3-
M as previously calculated.>
LaTeX Font Info:    External font `cmex10' loaded for size
(Font)              <12> on input line 11.
LaTeX Font Info:    External font `cmex10' loaded for size
(Font)              <8> on input line 11.
LaTeX Font Info:    External font `cmex10' loaded for size
(Font)              <6> on input line 11.


[1

{C:/Users/santo/AppData/Local/MiKTeX/fonts/map/pdftex/pdftex.map}]


<QR code requested for " 817261-ANA_LETÍCIA_SOARES_ARAUJO " in version 0-M.>

<Copying the QR code for " 817261-ANA_LETÍCIA_SOARES_ARAUJO " in version 3-M a
s previously calculated.>


[2]


<QR code requested for " 531288-ARTHUR_GONÇALVES_DOS_REIS " in version 0-M.>

<Copying the QR code for " 531288-ARTHUR_GONÇALVES_DOS_REIS " in version 3-M a
s previously calculated.>


[3]


<QR code requested for " 661704-CARLOS_EDUARDO_DA_SILVA_CASTRO " in version 0-M
.>

<Copying the QR code for " 661704-CARLOS_EDUARDO_DA_SILVA_CASTRO " in version 3
-M as previously calculated.>


[4]


<QR code requested for " 621874-CATARINA_BEATRIZ_JESUS_DE_OLIVEIRA " in version
 0-M.>
<Error-correction level increased from M to Q at no cost.>

<Copying the QR code for " 621874-CATARINA_BEATRIZ_JESUS_DE_OLIVEIRA " in versi
on 4-Q as previously calculated.>


[5]


<QR code requested for " 550833-DANIEL_AMARAL_MELO_DE_SOUSA " in version 0-M.>

<Copying the QR code for " 550833-DANIEL_AMARAL_MELO_DE_SOUSA " in version 3-M 
as previously calculated.>


[6] 

<QR code requested for " 557929-DAVI_ARAUJO_COSTA " in version 0-M.>

<Copying the QR code for " 557929-DAVI_ARAUJO_COSTA " in version 2-M as previou
sly calculated.>


[7] 

<QR code requested for " 726444-ERIC_PADILHA_ROCHA " in version 0-M.>
<Error-correction level increased from M to Q at no cost.>

<Copying the QR code for " 726444-ERIC_PADILHA_ROCHA " in version 3-Q as previo
usly calculated.>


[8]


<QR code requested for " 560900-FERNANDA_LARA_AFONSO_DE_OLIVEIRA " in version 0
-M.>

<Copying the QR code for " 560900-FERNANDA_LARA_AFONSO_DE_OLIVEIRA " in version
 3-M as previously calculated.>


[9]


<QR code requested for " 693180-GABRIEL_LIMA_DOS_SANTOS " in version 0-M.>
<Error-correction level increased from M to Q at no cost.>

<Copying the QR code for " 693180-GABRIEL_LIMA_DOS_SANTOS " in version 3-Q as p
reviously calculated.>


[10]


<QR code requested for " 661759-GEISIELLI_PEREIRA_DOS_SANTOS_DE_CARVALHO " in v
ersion 0-M.>

<Copying the QR code for " 661759-GEISIELLI_PEREIRA_DOS_SANTOS_DE_CARVALHO " in
 version 4-M as previously calculated.>


[11]


<QR code requested for " 597545-GLAUCIA_VIEIRA_DA_SILVA " in version 0-M.>
<Error-correction level increased from M to Q at no cost.>

<Copying the QR code for " 597545-GLAUCIA_VIEIRA_DA_SILVA " in version 3-Q as p
reviously calculated.>


[12]


<QR code requested for " 618540-GUILHERME_DA_SILVA_FIGUEIREDO_SANTOS " in versi
on 0-M.>
<Error-correction level increased from M to Q at no cost.>

<Copying the QR code for " 618540-GUILHERME_DA_SILVA_FIGUEIREDO_SANTOS " in ver
sion 4-Q as previously calculated.>


[13]


<QR code requested for " 774757-ISABELLY_VITORIA_DA_SILVA_MONTEIRO " in version
 0-M.>
<Error-correction level increased from M to Q at no cost.>

<Copying the QR code for " 774757-ISABELLY_VITORIA_DA_SILVA_MONTEIRO " in versi
on 4-Q as previously calculated.>


[14]


<QR code requested for " 572753-JOAO_PEDRO_SALES_FERREIRA " in version 0-M.>

<Copying the QR code for " 572753-JOAO_PEDRO_SALES_FERREIRA " in version 3-M as
 previously calculated.>


[15]


<QR code requested for " 545358-JONAS_HENRIQUE_MAIA_DE_MEDEIROS " in version 0-
M.>

<Copying the QR code for " 545358-JONAS_HENRIQUE_MAIA_DE_MEDEIROS " in version 
3-M as previously calculated.>


[16]


<QR code requested for " 569814-JORGE_ENZO_DE_SOUSA_MARQUES " in version 0-M.>

<Copying the QR code for " 569814-JORGE_ENZO_DE_SOUSA_MARQUES " in version 3-M 
as previously calculated.>


[17]


<QR code requested for " 631510-JÚLIO_CÉSAR_OLIVEIRA_SANTOS " in version 0-M.
>

<Copying the QR code for " 631510-JÚLIO_CÉSAR_OLIVEIRA_SANTOS " in version 3-
M as previously calculated.>


[18]


<QR code requested for " 777861-LANNA_LUISE_AFONSO_TERTULIANO_SILVA " in versio
n 0-M.>
<Error-correction level increased from M to Q at no cost.>

<Copying the QR code for " 777861-LANNA_LUISE_AFONSO_TERTULIANO_SILVA " in vers
ion 4-Q as previously calculated.>


[19]


<QR code requested for " 551060-LARA_SOARES_FERREIRA " in version 0-M.>
<Error-correction level increased from M to Q at no cost.>

<Copying the QR code for " 551060-LARA_SOARES_FERREIRA " in version 3-Q as prev
iously calculated.>


[20]


<QR code requested for " 531230-LUCAS_CARDOSO_DA_SILVA_SALAZAR " in version 0-M
.>

<Copying the QR code for " 531230-LUCAS_CARDOSO_DA_SILVA_SALAZAR " in version 3
-M as previously calculated.>


[21]


<QR code requested for " 618593-LUIS_MIGUEL_RIBEIRO_NUNES " in version 0-M.>

<Copying the QR code for " 618593-LUIS_MIGUEL_RIBEIRO_NUNES " in version 3-M as
 previously calculated.>


[22]


<QR code requested for " 1012648-LUÍSA_RODRIGUES_DE_MOURA_CARVALHO " in versio
n 0-M.>
<Error-correction level increased from M to Q at no cost.>

<Copying the QR code for " 1012648-LUÍSA_RODRIGUES_DE_MOURA_CARVALHO " in vers
ion 4-Q as previously calculated.>


[23]


<QR code requested for " 953123-MARCOS_VINÍCIUS_DA_CONCEIÇÃO_JÚNIOR " in ve
rsion 0-M.>

<Copying the QR code for " 953123-MARCOS_VINÍCIUS_DA_CONCEIÇÃO_JÚNIOR " in 
version 4-M as previously calculated.>


[24]


<QR code requested for " 531291-MARIANA_DE_FREITAS_BOMFIM " in version 0-M.>

<Copying the QR code for " 531291-MARIANA_DE_FREITAS_BOMFIM " in version 3-M as
 previously calculated.>


[25]


<QR code requested for " 861673-MÍRYAN_BETHANIA_SANTOS_PORTUGUÊZ " in version
 0-M.>
<Error-correction level increased from M to Q at no cost.>

<Copying the QR code for " 861673-MÍRYAN_BETHANIA_SANTOS_PORTUGUÊZ " in versi
on 4-Q as previously calculated.>


[26]


<QR code requested for " 1164993-PEDRO_EMANUEL_DA_SILVA_LIMA " in version 0-M.>


<Calculating QR code for " 1164993-PEDRO_EMANUEL_DA_SILVA_LIMA " in version 3-M
.>
<Splitting off block 1> <Making error block 1>
<Interleaving datablocks of length 44\ and 45:  1, 2, 3, 4, 5, 6, 7, 8, 9, 10,
11, 12, 13, 14, 15, 16, 17, 18, 19, 20, 21, 22, 23, 24, 25, 26, 27, 28, 29,
30, 31, 32, 33, 34, 35, 36, 37, 38, 39, 40, 41, 42, 43, 44, .>
<Interleaving errorblocks of length 26:  1, 2, 3, 4, 5, 6, 7, 8, 9, 10, 11,
12, 13, 14, 15, 16, 17, 18, 19, 20, 21, 22, 23, 24, 25, 26,
.><Interleaving complete.> <Writing data... done.>
<Applying Mask 0... done. Calculating penalty... penalty is 1318>
<Applying Mask 1... done. Calculating penalty... penalty is 1398>
<Applying Mask 2... done. Calculating penalty... penalty is 1162>
<Applying Mask 3... done. Calculating penalty... penalty is 1142>
<Applying Mask 4... done. Calculating penalty... penalty is 1188>
<Applying Mask 5... done. Calculating penalty... penalty is 1254>
<Applying Mask 6... done. Calculating penalty... penalty is 1338>
<Applying Mask 7... done. Calculating penalty... penalty is 1205>
<Selected Mask 3>
<Encoding and writing format string... done.>
<Encoding and writing version information... done.>
<Saving QR code to memory... done.>
<Writing QR code to aux file... done.>
<Printing matrix... done.>



[27]


<QR code requested for " 531235-PEDRO_VÍTOR_CARVALHO_TEIXEIRA " in version 0-M
.>

<Calculating QR code for " 531235-PEDRO_VÍTOR_CARVALHO_TEIXEIRA " in version 3
-M.>
<Splitting off block 1> <Making error block 1>
<Interleaving datablocks of length 44\ and 45:  1, 2, 3, 4, 5, 6, 7, 8, 9, 10,
11, 12, 13, 14, 15, 16, 17, 18, 19, 20, 21, 22, 23, 24, 25, 26, 27, 28, 29,
30, 31, 32, 33, 34, 35, 36, 37, 38, 39, 40, 41, 42, 43, 44, .>
<Interleaving errorblocks of length 26:  1, 2, 3, 4, 5, 6, 7, 8, 9, 10, 11,
12, 13, 14, 15, 16, 17, 18, 19, 20, 21, 22, 23, 24, 25, 26,
.><Interleaving complete.> <Writing data... done.>
<Applying Mask 0... done. Calculating penalty... penalty is 1257>
<Applying Mask 1... done. Calculating penalty... penalty is 1163>
<Applying Mask 2... done. Calculating penalty... penalty is 1290>
<Applying Mask 3... done. Calculating penalty... penalty is 1226>
<Applying Mask 4... done. Calculating penalty... penalty is 1243>
<Applying Mask 5... done. Calculating penalty... penalty is 1348>
<Applying Mask 6... done. Calculating penalty... penalty is 1345>
<Applying Mask 7... done. Calculating penalty... penalty is 1322>
<Selected Mask 1>
<Encoding and writing format string... done.>
<Encoding and writing version information... done.>
<Saving QR code to memory... done.>
<Writing QR code to aux file... done.>
<Printing matrix... done.>



[28]


<QR code requested for " 551455-PYETRO_HENRIQUE_ALVES_DA_SILVA " in version 0-M
.>

<Calculating QR code for " 551455-PYETRO_HENRIQUE_ALVES_DA_SILVA " in version 3
-M.>
<Splitting off block 1> <Making error block 1>
<Interleaving datablocks of length 44\ and 45:  1, 2, 3, 4, 5, 6, 7, 8, 9, 10,
11, 12, 13, 14, 15, 16, 17, 18, 19, 20, 21, 22, 23, 24, 25, 26, 27, 28, 29,
30, 31, 32, 33, 34, 35, 36, 37, 38, 39, 40, 41, 42, 43, 44, .>
<Interleaving errorblocks of length 26:  1, 2, 3, 4, 5, 6, 7, 8, 9, 10, 11,
12, 13, 14, 15, 16, 17, 18, 19, 20, 21, 22, 23, 24, 25, 26,
.><Interleaving complete.> <Writing data... done.>
<Applying Mask 0... done. Calculating penalty... penalty is 1330>
<Applying Mask 1... done. Calculating penalty... penalty is 1146>
<Applying Mask 2... done. Calculating penalty... penalty is 1280>
<Applying Mask 3... done. Calculating penalty... penalty is 1176>
<Applying Mask 4... done. Calculating penalty... penalty is 1173>
<Applying Mask 5... done. Calculating penalty... penalty is 1236>
<Applying Mask 6... done. Calculating penalty... penalty is 1198>
<Applying Mask 7... done. Calculating penalty... penalty is 1227>
<Selected Mask 1>
<Encoding and writing format string... done.>
<Encoding and writing version information... done.>
<Saving QR code to memory... done.>
<Writing QR code to aux file... done.>
<Printing matrix... done.>



[29]


<QR code requested for " 730243-RAFAEL_FRANCISCO_DA_SILVEIRA_SANTOS " in versio
n 0-M.>
<Error-correction level increased from M to Q at no cost.>

<Calculating QR code for " 730243-RAFAEL_FRANCISCO_DA_SILVEIRA_SANTOS " in vers
ion 4-Q.>
<Splitting off block 1> <Splitting off block 2> <Making error block 1>
<Making error block 2> <Interleaving datablocks of length 24\ and 25:  1, 2,
3, 4, 5, 6, 7, 8, 9, 10, 11, 12, 13, 14, 15, 16, 17, 18, 19, 20, 21, 22, 23,
24, .> <Interleaving errorblocks of length 26:  1, 2, 3, 4, 5, 6, 7, 8, 9, 10,
11, 12, 13, 14, 15, 16, 17, 18, 19, 20, 21, 22, 23, 24, 25, 26,
.><Interleaving complete.> <Writing data... done.>
<Applying Mask 0... done. Calculating penalty... penalty is 1230>
<Applying Mask 1... done. Calculating penalty... penalty is 1402>
<Applying Mask 2... done. Calculating penalty... penalty is 1345>
<Applying Mask 3... done. Calculating penalty... penalty is 1253>
<Applying Mask 4... done. Calculating penalty... penalty is 1380>
<Applying Mask 5... done. Calculating penalty... penalty is 1358>
<Applying Mask 6... done. Calculating penalty... penalty is 1340>
<Applying Mask 7... done. Calculating penalty... penalty is 1258>
<Selected Mask 0>
<Encoding and writing format string... done.>
<Encoding and writing version information... done.>
<Saving QR code to memory... done.>
<Writing QR code to aux file... done.>
<Printing matrix... done.>



[30]


<QR code requested for " 542432-SAMUEL_GALDINO_SILVA " in version 0-M.>
<Error-correction level increased from M to Q at no cost.>
<Calculating QR code for " 542432-SAMUEL_GALDINO_SILVA " in version 3-Q.>
<Splitting off block 1> <Splitting off block 2> <Making error block 1>
<Making error block 2> <Interleaving datablocks of length 17\ and 18:  1, 2,
3, 4, 5, 6, 7, 8, 9, 10, 11, 12, 13, 14, 15, 16, 17, .>
<Interleaving errorblocks of length 18:  1, 2, 3, 4, 5, 6, 7, 8, 9, 10, 11,
12, 13, 14, 15, 16, 17, 18, .><Interleaving complete.> <Writing data...
done.>
<Applying Mask 0... done. Calculating penalty... penalty is 1235>
<Applying Mask 1... done. Calculating penalty... penalty is 1263>
<Applying Mask 2... done. Calculating penalty... penalty is 1175>
<Applying Mask 3... done. Calculating penalty... penalty is 1238>
<Applying Mask 4... done. Calculating penalty... penalty is 1199>
<Applying Mask 5... done. Calculating penalty... penalty is 1141>
<Applying Mask 6... done. Calculating penalty... penalty is 1202>
<Applying Mask 7... done. Calculating penalty... penalty is 1193>
<Selected Mask 5>
<Encoding and writing format string... done.>
<Encoding and writing version information... done.>
<Saving QR code to memory... done.>
<Writing QR code to aux file... done.>
<Printing matrix... done.>



[31] 

<QR code requested for " 550616-THAYSSON_DIAS_GOMES " in version 0-M.>
<Error-correction level increased from M to Q at no cost.>
<Calculating QR code for " 550616-THAYSSON_DIAS_GOMES " in version 3-Q.>
<Splitting off block 1> <Splitting off block 2> <Making error block 1>
<Making error block 2> <Interleaving datablocks of length 17\ and 18:  1, 2,
3, 4, 5, 6, 7, 8, 9, 10, 11, 12, 13, 14, 15, 16, 17, .>
<Interleaving errorblocks of length 18:  1, 2, 3, 4, 5, 6, 7, 8, 9, 10, 11,
12, 13, 14, 15, 16, 17, 18, .><Interleaving complete.> <Writing data...
done.>
<Applying Mask 0... done. Calculating penalty... penalty is 1236>
<Applying Mask 1... done. Calculating penalty... penalty is 1126>
<Applying Mask 2... done. Calculating penalty... penalty is 1247>
<Applying Mask 3... done. Calculating penalty... penalty is 1230>
<Applying Mask 4... done. Calculating penalty... penalty is 1190>
<Applying Mask 5... done. Calculating penalty... penalty is 1178>
<Applying Mask 6... done. Calculating penalty... penalty is 1206>
<Applying Mask 7... done. Calculating penalty... penalty is 1198>
<Selected Mask 1>
<Encoding and writing format string... done.>
<Encoding and writing version information... done.>
<Saving QR code to memory... done.>
<Writing QR code to aux file... done.>
<Printing matrix... done.>



[32]


<QR code requested for " 619387-VICTORIA_EMANUELLY_LIMA_VIEIRA " in version 0-M
.>

<Calculating QR code for " 619387-VICTORIA_EMANUELLY_LIMA_VIEIRA " in version 3
-M.>
<Splitting off block 1> <Making error block 1>
<Interleaving datablocks of length 44\ and 45:  1, 2, 3, 4, 5, 6, 7, 8, 9, 10,
11, 12, 13, 14, 15, 16, 17, 18, 19, 20, 21, 22, 23, 24, 25, 26, 27, 28, 29,
30, 31, 32, 33, 34, 35, 36, 37, 38, 39, 40, 41, 42, 43, 44, .>
<Interleaving errorblocks of length 26:  1, 2, 3, 4, 5, 6, 7, 8, 9, 10, 11,
12, 13, 14, 15, 16, 17, 18, 19, 20, 21, 22, 23, 24, 25, 26,
.><Interleaving complete.> <Writing data... done.>
<Applying Mask 0... done. Calculating penalty... penalty is 1322>
<Applying Mask 1... done. Calculating penalty... penalty is 1199>
<Applying Mask 2... done. Calculating penalty... penalty is 1282>
<Applying Mask 3... done. Calculating penalty... penalty is 1194>
<Applying Mask 4... done. Calculating penalty... penalty is 1234>
<Applying Mask 5... done. Calculating penalty... penalty is 1286>
<Applying Mask 6... done. Calculating penalty... penalty is 1225>
<Applying Mask 7... done. Calculating penalty... penalty is 1261>
<Selected Mask 3>
<Encoding and writing format string... done.>
<Encoding and writing version information... done.>
<Saving QR code to memory... done.>
<Writing QR code to aux file... done.>
<Printing matrix... done.>



[33]


<QR code requested for " 1145638-YURI_DE_SOUSA_FELIZARDO " in version 0-M.>

<Calculating QR code for " 1145638-YURI_DE_SOUSA_FELIZARDO " in version 3-M.>
<Splitting off block 1> <Making error block 1>
<Interleaving datablocks of length 44\ and 45:  1, 2, 3, 4, 5, 6, 7, 8, 9, 10,
11, 12, 13, 14, 15, 16, 17, 18, 19, 20, 21, 22, 23, 24, 25, 26, 27, 28, 29,
30, 31, 32, 33, 34, 35, 36, 37, 38, 39, 40, 41, 42, 43, 44, .>
<Interleaving errorblocks of length 26:  1, 2, 3, 4, 5, 6, 7, 8, 9, 10, 11,
12, 13, 14, 15, 16, 17, 18, 19, 20, 21, 22, 23, 24, 25, 26,
.><Interleaving complete.> <Writing data... done.>
<Applying Mask 0... done. Calculating penalty... penalty is 1367>
<Applying Mask 1... done. Calculating penalty... penalty is 1264>
<Applying Mask 2... done. Calculating penalty... penalty is 1321>
<Applying Mask 3... done. Calculating penalty... penalty is 1289>
<Applying Mask 4... done. Calculating penalty... penalty is 1285>
<Applying Mask 5... done. Calculating penalty... penalty is 1214>
<Applying Mask 6... done. Calculating penalty... penalty is 1224>
<Applying Mask 7... done. Calculating penalty... penalty is 1247>
<Selected Mask 5>
<Encoding and writing format string... done.>
<Encoding and writing version information... done.>
<Saving QR code to memory... done.>
<Writing QR code to aux file... done.>
<Printing matrix... done.>



[34] (C:\projetos\sistema_educacional\api\uploads\CEF04_PLAN\gabaritos\2H.aux
<Reading QR code for " 579672-ADAIL_DE_DEUS_RIBEIRO_BARBOSA " at level 3-M from
 aux file.>

<Reading QR code for " 817261-ANA_LETÍCIA_SOARES_ARAUJO " at level 3-M from au
x file.>

<Reading QR code for " 531288-ARTHUR_GONÇALVES_DOS_REIS " at level 3-M from au
x file.>

<Reading QR code for " 661704-CARLOS_EDUARDO_DA_SILVA_CASTRO " at level 3-M fro
m aux file.>

<Reading QR code for " 621874-CATARINA_BEATRIZ_JESUS_DE_OLIVEIRA " at level 4-Q
 from aux file.>

<Reading QR code for " 550833-DANIEL_AMARAL_MELO_DE_SOUSA " at level 3-M from a
ux file.>

<Reading QR code for " 557929-DAVI_ARAUJO_COSTA " at level 2-M from aux file.>

<Reading QR code for " 726444-ERIC_PADILHA_ROCHA " at level 3-Q from aux file.>


<Reading QR code for " 560900-FERNANDA_LARA_AFONSO_DE_OLIVEIRA " at level 3-M f
rom aux file.>

<Reading QR code for " 693180-GABRIEL_LIMA_DOS_SANTOS " at level 3-Q from aux f
ile.>

<Reading QR code for " 661759-GEISIELLI_PEREIRA_DOS_SANTOS_DE_CARVALHO " at lev
el 4-M from aux file.>

<Reading QR code for " 597545-GLAUCIA_VIEIRA_DA_SILVA " at level 3-Q from aux f
ile.>

<Reading QR code for " 618540-GUILHERME_DA_SILVA_FIGUEIREDO_SANTOS " at level 4
-Q from aux file.>

<Reading QR code for " 774757-ISABELLY_VITORIA_DA_SILVA_MONTEIRO " at level 4-Q
 from aux file.>

<Reading QR code for " 572753-JOAO_PEDRO_SALES_FERREIRA " at level 3-M from aux
 file.>

<Reading QR code for " 545358-JONAS_HENRIQUE_MAIA_DE_MEDEIROS " at level 3-M fr
om aux file.>

<Reading QR code for " 569814-JORGE_ENZO_DE_SOUSA_MARQUES " at level 3-M from a
ux file.>

<Reading QR code for " 631510-JÚLIO_CÉSAR_OLIVEIRA_SANTOS " at level 3-M from
 aux file.>

<Reading QR code for " 777861-LANNA_LUISE_AFONSO_TERTULIANO_SILVA " at level 4-
Q from aux file.>

<Reading QR code for " 551060-LARA_SOARES_FERREIRA " at level 3-Q from aux file
.>

<Reading QR code for " 531230-LUCAS_CARDOSO_DA_SILVA_SALAZAR " at level 3-M fro
m aux file.>

<Reading QR code for " 618593-LUIS_MIGUEL_RIBEIRO_NUNES " at level 3-M from aux
 file.>

<Reading QR code for " 1012648-LUÍSA_RODRIGUES_DE_MOURA_CARVALHO " at level 4-
Q from aux file.>

<Reading QR code for " 953123-MARCOS_VINÍCIUS_DA_CONCEIÇÃO_JÚNIOR " at leve
l 4-M from aux file.>

<Reading QR code for " 531291-MARIANA_DE_FREITAS_BOMFIM " at level 3-M from aux
 file.>

<Reading QR code for " 861673-MÍRYAN_BETHANIA_SANTOS_PORTUGUÊZ " at level 4-Q
 from aux file.>

<Reading QR code for " 1164993-PEDRO_EMANUEL_DA_SILVA_LIMA " at level 3-M from 
aux file.>

<Reading QR code for " 531235-PEDRO_VÍTOR_CARVALHO_TEIXEIRA " at level 3-M fro
m aux file.>

<Reading QR code for " 551455-PYETRO_HENRIQUE_ALVES_DA_SILVA " at level 3-M fro
m aux file.>

<Reading QR code for " 730243-RAFAEL_FRANCISCO_DA_SILVEIRA_SANTOS " at level 4-
Q from aux file.>

<Reading QR code for " 542432-SAMUEL_GALDINO_SILVA " at level 3-Q from aux file
.>

<Reading QR code for " 550616-THAYSSON_DIAS_GOMES " at level 3-Q from aux file.
>

<Reading QR code for " 619387-VICTORIA_EMANUELLY_LIMA_VIEIRA " at level 3-M fro
m aux file.>

<Reading QR code for " 1145638-YURI_DE_SOUSA_FELIZARDO " at level 3-M from aux 
file.>
)
 ***********
LaTeX2e <2024-11-01> patch level 2
L3 programming layer <2025-01-18>
 ***********
 ) 
Here is how much of TeX's memory you used:
 18173 strings out of 473530
 355086 string characters out of 5714794
 840505 words of memory out of 5000000
 41160 multiletter control sequences out of 15000+600000
 562217 words of font info for 47 fonts, out of 8000000 for 9000
 1141 hyphenation exceptions out of 8191
 102i,6n,327p,1328b,3336s stack positions out of 10000i,1000n,20000p,200000b,200000s
 <C:\Users\santo\AppData\Local\MiKTeX\fonts/pk/ljfour/jknappen/ec/dpi600\tcrm
1200.pk><C:/Users/santo/AppData/Local/Programs/MiKTeX/fonts/type1/public/amsfon
ts/cm/cmbx12.pfb><C:/Users/santo/AppData/Local/Programs/MiKTeX/fonts/type1/publ
ic/amsfonts/cm/cmr12.pfb>
Output written on C:\projetos\sistema_educacional\api\uploads\CEF04_PLAN\gabari
tos\2H.pdf (34 pages, 192522 bytes).
PDF statistics:
 129 PDF objects out of 1000 (max. 8388607)
 0 named destinations out of 1000 (max. 500000)
 13 words of extra memory for PDF output out of 10000 (max. 10000000)

