This is pdfTeX, Version 3.141592653-2.6-1.40.26 (MiKTeX 24.4) (preloaded format=pdflatex 2025.2.17)  20 JUL 2025 22:34
entering extended mode
 restricted \write18 enabled.
 %&-line parsing enabled.
**C:/projetos/sistema_educacional/api/uploads/CEF04_PLAN/gabaritos/2O.tex
(C:/projetos/sistema_educacional/api/uploads/CEF04_PLAN/gabaritos/2O.tex
LaTeX2e <2024-11-01> patch level 2
L3 programming layer <2025-01-18>
(C:\Users\santo\AppData\Local\Programs\MiKTeX\tex/latex/base\article.cls
Document Class: article 2024/06/29 v1.4n Standard LaTeX document class
(C:\Users\santo\AppData\Local\Programs\MiKTeX\tex/latex/base\size12.clo
File: size12.clo 2024/06/29 v1.4n Standard LaTeX file (size option)
)
\c@part=\count196
\c@section=\count197
\c@subsection=\count198
\c@subsubsection=\count199
\c@paragraph=\count266
\c@subparagraph=\count267
\c@figure=\count268
\c@table=\count269
\abovecaptionskip=\skip49
\belowcaptionskip=\skip50
\bibindent=\dimen141
)
(C:\Users\santo\AppData\Local\Programs\MiKTeX\tex/latex/geometry\geometry.sty
Package: geometry 2020/01/02 v5.9 Page Geometry

(C:\Users\santo\AppData\Local\Programs\MiKTeX\tex/latex/graphics\keyval.sty
Package: keyval 2022/05/29 v1.15 key=value parser (DPC)
\KV@toks@=\toks17
)
(C:\Users\santo\AppData\Local\Programs\MiKTeX\tex/generic/iftex\ifvtex.sty
Package: ifvtex 2019/10/25 v1.7 ifvtex legacy package. Use iftex instead.

(C:\Users\santo\AppData\Local\Programs\MiKTeX\tex/generic/iftex\iftex.sty
Package: iftex 2024/12/12 v1.0g TeX engine tests
))
\Gm@cnth=\count270
\Gm@cntv=\count271
\c@Gm@tempcnt=\count272
\Gm@bindingoffset=\dimen142
\Gm@wd@mp=\dimen143
\Gm@odd@mp=\dimen144
\Gm@even@mp=\dimen145
\Gm@layoutwidth=\dimen146
\Gm@layoutheight=\dimen147
\Gm@layouthoffset=\dimen148
\Gm@layoutvoffset=\dimen149
\Gm@dimlist=\toks18

(C:\Users\santo\AppData\Local\Programs\MiKTeX\tex/latex/geometry\geometry.cfg))

(C:\Users\santo\AppData\Local\Programs\MiKTeX\tex/latex/pgf/frontendlayer\tikz.
sty
(C:\Users\santo\AppData\Local\Programs\MiKTeX\tex/latex/pgf/basiclayer\pgf.sty
(C:\Users\santo\AppData\Local\Programs\MiKTeX\tex/latex/pgf/utilities\pgfrcs.st
y
(C:\Users\santo\AppData\Local\Programs\MiKTeX\tex/generic/pgf/utilities\pgfutil
-common.tex
\pgfutil@everybye=\toks19
\pgfutil@tempdima=\dimen150
\pgfutil@tempdimb=\dimen151
)
(C:\Users\santo\AppData\Local\Programs\MiKTeX\tex/generic/pgf/utilities\pgfutil
-latex.def
\pgfutil@abb=\box52
)
(C:\Users\santo\AppData\Local\Programs\MiKTeX\tex/generic/pgf/utilities\pgfrcs.
code.tex
(C:\Users\santo\AppData\Local\Programs\MiKTeX\tex/generic/pgf\pgf.revision.tex)
Package: pgfrcs 2023-01-15 v3.1.10 (3.1.10)
))
Package: pgf 2023-01-15 v3.1.10 (3.1.10)

(C:\Users\santo\AppData\Local\Programs\MiKTeX\tex/latex/pgf/basiclayer\pgfcore.
sty
(C:\Users\santo\AppData\Local\Programs\MiKTeX\tex/latex/graphics\graphicx.sty
Package: graphicx 2021/09/16 v1.2d Enhanced LaTeX Graphics (DPC,SPQR)

(C:\Users\santo\AppData\Local\Programs\MiKTeX\tex/latex/graphics\graphics.sty
Package: graphics 2024/08/06 v1.4g Standard LaTeX Graphics (DPC,SPQR)

(C:\Users\santo\AppData\Local\Programs\MiKTeX\tex/latex/graphics\trig.sty
Package: trig 2023/12/02 v1.11 sin cos tan (DPC)
)
(C:\Users\santo\AppData\Local\Programs\MiKTeX\tex/latex/graphics-cfg\graphics.c
fg
File: graphics.cfg 2016/06/04 v1.11 sample graphics configuration
)
Package graphics Info: Driver file: pdftex.def on input line 106.

(C:\Users\santo\AppData\Local\Programs\MiKTeX\tex/latex/graphics-def\pdftex.def
File: pdftex.def 2024/04/13 v1.2c Graphics/color driver for pdftex
))
\Gin@req@height=\dimen152
\Gin@req@width=\dimen153
)
(C:\Users\santo\AppData\Local\Programs\MiKTeX\tex/latex/pgf/systemlayer\pgfsys.
sty
(C:\Users\santo\AppData\Local\Programs\MiKTeX\tex/generic/pgf/systemlayer\pgfsy
s.code.tex
Package: pgfsys 2023-01-15 v3.1.10 (3.1.10)

(C:\Users\santo\AppData\Local\Programs\MiKTeX\tex/generic/pgf/utilities\pgfkeys
.code.tex
\pgfkeys@pathtoks=\toks20
\pgfkeys@temptoks=\toks21

(C:\Users\santo\AppData\Local\Programs\MiKTeX\tex/generic/pgf/utilities\pgfkeys
libraryfiltered.code.tex
\pgfkeys@tmptoks=\toks22
))
\pgf@x=\dimen154
\pgf@y=\dimen155
\pgf@xa=\dimen156
\pgf@ya=\dimen157
\pgf@xb=\dimen158
\pgf@yb=\dimen159
\pgf@xc=\dimen160
\pgf@yc=\dimen161
\pgf@xd=\dimen162
\pgf@yd=\dimen163
\w@pgf@writea=\write3
\r@pgf@reada=\read2
\c@pgf@counta=\count273
\c@pgf@countb=\count274
\c@pgf@countc=\count275
\c@pgf@countd=\count276
\t@pgf@toka=\toks23
\t@pgf@tokb=\toks24
\t@pgf@tokc=\toks25
\pgf@sys@id@count=\count277

(C:\Users\santo\AppData\Local\Programs\MiKTeX\tex/generic/pgf/systemlayer\pgf.c
fg
File: pgf.cfg 2023-01-15 v3.1.10 (3.1.10)
)
Driver file for pgf: pgfsys-pdftex.def

(C:\Users\santo\AppData\Local\Programs\MiKTeX\tex/generic/pgf/systemlayer\pgfsy
s-pdftex.def
File: pgfsys-pdftex.def 2023-01-15 v3.1.10 (3.1.10)

(C:\Users\santo\AppData\Local\Programs\MiKTeX\tex/generic/pgf/systemlayer\pgfsy
s-common-pdf.def
File: pgfsys-common-pdf.def 2023-01-15 v3.1.10 (3.1.10)
)))
(C:\Users\santo\AppData\Local\Programs\MiKTeX\tex/generic/pgf/systemlayer\pgfsy
ssoftpath.code.tex
File: pgfsyssoftpath.code.tex 2023-01-15 v3.1.10 (3.1.10)
\pgfsyssoftpath@smallbuffer@items=\count278
\pgfsyssoftpath@bigbuffer@items=\count279
)
(C:\Users\santo\AppData\Local\Programs\MiKTeX\tex/generic/pgf/systemlayer\pgfsy
sprotocol.code.tex
File: pgfsysprotocol.code.tex 2023-01-15 v3.1.10 (3.1.10)
))
(C:\Users\santo\AppData\Local\Programs\MiKTeX\tex/latex/xcolor\xcolor.sty
Package: xcolor 2024/09/29 v3.02 LaTeX color extensions (UK)

(C:\Users\santo\AppData\Local\Programs\MiKTeX\tex/latex/graphics-cfg\color.cfg
File: color.cfg 2016/01/02 v1.6 sample color configuration
)
Package xcolor Info: Driver file: pdftex.def on input line 274.
(C:\Users\santo\AppData\Local\Programs\MiKTeX\tex/latex/graphics\mathcolor.ltx)
Package xcolor Info: Model `cmy' substituted by `cmy0' on input line 1349.
Package xcolor Info: Model `hsb' substituted by `rgb' on input line 1353.
Package xcolor Info: Model `RGB' extended on input line 1365.
Package xcolor Info: Model `HTML' substituted by `rgb' on input line 1367.
Package xcolor Info: Model `Hsb' substituted by `hsb' on input line 1368.
Package xcolor Info: Model `tHsb' substituted by `hsb' on input line 1369.
Package xcolor Info: Model `HSB' substituted by `hsb' on input line 1370.
Package xcolor Info: Model `Gray' substituted by `gray' on input line 1371.
Package xcolor Info: Model `wave' substituted by `hsb' on input line 1372.
)
(C:\Users\santo\AppData\Local\Programs\MiKTeX\tex/generic/pgf/basiclayer\pgfcor
e.code.tex
Package: pgfcore 2023-01-15 v3.1.10 (3.1.10)

(C:\Users\santo\AppData\Local\Programs\MiKTeX\tex/generic/pgf/math\pgfmath.code
.tex
(C:\Users\santo\AppData\Local\Programs\MiKTeX\tex/generic/pgf/math\pgfmathutil.
code.tex)
(C:\Users\santo\AppData\Local\Programs\MiKTeX\tex/generic/pgf/math\pgfmathparse
r.code.tex
\pgfmath@dimen=\dimen164
\pgfmath@count=\count280
\pgfmath@box=\box53
\pgfmath@toks=\toks26
\pgfmath@stack@operand=\toks27
\pgfmath@stack@operation=\toks28
)
(C:\Users\santo\AppData\Local\Programs\MiKTeX\tex/generic/pgf/math\pgfmathfunct
ions.code.tex)
(C:\Users\santo\AppData\Local\Programs\MiKTeX\tex/generic/pgf/math\pgfmathfunct
ions.basic.code.tex)
(C:\Users\santo\AppData\Local\Programs\MiKTeX\tex/generic/pgf/math\pgfmathfunct
ions.trigonometric.code.tex)
(C:\Users\santo\AppData\Local\Programs\MiKTeX\tex/generic/pgf/math\pgfmathfunct
ions.random.code.tex)
(C:\Users\santo\AppData\Local\Programs\MiKTeX\tex/generic/pgf/math\pgfmathfunct
ions.comparison.code.tex)
(C:\Users\santo\AppData\Local\Programs\MiKTeX\tex/generic/pgf/math\pgfmathfunct
ions.base.code.tex)
(C:\Users\santo\AppData\Local\Programs\MiKTeX\tex/generic/pgf/math\pgfmathfunct
ions.round.code.tex)
(C:\Users\santo\AppData\Local\Programs\MiKTeX\tex/generic/pgf/math\pgfmathfunct
ions.misc.code.tex)
(C:\Users\santo\AppData\Local\Programs\MiKTeX\tex/generic/pgf/math\pgfmathfunct
ions.integerarithmetics.code.tex)
(C:\Users\santo\AppData\Local\Programs\MiKTeX\tex/generic/pgf/math\pgfmathcalc.
code.tex)
(C:\Users\santo\AppData\Local\Programs\MiKTeX\tex/generic/pgf/math\pgfmathfloat
.code.tex
\c@pgfmathroundto@lastzeros=\count281
))
(C:\Users\santo\AppData\Local\Programs\MiKTeX\tex/generic/pgf/math\pgfint.code.
tex)
(C:\Users\santo\AppData\Local\Programs\MiKTeX\tex/generic/pgf/basiclayer\pgfcor
epoints.code.tex
File: pgfcorepoints.code.tex 2023-01-15 v3.1.10 (3.1.10)
\pgf@picminx=\dimen165
\pgf@picmaxx=\dimen166
\pgf@picminy=\dimen167
\pgf@picmaxy=\dimen168
\pgf@pathminx=\dimen169
\pgf@pathmaxx=\dimen170
\pgf@pathminy=\dimen171
\pgf@pathmaxy=\dimen172
\pgf@xx=\dimen173
\pgf@xy=\dimen174
\pgf@yx=\dimen175
\pgf@yy=\dimen176
\pgf@zx=\dimen177
\pgf@zy=\dimen178
)
(C:\Users\santo\AppData\Local\Programs\MiKTeX\tex/generic/pgf/basiclayer\pgfcor
epathconstruct.code.tex
File: pgfcorepathconstruct.code.tex 2023-01-15 v3.1.10 (3.1.10)
\pgf@path@lastx=\dimen179
\pgf@path@lasty=\dimen180
)
(C:\Users\santo\AppData\Local\Programs\MiKTeX\tex/generic/pgf/basiclayer\pgfcor
epathusage.code.tex
File: pgfcorepathusage.code.tex 2023-01-15 v3.1.10 (3.1.10)
\pgf@shorten@end@additional=\dimen181
\pgf@shorten@start@additional=\dimen182
)
(C:\Users\santo\AppData\Local\Programs\MiKTeX\tex/generic/pgf/basiclayer\pgfcor
escopes.code.tex
File: pgfcorescopes.code.tex 2023-01-15 v3.1.10 (3.1.10)
\pgfpic=\box54
\pgf@hbox=\box55
\pgf@layerbox@main=\box56
\pgf@picture@serial@count=\count282
)
(C:\Users\santo\AppData\Local\Programs\MiKTeX\tex/generic/pgf/basiclayer\pgfcor
egraphicstate.code.tex
File: pgfcoregraphicstate.code.tex 2023-01-15 v3.1.10 (3.1.10)
\pgflinewidth=\dimen183
)
(C:\Users\santo\AppData\Local\Programs\MiKTeX\tex/generic/pgf/basiclayer\pgfcor
etransformations.code.tex
File: pgfcoretransformations.code.tex 2023-01-15 v3.1.10 (3.1.10)
\pgf@pt@x=\dimen184
\pgf@pt@y=\dimen185
\pgf@pt@temp=\dimen186
)
(C:\Users\santo\AppData\Local\Programs\MiKTeX\tex/generic/pgf/basiclayer\pgfcor
equick.code.tex
File: pgfcorequick.code.tex 2023-01-15 v3.1.10 (3.1.10)
)
(C:\Users\santo\AppData\Local\Programs\MiKTeX\tex/generic/pgf/basiclayer\pgfcor
eobjects.code.tex
File: pgfcoreobjects.code.tex 2023-01-15 v3.1.10 (3.1.10)
)
(C:\Users\santo\AppData\Local\Programs\MiKTeX\tex/generic/pgf/basiclayer\pgfcor
epathprocessing.code.tex
File: pgfcorepathprocessing.code.tex 2023-01-15 v3.1.10 (3.1.10)
)
(C:\Users\santo\AppData\Local\Programs\MiKTeX\tex/generic/pgf/basiclayer\pgfcor
earrows.code.tex
File: pgfcorearrows.code.tex 2023-01-15 v3.1.10 (3.1.10)
\pgfarrowsep=\dimen187
)
(C:\Users\santo\AppData\Local\Programs\MiKTeX\tex/generic/pgf/basiclayer\pgfcor
eshade.code.tex
File: pgfcoreshade.code.tex 2023-01-15 v3.1.10 (3.1.10)
\pgf@max=\dimen188
\pgf@sys@shading@range@num=\count283
\pgf@shadingcount=\count284
)
(C:\Users\santo\AppData\Local\Programs\MiKTeX\tex/generic/pgf/basiclayer\pgfcor
eimage.code.tex
File: pgfcoreimage.code.tex 2023-01-15 v3.1.10 (3.1.10)
)
(C:\Users\santo\AppData\Local\Programs\MiKTeX\tex/generic/pgf/basiclayer\pgfcor
eexternal.code.tex
File: pgfcoreexternal.code.tex 2023-01-15 v3.1.10 (3.1.10)
\pgfexternal@startupbox=\box57
)
(C:\Users\santo\AppData\Local\Programs\MiKTeX\tex/generic/pgf/basiclayer\pgfcor
elayers.code.tex
File: pgfcorelayers.code.tex 2023-01-15 v3.1.10 (3.1.10)
)
(C:\Users\santo\AppData\Local\Programs\MiKTeX\tex/generic/pgf/basiclayer\pgfcor
etransparency.code.tex
File: pgfcoretransparency.code.tex 2023-01-15 v3.1.10 (3.1.10)
)
(C:\Users\santo\AppData\Local\Programs\MiKTeX\tex/generic/pgf/basiclayer\pgfcor
epatterns.code.tex
File: pgfcorepatterns.code.tex 2023-01-15 v3.1.10 (3.1.10)
)
(C:\Users\santo\AppData\Local\Programs\MiKTeX\tex/generic/pgf/basiclayer\pgfcor
erdf.code.tex
File: pgfcorerdf.code.tex 2023-01-15 v3.1.10 (3.1.10)
)))
(C:\Users\santo\AppData\Local\Programs\MiKTeX\tex/generic/pgf/modules\pgfmodule
shapes.code.tex
File: pgfmoduleshapes.code.tex 2023-01-15 v3.1.10 (3.1.10)
\pgfnodeparttextbox=\box58
)
(C:\Users\santo\AppData\Local\Programs\MiKTeX\tex/generic/pgf/modules\pgfmodule
plot.code.tex
File: pgfmoduleplot.code.tex 2023-01-15 v3.1.10 (3.1.10)
)
(C:\Users\santo\AppData\Local\Programs\MiKTeX\tex/latex/pgf/compatibility\pgfco
mp-version-0-65.sty
Package: pgfcomp-version-0-65 2023-01-15 v3.1.10 (3.1.10)
\pgf@nodesepstart=\dimen189
\pgf@nodesepend=\dimen190
)
(C:\Users\santo\AppData\Local\Programs\MiKTeX\tex/latex/pgf/compatibility\pgfco
mp-version-1-18.sty
Package: pgfcomp-version-1-18 2023-01-15 v3.1.10 (3.1.10)
))
(C:\Users\santo\AppData\Local\Programs\MiKTeX\tex/latex/pgf/utilities\pgffor.st
y
(C:\Users\santo\AppData\Local\Programs\MiKTeX\tex/latex/pgf/utilities\pgfkeys.s
ty
(C:\Users\santo\AppData\Local\Programs\MiKTeX\tex/generic/pgf/utilities\pgfkeys
.code.tex))
(C:\Users\santo\AppData\Local\Programs\MiKTeX\tex/latex/pgf/math\pgfmath.sty
(C:\Users\santo\AppData\Local\Programs\MiKTeX\tex/generic/pgf/math\pgfmath.code
.tex))
(C:\Users\santo\AppData\Local\Programs\MiKTeX\tex/generic/pgf/utilities\pgffor.
code.tex
Package: pgffor 2023-01-15 v3.1.10 (3.1.10)
\pgffor@iter=\dimen191
\pgffor@skip=\dimen192
\pgffor@stack=\toks29
\pgffor@toks=\toks30
))
(C:\Users\santo\AppData\Local\Programs\MiKTeX\tex/generic/pgf/frontendlayer/tik
z\tikz.code.tex
Package: tikz 2023-01-15 v3.1.10 (3.1.10)

(C:\Users\santo\AppData\Local\Programs\MiKTeX\tex/generic/pgf/libraries\pgflibr
aryplothandlers.code.tex
File: pgflibraryplothandlers.code.tex 2023-01-15 v3.1.10 (3.1.10)
\pgf@plot@mark@count=\count285
\pgfplotmarksize=\dimen193
)
\tikz@lastx=\dimen194
\tikz@lasty=\dimen195
\tikz@lastxsaved=\dimen196
\tikz@lastysaved=\dimen197
\tikz@lastmovetox=\dimen198
\tikz@lastmovetoy=\dimen199
\tikzleveldistance=\dimen256
\tikzsiblingdistance=\dimen257
\tikz@figbox=\box59
\tikz@figbox@bg=\box60
\tikz@tempbox=\box61
\tikz@tempbox@bg=\box62
\tikztreelevel=\count286
\tikznumberofchildren=\count287
\tikznumberofcurrentchild=\count288
\tikz@fig@count=\count289

(C:\Users\santo\AppData\Local\Programs\MiKTeX\tex/generic/pgf/modules\pgfmodule
matrix.code.tex
File: pgfmodulematrix.code.tex 2023-01-15 v3.1.10 (3.1.10)
\pgfmatrixcurrentrow=\count290
\pgfmatrixcurrentcolumn=\count291
\pgf@matrix@numberofcolumns=\count292
)
\tikz@expandcount=\count293

(C:\Users\santo\AppData\Local\Programs\MiKTeX\tex/generic/pgf/frontendlayer/tik
z/libraries\tikzlibrarytopaths.code.tex
File: tikzlibrarytopaths.code.tex 2023-01-15 v3.1.10 (3.1.10)
)))
(C:\Users\santo\AppData\Local\Programs\MiKTeX\tex/latex/qrcode\qrcode.sty
Package: qrcode 2015/01/08 v1.51 QR code generation

(C:\Users\santo\AppData\Local\Programs\MiKTeX\tex/latex/xkeyval\xkeyval.sty
Package: xkeyval 2022/06/16 v2.9 package option processing (HA)

(C:\Users\santo\AppData\Local\Programs\MiKTeX\tex/generic/xkeyval\xkeyval.tex
(C:\Users\santo\AppData\Local\Programs\MiKTeX\tex/generic/xkeyval\xkvutils.tex
\XKV@toks=\toks31
\XKV@tempa@toks=\toks32
)
\XKV@depth=\count294
File: xkeyval.tex 2014/12/03 v2.7a key=value parser (HA)
))
\c@qr@i=\count295
\c@qr@j=\count296
\qr@a=\count297
\qr@b=\count298
\qr@c=\count299
\qr@for@depth=\count300
\qr@for@maxdepth=\count301
\qr@for@start=\count302
\qr@for@end=\count303
\qr@for@step=\count304
\qr@newforcount=\count305
\qr@newforcount=\count306
\qr@desiredheight=\skip51
\qr@modulesize=\skip52
\qr@minipagewidth=\skip53
\c@maski=\count307
\c@maskj=\count308
\c@totalones=\count309
\c@penaltyi=\count310
\c@penaltyii=\count311
\c@penaltyiii=\count312
\c@penaltyiv=\count313
\c@qr@hexchars=\count314
\qr@newforcount=\count315
\c@qr@divisionsremaining=\count316
) (C:\Users\santo\AppData\Local\Programs\MiKTeX\tex/latex/tools\multicol.sty
Package: multicol 2024/09/14 v1.9i multicolumn formatting (FMi)
\c@tracingmulticols=\count317
\mult@box=\box63
\multicol@leftmargin=\dimen258
\c@unbalance=\count318
\c@collectmore=\count319
\doublecol@number=\count320
\multicoltolerance=\count321
\multicolpretolerance=\count322
\full@width=\dimen259
\page@free=\dimen260
\premulticols=\dimen261
\postmulticols=\dimen262
\multicolsep=\skip54
\multicolbaselineskip=\skip55
\partial@page=\box64
\last@line=\box65
\mc@boxedresult=\box66
\maxbalancingoverflow=\dimen263
\mult@rightbox=\box67
\mult@grightbox=\box68
\mult@firstbox=\box69
\mult@gfirstbox=\box70
\@tempa=\box71
\@tempa=\box72
\@tempa=\box73
\@tempa=\box74
\@tempa=\box75
\@tempa=\box76
\@tempa=\box77
\@tempa=\box78
\@tempa=\box79
\@tempa=\box80
\@tempa=\box81
\@tempa=\box82
\@tempa=\box83
\@tempa=\box84
\@tempa=\box85
\@tempa=\box86
\@tempa=\box87
\@tempa=\box88
\@tempa=\box89
\@tempa=\box90
\@tempa=\box91
\@tempa=\box92
\@tempa=\box93
\@tempa=\box94
\@tempa=\box95
\@tempa=\box96
\@tempa=\box97
\@tempa=\box98
\@tempa=\box99
\@tempa=\box100
\@tempa=\box101
\@tempa=\box102
\@tempa=\box103
\@tempa=\box104
\@tempa=\box105
\@tempa=\box106
\c@minrows=\count323
\c@columnbadness=\count324
\c@finalcolumnbadness=\count325
\last@try=\dimen264
\multicolovershoot=\dimen265
\multicolundershoot=\dimen266
\mult@nat@firstbox=\box107
\colbreak@box=\box108
\mc@col@check@num=\count326
)
(C:\Users\santo\AppData\Local\Programs\MiKTeX\tex/latex/l3backend\l3backend-pdf
tex.def
File: l3backend-pdftex.def 2024-05-08 L3 backend support: PDF output (pdfTeX)
\l__color_backend_stack_int=\count327
\l__pdf_internal_box=\box109
)
(C:\projetos\sistema_educacional\api\uploads\CEF04_PLAN\gabaritos\2O.aux
<Reading QR code for " "codigo":168524,"nome":"ARTHUR DA SILVA SOUZA" " at leve
l 1-H from aux file.>
)
\openout1 = `2O.aux'.

LaTeX Font Info:    Checking defaults for OML/cmm/m/it on input line 8.
LaTeX Font Info:    ... okay on input line 8.
LaTeX Font Info:    Checking defaults for OMS/cmsy/m/n on input line 8.
LaTeX Font Info:    ... okay on input line 8.
LaTeX Font Info:    Checking defaults for OT1/cmr/m/n on input line 8.
LaTeX Font Info:    ... okay on input line 8.
LaTeX Font Info:    Checking defaults for T1/cmr/m/n on input line 8.
LaTeX Font Info:    ... okay on input line 8.
LaTeX Font Info:    Checking defaults for TS1/cmr/m/n on input line 8.
LaTeX Font Info:    ... okay on input line 8.
LaTeX Font Info:    Checking defaults for OMX/cmex/m/n on input line 8.
LaTeX Font Info:    ... okay on input line 8.
LaTeX Font Info:    Checking defaults for U/cmr/m/n on input line 8.
LaTeX Font Info:    ... okay on input line 8.

*geometry* driver: auto-detecting
*geometry* detected driver: pdftex
*geometry* verbose mode - [ preamble ] result:
* driver: pdftex
* paper: a4paper
* layout: <same size as paper>
* layoutoffset:(h,v)=(0.0pt,0.0pt)
* modes: 
* h-part:(L,W,R)=(28.45274pt, 540.60239pt, 28.45274pt)
* v-part:(T,H,B)=(28.45274pt, 788.14136pt, 28.45274pt)
* \paperwidth=597.50787pt
* \paperheight=845.04684pt
* \textwidth=540.60239pt
* \textheight=788.14136pt
* \oddsidemargin=-43.81725pt
* \evensidemargin=-43.81725pt
* \topmargin=-80.81725pt
* \headheight=12.0pt
* \headsep=25.0pt
* \topskip=12.0pt
* \footskip=30.0pt
* \marginparwidth=35.0pt
* \marginparsep=10.0pt
* \columnsep=10.0pt
* \skip\footins=10.8pt plus 4.0pt minus 2.0pt
* \hoffset=0.0pt
* \voffset=0.0pt
* \mag=1000
* \@twocolumnfalse
* \@twosidefalse
* \@mparswitchfalse
* \@reversemarginfalse
* (1in=72.27pt=25.4mm, 1cm=28.453pt)


(C:\Users\santo\AppData\Local\Programs\MiKTeX\tex/context/base/mkii\supp-pdf.mk
ii
[Loading MPS to PDF converter (version 2006.09.02).]
\scratchcounter=\count328
\scratchdimen=\dimen267
\scratchbox=\box110
\nofMPsegments=\count329
\nofMParguments=\count330
\everyMPshowfont=\toks33
\MPscratchCnt=\count331
\MPscratchDim=\dimen268
\MPnumerator=\count332
\makeMPintoPDFobject=\count333
\everyMPtoPDFconversion=\toks34
)
(C:\Users\santo\AppData\Local\Programs\MiKTeX\tex/latex/epstopdf-pkg\epstopdf-b
ase.sty
Package: epstopdf-base 2020-01-24 v2.11 Base part for package epstopdf
Package epstopdf-base Info: Redefining graphics rule for `.eps' on input line 4
85.

(C:\Users\santo\AppData\Local\Programs\MiKTeX\tex/latex/00miktex\epstopdf-sys.c
fg
File: epstopdf-sys.cfg 2021/03/18 v2.0 Configuration of epstopdf for MiKTeX
))
! Undefined control sequence.
l.16     \hspce
               *{-1cm}
The control sequence at the end of the top line
of your error message was never \def'ed. If you have
misspelled it (e.g., `\hobx'), type `I' and the correct
spelling (e.g., `I\hbox'). Otherwise just continue,
and I'll forget about whatever was undefined.



<QR code requested for " 168524-ARTHUR_DA_SILVA_SOUZA " in version 0-M.>
<Error-correction level increased from M to Q at no cost.>
<Calculating QR code for " 168524-ARTHUR_DA_SILVA_SOUZA " in version 3-Q.>
<Splitting off block 1> <Splitting off block 2> <Making error block 1>
<Making error block 2> <Interleaving datablocks of length 17\ and 18:  1, 2,
3, 4, 5, 6, 7, 8, 9, 10, 11, 12, 13, 14, 15, 16, 17, .>
<Interleaving errorblocks of length 18:  1, 2, 3, 4, 5, 6, 7, 8, 9, 10, 11,
12, 13, 14, 15, 16, 17, 18, .><Interleaving complete.> <Writing data...
done.>
<Applying Mask 0... done. Calculating penalty... penalty is 1208>
<Applying Mask 1... done. Calculating penalty... penalty is 1138>
<Applying Mask 2... done. Calculating penalty... penalty is 1190>
<Applying Mask 3... done. Calculating penalty... penalty is 1320>
<Applying Mask 4... done. Calculating penalty... penalty is 1219>
<Applying Mask 5... done. Calculating penalty... penalty is 1156>
<Applying Mask 6... done. Calculating penalty... penalty is 1286>
<Applying Mask 7... done. Calculating penalty... penalty is 1198>
<Selected Mask 1>
<Encoding and writing format string... done.>
<Encoding and writing version information... done.>
<Saving QR code to memory... done.>
<Writing QR code to aux file... done.>
<Printing matrix...
LaTeX Font Info:    External font `cmex10' loaded for size
(Font)              <12> on input line 17.
LaTeX Font Info:    External font `cmex10' loaded for size
(Font)              <8> on input line 17.
LaTeX Font Info:    External font `cmex10' loaded for size
(Font)              <6> on input line 17.
 done.>


Overfull \hbox (14.82458pt too wide) in paragraph at lines 9--19
[][] [] 
 []



[1

{C:/Users/santo/AppData/Local/MiKTeX/fonts/map/pdftex/pdftex.map}]
! Undefined control sequence.
l.45     \hspce
               *{-1cm}
The control sequence at the end of the top line
of your error message was never \def'ed. If you have
misspelled it (e.g., `\hobx'), type `I' and the correct
spelling (e.g., `I\hbox'). Otherwise just continue,
and I'll forget about whatever was undefined.




<QR code requested for " 466315-ARTHUR_RODRIGUES_TREVISAN " in version 0-M.>

<Calculating QR code for " 466315-ARTHUR_RODRIGUES_TREVISAN " in version 3-M.>
<Splitting off block 1> <Making error block 1>
<Interleaving datablocks of length 44\ and 45:  1, 2, 3, 4, 5, 6, 7, 8, 9, 10,
11, 12, 13, 14, 15, 16, 17, 18, 19, 20, 21, 22, 23, 24, 25, 26, 27, 28, 29,
30, 31, 32, 33, 34, 35, 36, 37, 38, 39, 40, 41, 42, 43, 44, .>
<Interleaving errorblocks of length 26:  1, 2, 3, 4, 5, 6, 7, 8, 9, 10, 11,
12, 13, 14, 15, 16, 17, 18, 19, 20, 21, 22, 23, 24, 25, 26,
.><Interleaving complete.> <Writing data... done.>
<Applying Mask 0... done. Calculating penalty... penalty is 1217>
<Applying Mask 1... done. Calculating penalty... penalty is 1208>
<Applying Mask 2... done. Calculating penalty... penalty is 1376>
<Applying Mask 3... done. Calculating penalty... penalty is 1192>
<Applying Mask 4... done. Calculating penalty... penalty is 1232>
<Applying Mask 5... done. Calculating penalty... penalty is 1398>
<Applying Mask 6... done. Calculating penalty... penalty is 1309>
<Applying Mask 7... done. Calculating penalty... penalty is 1182>
<Selected Mask 7>
<Encoding and writing format string... done.>
<Encoding and writing version information... done.>
<Saving QR code to memory... done.>
<Writing QR code to aux file... done.>
<Printing matrix... done.>


Overfull \hbox (14.82458pt too wide) in paragraph at lines 38--48
[][] [] 
 []



[2]
! Undefined control sequence.
l.74     \hspce
               *{-1cm}
The control sequence at the end of the top line
of your error message was never \def'ed. If you have
misspelled it (e.g., `\hobx'), type `I' and the correct
spelling (e.g., `I\hbox'). Otherwise just continue,
and I'll forget about whatever was undefined.



<QR code requested for " 435385-BIANCA_GOMES_COSTA " in version 0-M.>
<Error-correction level increased from M to Q at no cost.>
<Calculating QR code for " 435385-BIANCA_GOMES_COSTA " in version 3-Q.>
<Splitting off block 1> <Splitting off block 2> <Making error block 1>
<Making error block 2> <Interleaving datablocks of length 17\ and 18:  1, 2,
3, 4, 5, 6, 7, 8, 9, 10, 11, 12, 13, 14, 15, 16, 17, .>
<Interleaving errorblocks of length 18:  1, 2, 3, 4, 5, 6, 7, 8, 9, 10, 11,
12, 13, 14, 15, 16, 17, 18, .><Interleaving complete.> <Writing data...
done.>
<Applying Mask 0... done. Calculating penalty... penalty is 1253>
<Applying Mask 1... done. Calculating penalty... penalty is 1155>
<Applying Mask 2... done. Calculating penalty... penalty is 1287>
<Applying Mask 3... done. Calculating penalty... penalty is 1216>
<Applying Mask 4... done. Calculating penalty... penalty is 1299>
<Applying Mask 5... done. Calculating penalty... penalty is 1159>
<Applying Mask 6... done. Calculating penalty... penalty is 1144>
<Applying Mask 7... done. Calculating penalty... penalty is 1289>
<Selected Mask 6>
<Encoding and writing format string... done.>
<Encoding and writing version information... done.>
<Saving QR code to memory... done.>
<Writing QR code to aux file... done.>
<Printing matrix... done.>


Overfull \hbox (14.82458pt too wide) in paragraph at lines 67--77
[][] [] 
 []



[3]
! Undefined control sequence.
l.103     \hspce
                *{-1cm}
The control sequence at the end of the top line
of your error message was never \def'ed. If you have
misspelled it (e.g., `\hobx'), type `I' and the correct
spelling (e.g., `I\hbox'). Otherwise just continue,
and I'll forget about whatever was undefined.




<QR code requested for " 491325-CARLOS_EDUARDO_LIMA_SANTOS " in version 0-M.>

<Calculating QR code for " 491325-CARLOS_EDUARDO_LIMA_SANTOS " in version 3-M.>

<Splitting off block 1> <Making error block 1>
<Interleaving datablocks of length 44\ and 45:  1, 2, 3, 4, 5, 6, 7, 8, 9, 10,
11, 12, 13, 14, 15, 16, 17, 18, 19, 20, 21, 22, 23, 24, 25, 26, 27, 28, 29,
30, 31, 32, 33, 34, 35, 36, 37, 38, 39, 40, 41, 42, 43, 44, .>
<Interleaving errorblocks of length 26:  1, 2, 3, 4, 5, 6, 7, 8, 9, 10, 11,
12, 13, 14, 15, 16, 17, 18, 19, 20, 21, 22, 23, 24, 25, 26,
.><Interleaving complete.> <Writing data... done.>
<Applying Mask 0... done. Calculating penalty... penalty is 1234>
<Applying Mask 1... done. Calculating penalty... penalty is 1278>
<Applying Mask 2... done. Calculating penalty... penalty is 1309>
<Applying Mask 3... done. Calculating penalty... penalty is 1118>
<Applying Mask 4... done. Calculating penalty... penalty is 1287>
<Applying Mask 5... done. Calculating penalty... penalty is 1271>
<Applying Mask 6... done. Calculating penalty... penalty is 1341>
<Applying Mask 7... done. Calculating penalty... penalty is 1173>
<Selected Mask 3>
<Encoding and writing format string... done.>
<Encoding and writing version information... done.>
<Saving QR code to memory... done.>
<Writing QR code to aux file... done.>
<Printing matrix... done.>


Overfull \hbox (14.82458pt too wide) in paragraph at lines 96--106
[][] [] 
 []



[4]
! Undefined control sequence.
l.132     \hspce
                *{-1cm}
The control sequence at the end of the top line
of your error message was never \def'ed. If you have
misspelled it (e.g., `\hobx'), type `I' and the correct
spelling (e.g., `I\hbox'). Otherwise just continue,
and I'll forget about whatever was undefined.




<QR code requested for " 532634-CARLOS_EDUARDO_SOARES_RODRIGUES " in version 0-
M.>

<Calculating QR code for " 532634-CARLOS_EDUARDO_SOARES_RODRIGUES " in version 
3-M.>
<Splitting off block 1> <Making error block 1>
<Interleaving datablocks of length 44\ and 45:  1, 2, 3, 4, 5, 6, 7, 8, 9, 10,
11, 12, 13, 14, 15, 16, 17, 18, 19, 20, 21, 22, 23, 24, 25, 26, 27, 28, 29,
30, 31, 32, 33, 34, 35, 36, 37, 38, 39, 40, 41, 42, 43, 44, .>
<Interleaving errorblocks of length 26:  1, 2, 3, 4, 5, 6, 7, 8, 9, 10, 11,
12, 13, 14, 15, 16, 17, 18, 19, 20, 21, 22, 23, 24, 25, 26,
.><Interleaving complete.> <Writing data... done.>
<Applying Mask 0... done. Calculating penalty... penalty is 1164>
<Applying Mask 1... done. Calculating penalty... penalty is 1208>
<Applying Mask 2... done. Calculating penalty... penalty is 1281>
<Applying Mask 3... done. Calculating penalty... penalty is 1282>
<Applying Mask 4... done. Calculating penalty... penalty is 1221>
<Applying Mask 5... done. Calculating penalty... penalty is 1331>
<Applying Mask 6... done. Calculating penalty... penalty is 1250>
<Applying Mask 7... done. Calculating penalty... penalty is 1182>
<Selected Mask 0>
<Encoding and writing format string... done.>
<Encoding and writing version information... done.>
<Saving QR code to memory... done.>
<Writing QR code to aux file... done.>
<Printing matrix... done.>


Overfull \hbox (14.82458pt too wide) in paragraph at lines 125--135
[][] [] 
 []



[5]
! Undefined control sequence.
l.161     \hspce
                *{-1cm}
The control sequence at the end of the top line
of your error message was never \def'ed. If you have
misspelled it (e.g., `\hobx'), type `I' and the correct
spelling (e.g., `I\hbox'). Otherwise just continue,
and I'll forget about whatever was undefined.




<QR code requested for " 579335-DAVI_DO_CARMO_CONCEIÇÃO " in version 0-M.>

<Calculating QR code for " 579335-DAVI_DO_CARMO_CONCEIÇÃO " in version 3-M.>
<Splitting off block 1> <Making error block 1>
<Interleaving datablocks of length 44\ and 45:  1, 2, 3, 4, 5, 6, 7, 8, 9, 10,
11, 12, 13, 14, 15, 16, 17, 18, 19, 20, 21, 22, 23, 24, 25, 26, 27, 28, 29,
30, 31, 32, 33, 34, 35, 36, 37, 38, 39, 40, 41, 42, 43, 44, .>
<Interleaving errorblocks of length 26:  1, 2, 3, 4, 5, 6, 7, 8, 9, 10, 11,
12, 13, 14, 15, 16, 17, 18, 19, 20, 21, 22, 23, 24, 25, 26,
.><Interleaving complete.> <Writing data... done.>
<Applying Mask 0... done. Calculating penalty... penalty is 1277>
<Applying Mask 1... done. Calculating penalty... penalty is 1193>
<Applying Mask 2... done. Calculating penalty... penalty is 1220>
<Applying Mask 3... done. Calculating penalty... penalty is 1185>
<Applying Mask 4... done. Calculating penalty... penalty is 1216>
<Applying Mask 5... done. Calculating penalty... penalty is 1139>
<Applying Mask 6... done. Calculating penalty... penalty is 1178>
<Applying Mask 7... done. Calculating penalty... penalty is 1222>
<Selected Mask 5>
<Encoding and writing format string... done.>
<Encoding and writing version information... done.>
<Saving QR code to memory... done.>
<Writing QR code to aux file... done.>
<Printing matrix... done.>


Overfull \hbox (14.82458pt too wide) in paragraph at lines 154--164
[][] [] 
 []



[6]
! Undefined control sequence.
l.190     \hspce
                *{-1cm}
The control sequence at the end of the top line
of your error message was never \def'ed. If you have
misspelled it (e.g., `\hobx'), type `I' and the correct
spelling (e.g., `I\hbox'). Otherwise just continue,
and I'll forget about whatever was undefined.



<QR code requested for " 554406-DAVI_GOMES_DE_SOUSA " in version 0-M.>
<Error-correction level increased from M to Q at no cost.>
<Calculating QR code for " 554406-DAVI_GOMES_DE_SOUSA " in version 3-Q.>
<Splitting off block 1> <Splitting off block 2> <Making error block 1>
<Making error block 2> <Interleaving datablocks of length 17\ and 18:  1, 2,
3, 4, 5, 6, 7, 8, 9, 10, 11, 12, 13, 14, 15, 16, 17, .>
<Interleaving errorblocks of length 18:  1, 2, 3, 4, 5, 6, 7, 8, 9, 10, 11,
12, 13, 14, 15, 16, 17, 18, .><Interleaving complete.> <Writing data...
done.>
<Applying Mask 0... done. Calculating penalty... penalty is 1243>
<Applying Mask 1... done. Calculating penalty... penalty is 1202>
<Applying Mask 2... done. Calculating penalty... penalty is 1285>
<Applying Mask 3... done. Calculating penalty... penalty is 1277>
<Applying Mask 4... done. Calculating penalty... penalty is 1174>
<Applying Mask 5... done. Calculating penalty... penalty is 1176>
<Applying Mask 6... done. Calculating penalty... penalty is 1239>
<Applying Mask 7... done. Calculating penalty... penalty is 1138>
<Selected Mask 7>
<Encoding and writing format string... done.>
<Encoding and writing version information... done.>
<Saving QR code to memory... done.>
<Writing QR code to aux file... done.>
<Printing matrix... done.>


Overfull \hbox (14.82458pt too wide) in paragraph at lines 183--193
[][] [] 
 []



[7]
! Undefined control sequence.
l.219     \hspce
                *{-1cm}
The control sequence at the end of the top line
of your error message was never \def'ed. If you have
misspelled it (e.g., `\hobx'), type `I' and the correct
spelling (e.g., `I\hbox'). Otherwise just continue,
and I'll forget about whatever was undefined.




<QR code requested for " 395373-DAVI_RODRIGUES_DE_FRANÇA " in version 0-M.>

<Calculating QR code for " 395373-DAVI_RODRIGUES_DE_FRANÇA " in version 3-M.>
<Splitting off block 1> <Making error block 1>
<Interleaving datablocks of length 44\ and 45:  1, 2, 3, 4, 5, 6, 7, 8, 9, 10,
11, 12, 13, 14, 15, 16, 17, 18, 19, 20, 21, 22, 23, 24, 25, 26, 27, 28, 29,
30, 31, 32, 33, 34, 35, 36, 37, 38, 39, 40, 41, 42, 43, 44, .>
<Interleaving errorblocks of length 26:  1, 2, 3, 4, 5, 6, 7, 8, 9, 10, 11,
12, 13, 14, 15, 16, 17, 18, 19, 20, 21, 22, 23, 24, 25, 26,
.><Interleaving complete.> <Writing data... done.>
<Applying Mask 0... done. Calculating penalty... penalty is 1189>
<Applying Mask 1... done. Calculating penalty... penalty is 1242>
<Applying Mask 2... done. Calculating penalty... penalty is 1295>
<Applying Mask 3... done. Calculating penalty... penalty is 1174>
<Applying Mask 4... done. Calculating penalty... penalty is 1298>
<Applying Mask 5... done. Calculating penalty... penalty is 1322>
<Applying Mask 6... done. Calculating penalty... penalty is 1292>
<Applying Mask 7... done. Calculating penalty... penalty is 1211>
<Selected Mask 3>
<Encoding and writing format string... done.>
<Encoding and writing version information... done.>
<Saving QR code to memory... done.>
<Writing QR code to aux file... done.>
<Printing matrix... done.>


Overfull \hbox (14.82458pt too wide) in paragraph at lines 212--222
[][] [] 
 []



[8]
! Undefined control sequence.
l.248     \hspce
                *{-1cm}
The control sequence at the end of the top line
of your error message was never \def'ed. If you have
misspelled it (e.g., `\hobx'), type `I' and the correct
spelling (e.g., `I\hbox'). Otherwise just continue,
and I'll forget about whatever was undefined.




<QR code requested for " 532652-DIEGO_IARLEY_SILVA_DA_ROCHA " in version 0-M.>

<Calculating QR code for " 532652-DIEGO_IARLEY_SILVA_DA_ROCHA " in version 3-M.
>
<Splitting off block 1> <Making error block 1>
<Interleaving datablocks of length 44\ and 45:  1, 2, 3, 4, 5, 6, 7, 8, 9, 10,
11, 12, 13, 14, 15, 16, 17, 18, 19, 20, 21, 22, 23, 24, 25, 26, 27, 28, 29,
30, 31, 32, 33, 34, 35, 36, 37, 38, 39, 40, 41, 42, 43, 44, .>
<Interleaving errorblocks of length 26:  1, 2, 3, 4, 5, 6, 7, 8, 9, 10, 11,
12, 13, 14, 15, 16, 17, 18, 19, 20, 21, 22, 23, 24, 25, 26,
.><Interleaving complete.> <Writing data... done.>
<Applying Mask 0... done. Calculating penalty... penalty is 1221>
<Applying Mask 1... done. Calculating penalty... penalty is 1295>
<Applying Mask 2... done. Calculating penalty... penalty is 1225>
<Applying Mask 3... done. Calculating penalty... penalty is 1177>
<Applying Mask 4... done. Calculating penalty... penalty is 1207>
<Applying Mask 5... done. Calculating penalty... penalty is 1326>
<Applying Mask 6... done. Calculating penalty... penalty is 1327>
<Applying Mask 7... done. Calculating penalty... penalty is 1291>
<Selected Mask 3>
<Encoding and writing format string... done.>
<Encoding and writing version information... done.>
<Saving QR code to memory... done.>
<Writing QR code to aux file... done.>
<Printing matrix... done.>


Overfull \hbox (14.82458pt too wide) in paragraph at lines 241--251
[][] [] 
 []



[9]
! Undefined control sequence.
l.277     \hspce
                *{-1cm}
The control sequence at the end of the top line
of your error message was never \def'ed. If you have
misspelled it (e.g., `\hobx'), type `I' and the correct
spelling (e.g., `I\hbox'). Otherwise just continue,
and I'll forget about whatever was undefined.




<QR code requested for " 592098-ELISA_VITÓRIA_FERREIRA_ALVES " in version 0-M.
>

<Calculating QR code for " 592098-ELISA_VITÓRIA_FERREIRA_ALVES " in version 3-
M.>
<Splitting off block 1> <Making error block 1>
<Interleaving datablocks of length 44\ and 45:  1, 2, 3, 4, 5, 6, 7, 8, 9, 10,
11, 12, 13, 14, 15, 16, 17, 18, 19, 20, 21, 22, 23, 24, 25, 26, 27, 28, 29,
30, 31, 32, 33, 34, 35, 36, 37, 38, 39, 40, 41, 42, 43, 44, .>
<Interleaving errorblocks of length 26:  1, 2, 3, 4, 5, 6, 7, 8, 9, 10, 11,
12, 13, 14, 15, 16, 17, 18, 19, 20, 21, 22, 23, 24, 25, 26,
.><Interleaving complete.> <Writing data... done.>
<Applying Mask 0... done. Calculating penalty... penalty is 1247>
<Applying Mask 1... done. Calculating penalty... penalty is 1389>
<Applying Mask 2... done. Calculating penalty... penalty is 1309>
<Applying Mask 3... done. Calculating penalty... penalty is 1208>
<Applying Mask 4... done. Calculating penalty... penalty is 1174>
<Applying Mask 5... done. Calculating penalty... penalty is 1267>
<Applying Mask 6... done. Calculating penalty... penalty is 1238>
<Applying Mask 7... done. Calculating penalty... penalty is 1265>
<Selected Mask 4>
<Encoding and writing format string... done.>
<Encoding and writing version information... done.>
<Saving QR code to memory... done.>
<Writing QR code to aux file... done.>
<Printing matrix... done.>


Overfull \hbox (14.82458pt too wide) in paragraph at lines 270--280
[][] [] 
 []



[10]
! Undefined control sequence.
l.306     \hspce
                *{-1cm}
The control sequence at the end of the top line
of your error message was never \def'ed. If you have
misspelled it (e.g., `\hobx'), type `I' and the correct
spelling (e.g., `I\hbox'). Otherwise just continue,
and I'll forget about whatever was undefined.




<QR code requested for " 607055-EMANUELLE_BARBOSA_MARTINS_DA_SILVA " in version
 0-M.>
<Error-correction level increased from M to Q at no cost.>

<Calculating QR code for " 607055-EMANUELLE_BARBOSA_MARTINS_DA_SILVA " in versi
on 4-Q.>
<Splitting off block 1> <Splitting off block 2> <Making error block 1>
<Making error block 2> <Interleaving datablocks of length 24\ and 25:  1, 2,
3, 4, 5, 6, 7, 8, 9, 10, 11, 12, 13, 14, 15, 16, 17, 18, 19, 20, 21, 22, 23,
24, .> <Interleaving errorblocks of length 26:  1, 2, 3, 4, 5, 6, 7, 8, 9, 10,
11, 12, 13, 14, 15, 16, 17, 18, 19, 20, 21, 22, 23, 24, 25, 26,
.><Interleaving complete.> <Writing data... done.>
<Applying Mask 0... done. Calculating penalty... penalty is 1297>
<Applying Mask 1... done. Calculating penalty... penalty is 1376>
<Applying Mask 2... done. Calculating penalty... penalty is 1349>
<Applying Mask 3... done. Calculating penalty... penalty is 1409>
<Applying Mask 4... done. Calculating penalty... penalty is 1279>
<Applying Mask 5... done. Calculating penalty... penalty is 1420>
<Applying Mask 6... done. Calculating penalty... penalty is 1495>
<Applying Mask 7... done. Calculating penalty... penalty is 1364>
<Selected Mask 4>
<Encoding and writing format string... done.>
<Encoding and writing version information... done.>
<Saving QR code to memory... done.>
<Writing QR code to aux file... done.>
<Printing matrix... done.>


Overfull \hbox (14.82458pt too wide) in paragraph at lines 299--309
[][] [] 
 []



[11]
! Undefined control sequence.
l.335     \hspce
                *{-1cm}
The control sequence at the end of the top line
of your error message was never \def'ed. If you have
misspelled it (e.g., `\hobx'), type `I' and the correct
spelling (e.g., `I\hbox'). Otherwise just continue,
and I'll forget about whatever was undefined.



<QR code requested for " 479775-EVELYN_GOMES_DE_LIMA " in version 0-M.>
<Error-correction level increased from M to Q at no cost.>
<Calculating QR code for " 479775-EVELYN_GOMES_DE_LIMA " in version 3-Q.>
<Splitting off block 1> <Splitting off block 2> <Making error block 1>
<Making error block 2> <Interleaving datablocks of length 17\ and 18:  1, 2,
3, 4, 5, 6, 7, 8, 9, 10, 11, 12, 13, 14, 15, 16, 17, .>
<Interleaving errorblocks of length 18:  1, 2, 3, 4, 5, 6, 7, 8, 9, 10, 11,
12, 13, 14, 15, 16, 17, 18, .><Interleaving complete.> <Writing data...
done.>
<Applying Mask 0... done. Calculating penalty... penalty is 1229>
<Applying Mask 1... done. Calculating penalty... penalty is 1262>
<Applying Mask 2... done. Calculating penalty... penalty is 1140>
<Applying Mask 3... done. Calculating penalty... penalty is 1189>
<Applying Mask 4... done. Calculating penalty... penalty is 1305>
<Applying Mask 5... done. Calculating penalty... penalty is 1167>
<Applying Mask 6... done. Calculating penalty... penalty is 1300>
<Applying Mask 7... done. Calculating penalty... penalty is 1110>
<Selected Mask 7>
<Encoding and writing format string... done.>
<Encoding and writing version information... done.>
<Saving QR code to memory... done.>
<Writing QR code to aux file... done.>
<Printing matrix... done.>


Overfull \hbox (14.82458pt too wide) in paragraph at lines 328--338
[][] [] 
 []



[12]
! Undefined control sequence.
l.364     \hspce
                *{-1cm}
The control sequence at the end of the top line
of your error message was never \def'ed. If you have
misspelled it (e.g., `\hobx'), type `I' and the correct
spelling (e.g., `I\hbox'). Otherwise just continue,
and I'll forget about whatever was undefined.



<QR code requested for " 567644-GIOVANNI_VAZ_GERMANO " in version 0-M.>
<Error-correction level increased from M to Q at no cost.>
<Calculating QR code for " 567644-GIOVANNI_VAZ_GERMANO " in version 3-Q.>
<Splitting off block 1> <Splitting off block 2> <Making error block 1>
<Making error block 2> <Interleaving datablocks of length 17\ and 18:  1, 2,
3, 4, 5, 6, 7, 8, 9, 10, 11, 12, 13, 14, 15, 16, 17, .>
<Interleaving errorblocks of length 18:  1, 2, 3, 4, 5, 6, 7, 8, 9, 10, 11,
12, 13, 14, 15, 16, 17, 18, .><Interleaving complete.> <Writing data...
done.>
<Applying Mask 0... done. Calculating penalty... penalty is 1209>
<Applying Mask 1... done. Calculating penalty... penalty is 1221>
<Applying Mask 2... done. Calculating penalty... penalty is 1264>
<Applying Mask 3... done. Calculating penalty... penalty is 1101>
<Applying Mask 4... done. Calculating penalty... penalty is 1229>
<Applying Mask 5... done. Calculating penalty... penalty is 1224>
<Applying Mask 6... done. Calculating penalty... penalty is 1221>
<Applying Mask 7... done. Calculating penalty... penalty is 1269>
<Selected Mask 3>
<Encoding and writing format string... done.>
<Encoding and writing version information... done.>
<Saving QR code to memory... done.>
<Writing QR code to aux file... done.>
<Printing matrix... done.>


Overfull \hbox (14.82458pt too wide) in paragraph at lines 357--367
[][] [] 
 []



[13]
! Undefined control sequence.
l.393     \hspce
                *{-1cm}
The control sequence at the end of the top line
of your error message was never \def'ed. If you have
misspelled it (e.g., `\hobx'), type `I' and the correct
spelling (e.g., `I\hbox'). Otherwise just continue,
and I'll forget about whatever was undefined.



<QR code requested for " 420156-GUSTAVO_MONTEIRO_LIMA " in version 0-M.>
<Error-correction level increased from M to Q at no cost.>
<Calculating QR code for " 420156-GUSTAVO_MONTEIRO_LIMA " in version 3-Q.>
<Splitting off block 1> <Splitting off block 2> <Making error block 1>
<Making error block 2> <Interleaving datablocks of length 17\ and 18:  1, 2,
3, 4, 5, 6, 7, 8, 9, 10, 11, 12, 13, 14, 15, 16, 17, .>
<Interleaving errorblocks of length 18:  1, 2, 3, 4, 5, 6, 7, 8, 9, 10, 11,
12, 13, 14, 15, 16, 17, 18, .><Interleaving complete.> <Writing data...
done.>
<Applying Mask 0... done. Calculating penalty... penalty is 1138>
<Applying Mask 1... done. Calculating penalty... penalty is 1212>
<Applying Mask 2... done. Calculating penalty... penalty is 1185>
<Applying Mask 3... done. Calculating penalty... penalty is 1191>
<Applying Mask 4... done. Calculating penalty... penalty is 1284>
<Applying Mask 5... done. Calculating penalty... penalty is 1244>
<Applying Mask 6... done. Calculating penalty... penalty is 1260>
<Applying Mask 7... done. Calculating penalty... penalty is 1250>
<Selected Mask 0>
<Encoding and writing format string... done.>
<Encoding and writing version information... done.>
<Saving QR code to memory... done.>
<Writing QR code to aux file... done.>
<Printing matrix... done.>


Overfull \hbox (14.82458pt too wide) in paragraph at lines 386--396
[][] [] 
 []



[14]
! Undefined control sequence.
l.422     \hspce
                *{-1cm}
The control sequence at the end of the top line
of your error message was never \def'ed. If you have
misspelled it (e.g., `\hobx'), type `I' and the correct
spelling (e.g., `I\hbox'). Otherwise just continue,
and I'll forget about whatever was undefined.



<QR code requested for " 529639-JÚLIA_DE_SOUSA_SILVA " in version 0-M.>
<Error-correction level increased from M to Q at no cost.>
<Calculating QR code for " 529639-JÚLIA_DE_SOUSA_SILVA " in version 3-Q.>
<Splitting off block 1> <Splitting off block 2> <Making error block 1>
<Making error block 2> <Interleaving datablocks of length 17\ and 18:  1, 2,
3, 4, 5, 6, 7, 8, 9, 10, 11, 12, 13, 14, 15, 16, 17, .>
<Interleaving errorblocks of length 18:  1, 2, 3, 4, 5, 6, 7, 8, 9, 10, 11,
12, 13, 14, 15, 16, 17, 18, .><Interleaving complete.> <Writing data...
done.>
<Applying Mask 0... done. Calculating penalty... penalty is 1153>
<Applying Mask 1... done. Calculating penalty... penalty is 1242>
<Applying Mask 2... done. Calculating penalty... penalty is 1228>
<Applying Mask 3... done. Calculating penalty... penalty is 1198>
<Applying Mask 4... done. Calculating penalty... penalty is 1226>
<Applying Mask 5... done. Calculating penalty... penalty is 1184>
<Applying Mask 6... done. Calculating penalty... penalty is 1247>
<Applying Mask 7... done. Calculating penalty... penalty is 1279>
<Selected Mask 0>
<Encoding and writing format string... done.>
<Encoding and writing version information... done.>
<Saving QR code to memory... done.>
<Writing QR code to aux file... done.>
<Printing matrix... done.>


Overfull \hbox (14.82458pt too wide) in paragraph at lines 415--425
[][] [] 
 []



[15]
! Undefined control sequence.
l.451     \hspce
                *{-1cm}
The control sequence at the end of the top line
of your error message was never \def'ed. If you have
misspelled it (e.g., `\hobx'), type `I' and the correct
spelling (e.g., `I\hbox'). Otherwise just continue,
and I'll forget about whatever was undefined.




<QR code requested for " 527714-KEMILLY_LAURA_HOLANDA_FELICIANO " in version 0-
M.>

<Calculating QR code for " 527714-KEMILLY_LAURA_HOLANDA_FELICIANO " in version 
3-M.>
<Splitting off block 1> <Making error block 1>
<Interleaving datablocks of length 44\ and 45:  1, 2, 3, 4, 5, 6, 7, 8, 9, 10,
11, 12, 13, 14, 15, 16, 17, 18, 19, 20, 21, 22, 23, 24, 25, 26, 27, 28, 29,
30, 31, 32, 33, 34, 35, 36, 37, 38, 39, 40, 41, 42, 43, 44, .>
<Interleaving errorblocks of length 26:  1, 2, 3, 4, 5, 6, 7, 8, 9, 10, 11,
12, 13, 14, 15, 16, 17, 18, 19, 20, 21, 22, 23, 24, 25, 26,
.><Interleaving complete.> <Writing data... done.>
<Applying Mask 0... done. Calculating penalty... penalty is 1161>
<Applying Mask 1... done. Calculating penalty... penalty is 1177>
<Applying Mask 2... done. Calculating penalty... penalty is 1231>
<Applying Mask 3... done. Calculating penalty... penalty is 1169>
<Applying Mask 4... done. Calculating penalty... penalty is 1252>
<Applying Mask 5... done. Calculating penalty... penalty is 1278>
<Applying Mask 6... done. Calculating penalty... penalty is 1265>
<Applying Mask 7... done. Calculating penalty... penalty is 1254>
<Selected Mask 0>
<Encoding and writing format string... done.>
<Encoding and writing version information... done.>
<Saving QR code to memory... done.>
<Writing QR code to aux file... done.>
<Printing matrix... done.>


Overfull \hbox (14.82458pt too wide) in paragraph at lines 444--454
[][] [] 
 []



[16]
! Undefined control sequence.
l.480     \hspce
                *{-1cm}
The control sequence at the end of the top line
of your error message was never \def'ed. If you have
misspelled it (e.g., `\hobx'), type `I' and the correct
spelling (e.g., `I\hbox'). Otherwise just continue,
and I'll forget about whatever was undefined.




<QR code requested for " 529697-KENNEDY_RYAN_ALVES_DE_AVELAR_DA_SILVA " in vers
ion 0-M.>
<Error-correction level increased from M to Q at no cost.>

<Calculating QR code for " 529697-KENNEDY_RYAN_ALVES_DE_AVELAR_DA_SILVA " in ve
rsion 4-Q.>
<Splitting off block 1> <Splitting off block 2> <Making error block 1>
<Making error block 2> <Interleaving datablocks of length 24\ and 25:  1, 2,
3, 4, 5, 6, 7, 8, 9, 10, 11, 12, 13, 14, 15, 16, 17, 18, 19, 20, 21, 22, 23,
24, .> <Interleaving errorblocks of length 26:  1, 2, 3, 4, 5, 6, 7, 8, 9, 10,
11, 12, 13, 14, 15, 16, 17, 18, 19, 20, 21, 22, 23, 24, 25, 26,
.><Interleaving complete.> <Writing data... done.>
<Applying Mask 0... done. Calculating penalty... penalty is 1264>
<Applying Mask 1... done. Calculating penalty... penalty is 1273>
<Applying Mask 2... done. Calculating penalty... penalty is 1377>
<Applying Mask 3... done. Calculating penalty... penalty is 1316>
<Applying Mask 4... done. Calculating penalty... penalty is 1254>
<Applying Mask 5... done. Calculating penalty... penalty is 1506>
<Applying Mask 6... done. Calculating penalty... penalty is 1363>
<Applying Mask 7... done. Calculating penalty... penalty is 1317>
<Selected Mask 4>
<Encoding and writing format string... done.>
<Encoding and writing version information... done.>
<Saving QR code to memory... done.>
<Writing QR code to aux file... done.>
<Printing matrix... done.>


Overfull \hbox (14.82458pt too wide) in paragraph at lines 473--483
[][] [] 
 []



[17]
! Undefined control sequence.
l.509     \hspce
                *{-1cm}
The control sequence at the end of the top line
of your error message was never \def'ed. If you have
misspelled it (e.g., `\hobx'), type `I' and the correct
spelling (e.g., `I\hbox'). Otherwise just continue,
and I'll forget about whatever was undefined.




<QR code requested for " 492964-LUÍS_FELIPE_BATISTA_DE_MOURA " in version 0-M.
>

<Calculating QR code for " 492964-LUÍS_FELIPE_BATISTA_DE_MOURA " in version 3-
M.>
<Splitting off block 1> <Making error block 1>
<Interleaving datablocks of length 44\ and 45:  1, 2, 3, 4, 5, 6, 7, 8, 9, 10,
11, 12, 13, 14, 15, 16, 17, 18, 19, 20, 21, 22, 23, 24, 25, 26, 27, 28, 29,
30, 31, 32, 33, 34, 35, 36, 37, 38, 39, 40, 41, 42, 43, 44, .>
<Interleaving errorblocks of length 26:  1, 2, 3, 4, 5, 6, 7, 8, 9, 10, 11,
12, 13, 14, 15, 16, 17, 18, 19, 20, 21, 22, 23, 24, 25, 26,
.><Interleaving complete.> <Writing data... done.>
<Applying Mask 0... done. Calculating penalty... penalty is 1220>
<Applying Mask 1... done. Calculating penalty... penalty is 1226>
<Applying Mask 2... done. Calculating penalty... penalty is 1385>
<Applying Mask 3... done. Calculating penalty... penalty is 1201>
<Applying Mask 4... done. Calculating penalty... penalty is 1220>
<Applying Mask 5... done. Calculating penalty... penalty is 1412>
<Applying Mask 6... done. Calculating penalty... penalty is 1231>
<Applying Mask 7... done. Calculating penalty... penalty is 1282>
<Selected Mask 3>
<Encoding and writing format string... done.>
<Encoding and writing version information... done.>
<Saving QR code to memory... done.>
<Writing QR code to aux file... done.>
<Printing matrix... done.>


Overfull \hbox (14.82458pt too wide) in paragraph at lines 502--512
[][] [] 
 []



[18]
! Undefined control sequence.
l.538     \hspce
                *{-1cm}
The control sequence at the end of the top line
of your error message was never \def'ed. If you have
misspelled it (e.g., `\hobx'), type `I' and the correct
spelling (e.g., `I\hbox'). Otherwise just continue,
and I'll forget about whatever was undefined.




<QR code requested for " 463100-MAICON_DOUGLAS_DE_ALMEIDA_LOPES " in version 0-
M.>

<Calculating QR code for " 463100-MAICON_DOUGLAS_DE_ALMEIDA_LOPES " in version 
3-M.>
<Splitting off block 1> <Making error block 1>
<Interleaving datablocks of length 44\ and 45:  1, 2, 3, 4, 5, 6, 7, 8, 9, 10,
11, 12, 13, 14, 15, 16, 17, 18, 19, 20, 21, 22, 23, 24, 25, 26, 27, 28, 29,
30, 31, 32, 33, 34, 35, 36, 37, 38, 39, 40, 41, 42, 43, 44, .>
<Interleaving errorblocks of length 26:  1, 2, 3, 4, 5, 6, 7, 8, 9, 10, 11,
12, 13, 14, 15, 16, 17, 18, 19, 20, 21, 22, 23, 24, 25, 26,
.><Interleaving complete.> <Writing data... done.>
<Applying Mask 0... done. Calculating penalty... penalty is 1282>
<Applying Mask 1... done. Calculating penalty... penalty is 1250>
<Applying Mask 2... done. Calculating penalty... penalty is 1225>
<Applying Mask 3... done. Calculating penalty... penalty is 1247>
<Applying Mask 4... done. Calculating penalty... penalty is 1178>
<Applying Mask 5... done. Calculating penalty... penalty is 1251>
<Applying Mask 6... done. Calculating penalty... penalty is 1234>
<Applying Mask 7... done. Calculating penalty... penalty is 1316>
<Selected Mask 4>
<Encoding and writing format string... done.>
<Encoding and writing version information... done.>
<Saving QR code to memory... done.>
<Writing QR code to aux file... done.>
<Printing matrix... done.>


Overfull \hbox (14.82458pt too wide) in paragraph at lines 531--541
[][] [] 
 []



[19]
! Undefined control sequence.
l.567     \hspce
                *{-1cm}
The control sequence at the end of the top line
of your error message was never \def'ed. If you have
misspelled it (e.g., `\hobx'), type `I' and the correct
spelling (e.g., `I\hbox'). Otherwise just continue,
and I'll forget about whatever was undefined.




<QR code requested for " 352874-MARIA_EDUARDA_LINO_DE_ALMEIDA " in version 0-M.
>

<Calculating QR code for " 352874-MARIA_EDUARDA_LINO_DE_ALMEIDA " in version 3-
M.>
<Splitting off block 1> <Making error block 1>
<Interleaving datablocks of length 44\ and 45:  1, 2, 3, 4, 5, 6, 7, 8, 9, 10,
11, 12, 13, 14, 15, 16, 17, 18, 19, 20, 21, 22, 23, 24, 25, 26, 27, 28, 29,
30, 31, 32, 33, 34, 35, 36, 37, 38, 39, 40, 41, 42, 43, 44, .>
<Interleaving errorblocks of length 26:  1, 2, 3, 4, 5, 6, 7, 8, 9, 10, 11,
12, 13, 14, 15, 16, 17, 18, 19, 20, 21, 22, 23, 24, 25, 26,
.><Interleaving complete.> <Writing data... done.>
<Applying Mask 0... done. Calculating penalty... penalty is 1169>
<Applying Mask 1... done. Calculating penalty... penalty is 1178>
<Applying Mask 2... done. Calculating penalty... penalty is 1332>
<Applying Mask 3... done. Calculating penalty... penalty is 1157>
<Applying Mask 4... done. Calculating penalty... penalty is 1150>
<Applying Mask 5... done. Calculating penalty... penalty is 1360>
<Applying Mask 6... done. Calculating penalty... penalty is 1261>
<Applying Mask 7... done. Calculating penalty... penalty is 1310>
<Selected Mask 4>
<Encoding and writing format string... done.>
<Encoding and writing version information... done.>
<Saving QR code to memory... done.>
<Writing QR code to aux file... done.>
<Printing matrix... done.>


Overfull \hbox (14.82458pt too wide) in paragraph at lines 560--570
[][] [] 
 []



[20]
! Undefined control sequence.
l.596     \hspce
                *{-1cm}
The control sequence at the end of the top line
of your error message was never \def'ed. If you have
misspelled it (e.g., `\hobx'), type `I' and the correct
spelling (e.g., `I\hbox'). Otherwise just continue,
and I'll forget about whatever was undefined.




<QR code requested for " 500251-MARIA_JULIA_REIS_DE_LIMA " in version 0-M.>

<Calculating QR code for " 500251-MARIA_JULIA_REIS_DE_LIMA " in version 3-M.>
<Splitting off block 1> <Making error block 1>
<Interleaving datablocks of length 44\ and 45:  1, 2, 3, 4, 5, 6, 7, 8, 9, 10,
11, 12, 13, 14, 15, 16, 17, 18, 19, 20, 21, 22, 23, 24, 25, 26, 27, 28, 29,
30, 31, 32, 33, 34, 35, 36, 37, 38, 39, 40, 41, 42, 43, 44, .>
<Interleaving errorblocks of length 26:  1, 2, 3, 4, 5, 6, 7, 8, 9, 10, 11,
12, 13, 14, 15, 16, 17, 18, 19, 20, 21, 22, 23, 24, 25, 26,
.><Interleaving complete.> <Writing data... done.>
<Applying Mask 0... done. Calculating penalty... penalty is 1233>
<Applying Mask 1... done. Calculating penalty... penalty is 1296>
<Applying Mask 2... done. Calculating penalty... penalty is 1271>
<Applying Mask 3... done. Calculating penalty... penalty is 1141>
<Applying Mask 4... done. Calculating penalty... penalty is 1193>
<Applying Mask 5... done. Calculating penalty... penalty is 1275>
<Applying Mask 6... done. Calculating penalty... penalty is 1262>
<Applying Mask 7... done. Calculating penalty... penalty is 1203>
<Selected Mask 3>
<Encoding and writing format string... done.>
<Encoding and writing version information... done.>
<Saving QR code to memory... done.>
<Writing QR code to aux file... done.>
<Printing matrix... done.>


Overfull \hbox (14.82458pt too wide) in paragraph at lines 589--599
[][] [] 
 []



[21]
! Undefined control sequence.
l.625     \hspce
                *{-1cm}
The control sequence at the end of the top line
of your error message was never \def'ed. If you have
misspelled it (e.g., `\hobx'), type `I' and the correct
spelling (e.g., `I\hbox'). Otherwise just continue,
and I'll forget about whatever was undefined.




<QR code requested for " 548415-MATHEUS_RODRIGUES_MACIEL " in version 0-M.>

<Calculating QR code for " 548415-MATHEUS_RODRIGUES_MACIEL " in version 3-M.>
<Splitting off block 1> <Making error block 1>
<Interleaving datablocks of length 44\ and 45:  1, 2, 3, 4, 5, 6, 7, 8, 9, 10,
11, 12, 13, 14, 15, 16, 17, 18, 19, 20, 21, 22, 23, 24, 25, 26, 27, 28, 29,
30, 31, 32, 33, 34, 35, 36, 37, 38, 39, 40, 41, 42, 43, 44, .>
<Interleaving errorblocks of length 26:  1, 2, 3, 4, 5, 6, 7, 8, 9, 10, 11,
12, 13, 14, 15, 16, 17, 18, 19, 20, 21, 22, 23, 24, 25, 26,
.><Interleaving complete.> <Writing data... done.>
<Applying Mask 0... done. Calculating penalty... penalty is 1270>
<Applying Mask 1... done. Calculating penalty... penalty is 1295>
<Applying Mask 2... done. Calculating penalty... penalty is 1349>
<Applying Mask 3... done. Calculating penalty... penalty is 1235>
<Applying Mask 4... done. Calculating penalty... penalty is 1222>
<Applying Mask 5... done. Calculating penalty... penalty is 1324>
<Applying Mask 6... done. Calculating penalty... penalty is 1235>
<Applying Mask 7... done. Calculating penalty... penalty is 1275>
<Selected Mask 4>
<Encoding and writing format string... done.>
<Encoding and writing version information... done.>
<Saving QR code to memory... done.>
<Writing QR code to aux file... done.>
<Printing matrix... done.>


Overfull \hbox (14.82458pt too wide) in paragraph at lines 618--628
[][] [] 
 []



[22]
! Undefined control sequence.
l.654     \hspce
                *{-1cm}
The control sequence at the end of the top line
of your error message was never \def'ed. If you have
misspelled it (e.g., `\hobx'), type `I' and the correct
spelling (e.g., `I\hbox'). Otherwise just continue,
and I'll forget about whatever was undefined.



<QR code requested for " 468568-MIGUEL_FERNANDES_ROCHA " in version 0-M.>
<Error-correction level increased from M to Q at no cost.>
<Calculating QR code for " 468568-MIGUEL_FERNANDES_ROCHA " in version 3-Q.>
<Splitting off block 1> <Splitting off block 2> <Making error block 1>
<Making error block 2> <Interleaving datablocks of length 17\ and 18:  1, 2,
3, 4, 5, 6, 7, 8, 9, 10, 11, 12, 13, 14, 15, 16, 17, .>
<Interleaving errorblocks of length 18:  1, 2, 3, 4, 5, 6, 7, 8, 9, 10, 11,
12, 13, 14, 15, 16, 17, 18, .><Interleaving complete.> <Writing data...
done.>
<Applying Mask 0... done. Calculating penalty... penalty is 1208>
<Applying Mask 1... done. Calculating penalty... penalty is 1228>
<Applying Mask 2... done. Calculating penalty... penalty is 1180>
<Applying Mask 3... done. Calculating penalty... penalty is 1168>
<Applying Mask 4... done. Calculating penalty... penalty is 1152>
<Applying Mask 5... done. Calculating penalty... penalty is 1234>
<Applying Mask 6... done. Calculating penalty... penalty is 1251>
<Applying Mask 7... done. Calculating penalty... penalty is 1260>
<Selected Mask 4>
<Encoding and writing format string... done.>
<Encoding and writing version information... done.>
<Saving QR code to memory... done.>
<Writing QR code to aux file... done.>
<Printing matrix... done.>


Overfull \hbox (14.82458pt too wide) in paragraph at lines 647--657
[][] [] 
 []



[23]
! Undefined control sequence.
l.683     \hspce
                *{-1cm}
The control sequence at the end of the top line
of your error message was never \def'ed. If you have
misspelled it (e.g., `\hobx'), type `I' and the correct
spelling (e.g., `I\hbox'). Otherwise just continue,
and I'll forget about whatever was undefined.




<QR code requested for " 95978-PABLO_HENRIQUE_GOMES_MENDES " in version 0-M.>

<Calculating QR code for " 95978-PABLO_HENRIQUE_GOMES_MENDES " in version 3-M.>

<Splitting off block 1> <Making error block 1>
<Interleaving datablocks of length 44\ and 45:  1, 2, 3, 4, 5, 6, 7, 8, 9, 10,
11, 12, 13, 14, 15, 16, 17, 18, 19, 20, 21, 22, 23, 24, 25, 26, 27, 28, 29,
30, 31, 32, 33, 34, 35, 36, 37, 38, 39, 40, 41, 42, 43, 44, .>
<Interleaving errorblocks of length 26:  1, 2, 3, 4, 5, 6, 7, 8, 9, 10, 11,
12, 13, 14, 15, 16, 17, 18, 19, 20, 21, 22, 23, 24, 25, 26,
.><Interleaving complete.> <Writing data... done.>
<Applying Mask 0... done. Calculating penalty... penalty is 1261>
<Applying Mask 1... done. Calculating penalty... penalty is 1254>
<Applying Mask 2... done. Calculating penalty... penalty is 1355>
<Applying Mask 3... done. Calculating penalty... penalty is 1147>
<Applying Mask 4... done. Calculating penalty... penalty is 1253>
<Applying Mask 5... done. Calculating penalty... penalty is 1329>
<Applying Mask 6... done. Calculating penalty... penalty is 1312>
<Applying Mask 7... done. Calculating penalty... penalty is 1200>
<Selected Mask 3>
<Encoding and writing format string... done.>
<Encoding and writing version information... done.>
<Saving QR code to memory... done.>
<Writing QR code to aux file... done.>
<Printing matrix... done.>


Overfull \hbox (14.82458pt too wide) in paragraph at lines 676--686
[][] [] 
 []



[24]
! Undefined control sequence.
l.712     \hspce
                *{-1cm}
The control sequence at the end of the top line
of your error message was never \def'ed. If you have
misspelled it (e.g., `\hobx'), type `I' and the correct
spelling (e.g., `I\hbox'). Otherwise just continue,
and I'll forget about whatever was undefined.




<QR code requested for " 544146-PEDRO_HENRIQUE_DE_ALENCAR_BARBOSA " in version 
0-M.>

<Calculating QR code for " 544146-PEDRO_HENRIQUE_DE_ALENCAR_BARBOSA " in versio
n 3-M.>
<Splitting off block 1> <Making error block 1>
<Interleaving datablocks of length 44\ and 45:  1, 2, 3, 4, 5, 6, 7, 8, 9, 10,
11, 12, 13, 14, 15, 16, 17, 18, 19, 20, 21, 22, 23, 24, 25, 26, 27, 28, 29,
30, 31, 32, 33, 34, 35, 36, 37, 38, 39, 40, 41, 42, 43, 44, .>
<Interleaving errorblocks of length 26:  1, 2, 3, 4, 5, 6, 7, 8, 9, 10, 11,
12, 13, 14, 15, 16, 17, 18, 19, 20, 21, 22, 23, 24, 25, 26,
.><Interleaving complete.> <Writing data... done.>
<Applying Mask 0... done. Calculating penalty... penalty is 1143>
<Applying Mask 1... done. Calculating penalty... penalty is 1146>
<Applying Mask 2... done. Calculating penalty... penalty is 1292>
<Applying Mask 3... done. Calculating penalty... penalty is 1135>
<Applying Mask 4... done. Calculating penalty... penalty is 1137>
<Applying Mask 5... done. Calculating penalty... penalty is 1304>
<Applying Mask 6... done. Calculating penalty... penalty is 1259>
<Applying Mask 7... done. Calculating penalty... penalty is 1168>
<Selected Mask 3>
<Encoding and writing format string... done.>
<Encoding and writing version information... done.>
<Saving QR code to memory... done.>
<Writing QR code to aux file... done.>
<Printing matrix... done.>


Overfull \hbox (14.82458pt too wide) in paragraph at lines 705--715
[][] [] 
 []



[25]
! Undefined control sequence.
l.741     \hspce
                *{-1cm}
The control sequence at the end of the top line
of your error message was never \def'ed. If you have
misspelled it (e.g., `\hobx'), type `I' and the correct
spelling (e.g., `I\hbox'). Otherwise just continue,
and I'll forget about whatever was undefined.



<QR code requested for " 953491-RAPHAEL_ALVES_SOARES " in version 0-M.>
<Error-correction level increased from M to Q at no cost.>
<Calculating QR code for " 953491-RAPHAEL_ALVES_SOARES " in version 3-Q.>
<Splitting off block 1> <Splitting off block 2> <Making error block 1>
<Making error block 2> <Interleaving datablocks of length 17\ and 18:  1, 2,
3, 4, 5, 6, 7, 8, 9, 10, 11, 12, 13, 14, 15, 16, 17, .>
<Interleaving errorblocks of length 18:  1, 2, 3, 4, 5, 6, 7, 8, 9, 10, 11,
12, 13, 14, 15, 16, 17, 18, .><Interleaving complete.> <Writing data...
done.>
<Applying Mask 0... done. Calculating penalty... penalty is 1240>
<Applying Mask 1... done. Calculating penalty... penalty is 1142>
<Applying Mask 2... done. Calculating penalty... penalty is 1258>
<Applying Mask 3... done. Calculating penalty... penalty is 1214>
<Applying Mask 4... done. Calculating penalty... penalty is 1172>
<Applying Mask 5... done. Calculating penalty... penalty is 1211>
<Applying Mask 6... done. Calculating penalty... penalty is 1184>
<Applying Mask 7... done. Calculating penalty... penalty is 1256>
<Selected Mask 1>
<Encoding and writing format string... done.>
<Encoding and writing version information... done.>
<Saving QR code to memory... done.>
<Writing QR code to aux file... done.>
<Printing matrix... done.>


Overfull \hbox (14.82458pt too wide) in paragraph at lines 734--744
[][] [] 
 []



[26]
! Undefined control sequence.
l.770     \hspce
                *{-1cm}
The control sequence at the end of the top line
of your error message was never \def'ed. If you have
misspelled it (e.g., `\hobx'), type `I' and the correct
spelling (e.g., `I\hbox'). Otherwise just continue,
and I'll forget about whatever was undefined.



<QR code requested for " 533395-RAPHAELA_SANTOS_BRITO " in version 0-M.>
<Error-correction level increased from M to Q at no cost.>
<Calculating QR code for " 533395-RAPHAELA_SANTOS_BRITO " in version 3-Q.>
<Splitting off block 1> <Splitting off block 2> <Making error block 1>
<Making error block 2> <Interleaving datablocks of length 17\ and 18:  1, 2,
3, 4, 5, 6, 7, 8, 9, 10, 11, 12, 13, 14, 15, 16, 17, .>
<Interleaving errorblocks of length 18:  1, 2, 3, 4, 5, 6, 7, 8, 9, 10, 11,
12, 13, 14, 15, 16, 17, 18, .><Interleaving complete.> <Writing data...
done.>
<Applying Mask 0... done. Calculating penalty... penalty is 1184>
<Applying Mask 1... done. Calculating penalty... penalty is 1228>
<Applying Mask 2... done. Calculating penalty... penalty is 1185>
<Applying Mask 3... done. Calculating penalty... penalty is 1199>
<Applying Mask 4... done. Calculating penalty... penalty is 1222>
<Applying Mask 5... done. Calculating penalty... penalty is 1152>
<Applying Mask 6... done. Calculating penalty... penalty is 1204>
<Applying Mask 7... done. Calculating penalty... penalty is 1285>
<Selected Mask 5>
<Encoding and writing format string... done.>
<Encoding and writing version information... done.>
<Saving QR code to memory... done.>
<Writing QR code to aux file... done.>
<Printing matrix... done.>


Overfull \hbox (14.82458pt too wide) in paragraph at lines 763--773
[][] [] 
 []



[27]
! Undefined control sequence.
l.799     \hspce
                *{-1cm}
The control sequence at the end of the top line
of your error message was never \def'ed. If you have
misspelled it (e.g., `\hobx'), type `I' and the correct
spelling (e.g., `I\hbox'). Otherwise just continue,
and I'll forget about whatever was undefined.



<QR code requested for " 574494-SAMIRA_DE_ALMEIDA_LOPES " in version 0-M.>
<Error-correction level increased from M to Q at no cost.>
<Calculating QR code for " 574494-SAMIRA_DE_ALMEIDA_LOPES " in version 3-Q.>
<Splitting off block 1> <Splitting off block 2> <Making error block 1>
<Making error block 2> <Interleaving datablocks of length 17\ and 18:  1, 2,
3, 4, 5, 6, 7, 8, 9, 10, 11, 12, 13, 14, 15, 16, 17, .>
<Interleaving errorblocks of length 18:  1, 2, 3, 4, 5, 6, 7, 8, 9, 10, 11,
12, 13, 14, 15, 16, 17, 18, .><Interleaving complete.> <Writing data...
done.>
<Applying Mask 0... done. Calculating penalty... penalty is 1273>
<Applying Mask 1... done. Calculating penalty... penalty is 1308>
<Applying Mask 2... done. Calculating penalty... penalty is 1237>
<Applying Mask 3... done. Calculating penalty... penalty is 1119>
<Applying Mask 4... done. Calculating penalty... penalty is 1255>
<Applying Mask 5... done. Calculating penalty... penalty is 1354>
<Applying Mask 6... done. Calculating penalty... penalty is 1311>
<Applying Mask 7... done. Calculating penalty... penalty is 1238>
<Selected Mask 3>
<Encoding and writing format string... done.>
<Encoding and writing version information... done.>
<Saving QR code to memory... done.>
<Writing QR code to aux file... done.>
<Printing matrix... done.>


Overfull \hbox (14.82458pt too wide) in paragraph at lines 792--802
[][] [] 
 []



[28]
! Undefined control sequence.
l.828     \hspce
                *{-1cm}
The control sequence at the end of the top line
of your error message was never \def'ed. If you have
misspelled it (e.g., `\hobx'), type `I' and the correct
spelling (e.g., `I\hbox'). Otherwise just continue,
and I'll forget about whatever was undefined.



<QR code requested for " 481797-SAMUEL_MARQUES_CRUZ " in version 0-M.>
<Error-correction level increased from M to Q at no cost.>
<Calculating QR code for " 481797-SAMUEL_MARQUES_CRUZ " in version 3-Q.>
<Splitting off block 1> <Splitting off block 2> <Making error block 1>
<Making error block 2> <Interleaving datablocks of length 17\ and 18:  1, 2,
3, 4, 5, 6, 7, 8, 9, 10, 11, 12, 13, 14, 15, 16, 17, .>
<Interleaving errorblocks of length 18:  1, 2, 3, 4, 5, 6, 7, 8, 9, 10, 11,
12, 13, 14, 15, 16, 17, 18, .><Interleaving complete.> <Writing data...
done.>
<Applying Mask 0... done. Calculating penalty... penalty is 1243>
<Applying Mask 1... done. Calculating penalty... penalty is 1333>
<Applying Mask 2... done. Calculating penalty... penalty is 1200>
<Applying Mask 3... done. Calculating penalty... penalty is 1301>
<Applying Mask 4... done. Calculating penalty... penalty is 1255>
<Applying Mask 5... done. Calculating penalty... penalty is 1273>
<Applying Mask 6... done. Calculating penalty... penalty is 1293>
<Applying Mask 7... done. Calculating penalty... penalty is 1308>
<Selected Mask 2>
<Encoding and writing format string... done.>
<Encoding and writing version information... done.>
<Saving QR code to memory... done.>
<Writing QR code to aux file... done.>
<Printing matrix... done.>


Overfull \hbox (14.82458pt too wide) in paragraph at lines 821--831
[][] [] 
 []



[29]
! Undefined control sequence.
l.857     \hspce
                *{-1cm}
The control sequence at the end of the top line
of your error message was never \def'ed. If you have
misspelled it (e.g., `\hobx'), type `I' and the correct
spelling (e.g., `I\hbox'). Otherwise just continue,
and I'll forget about whatever was undefined.



<QR code requested for " 481167-YAN_ALVES_RODRIGUES " in version 0-M.>
<Error-correction level increased from M to Q at no cost.>
<Calculating QR code for " 481167-YAN_ALVES_RODRIGUES " in version 3-Q.>
<Splitting off block 1> <Splitting off block 2> <Making error block 1>
<Making error block 2> <Interleaving datablocks of length 17\ and 18:  1, 2,
3, 4, 5, 6, 7, 8, 9, 10, 11, 12, 13, 14, 15, 16, 17, .>
<Interleaving errorblocks of length 18:  1, 2, 3, 4, 5, 6, 7, 8, 9, 10, 11,
12, 13, 14, 15, 16, 17, 18, .><Interleaving complete.> <Writing data...
done.>
<Applying Mask 0... done. Calculating penalty... penalty is 1194>
<Applying Mask 1... done. Calculating penalty... penalty is 1247>
<Applying Mask 2... done. Calculating penalty... penalty is 1170>
<Applying Mask 3... done. Calculating penalty... penalty is 1187>
<Applying Mask 4... done. Calculating penalty... penalty is 1204>
<Applying Mask 5... done. Calculating penalty... penalty is 1190>
<Applying Mask 6... done. Calculating penalty... penalty is 1284>
<Applying Mask 7... done. Calculating penalty... penalty is 1192>
<Selected Mask 2>
<Encoding and writing format string... done.>
<Encoding and writing version information... done.>
<Saving QR code to memory... done.>
<Writing QR code to aux file... done.>
<Printing matrix... done.>


Overfull \hbox (14.82458pt too wide) in paragraph at lines 850--860
[][] [] 
 []



[30] (C:\projetos\sistema_educacional\api\uploads\CEF04_PLAN\gabaritos\2O.aux
<Reading QR code for " 168524-ARTHUR_DA_SILVA_SOUZA " at level 3-Q from aux fil
e.>

<Reading QR code for " 466315-ARTHUR_RODRIGUES_TREVISAN " at level 3-M from aux
 file.>

<Reading QR code for " 435385-BIANCA_GOMES_COSTA " at level 3-Q from aux file.>


<Reading QR code for " 491325-CARLOS_EDUARDO_LIMA_SANTOS " at level 3-M from au
x file.>

<Reading QR code for " 532634-CARLOS_EDUARDO_SOARES_RODRIGUES " at level 3-M fr
om aux file.>

<Reading QR code for " 579335-DAVI_DO_CARMO_CONCEIÇÃO " at level 3-M from aux
 file.>

<Reading QR code for " 554406-DAVI_GOMES_DE_SOUSA " at level 3-Q from aux file.
>

<Reading QR code for " 395373-DAVI_RODRIGUES_DE_FRANÇA " at level 3-M from aux
 file.>

<Reading QR code for " 532652-DIEGO_IARLEY_SILVA_DA_ROCHA " at level 3-M from a
ux file.>

<Reading QR code for " 592098-ELISA_VITÓRIA_FERREIRA_ALVES " at level 3-M from
 aux file.>

<Reading QR code for " 607055-EMANUELLE_BARBOSA_MARTINS_DA_SILVA " at level 4-Q
 from aux file.>

<Reading QR code for " 479775-EVELYN_GOMES_DE_LIMA " at level 3-Q from aux file
.>

<Reading QR code for " 567644-GIOVANNI_VAZ_GERMANO " at level 3-Q from aux file
.>

<Reading QR code for " 420156-GUSTAVO_MONTEIRO_LIMA " at level 3-Q from aux fil
e.>

<Reading QR code for " 529639-JÚLIA_DE_SOUSA_SILVA " at level 3-Q from aux fil
e.>

<Reading QR code for " 527714-KEMILLY_LAURA_HOLANDA_FELICIANO " at level 3-M fr
om aux file.>

<Reading QR code for " 529697-KENNEDY_RYAN_ALVES_DE_AVELAR_DA_SILVA " at level 
4-Q from aux file.>

<Reading QR code for " 492964-LUÍS_FELIPE_BATISTA_DE_MOURA " at level 3-M from
 aux file.>

<Reading QR code for " 463100-MAICON_DOUGLAS_DE_ALMEIDA_LOPES " at level 3-M fr
om aux file.>

<Reading QR code for " 352874-MARIA_EDUARDA_LINO_DE_ALMEIDA " at level 3-M from
 aux file.>

<Reading QR code for " 500251-MARIA_JULIA_REIS_DE_LIMA " at level 3-M from aux 
file.>

<Reading QR code for " 548415-MATHEUS_RODRIGUES_MACIEL " at level 3-M from aux 
file.>

<Reading QR code for " 468568-MIGUEL_FERNANDES_ROCHA " at level 3-Q from aux fi
le.>

<Reading QR code for " 95978-PABLO_HENRIQUE_GOMES_MENDES " at level 3-M from au
x file.>

<Reading QR code for " 544146-PEDRO_HENRIQUE_DE_ALENCAR_BARBOSA " at level 3-M 
from aux file.>

<Reading QR code for " 953491-RAPHAEL_ALVES_SOARES " at level 3-Q from aux file
.>

<Reading QR code for " 533395-RAPHAELA_SANTOS_BRITO " at level 3-Q from aux fil
e.>

<Reading QR code for " 574494-SAMIRA_DE_ALMEIDA_LOPES " at level 3-Q from aux f
ile.>

<Reading QR code for " 481797-SAMUEL_MARQUES_CRUZ " at level 3-Q from aux file.
>

<Reading QR code for " 481167-YAN_ALVES_RODRIGUES " at level 3-Q from aux file.
>
)
 ***********
LaTeX2e <2024-11-01> patch level 2
L3 programming layer <2025-01-18>
 ***********
 ) 
Here is how much of TeX's memory you used:
 17542 strings out of 473530
 342078 string characters out of 5714794
 822493 words of memory out of 5000000
 40561 multiletter control sequences out of 15000+600000
 562217 words of font info for 47 fonts, out of 8000000 for 9000
 1141 hyphenation exceptions out of 8191
 102i,6n,327p,1320b,3367s stack positions out of 10000i,1000n,20000p,200000b,200000s
 <C:\Users\santo\AppData\Local\MiKTeX\fonts/pk/ljfour/jknappen/ec/dpi600\tcrm
1200.pk><C:/Users/santo/AppData/Local/Programs/MiKTeX/fonts/type1/public/amsfon
ts/cm/cmbx12.pfb><C:/Users/santo/AppData/Local/Programs/MiKTeX/fonts/type1/publ
ic/amsfonts/cm/cmr12.pfb>
Output written on C:\projetos\sistema_educacional\api\uploads\CEF04_PLAN\gabari
tos\2O.pdf (30 pages, 171242 bytes).
PDF statistics:
 116 PDF objects out of 1000 (max. 8388607)
 0 named destinations out of 1000 (max. 500000)
 13 words of extra memory for PDF output out of 10000 (max. 10000000)

