This is pdfTeX, Version 3.141592653-2.6-1.40.26 (MiKTeX 24.4) (preloaded format=pdflatex 2025.2.17)  19 JUL 2025 16:31
entering extended mode
 restricted \write18 enabled.
 %&-line parsing enabled.
**C:/projetos/sistema_educacional/api/uploads/CEF04_PLAN/gabaritos/2Q.tex
(C:/projetos/sistema_educacional/api/uploads/CEF04_PLAN/gabaritos/2Q.tex
LaTeX2e <2024-11-01> patch level 2
L3 programming layer <2025-01-18>
(C:\Users\santo\AppData\Local\Programs\MiKTeX\tex/latex/base\article.cls
Document Class: article 2024/06/29 v1.4n Standard LaTeX document class
(C:\Users\santo\AppData\Local\Programs\MiKTeX\tex/latex/base\size12.clo
File: size12.clo 2024/06/29 v1.4n Standard LaTeX file (size option)
)
\c@part=\count196
\c@section=\count197
\c@subsection=\count198
\c@subsubsection=\count199
\c@paragraph=\count266
\c@subparagraph=\count267
\c@figure=\count268
\c@table=\count269
\abovecaptionskip=\skip49
\belowcaptionskip=\skip50
\bibindent=\dimen141
)
(C:\Users\santo\AppData\Local\Programs\MiKTeX\tex/latex/geometry\geometry.sty
Package: geometry 2020/01/02 v5.9 Page Geometry

(C:\Users\santo\AppData\Local\Programs\MiKTeX\tex/latex/graphics\keyval.sty
Package: keyval 2022/05/29 v1.15 key=value parser (DPC)
\KV@toks@=\toks17
)
(C:\Users\santo\AppData\Local\Programs\MiKTeX\tex/generic/iftex\ifvtex.sty
Package: ifvtex 2019/10/25 v1.7 ifvtex legacy package. Use iftex instead.

(C:\Users\santo\AppData\Local\Programs\MiKTeX\tex/generic/iftex\iftex.sty
Package: iftex 2024/12/12 v1.0g TeX engine tests
))
\Gm@cnth=\count270
\Gm@cntv=\count271
\c@Gm@tempcnt=\count272
\Gm@bindingoffset=\dimen142
\Gm@wd@mp=\dimen143
\Gm@odd@mp=\dimen144
\Gm@even@mp=\dimen145
\Gm@layoutwidth=\dimen146
\Gm@layoutheight=\dimen147
\Gm@layouthoffset=\dimen148
\Gm@layoutvoffset=\dimen149
\Gm@dimlist=\toks18

(C:\Users\santo\AppData\Local\Programs\MiKTeX\tex/latex/geometry\geometry.cfg))

(C:\Users\santo\AppData\Local\Programs\MiKTeX\tex/latex/pgf/frontendlayer\tikz.
sty
(C:\Users\santo\AppData\Local\Programs\MiKTeX\tex/latex/pgf/basiclayer\pgf.sty
(C:\Users\santo\AppData\Local\Programs\MiKTeX\tex/latex/pgf/utilities\pgfrcs.st
y
(C:\Users\santo\AppData\Local\Programs\MiKTeX\tex/generic/pgf/utilities\pgfutil
-common.tex
\pgfutil@everybye=\toks19
\pgfutil@tempdima=\dimen150
\pgfutil@tempdimb=\dimen151
)
(C:\Users\santo\AppData\Local\Programs\MiKTeX\tex/generic/pgf/utilities\pgfutil
-latex.def
\pgfutil@abb=\box52
)
(C:\Users\santo\AppData\Local\Programs\MiKTeX\tex/generic/pgf/utilities\pgfrcs.
code.tex
(C:\Users\santo\AppData\Local\Programs\MiKTeX\tex/generic/pgf\pgf.revision.tex)
Package: pgfrcs 2023-01-15 v3.1.10 (3.1.10)
))
Package: pgf 2023-01-15 v3.1.10 (3.1.10)

(C:\Users\santo\AppData\Local\Programs\MiKTeX\tex/latex/pgf/basiclayer\pgfcore.
sty
(C:\Users\santo\AppData\Local\Programs\MiKTeX\tex/latex/graphics\graphicx.sty
Package: graphicx 2021/09/16 v1.2d Enhanced LaTeX Graphics (DPC,SPQR)

(C:\Users\santo\AppData\Local\Programs\MiKTeX\tex/latex/graphics\graphics.sty
Package: graphics 2024/08/06 v1.4g Standard LaTeX Graphics (DPC,SPQR)

(C:\Users\santo\AppData\Local\Programs\MiKTeX\tex/latex/graphics\trig.sty
Package: trig 2023/12/02 v1.11 sin cos tan (DPC)
)
(C:\Users\santo\AppData\Local\Programs\MiKTeX\tex/latex/graphics-cfg\graphics.c
fg
File: graphics.cfg 2016/06/04 v1.11 sample graphics configuration
)
Package graphics Info: Driver file: pdftex.def on input line 106.

(C:\Users\santo\AppData\Local\Programs\MiKTeX\tex/latex/graphics-def\pdftex.def
File: pdftex.def 2024/04/13 v1.2c Graphics/color driver for pdftex
))
\Gin@req@height=\dimen152
\Gin@req@width=\dimen153
)
(C:\Users\santo\AppData\Local\Programs\MiKTeX\tex/latex/pgf/systemlayer\pgfsys.
sty
(C:\Users\santo\AppData\Local\Programs\MiKTeX\tex/generic/pgf/systemlayer\pgfsy
s.code.tex
Package: pgfsys 2023-01-15 v3.1.10 (3.1.10)

(C:\Users\santo\AppData\Local\Programs\MiKTeX\tex/generic/pgf/utilities\pgfkeys
.code.tex
\pgfkeys@pathtoks=\toks20
\pgfkeys@temptoks=\toks21

(C:\Users\santo\AppData\Local\Programs\MiKTeX\tex/generic/pgf/utilities\pgfkeys
libraryfiltered.code.tex
\pgfkeys@tmptoks=\toks22
))
\pgf@x=\dimen154
\pgf@y=\dimen155
\pgf@xa=\dimen156
\pgf@ya=\dimen157
\pgf@xb=\dimen158
\pgf@yb=\dimen159
\pgf@xc=\dimen160
\pgf@yc=\dimen161
\pgf@xd=\dimen162
\pgf@yd=\dimen163
\w@pgf@writea=\write3
\r@pgf@reada=\read2
\c@pgf@counta=\count273
\c@pgf@countb=\count274
\c@pgf@countc=\count275
\c@pgf@countd=\count276
\t@pgf@toka=\toks23
\t@pgf@tokb=\toks24
\t@pgf@tokc=\toks25
\pgf@sys@id@count=\count277

(C:\Users\santo\AppData\Local\Programs\MiKTeX\tex/generic/pgf/systemlayer\pgf.c
fg
File: pgf.cfg 2023-01-15 v3.1.10 (3.1.10)
)
Driver file for pgf: pgfsys-pdftex.def

(C:\Users\santo\AppData\Local\Programs\MiKTeX\tex/generic/pgf/systemlayer\pgfsy
s-pdftex.def
File: pgfsys-pdftex.def 2023-01-15 v3.1.10 (3.1.10)

(C:\Users\santo\AppData\Local\Programs\MiKTeX\tex/generic/pgf/systemlayer\pgfsy
s-common-pdf.def
File: pgfsys-common-pdf.def 2023-01-15 v3.1.10 (3.1.10)
)))
(C:\Users\santo\AppData\Local\Programs\MiKTeX\tex/generic/pgf/systemlayer\pgfsy
ssoftpath.code.tex
File: pgfsyssoftpath.code.tex 2023-01-15 v3.1.10 (3.1.10)
\pgfsyssoftpath@smallbuffer@items=\count278
\pgfsyssoftpath@bigbuffer@items=\count279
)
(C:\Users\santo\AppData\Local\Programs\MiKTeX\tex/generic/pgf/systemlayer\pgfsy
sprotocol.code.tex
File: pgfsysprotocol.code.tex 2023-01-15 v3.1.10 (3.1.10)
))
(C:\Users\santo\AppData\Local\Programs\MiKTeX\tex/latex/xcolor\xcolor.sty
Package: xcolor 2024/09/29 v3.02 LaTeX color extensions (UK)

(C:\Users\santo\AppData\Local\Programs\MiKTeX\tex/latex/graphics-cfg\color.cfg
File: color.cfg 2016/01/02 v1.6 sample color configuration
)
Package xcolor Info: Driver file: pdftex.def on input line 274.
(C:\Users\santo\AppData\Local\Programs\MiKTeX\tex/latex/graphics\mathcolor.ltx)
Package xcolor Info: Model `cmy' substituted by `cmy0' on input line 1349.
Package xcolor Info: Model `hsb' substituted by `rgb' on input line 1353.
Package xcolor Info: Model `RGB' extended on input line 1365.
Package xcolor Info: Model `HTML' substituted by `rgb' on input line 1367.
Package xcolor Info: Model `Hsb' substituted by `hsb' on input line 1368.
Package xcolor Info: Model `tHsb' substituted by `hsb' on input line 1369.
Package xcolor Info: Model `HSB' substituted by `hsb' on input line 1370.
Package xcolor Info: Model `Gray' substituted by `gray' on input line 1371.
Package xcolor Info: Model `wave' substituted by `hsb' on input line 1372.
)
(C:\Users\santo\AppData\Local\Programs\MiKTeX\tex/generic/pgf/basiclayer\pgfcor
e.code.tex
Package: pgfcore 2023-01-15 v3.1.10 (3.1.10)

(C:\Users\santo\AppData\Local\Programs\MiKTeX\tex/generic/pgf/math\pgfmath.code
.tex
(C:\Users\santo\AppData\Local\Programs\MiKTeX\tex/generic/pgf/math\pgfmathutil.
code.tex)
(C:\Users\santo\AppData\Local\Programs\MiKTeX\tex/generic/pgf/math\pgfmathparse
r.code.tex
\pgfmath@dimen=\dimen164
\pgfmath@count=\count280
\pgfmath@box=\box53
\pgfmath@toks=\toks26
\pgfmath@stack@operand=\toks27
\pgfmath@stack@operation=\toks28
)
(C:\Users\santo\AppData\Local\Programs\MiKTeX\tex/generic/pgf/math\pgfmathfunct
ions.code.tex)
(C:\Users\santo\AppData\Local\Programs\MiKTeX\tex/generic/pgf/math\pgfmathfunct
ions.basic.code.tex)
(C:\Users\santo\AppData\Local\Programs\MiKTeX\tex/generic/pgf/math\pgfmathfunct
ions.trigonometric.code.tex)
(C:\Users\santo\AppData\Local\Programs\MiKTeX\tex/generic/pgf/math\pgfmathfunct
ions.random.code.tex)
(C:\Users\santo\AppData\Local\Programs\MiKTeX\tex/generic/pgf/math\pgfmathfunct
ions.comparison.code.tex)
(C:\Users\santo\AppData\Local\Programs\MiKTeX\tex/generic/pgf/math\pgfmathfunct
ions.base.code.tex)
(C:\Users\santo\AppData\Local\Programs\MiKTeX\tex/generic/pgf/math\pgfmathfunct
ions.round.code.tex)
(C:\Users\santo\AppData\Local\Programs\MiKTeX\tex/generic/pgf/math\pgfmathfunct
ions.misc.code.tex)
(C:\Users\santo\AppData\Local\Programs\MiKTeX\tex/generic/pgf/math\pgfmathfunct
ions.integerarithmetics.code.tex)
(C:\Users\santo\AppData\Local\Programs\MiKTeX\tex/generic/pgf/math\pgfmathcalc.
code.tex)
(C:\Users\santo\AppData\Local\Programs\MiKTeX\tex/generic/pgf/math\pgfmathfloat
.code.tex
\c@pgfmathroundto@lastzeros=\count281
))
(C:\Users\santo\AppData\Local\Programs\MiKTeX\tex/generic/pgf/math\pgfint.code.
tex)
(C:\Users\santo\AppData\Local\Programs\MiKTeX\tex/generic/pgf/basiclayer\pgfcor
epoints.code.tex
File: pgfcorepoints.code.tex 2023-01-15 v3.1.10 (3.1.10)
\pgf@picminx=\dimen165
\pgf@picmaxx=\dimen166
\pgf@picminy=\dimen167
\pgf@picmaxy=\dimen168
\pgf@pathminx=\dimen169
\pgf@pathmaxx=\dimen170
\pgf@pathminy=\dimen171
\pgf@pathmaxy=\dimen172
\pgf@xx=\dimen173
\pgf@xy=\dimen174
\pgf@yx=\dimen175
\pgf@yy=\dimen176
\pgf@zx=\dimen177
\pgf@zy=\dimen178
)
(C:\Users\santo\AppData\Local\Programs\MiKTeX\tex/generic/pgf/basiclayer\pgfcor
epathconstruct.code.tex
File: pgfcorepathconstruct.code.tex 2023-01-15 v3.1.10 (3.1.10)
\pgf@path@lastx=\dimen179
\pgf@path@lasty=\dimen180
)
(C:\Users\santo\AppData\Local\Programs\MiKTeX\tex/generic/pgf/basiclayer\pgfcor
epathusage.code.tex
File: pgfcorepathusage.code.tex 2023-01-15 v3.1.10 (3.1.10)
\pgf@shorten@end@additional=\dimen181
\pgf@shorten@start@additional=\dimen182
)
(C:\Users\santo\AppData\Local\Programs\MiKTeX\tex/generic/pgf/basiclayer\pgfcor
escopes.code.tex
File: pgfcorescopes.code.tex 2023-01-15 v3.1.10 (3.1.10)
\pgfpic=\box54
\pgf@hbox=\box55
\pgf@layerbox@main=\box56
\pgf@picture@serial@count=\count282
)
(C:\Users\santo\AppData\Local\Programs\MiKTeX\tex/generic/pgf/basiclayer\pgfcor
egraphicstate.code.tex
File: pgfcoregraphicstate.code.tex 2023-01-15 v3.1.10 (3.1.10)
\pgflinewidth=\dimen183
)
(C:\Users\santo\AppData\Local\Programs\MiKTeX\tex/generic/pgf/basiclayer\pgfcor
etransformations.code.tex
File: pgfcoretransformations.code.tex 2023-01-15 v3.1.10 (3.1.10)
\pgf@pt@x=\dimen184
\pgf@pt@y=\dimen185
\pgf@pt@temp=\dimen186
)
(C:\Users\santo\AppData\Local\Programs\MiKTeX\tex/generic/pgf/basiclayer\pgfcor
equick.code.tex
File: pgfcorequick.code.tex 2023-01-15 v3.1.10 (3.1.10)
)
(C:\Users\santo\AppData\Local\Programs\MiKTeX\tex/generic/pgf/basiclayer\pgfcor
eobjects.code.tex
File: pgfcoreobjects.code.tex 2023-01-15 v3.1.10 (3.1.10)
)
(C:\Users\santo\AppData\Local\Programs\MiKTeX\tex/generic/pgf/basiclayer\pgfcor
epathprocessing.code.tex
File: pgfcorepathprocessing.code.tex 2023-01-15 v3.1.10 (3.1.10)
)
(C:\Users\santo\AppData\Local\Programs\MiKTeX\tex/generic/pgf/basiclayer\pgfcor
earrows.code.tex
File: pgfcorearrows.code.tex 2023-01-15 v3.1.10 (3.1.10)
\pgfarrowsep=\dimen187
)
(C:\Users\santo\AppData\Local\Programs\MiKTeX\tex/generic/pgf/basiclayer\pgfcor
eshade.code.tex
File: pgfcoreshade.code.tex 2023-01-15 v3.1.10 (3.1.10)
\pgf@max=\dimen188
\pgf@sys@shading@range@num=\count283
\pgf@shadingcount=\count284
)
(C:\Users\santo\AppData\Local\Programs\MiKTeX\tex/generic/pgf/basiclayer\pgfcor
eimage.code.tex
File: pgfcoreimage.code.tex 2023-01-15 v3.1.10 (3.1.10)
)
(C:\Users\santo\AppData\Local\Programs\MiKTeX\tex/generic/pgf/basiclayer\pgfcor
eexternal.code.tex
File: pgfcoreexternal.code.tex 2023-01-15 v3.1.10 (3.1.10)
\pgfexternal@startupbox=\box57
)
(C:\Users\santo\AppData\Local\Programs\MiKTeX\tex/generic/pgf/basiclayer\pgfcor
elayers.code.tex
File: pgfcorelayers.code.tex 2023-01-15 v3.1.10 (3.1.10)
)
(C:\Users\santo\AppData\Local\Programs\MiKTeX\tex/generic/pgf/basiclayer\pgfcor
etransparency.code.tex
File: pgfcoretransparency.code.tex 2023-01-15 v3.1.10 (3.1.10)
)
(C:\Users\santo\AppData\Local\Programs\MiKTeX\tex/generic/pgf/basiclayer\pgfcor
epatterns.code.tex
File: pgfcorepatterns.code.tex 2023-01-15 v3.1.10 (3.1.10)
)
(C:\Users\santo\AppData\Local\Programs\MiKTeX\tex/generic/pgf/basiclayer\pgfcor
erdf.code.tex
File: pgfcorerdf.code.tex 2023-01-15 v3.1.10 (3.1.10)
)))
(C:\Users\santo\AppData\Local\Programs\MiKTeX\tex/generic/pgf/modules\pgfmodule
shapes.code.tex
File: pgfmoduleshapes.code.tex 2023-01-15 v3.1.10 (3.1.10)
\pgfnodeparttextbox=\box58
)
(C:\Users\santo\AppData\Local\Programs\MiKTeX\tex/generic/pgf/modules\pgfmodule
plot.code.tex
File: pgfmoduleplot.code.tex 2023-01-15 v3.1.10 (3.1.10)
)
(C:\Users\santo\AppData\Local\Programs\MiKTeX\tex/latex/pgf/compatibility\pgfco
mp-version-0-65.sty
Package: pgfcomp-version-0-65 2023-01-15 v3.1.10 (3.1.10)
\pgf@nodesepstart=\dimen189
\pgf@nodesepend=\dimen190
)
(C:\Users\santo\AppData\Local\Programs\MiKTeX\tex/latex/pgf/compatibility\pgfco
mp-version-1-18.sty
Package: pgfcomp-version-1-18 2023-01-15 v3.1.10 (3.1.10)
))
(C:\Users\santo\AppData\Local\Programs\MiKTeX\tex/latex/pgf/utilities\pgffor.st
y
(C:\Users\santo\AppData\Local\Programs\MiKTeX\tex/latex/pgf/utilities\pgfkeys.s
ty
(C:\Users\santo\AppData\Local\Programs\MiKTeX\tex/generic/pgf/utilities\pgfkeys
.code.tex))
(C:\Users\santo\AppData\Local\Programs\MiKTeX\tex/latex/pgf/math\pgfmath.sty
(C:\Users\santo\AppData\Local\Programs\MiKTeX\tex/generic/pgf/math\pgfmath.code
.tex))
(C:\Users\santo\AppData\Local\Programs\MiKTeX\tex/generic/pgf/utilities\pgffor.
code.tex
Package: pgffor 2023-01-15 v3.1.10 (3.1.10)
\pgffor@iter=\dimen191
\pgffor@skip=\dimen192
\pgffor@stack=\toks29
\pgffor@toks=\toks30
))
(C:\Users\santo\AppData\Local\Programs\MiKTeX\tex/generic/pgf/frontendlayer/tik
z\tikz.code.tex
Package: tikz 2023-01-15 v3.1.10 (3.1.10)

(C:\Users\santo\AppData\Local\Programs\MiKTeX\tex/generic/pgf/libraries\pgflibr
aryplothandlers.code.tex
File: pgflibraryplothandlers.code.tex 2023-01-15 v3.1.10 (3.1.10)
\pgf@plot@mark@count=\count285
\pgfplotmarksize=\dimen193
)
\tikz@lastx=\dimen194
\tikz@lasty=\dimen195
\tikz@lastxsaved=\dimen196
\tikz@lastysaved=\dimen197
\tikz@lastmovetox=\dimen198
\tikz@lastmovetoy=\dimen199
\tikzleveldistance=\dimen256
\tikzsiblingdistance=\dimen257
\tikz@figbox=\box59
\tikz@figbox@bg=\box60
\tikz@tempbox=\box61
\tikz@tempbox@bg=\box62
\tikztreelevel=\count286
\tikznumberofchildren=\count287
\tikznumberofcurrentchild=\count288
\tikz@fig@count=\count289

(C:\Users\santo\AppData\Local\Programs\MiKTeX\tex/generic/pgf/modules\pgfmodule
matrix.code.tex
File: pgfmodulematrix.code.tex 2023-01-15 v3.1.10 (3.1.10)
\pgfmatrixcurrentrow=\count290
\pgfmatrixcurrentcolumn=\count291
\pgf@matrix@numberofcolumns=\count292
)
\tikz@expandcount=\count293

(C:\Users\santo\AppData\Local\Programs\MiKTeX\tex/generic/pgf/frontendlayer/tik
z/libraries\tikzlibrarytopaths.code.tex
File: tikzlibrarytopaths.code.tex 2023-01-15 v3.1.10 (3.1.10)
)))
(C:\Users\santo\AppData\Local\Programs\MiKTeX\tex/latex/qrcode\qrcode.sty
Package: qrcode 2015/01/08 v1.51 QR code generation

(C:\Users\santo\AppData\Local\Programs\MiKTeX\tex/latex/xkeyval\xkeyval.sty
Package: xkeyval 2022/06/16 v2.9 package option processing (HA)

(C:\Users\santo\AppData\Local\Programs\MiKTeX\tex/generic/xkeyval\xkeyval.tex
(C:\Users\santo\AppData\Local\Programs\MiKTeX\tex/generic/xkeyval\xkvutils.tex
\XKV@toks=\toks31
\XKV@tempa@toks=\toks32
)
\XKV@depth=\count294
File: xkeyval.tex 2014/12/03 v2.7a key=value parser (HA)
))
\c@qr@i=\count295
\c@qr@j=\count296
\qr@a=\count297
\qr@b=\count298
\qr@c=\count299
\qr@for@depth=\count300
\qr@for@maxdepth=\count301
\qr@for@start=\count302
\qr@for@end=\count303
\qr@for@step=\count304
\qr@newforcount=\count305
\qr@newforcount=\count306
\qr@desiredheight=\skip51
\qr@modulesize=\skip52
\qr@minipagewidth=\skip53
\c@maski=\count307
\c@maskj=\count308
\c@totalones=\count309
\c@penaltyi=\count310
\c@penaltyii=\count311
\c@penaltyiii=\count312
\c@penaltyiv=\count313
\c@qr@hexchars=\count314
\qr@newforcount=\count315
\c@qr@divisionsremaining=\count316
) (C:\Users\santo\AppData\Local\Programs\MiKTeX\tex/latex/tools\multicol.sty
Package: multicol 2024/09/14 v1.9i multicolumn formatting (FMi)
\c@tracingmulticols=\count317
\mult@box=\box63
\multicol@leftmargin=\dimen258
\c@unbalance=\count318
\c@collectmore=\count319
\doublecol@number=\count320
\multicoltolerance=\count321
\multicolpretolerance=\count322
\full@width=\dimen259
\page@free=\dimen260
\premulticols=\dimen261
\postmulticols=\dimen262
\multicolsep=\skip54
\multicolbaselineskip=\skip55
\partial@page=\box64
\last@line=\box65
\mc@boxedresult=\box66
\maxbalancingoverflow=\dimen263
\mult@rightbox=\box67
\mult@grightbox=\box68
\mult@firstbox=\box69
\mult@gfirstbox=\box70
\@tempa=\box71
\@tempa=\box72
\@tempa=\box73
\@tempa=\box74
\@tempa=\box75
\@tempa=\box76
\@tempa=\box77
\@tempa=\box78
\@tempa=\box79
\@tempa=\box80
\@tempa=\box81
\@tempa=\box82
\@tempa=\box83
\@tempa=\box84
\@tempa=\box85
\@tempa=\box86
\@tempa=\box87
\@tempa=\box88
\@tempa=\box89
\@tempa=\box90
\@tempa=\box91
\@tempa=\box92
\@tempa=\box93
\@tempa=\box94
\@tempa=\box95
\@tempa=\box96
\@tempa=\box97
\@tempa=\box98
\@tempa=\box99
\@tempa=\box100
\@tempa=\box101
\@tempa=\box102
\@tempa=\box103
\@tempa=\box104
\@tempa=\box105
\@tempa=\box106
\c@minrows=\count323
\c@columnbadness=\count324
\c@finalcolumnbadness=\count325
\last@try=\dimen264
\multicolovershoot=\dimen265
\multicolundershoot=\dimen266
\mult@nat@firstbox=\box107
\colbreak@box=\box108
\mc@col@check@num=\count326
)
(C:\Users\santo\AppData\Local\Programs\MiKTeX\tex/latex/l3backend\l3backend-pdf
tex.def
File: l3backend-pdftex.def 2024-05-08 L3 backend support: PDF output (pdfTeX)
\l__color_backend_stack_int=\count327
\l__pdf_internal_box=\box109
)
No file 2Q.aux.
\openout1 = `2Q.aux'.

LaTeX Font Info:    Checking defaults for OML/cmm/m/it on input line 8.
LaTeX Font Info:    ... okay on input line 8.
LaTeX Font Info:    Checking defaults for OMS/cmsy/m/n on input line 8.
LaTeX Font Info:    ... okay on input line 8.
LaTeX Font Info:    Checking defaults for OT1/cmr/m/n on input line 8.
LaTeX Font Info:    ... okay on input line 8.
LaTeX Font Info:    Checking defaults for T1/cmr/m/n on input line 8.
LaTeX Font Info:    ... okay on input line 8.
LaTeX Font Info:    Checking defaults for TS1/cmr/m/n on input line 8.
LaTeX Font Info:    ... okay on input line 8.
LaTeX Font Info:    Checking defaults for OMX/cmex/m/n on input line 8.
LaTeX Font Info:    ... okay on input line 8.
LaTeX Font Info:    Checking defaults for U/cmr/m/n on input line 8.
LaTeX Font Info:    ... okay on input line 8.
*geometry* driver: auto-detecting
*geometry* detected driver: pdftex
*geometry* verbose mode - [ preamble ] result:
* driver: pdftex
* paper: a4paper
* layout: <same size as paper>
* layoutoffset:(h,v)=(0.0pt,0.0pt)
* modes: 
* h-part:(L,W,R)=(28.45274pt, 540.60239pt, 28.45274pt)
* v-part:(T,H,B)=(28.45274pt, 788.14136pt, 28.45274pt)
* \paperwidth=597.50787pt
* \paperheight=845.04684pt
* \textwidth=540.60239pt
* \textheight=788.14136pt
* \oddsidemargin=-43.81725pt
* \evensidemargin=-43.81725pt
* \topmargin=-80.81725pt
* \headheight=12.0pt
* \headsep=25.0pt
* \topskip=12.0pt
* \footskip=30.0pt
* \marginparwidth=35.0pt
* \marginparsep=10.0pt
* \columnsep=10.0pt
* \skip\footins=10.8pt plus 4.0pt minus 2.0pt
* \hoffset=0.0pt
* \voffset=0.0pt
* \mag=1000
* \@twocolumnfalse
* \@twosidefalse
* \@mparswitchfalse
* \@reversemarginfalse
* (1in=72.27pt=25.4mm, 1cm=28.453pt)


(C:\Users\santo\AppData\Local\Programs\MiKTeX\tex/context/base/mkii\supp-pdf.mk
ii
[Loading MPS to PDF converter (version 2006.09.02).]
\scratchcounter=\count328
\scratchdimen=\dimen267
\scratchbox=\box110
\nofMPsegments=\count329
\nofMParguments=\count330
\everyMPshowfont=\toks33
\MPscratchCnt=\count331
\MPscratchDim=\dimen268
\MPnumerator=\count332
\makeMPintoPDFobject=\count333
\everyMPtoPDFconversion=\toks34
)
(C:\Users\santo\AppData\Local\Programs\MiKTeX\tex/latex/epstopdf-pkg\epstopdf-b
ase.sty
Package: epstopdf-base 2020-01-24 v2.11 Base part for package epstopdf
Package epstopdf-base Info: Redefining graphics rule for `.eps' on input line 4
85.

(C:\Users\santo\AppData\Local\Programs\MiKTeX\tex/latex/00miktex\epstopdf-sys.c
fg
File: epstopdf-sys.cfg 2021/03/18 v2.0 Configuration of epstopdf for MiKTeX
))
! Missing $ inserted.
<inserted text> 
                $
l.10     \textbf{Escola:} CEF04_
                                PLAN \\
I've inserted a begin-math/end-math symbol since I think
you left one out. Proceed, with fingers crossed.

LaTeX Font Info:    External font `cmex10' loaded for size
(Font)              <12> on input line 10.
LaTeX Font Info:    External font `cmex10' loaded for size
(Font)              <8> on input line 10.
LaTeX Font Info:    External font `cmex10' loaded for size
(Font)              <6> on input line 10.
! Missing $ inserted.
<inserted text> 
                $
l.13 \end{minipage}
                   
I've inserted a begin-math/end-math symbol since I think
you left one out. Proceed, with fingers crossed.




<QR code requested for " {"codigo":1222177,"nome":"ADRIEL LAZARO OLIVEIRA DE SO
UZA"} " in version 0-M.>
<Error-correction level increased from M to H at no cost.>

<Calculating QR code for " {"codigo":1222177,"nome":"ADRIEL LAZARO OLIVEIRA DE 
SOUZA"} " in version 1-H.>
<Splitting off block 1> <Making error block 1>
<Interleaving datablocks of length 9\ and 10:  1, 2, 3, 4, 5, 6, 7, 8, 9, .>
<Interleaving errorblocks of length 17:  1, 2, 3, 4, 5, 6, 7, 8, 9, 10, 11,
12, 13, 14, 15, 16, 17, .><Interleaving complete.> <Writing data... done.>
<Applying Mask 0... done. Calculating penalty... penalty is 977>
<Applying Mask 1... done. Calculating penalty... penalty is 1059>
<Applying Mask 2... done. Calculating penalty... penalty is 1019>
<Applying Mask 3... done. Calculating penalty... penalty is 990>
<Applying Mask 4... done. Calculating penalty... penalty is 1006>
<Applying Mask 5... done. Calculating penalty... penalty is 1014>
<Applying Mask 6... done. Calculating penalty... penalty is 1001>
<Applying Mask 7... done. Calculating penalty... penalty is 983>
<Selected Mask 0>
<Encoding and writing format string... done.>
<Encoding and writing version information... done.>
<Saving QR code to memory... done.>
<Writing QR code to aux file... done.>
<Printing matrix... done.>


Overfull \hbox (262.35976pt too wide) in paragraph at lines 16--17
 []\OT1/cmr/m/n/12 codigo":1222177,"nome":"ADRIEL LAZARO OLIVEIRA DE SOUZA"[]$[
]$
 []


Overfull \hbox (14.82458pt too wide) in paragraph at lines 9--18
[][] [] 
 []



[1

{C:/Users/santo/AppData/Local/MiKTeX/fonts/map/pdftex/pdftex.map}]
! Missing $ inserted.
<inserted text> 
                $
l.38     \textbf{Escola:} CEF04_
                                PLAN \\
I've inserted a begin-math/end-math symbol since I think
you left one out. Proceed, with fingers crossed.

! Missing $ inserted.
<inserted text> 
                $
l.41 \end{minipage}
                   
I've inserted a begin-math/end-math symbol since I think
you left one out. Proceed, with fingers crossed.




<QR code requested for " {"codigo":621046,"nome":"ANA GABRIELLY TAVARES DA COST
A"} " in version 0-M.>
<Error-correction level increased from M to H at no cost.>

<Calculating QR code for " {"codigo":621046,"nome":"ANA GABRIELLY TAVARES DA CO
STA"} " in version 1-H.>
<Splitting off block 1> <Making error block 1>
<Interleaving datablocks of length 9\ and 10:  1, 2, 3, 4, 5, 6, 7, 8, 9, .>
<Interleaving errorblocks of length 17:  1, 2, 3, 4, 5, 6, 7, 8, 9, 10, 11,
12, 13, 14, 15, 16, 17, .><Interleaving complete.> <Writing data... done.>
<Applying Mask 0... done. Calculating penalty... penalty is 977>
<Applying Mask 1... done. Calculating penalty... penalty is 1059>
<Applying Mask 2... done. Calculating penalty... penalty is 1019>
<Applying Mask 3... done. Calculating penalty... penalty is 990>
<Applying Mask 4... done. Calculating penalty... penalty is 1006>
<Applying Mask 5... done. Calculating penalty... penalty is 1014>
<Applying Mask 6... done. Calculating penalty... penalty is 1001>
<Applying Mask 7... done. Calculating penalty... penalty is 983>
<Selected Mask 0>
<Encoding and writing format string... done.>
<Encoding and writing version information... done.>
<Saving QR code to memory... done.>
<Writing QR code to aux file... done.>
<Printing matrix... done.>


Overfull \hbox (256.56538pt too wide) in paragraph at lines 44--45
 []\OT1/cmr/m/n/12 codigo":621046,"nome":"ANA GABRIELLY TAVARES DA COSTA"[]$[]$

 []


Overfull \hbox (14.82458pt too wide) in paragraph at lines 37--46
[][] [] 
 []



[2]
! Missing $ inserted.
<inserted text> 
                $
l.66     \textbf{Escola:} CEF04_
                                PLAN \\
I've inserted a begin-math/end-math symbol since I think
you left one out. Proceed, with fingers crossed.

! Missing $ inserted.
<inserted text> 
                $
l.69 \end{minipage}
                   
I've inserted a begin-math/end-math symbol since I think
you left one out. Proceed, with fingers crossed.




<QR code requested for " {"codigo":529638,"nome":"ARTHUR DA SILVA NEPOMUCENO"} 
" in version 0-M.>
<Error-correction level increased from M to H at no cost.>

<Calculating QR code for " {"codigo":529638,"nome":"ARTHUR DA SILVA NEPOMUCENO"
} " in version 1-H.>
<Splitting off block 1> <Making error block 1>
<Interleaving datablocks of length 9\ and 10:  1, 2, 3, 4, 5, 6, 7, 8, 9, .>
<Interleaving errorblocks of length 17:  1, 2, 3, 4, 5, 6, 7, 8, 9, 10, 11,
12, 13, 14, 15, 16, 17, .><Interleaving complete.> <Writing data... done.>
<Applying Mask 0... done. Calculating penalty... penalty is 977>
<Applying Mask 1... done. Calculating penalty... penalty is 1059>
<Applying Mask 2... done. Calculating penalty... penalty is 1019>
<Applying Mask 3... done. Calculating penalty... penalty is 990>
<Applying Mask 4... done. Calculating penalty... penalty is 1006>
<Applying Mask 5... done. Calculating penalty... penalty is 1014>
<Applying Mask 6... done. Calculating penalty... penalty is 1001>
<Applying Mask 7... done. Calculating penalty... penalty is 983>
<Selected Mask 0>
<Encoding and writing format string... done.>
<Encoding and writing version information... done.>
<Saving QR code to memory... done.>
<Writing QR code to aux file... done.>
<Printing matrix... done.>


Overfull \hbox (234.45587pt too wide) in paragraph at lines 72--73
 []\OT1/cmr/m/n/12 codigo":529638,"nome":"ARTHUR DA SILVA NEPOMUCENO"[]$[]$
 []


Overfull \hbox (14.82458pt too wide) in paragraph at lines 65--74
[][] [] 
 []



[3]
! Missing $ inserted.
<inserted text> 
                $
l.94     \textbf{Escola:} CEF04_
                                PLAN \\
I've inserted a begin-math/end-math symbol since I think
you left one out. Proceed, with fingers crossed.

! Missing $ inserted.
<inserted text> 
                $
l.97 \end{minipage}
                   
I've inserted a begin-math/end-math symbol since I think
you left one out. Proceed, with fingers crossed.




<QR code requested for " {"codigo":325265,"nome":"CAMILA MAGALHAES SANTOS"} " i
n version 0-M.>
<Error-correction level increased from M to H at no cost.>

<Calculating QR code for " {"codigo":325265,"nome":"CAMILA MAGALHAES SANTOS"} "
 in version 1-H.>
<Splitting off block 1> <Making error block 1>
<Interleaving datablocks of length 9\ and 10:  1, 2, 3, 4, 5, 6, 7, 8, 9, .>
<Interleaving errorblocks of length 17:  1, 2, 3, 4, 5, 6, 7, 8, 9, 10, 11,
12, 13, 14, 15, 16, 17, .><Interleaving complete.> <Writing data... done.>
<Applying Mask 0... done. Calculating penalty... penalty is 977>
<Applying Mask 1... done. Calculating penalty... penalty is 1059>
<Applying Mask 2... done. Calculating penalty... penalty is 1019>
<Applying Mask 3... done. Calculating penalty... penalty is 990>
<Applying Mask 4... done. Calculating penalty... penalty is 1006>
<Applying Mask 5... done. Calculating penalty... penalty is 1014>
<Applying Mask 6... done. Calculating penalty... penalty is 1001>
<Applying Mask 7... done. Calculating penalty... penalty is 983>
<Selected Mask 0>
<Encoding and writing format string... done.>
<Encoding and writing version information... done.>
<Saving QR code to memory... done.>
<Writing QR code to aux file... done.>
<Printing matrix... done.>


Overfull \hbox (214.96161pt too wide) in paragraph at lines 100--101
 []\OT1/cmr/m/n/12 codigo":325265,"nome":"CAMILA MAGALHAES SANTOS"[]$[]$
 []


Overfull \hbox (14.82458pt too wide) in paragraph at lines 93--102
[][] [] 
 []



[4]
! Missing $ inserted.
<inserted text> 
                $
l.122     \textbf{Escola:} CEF04_
                                 PLAN \\
I've inserted a begin-math/end-math symbol since I think
you left one out. Proceed, with fingers crossed.


LaTeX Warning: Command \c invalid in math mode on input line 123.

! Missing $ inserted.
<inserted text> 
                $
l.125 \end{minipage}
                    
I've inserted a begin-math/end-math symbol since I think
you left one out. Proceed, with fingers crossed.




<QR code requested for " {"codigo":491899,"nome":"DAVI BEZERRA MENDONÇA"} " in
 version 0-M.>
<Error-correction level increased from M to H at no cost.>

<Calculating QR code for " {"codigo":491899,"nome":"DAVI BEZERRA MENDONÇA"} " 
in version 1-H.>
<Splitting off block 1> <Making error block 1>
<Interleaving datablocks of length 9\ and 10:  1, 2, 3, 4, 5, 6, 7, 8, 9, .>
<Interleaving errorblocks of length 17:  1, 2, 3, 4, 5, 6, 7, 8, 9, 10, 11,
12, 13, 14, 15, 16, 17, .><Interleaving complete.> <Writing data... done.>
<Applying Mask 0... done. Calculating penalty... penalty is 977>
<Applying Mask 1... done. Calculating penalty... penalty is 1059>
<Applying Mask 2... done. Calculating penalty... penalty is 1019>
<Applying Mask 3... done. Calculating penalty... penalty is 990>
<Applying Mask 4... done. Calculating penalty... penalty is 1006>
<Applying Mask 5... done. Calculating penalty... penalty is 1014>
<Applying Mask 6... done. Calculating penalty... penalty is 1001>
<Applying Mask 7... done. Calculating penalty... penalty is 983>
<Selected Mask 0>
<Encoding and writing format string... done.>
<Encoding and writing version information... done.>
<Saving QR code to memory... done.>
<Writing QR code to aux file... done.>
<Printing matrix... done.>


Overfull \hbox (200.03262pt too wide) in paragraph at lines 128--129
 []\OT1/cmr/m/n/12 codigo":491899,"nome":"DAVI BEZERRA MENDON[]A"[]$[]$
 []


Overfull \hbox (14.82458pt too wide) in paragraph at lines 121--130
[][] [] 
 []



[5]
! Missing $ inserted.
<inserted text> 
                $
l.150     \textbf{Escola:} CEF04_
                                 PLAN \\
I've inserted a begin-math/end-math symbol since I think
you left one out. Proceed, with fingers crossed.

! Missing $ inserted.
<inserted text> 
                $
l.153 \end{minipage}
                    
I've inserted a begin-math/end-math symbol since I think
you left one out. Proceed, with fingers crossed.




<QR code requested for " {"codigo":1265405,"nome":"HELOISA AGDA DE BRITO CUNHA"
} " in version 0-M.>
<Error-correction level increased from M to H at no cost.>

<Calculating QR code for " {"codigo":1265405,"nome":"HELOISA AGDA DE BRITO CUNH
A"} " in version 1-H.>
<Splitting off block 1> <Making error block 1>
<Interleaving datablocks of length 9\ and 10:  1, 2, 3, 4, 5, 6, 7, 8, 9, .>
<Interleaving errorblocks of length 17:  1, 2, 3, 4, 5, 6, 7, 8, 9, 10, 11,
12, 13, 14, 15, 16, 17, .><Interleaving complete.> <Writing data... done.>
<Applying Mask 0... done. Calculating penalty... penalty is 977>
<Applying Mask 1... done. Calculating penalty... penalty is 1059>
<Applying Mask 2... done. Calculating penalty... penalty is 1019>
<Applying Mask 3... done. Calculating penalty... penalty is 990>
<Applying Mask 4... done. Calculating penalty... penalty is 1006>
<Applying Mask 5... done. Calculating penalty... penalty is 1014>
<Applying Mask 6... done. Calculating penalty... penalty is 1001>
<Applying Mask 7... done. Calculating penalty... penalty is 983>
<Selected Mask 0>
<Encoding and writing format string... done.>
<Encoding and writing version information... done.>
<Saving QR code to memory... done.>
<Writing QR code to aux file... done.>
<Printing matrix... done.>


Overfull \hbox (241.3947pt too wide) in paragraph at lines 156--157
 []\OT1/cmr/m/n/12 codigo":1265405,"nome":"HELOISA AGDA DE BRITO CUNHA"[]$[]$
 []


Overfull \hbox (14.82458pt too wide) in paragraph at lines 149--158
[][] [] 
 []



[6]
! Missing $ inserted.
<inserted text> 
                $
l.178     \textbf{Escola:} CEF04_
                                 PLAN \\
I've inserted a begin-math/end-math symbol since I think
you left one out. Proceed, with fingers crossed.

! Missing $ inserted.
<inserted text> 
                $
l.181 \end{minipage}
                    
I've inserted a begin-math/end-math symbol since I think
you left one out. Proceed, with fingers crossed.




<QR code requested for " {"codigo":565508,"nome":"IGOR GABRIEL SANTOS DA SILVA"
} " in version 0-M.>
<Error-correction level increased from M to H at no cost.>

<Calculating QR code for " {"codigo":565508,"nome":"IGOR GABRIEL SANTOS DA SILV
A"} " in version 1-H.>
<Splitting off block 1> <Making error block 1>
<Interleaving datablocks of length 9\ and 10:  1, 2, 3, 4, 5, 6, 7, 8, 9, .>
<Interleaving errorblocks of length 17:  1, 2, 3, 4, 5, 6, 7, 8, 9, 10, 11,
12, 13, 14, 15, 16, 17, .><Interleaving complete.> <Writing data... done.>
<Applying Mask 0... done. Calculating penalty... penalty is 977>
<Applying Mask 1... done. Calculating penalty... penalty is 1059>
<Applying Mask 2... done. Calculating penalty... penalty is 1019>
<Applying Mask 3... done. Calculating penalty... penalty is 990>
<Applying Mask 4... done. Calculating penalty... penalty is 1006>
<Applying Mask 5... done. Calculating penalty... penalty is 1014>
<Applying Mask 6... done. Calculating penalty... penalty is 1001>
<Applying Mask 7... done. Calculating penalty... penalty is 983>
<Selected Mask 0>
<Encoding and writing format string... done.>
<Encoding and writing version information... done.>
<Saving QR code to memory... done.>
<Writing QR code to aux file... done.>
<Printing matrix... done.>


Overfull \hbox (232.66702pt too wide) in paragraph at lines 184--185
 []\OT1/cmr/m/n/12 codigo":565508,"nome":"IGOR GABRIEL SANTOS DA SILVA"[]$[]$
 []


Overfull \hbox (14.82458pt too wide) in paragraph at lines 177--186
[][] [] 
 []



[7]
! Missing $ inserted.
<inserted text> 
                $
l.206     \textbf{Escola:} CEF04_
                                 PLAN \\
I've inserted a begin-math/end-math symbol since I think
you left one out. Proceed, with fingers crossed.

! Missing $ inserted.
<inserted text> 
                $
l.209 \end{minipage}
                    
I've inserted a begin-math/end-math symbol since I think
you left one out. Proceed, with fingers crossed.




<QR code requested for " {"codigo":544688,"nome":"ISAAC DE JESUS GAMA"} " in ve
rsion 0-M.>
<Error-correction level increased from M to H at no cost.>

<Calculating QR code for " {"codigo":544688,"nome":"ISAAC DE JESUS GAMA"} " in 
version 1-H.>
<Splitting off block 1> <Making error block 1>
<Interleaving datablocks of length 9\ and 10:  1, 2, 3, 4, 5, 6, 7, 8, 9, .>
<Interleaving errorblocks of length 17:  1, 2, 3, 4, 5, 6, 7, 8, 9, 10, 11,
12, 13, 14, 15, 16, 17, .><Interleaving complete.> <Writing data... done.>
<Applying Mask 0... done. Calculating penalty... penalty is 977>
<Applying Mask 1... done. Calculating penalty... penalty is 1059>
<Applying Mask 2... done. Calculating penalty... penalty is 1019>
<Applying Mask 3... done. Calculating penalty... penalty is 990>
<Applying Mask 4... done. Calculating penalty... penalty is 1006>
<Applying Mask 5... done. Calculating penalty... penalty is 1014>
<Applying Mask 6... done. Calculating penalty... penalty is 1001>
<Applying Mask 7... done. Calculating penalty... penalty is 983>
<Selected Mask 0>
<Encoding and writing format string... done.>
<Encoding and writing version information... done.>
<Saving QR code to memory... done.>
<Writing QR code to aux file... done.>
<Printing matrix... done.>


Overfull \hbox (171.73012pt too wide) in paragraph at lines 212--213
 []\OT1/cmr/m/n/12 codigo":544688,"nome":"ISAAC DE JESUS GAMA"[]$[]$
 []


Overfull \hbox (14.82458pt too wide) in paragraph at lines 205--214
[][] [] 
 []



[8]
! Missing $ inserted.
<inserted text> 
                $
l.234     \textbf{Escola:} CEF04_
                                 PLAN \\
I've inserted a begin-math/end-math symbol since I think
you left one out. Proceed, with fingers crossed.

! Missing $ inserted.
<inserted text> 
                $
l.237 \end{minipage}
                    
I've inserted a begin-math/end-math symbol since I think
you left one out. Proceed, with fingers crossed.




<QR code requested for " {"codigo":1015710,"nome":"JOAO PEDRO NASCIMENTO DE CAR
VALHO"} " in version 0-M.>
<Error-correction level increased from M to H at no cost.>

<Calculating QR code for " {"codigo":1015710,"nome":"JOAO PEDRO NASCIMENTO DE C
ARVALHO"} " in version 1-H.>
<Splitting off block 1> <Making error block 1>
<Interleaving datablocks of length 9\ and 10:  1, 2, 3, 4, 5, 6, 7, 8, 9, .>
<Interleaving errorblocks of length 17:  1, 2, 3, 4, 5, 6, 7, 8, 9, 10, 11,
12, 13, 14, 15, 16, 17, .><Interleaving complete.> <Writing data... done.>
<Applying Mask 0... done. Calculating penalty... penalty is 977>
<Applying Mask 1... done. Calculating penalty... penalty is 1059>
<Applying Mask 2... done. Calculating penalty... penalty is 1019>
<Applying Mask 3... done. Calculating penalty... penalty is 990>
<Applying Mask 4... done. Calculating penalty... penalty is 1006>
<Applying Mask 5... done. Calculating penalty... penalty is 1014>
<Applying Mask 6... done. Calculating penalty... penalty is 1001>
<Applying Mask 7... done. Calculating penalty... penalty is 983>
<Selected Mask 0>
<Encoding and writing format string... done.>
<Encoding and writing version information... done.>
<Saving QR code to memory... done.>
<Writing QR code to aux file... done.>
<Printing matrix... done.>


Overfull \hbox (294.01917pt too wide) in paragraph at lines 240--241
 []\OT1/cmr/m/n/12 codigo":1015710,"nome":"JOAO PEDRO NASCIMENTO DE CARVALHO"[]
$[]$
 []


Overfull \hbox (14.82458pt too wide) in paragraph at lines 233--242
[][] [] 
 []



[9]
! Missing $ inserted.
<inserted text> 
                $
l.262     \textbf{Escola:} CEF04_
                                 PLAN \\
I've inserted a begin-math/end-math symbol since I think
you left one out. Proceed, with fingers crossed.

! Missing $ inserted.
<inserted text> 
                $
l.265 \end{minipage}
                    
I've inserted a begin-math/end-math symbol since I think
you left one out. Proceed, with fingers crossed.




<QR code requested for " {"codigo":1271540,"nome":"JULIANA MESSIAS RIBEIRO"} " 
in version 0-M.>
<Error-correction level increased from M to H at no cost.>

<Calculating QR code for " {"codigo":1271540,"nome":"JULIANA MESSIAS RIBEIRO"} 
" in version 1-H.>
<Splitting off block 1> <Making error block 1>
<Interleaving datablocks of length 9\ and 10:  1, 2, 3, 4, 5, 6, 7, 8, 9, .>
<Interleaving errorblocks of length 17:  1, 2, 3, 4, 5, 6, 7, 8, 9, 10, 11,
12, 13, 14, 15, 16, 17, .><Interleaving complete.> <Writing data... done.>
<Applying Mask 0... done. Calculating penalty... penalty is 977>
<Applying Mask 1... done. Calculating penalty... penalty is 1059>
<Applying Mask 2... done. Calculating penalty... penalty is 1019>
<Applying Mask 3... done. Calculating penalty... penalty is 990>
<Applying Mask 4... done. Calculating penalty... penalty is 1006>
<Applying Mask 5... done. Calculating penalty... penalty is 1014>
<Applying Mask 6... done. Calculating penalty... penalty is 1001>
<Applying Mask 7... done. Calculating penalty... penalty is 983>
<Selected Mask 0>
<Encoding and writing format string... done.>
<Encoding and writing version information... done.>
<Saving QR code to memory... done.>
<Writing QR code to aux file... done.>
<Printing matrix... done.>


Overfull \hbox (202.47426pt too wide) in paragraph at lines 268--269
 []\OT1/cmr/m/n/12 codigo":1271540,"nome":"JULIANA MESSIAS RIBEIRO"[]$[]$
 []


Overfull \hbox (14.82458pt too wide) in paragraph at lines 261--270
[][] [] 
 []



[10]
! Missing $ inserted.
<inserted text> 
                $
l.290     \textbf{Escola:} CEF04_
                                 PLAN \\
I've inserted a begin-math/end-math symbol since I think
you left one out. Proceed, with fingers crossed.

! Missing $ inserted.
<inserted text> 
                $
l.293 \end{minipage}
                    
I've inserted a begin-math/end-math symbol since I think
you left one out. Proceed, with fingers crossed.




<QR code requested for " {"codigo":536421,"nome":"KARINE DA SILVA SANTOS"} " in
 version 0-M.>
<Error-correction level increased from M to H at no cost.>

<Calculating QR code for " {"codigo":536421,"nome":"KARINE DA SILVA SANTOS"} " 
in version 1-H.>
<Splitting off block 1> <Making error block 1>
<Interleaving datablocks of length 9\ and 10:  1, 2, 3, 4, 5, 6, 7, 8, 9, .>
<Interleaving errorblocks of length 17:  1, 2, 3, 4, 5, 6, 7, 8, 9, 10, 11,
12, 13, 14, 15, 16, 17, .><Interleaving complete.> <Writing data... done.>
<Applying Mask 0... done. Calculating penalty... penalty is 977>
<Applying Mask 1... done. Calculating penalty... penalty is 1059>
<Applying Mask 2... done. Calculating penalty... penalty is 1019>
<Applying Mask 3... done. Calculating penalty... penalty is 990>
<Applying Mask 4... done. Calculating penalty... penalty is 1006>
<Applying Mask 5... done. Calculating penalty... penalty is 1014>
<Applying Mask 6... done. Calculating penalty... penalty is 1001>
<Applying Mask 7... done. Calculating penalty... penalty is 983>
<Selected Mask 0>
<Encoding and writing format string... done.>
<Encoding and writing version information... done.>
<Saving QR code to memory... done.>
<Writing QR code to aux file... done.>
<Printing matrix... done.>


Overfull \hbox (191.22018pt too wide) in paragraph at lines 296--297
 []\OT1/cmr/m/n/12 codigo":536421,"nome":"KARINE DA SILVA SANTOS"[]$[]$
 []


Overfull \hbox (14.82458pt too wide) in paragraph at lines 289--298
[][] [] 
 []



[11]
! Missing $ inserted.
<inserted text> 
                $
l.318     \textbf{Escola:} CEF04_
                                 PLAN \\
I've inserted a begin-math/end-math symbol since I think
you left one out. Proceed, with fingers crossed.

! Missing $ inserted.
<inserted text> 
                $
l.321 \end{minipage}
                    
I've inserted a begin-math/end-math symbol since I think
you left one out. Proceed, with fingers crossed.




<QR code requested for " {"codigo":548925,"nome":"LAYLA RIBEIRO DUARTE LISBOA"}
 " in version 0-M.>
<Error-correction level increased from M to H at no cost.>

<Calculating QR code for " {"codigo":548925,"nome":"LAYLA RIBEIRO DUARTE LISBOA
"} " in version 1-H.>
<Splitting off block 1> <Making error block 1>
<Interleaving datablocks of length 9\ and 10:  1, 2, 3, 4, 5, 6, 7, 8, 9, .>
<Interleaving errorblocks of length 17:  1, 2, 3, 4, 5, 6, 7, 8, 9, 10, 11,
12, 13, 14, 15, 16, 17, .><Interleaving complete.> <Writing data... done.>
<Applying Mask 0... done. Calculating penalty... penalty is 977>
<Applying Mask 1... done. Calculating penalty... penalty is 1059>
<Applying Mask 2... done. Calculating penalty... penalty is 1019>
<Applying Mask 3... done. Calculating penalty... penalty is 990>
<Applying Mask 4... done. Calculating penalty... penalty is 1006>
<Applying Mask 5... done. Calculating penalty... penalty is 1014>
<Applying Mask 6... done. Calculating penalty... penalty is 1001>
<Applying Mask 7... done. Calculating penalty... penalty is 983>
<Selected Mask 0>
<Encoding and writing format string... done.>
<Encoding and writing version information... done.>
<Saving QR code to memory... done.>
<Writing QR code to aux file... done.>
<Printing matrix... done.>


Overfull \hbox (226.7879pt too wide) in paragraph at lines 324--325
 []\OT1/cmr/m/n/12 codigo":548925,"nome":"LAYLA RIBEIRO DUARTE LISBOA"[]$[]$
 []


Overfull \hbox (14.82458pt too wide) in paragraph at lines 317--326
[][] [] 
 []



[12]
! Missing $ inserted.
<inserted text> 
                $
l.346     \textbf{Escola:} CEF04_
                                 PLAN \\
I've inserted a begin-math/end-math symbol since I think
you left one out. Proceed, with fingers crossed.

! Missing $ inserted.
<inserted text> 
                $
l.349 \end{minipage}
                    
I've inserted a begin-math/end-math symbol since I think
you left one out. Proceed, with fingers crossed.




<QR code requested for " {"codigo":203667,"nome":"LUAN GABRIEL DA SILVA NASCIME
NTO"} " in version 0-M.>
<Error-correction level increased from M to H at no cost.>

<Calculating QR code for " {"codigo":203667,"nome":"LUAN GABRIEL DA SILVA NASCI
MENTO"} " in version 1-H.>
<Splitting off block 1> <Making error block 1>
<Interleaving datablocks of length 9\ and 10:  1, 2, 3, 4, 5, 6, 7, 8, 9, .>
<Interleaving errorblocks of length 17:  1, 2, 3, 4, 5, 6, 7, 8, 9, 10, 11,
12, 13, 14, 15, 16, 17, .><Interleaving complete.> <Writing data... done.>
<Applying Mask 0... done. Calculating penalty... penalty is 977>
<Applying Mask 1... done. Calculating penalty... penalty is 1059>
<Applying Mask 2... done. Calculating penalty... penalty is 1019>
<Applying Mask 3... done. Calculating penalty... penalty is 990>
<Applying Mask 4... done. Calculating penalty... penalty is 1006>
<Applying Mask 5... done. Calculating penalty... penalty is 1014>
<Applying Mask 6... done. Calculating penalty... penalty is 1001>
<Applying Mask 7... done. Calculating penalty... penalty is 983>
<Selected Mask 0>
<Encoding and writing format string... done.>
<Encoding and writing version information... done.>
<Saving QR code to memory... done.>
<Writing QR code to aux file... done.>
<Printing matrix... done.>


Overfull \hbox (268.95554pt too wide) in paragraph at lines 352--353
 []\OT1/cmr/m/n/12 codigo":203667,"nome":"LUAN GABRIEL DA SILVA NASCIMENTO"[]$[
]$
 []


Overfull \hbox (14.82458pt too wide) in paragraph at lines 345--354
[][] [] 
 []



[13]
! Missing $ inserted.
<inserted text> 
                $
l.374     \textbf{Escola:} CEF04_
                                 PLAN \\
I've inserted a begin-math/end-math symbol since I think
you left one out. Proceed, with fingers crossed.

! Missing $ inserted.
<inserted text> 
                $
l.377 \end{minipage}
                    
I've inserted a begin-math/end-math symbol since I think
you left one out. Proceed, with fingers crossed.




<QR code requested for " {"codigo":469788,"nome":"LUIZ GUILHERME SILVA MARTINS"
} " in version 0-M.>
<Error-correction level increased from M to H at no cost.>

<Calculating QR code for " {"codigo":469788,"nome":"LUIZ GUILHERME SILVA MARTIN
S"} " in version 1-H.>
<Splitting off block 1> <Making error block 1>
<Interleaving datablocks of length 9\ and 10:  1, 2, 3, 4, 5, 6, 7, 8, 9, .>
<Interleaving errorblocks of length 17:  1, 2, 3, 4, 5, 6, 7, 8, 9, 10, 11,
12, 13, 14, 15, 16, 17, .><Interleaving complete.> <Writing data... done.>
<Applying Mask 0... done. Calculating penalty... penalty is 977>
<Applying Mask 1... done. Calculating penalty... penalty is 1059>
<Applying Mask 2... done. Calculating penalty... penalty is 1019>
<Applying Mask 3... done. Calculating penalty... penalty is 990>
<Applying Mask 4... done. Calculating penalty... penalty is 1006>
<Applying Mask 5... done. Calculating penalty... penalty is 1014>
<Applying Mask 6... done. Calculating penalty... penalty is 1001>
<Applying Mask 7... done. Calculating penalty... penalty is 983>
<Selected Mask 0>
<Encoding and writing format string... done.>
<Encoding and writing version information... done.>
<Saving QR code to memory... done.>
<Writing QR code to aux file... done.>
<Printing matrix... done.>


Overfull \hbox (234.5281pt too wide) in paragraph at lines 380--381
 []\OT1/cmr/m/n/12 codigo":469788,"nome":"LUIZ GUILHERME SILVA MARTINS"[]$[]$
 []


Overfull \hbox (14.82458pt too wide) in paragraph at lines 373--382
[][] [] 
 []



[14]
! Missing $ inserted.
<inserted text> 
                $
l.402     \textbf{Escola:} CEF04_
                                 PLAN \\
I've inserted a begin-math/end-math symbol since I think
you left one out. Proceed, with fingers crossed.

! Missing $ inserted.
<inserted text> 
                $
l.405 \end{minipage}
                    
I've inserted a begin-math/end-math symbol since I think
you left one out. Proceed, with fingers crossed.




<QR code requested for " {"codigo":491532,"nome":"MANUELA LOPES RODRIGUES"} " i
n version 0-M.>
<Error-correction level increased from M to H at no cost.>

<Calculating QR code for " {"codigo":491532,"nome":"MANUELA LOPES RODRIGUES"} "
 in version 1-H.>
<Splitting off block 1> <Making error block 1>
<Interleaving datablocks of length 9\ and 10:  1, 2, 3, 4, 5, 6, 7, 8, 9, .>
<Interleaving errorblocks of length 17:  1, 2, 3, 4, 5, 6, 7, 8, 9, 10, 11,
12, 13, 14, 15, 16, 17, .><Interleaving complete.> <Writing data... done.>
<Applying Mask 0... done. Calculating penalty... penalty is 977>
<Applying Mask 1... done. Calculating penalty... penalty is 1059>
<Applying Mask 2... done. Calculating penalty... penalty is 1019>
<Applying Mask 3... done. Calculating penalty... penalty is 990>
<Applying Mask 4... done. Calculating penalty... penalty is 1006>
<Applying Mask 5... done. Calculating penalty... penalty is 1014>
<Applying Mask 6... done. Calculating penalty... penalty is 1001>
<Applying Mask 7... done. Calculating penalty... penalty is 983>
<Selected Mask 0>
<Encoding and writing format string... done.>
<Encoding and writing version information... done.>
<Saving QR code to memory... done.>
<Writing QR code to aux file... done.>
<Printing matrix... done.>


Overfull \hbox (209.9089pt too wide) in paragraph at lines 408--409
 []\OT1/cmr/m/n/12 codigo":491532,"nome":"MANUELA LOPES RODRIGUES"[]$[]$
 []


Overfull \hbox (14.82458pt too wide) in paragraph at lines 401--410
[][] [] 
 []



[15]
! Missing $ inserted.
<inserted text> 
                $
l.430     \textbf{Escola:} CEF04_
                                 PLAN \\
I've inserted a begin-math/end-math symbol since I think
you left one out. Proceed, with fingers crossed.


LaTeX Warning: Command \c invalid in math mode on input line 431.

! Missing $ inserted.
<inserted text> 
                $
l.433 \end{minipage}
                    
I've inserted a begin-math/end-math symbol since I think
you left one out. Proceed, with fingers crossed.




<QR code requested for " {"codigo":558802,"nome":"MARIANA GONÇALVES ARAUJO"} "
 in version 0-M.>
<Error-correction level increased from M to H at no cost.>

<Calculating QR code for " {"codigo":558802,"nome":"MARIANA GONÇALVES ARAUJO"}
 " in version 1-H.>
<Splitting off block 1> <Making error block 1>
<Interleaving datablocks of length 9\ and 10:  1, 2, 3, 4, 5, 6, 7, 8, 9, .>
<Interleaving errorblocks of length 17:  1, 2, 3, 4, 5, 6, 7, 8, 9, 10, 11,
12, 13, 14, 15, 16, 17, .><Interleaving complete.> <Writing data... done.>
<Applying Mask 0... done. Calculating penalty... penalty is 977>
<Applying Mask 1... done. Calculating penalty... penalty is 1059>
<Applying Mask 2... done. Calculating penalty... penalty is 1019>
<Applying Mask 3... done. Calculating penalty... penalty is 990>
<Applying Mask 4... done. Calculating penalty... penalty is 1006>
<Applying Mask 5... done. Calculating penalty... penalty is 1014>
<Applying Mask 6... done. Calculating penalty... penalty is 1001>
<Applying Mask 7... done. Calculating penalty... penalty is 983>
<Selected Mask 0>
<Encoding and writing format string... done.>
<Encoding and writing version information... done.>
<Saving QR code to memory... done.>
<Writing QR code to aux file... done.>
<Printing matrix... done.>


Overfull \hbox (224.09209pt too wide) in paragraph at lines 436--437
 []\OT1/cmr/m/n/12 codigo":558802,"nome":"MARIANA GON[]ALVES ARAUJO"[]$[]$
 []


Overfull \hbox (14.82458pt too wide) in paragraph at lines 429--438
[][] [] 
 []



[16]
! Missing $ inserted.
<inserted text> 
                $
l.458     \textbf{Escola:} CEF04_
                                 PLAN \\
I've inserted a begin-math/end-math symbol since I think
you left one out. Proceed, with fingers crossed.

! Missing $ inserted.
<inserted text> 
                $
l.461 \end{minipage}
                    
I've inserted a begin-math/end-math symbol since I think
you left one out. Proceed, with fingers crossed.




<QR code requested for " {"codigo":562868,"nome":"MIGUEL GABRIEL DOS SANTOS SIL
VA"} " in version 0-M.>
<Error-correction level increased from M to H at no cost.>

<Calculating QR code for " {"codigo":562868,"nome":"MIGUEL GABRIEL DOS SANTOS S
ILVA"} " in version 1-H.>
<Splitting off block 1> <Making error block 1>
<Interleaving datablocks of length 9\ and 10:  1, 2, 3, 4, 5, 6, 7, 8, 9, .>
<Interleaving errorblocks of length 17:  1, 2, 3, 4, 5, 6, 7, 8, 9, 10, 11,
12, 13, 14, 15, 16, 17, .><Interleaving complete.> <Writing data... done.>
<Applying Mask 0... done. Calculating penalty... penalty is 977>
<Applying Mask 1... done. Calculating penalty... penalty is 1059>
<Applying Mask 2... done. Calculating penalty... penalty is 1019>
<Applying Mask 3... done. Calculating penalty... penalty is 990>
<Applying Mask 4... done. Calculating penalty... penalty is 1006>
<Applying Mask 5... done. Calculating penalty... penalty is 1014>
<Applying Mask 6... done. Calculating penalty... penalty is 1001>
<Applying Mask 7... done. Calculating penalty... penalty is 983>
<Selected Mask 0>
<Encoding and writing format string... done.>
<Encoding and writing version information... done.>
<Saving QR code to memory... done.>
<Writing QR code to aux file... done.>
<Printing matrix... done.>


Overfull \hbox (256.9765pt too wide) in paragraph at lines 464--465
 []\OT1/cmr/m/n/12 codigo":562868,"nome":"MIGUEL GABRIEL DOS SANTOS SILVA"[]$[]
$
 []


Overfull \hbox (14.82458pt too wide) in paragraph at lines 457--466
[][] [] 
 []



[17]
! Missing $ inserted.
<inserted text> 
                $
l.486     \textbf{Escola:} CEF04_
                                 PLAN \\
I've inserted a begin-math/end-math symbol since I think
you left one out. Proceed, with fingers crossed.


LaTeX Warning: Command \' invalid in math mode on input line 487.

! Please use \mathaccent for accents in math mode.
\add@accent ... \let \ignorespaces \relax \accent 
                                                  #1 #2\egroup \ifmmode \els...
l.487     \textbf{Aluno:} NATÁ
                               LIA MAGALHÃES DE OLIVEIRA \\
I'm changing \accent to \mathaccent here; wish me luck.
(Accents are not the same in formulas as they are in text.)


LaTeX Warning: Command \~ invalid in math mode on input line 487.

! Please use \mathaccent for accents in math mode.
\add@accent ... \let \ignorespaces \relax \accent 
                                                  #1 #2\egroup \ifmmode \els...
l.487     \textbf{Aluno:} NATÁLIA MAGALHÃ
                                           ES DE OLIVEIRA \\
I'm changing \accent to \mathaccent here; wish me luck.
(Accents are not the same in formulas as they are in text.)

! Missing $ inserted.
<inserted text> 
                $
l.489 \end{minipage}
                    
I've inserted a begin-math/end-math symbol since I think
you left one out. Proceed, with fingers crossed.




<QR code requested for " {"codigo":492018,"nome":"NATÁLIA MAGALHÃES DE OLIVEI
RA"} " in version 0-M.>
<Error-correction level increased from M to H at no cost.>

<Calculating QR code for " {"codigo":492018,"nome":"NATÁLIA MAGALHÃES DE OLIV
EIRA"} " in version 1-H.>
<Splitting off block 1> <Making error block 1>
<Interleaving datablocks of length 9\ and 10:  1, 2, 3, 4, 5, 6, 7, 8, 9, .>
<Interleaving errorblocks of length 17:  1, 2, 3, 4, 5, 6, 7, 8, 9, 10, 11,
12, 13, 14, 15, 16, 17, .><Interleaving complete.> <Writing data... done.>
<Applying Mask 0... done. Calculating penalty... penalty is 977>
<Applying Mask 1... done. Calculating penalty... penalty is 1059>
<Applying Mask 2... done. Calculating penalty... penalty is 1019>
<Applying Mask 3... done. Calculating penalty... penalty is 990>
<Applying Mask 4... done. Calculating penalty... penalty is 1006>
<Applying Mask 5... done. Calculating penalty... penalty is 1014>
<Applying Mask 6... done. Calculating penalty... penalty is 1001>
<Applying Mask 7... done. Calculating penalty... penalty is 983>
<Selected Mask 0>
<Encoding and writing format string... done.>
<Encoding and writing version information... done.>
<Saving QR code to memory... done.>
<Writing QR code to aux file... done.>
<Printing matrix... done.>


Overfull \hbox (251.98349pt too wide) in paragraph at lines 492--493
 []\OT1/cmr/m/n/12 codigo":492018,"nome":"NAT[]ALIA MAGALH[]AES DE OLIVEIRA"[]$
[]$
 []


Overfull \hbox (14.82458pt too wide) in paragraph at lines 485--494
[][] [] 
 []



[18]
! Missing $ inserted.
<inserted text> 
                $
l.514     \textbf{Escola:} CEF04_
                                 PLAN \\
I've inserted a begin-math/end-math symbol since I think
you left one out. Proceed, with fingers crossed.

! Missing $ inserted.
<inserted text> 
                $
l.517 \end{minipage}
                    
I've inserted a begin-math/end-math symbol since I think
you left one out. Proceed, with fingers crossed.




<QR code requested for " {"codigo":463140,"nome":"PAULO RICARDO SENA DA SILVA"}
 " in version 0-M.>
<Error-correction level increased from M to H at no cost.>

<Calculating QR code for " {"codigo":463140,"nome":"PAULO RICARDO SENA DA SILVA
"} " in version 1-H.>
<Splitting off block 1> <Making error block 1>
<Interleaving datablocks of length 9\ and 10:  1, 2, 3, 4, 5, 6, 7, 8, 9, .>
<Interleaving errorblocks of length 17:  1, 2, 3, 4, 5, 6, 7, 8, 9, 10, 11,
12, 13, 14, 15, 16, 17, .><Interleaving complete.> <Writing data... done.>
<Applying Mask 0... done. Calculating penalty... penalty is 977>
<Applying Mask 1... done. Calculating penalty... penalty is 1059>
<Applying Mask 2... done. Calculating penalty... penalty is 1019>
<Applying Mask 3... done. Calculating penalty... penalty is 990>
<Applying Mask 4... done. Calculating penalty... penalty is 1006>
<Applying Mask 5... done. Calculating penalty... penalty is 1014>
<Applying Mask 6... done. Calculating penalty... penalty is 1001>
<Applying Mask 7... done. Calculating penalty... penalty is 983>
<Selected Mask 0>
<Encoding and writing format string... done.>
<Encoding and writing version information... done.>
<Saving QR code to memory... done.>
<Writing QR code to aux file... done.>
<Printing matrix... done.>


Overfull \hbox (228.41983pt too wide) in paragraph at lines 520--521
 []\OT1/cmr/m/n/12 codigo":463140,"nome":"PAULO RICARDO SENA DA SILVA"[]$[]$
 []


Overfull \hbox (14.82458pt too wide) in paragraph at lines 513--522
[][] [] 
 []



[19]
! Missing $ inserted.
<inserted text> 
                $
l.542     \textbf{Escola:} CEF04_
                                 PLAN \\
I've inserted a begin-math/end-math symbol since I think
you left one out. Proceed, with fingers crossed.


LaTeX Warning: Command \' invalid in math mode on input line 543.

! Please use \mathaccent for accents in math mode.
\add@accent ... \let \ignorespaces \relax \accent 
                                                  #1 #2\egroup \ifmmode \els...
l.543     \textbf{Aluno:} PAULO VÍ
                                   CTOR ROSÁRIO DE MELO \\
I'm changing \accent to \mathaccent here; wish me luck.
(Accents are not the same in formulas as they are in text.)


LaTeX Warning: Command \' invalid in math mode on input line 543.

! Please use \mathaccent for accents in math mode.
\add@accent ... \let \ignorespaces \relax \accent 
                                                  #1 #2\egroup \ifmmode \els...
l.543     \textbf{Aluno:} PAULO VÍCTOR ROSÁ
                                             RIO DE MELO \\
I'm changing \accent to \mathaccent here; wish me luck.
(Accents are not the same in formulas as they are in text.)

! Missing $ inserted.
<inserted text> 
                $
l.545 \end{minipage}
                    
I've inserted a begin-math/end-math symbol since I think
you left one out. Proceed, with fingers crossed.




<QR code requested for " {"codigo":388222,"nome":"PAULO VÍCTOR ROSÁRIO DE MEL
O"} " in version 0-M.>
<Error-correction level increased from M to H at no cost.>

<Calculating QR code for " {"codigo":388222,"nome":"PAULO VÍCTOR ROSÁRIO DE M
ELO"} " in version 1-H.>
<Splitting off block 1> <Making error block 1>
<Interleaving datablocks of length 9\ and 10:  1, 2, 3, 4, 5, 6, 7, 8, 9, .>
<Interleaving errorblocks of length 17:  1, 2, 3, 4, 5, 6, 7, 8, 9, 10, 11,
12, 13, 14, 15, 16, 17, .><Interleaving complete.> <Writing data... done.>
<Applying Mask 0... done. Calculating penalty... penalty is 977>
<Applying Mask 1... done. Calculating penalty... penalty is 1059>
<Applying Mask 2... done. Calculating penalty... penalty is 1019>
<Applying Mask 3... done. Calculating penalty... penalty is 990>
<Applying Mask 4... done. Calculating penalty... penalty is 1006>
<Applying Mask 5... done. Calculating penalty... penalty is 1014>
<Applying Mask 6... done. Calculating penalty... penalty is 1001>
<Applying Mask 7... done. Calculating penalty... penalty is 983>
<Selected Mask 0>
<Encoding and writing format string... done.>
<Encoding and writing version information... done.>
<Saving QR code to memory... done.>
<Writing QR code to aux file... done.>
<Printing matrix... done.>


Overfull \hbox (243.60718pt too wide) in paragraph at lines 548--549
 []\OT1/cmr/m/n/12 codigo":388222,"nome":"PAULO V[]ICTOR ROS[]ARIO DE MELO"[]$[
]$
 []


Overfull \hbox (14.82458pt too wide) in paragraph at lines 541--550
[][] [] 
 []



[20]
! Missing $ inserted.
<inserted text> 
                $
l.570     \textbf{Escola:} CEF04_
                                 PLAN \\
I've inserted a begin-math/end-math symbol since I think
you left one out. Proceed, with fingers crossed.

! Missing $ inserted.
<inserted text> 
                $
l.573 \end{minipage}
                    
I've inserted a begin-math/end-math symbol since I think
you left one out. Proceed, with fingers crossed.




<QR code requested for " {"codigo":321949,"nome":"RAEL CHRISTIAN FIGUEIREDO MAR
TIRES"} " in version 0-M.>
<Error-correction level increased from M to H at no cost.>

<Calculating QR code for " {"codigo":321949,"nome":"RAEL CHRISTIAN FIGUEIREDO M
ARTIRES"} " in version 1-H.>
<Splitting off block 1> <Making error block 1>
<Interleaving datablocks of length 9\ and 10:  1, 2, 3, 4, 5, 6, 7, 8, 9, .>
<Interleaving errorblocks of length 17:  1, 2, 3, 4, 5, 6, 7, 8, 9, 10, 11,
12, 13, 14, 15, 16, 17, .><Interleaving complete.> <Writing data... done.>
<Applying Mask 0... done. Calculating penalty... penalty is 977>
<Applying Mask 1... done. Calculating penalty... penalty is 1059>
<Applying Mask 2... done. Calculating penalty... penalty is 1019>
<Applying Mask 3... done. Calculating penalty... penalty is 990>
<Applying Mask 4... done. Calculating penalty... penalty is 1006>
<Applying Mask 5... done. Calculating penalty... penalty is 1014>
<Applying Mask 6... done. Calculating penalty... penalty is 1001>
<Applying Mask 7... done. Calculating penalty... penalty is 983>
<Selected Mask 0>
<Encoding and writing format string... done.>
<Encoding and writing version information... done.>
<Saving QR code to memory... done.>
<Writing QR code to aux file... done.>
<Printing matrix... done.>


Overfull \hbox (284.62207pt too wide) in paragraph at lines 576--577
 []\OT1/cmr/m/n/12 codigo":321949,"nome":"RAEL CHRISTIAN FIGUEIREDO MARTIRES"[]
$[]$
 []


Overfull \hbox (14.82458pt too wide) in paragraph at lines 569--578
[][] [] 
 []



[21]
! Missing $ inserted.
<inserted text> 
                $
l.598     \textbf{Escola:} CEF04_
                                 PLAN \\
I've inserted a begin-math/end-math symbol since I think
you left one out. Proceed, with fingers crossed.


LaTeX Warning: Command \' invalid in math mode on input line 599.

! Please use \mathaccent for accents in math mode.
\add@accent ... \let \ignorespaces \relax \accent 
                                                  #1 #2\egroup \ifmmode \els...
l.599     \textbf{Aluno:} RAYNARA VITÓ
                                       RIA DE SOUZA SILVA \\
I'm changing \accent to \mathaccent here; wish me luck.
(Accents are not the same in formulas as they are in text.)

! Missing $ inserted.
<inserted text> 
                $
l.601 \end{minipage}
                    
I've inserted a begin-math/end-math symbol since I think
you left one out. Proceed, with fingers crossed.




<QR code requested for " {"codigo":488526,"nome":"RAYNARA VITÓRIA DE SOUZA SIL
VA"} " in version 0-M.>
<Error-correction level increased from M to H at no cost.>

<Calculating QR code for " {"codigo":488526,"nome":"RAYNARA VITÓRIA DE SOUZA S
ILVA"} " in version 1-H.>
<Splitting off block 1> <Making error block 1>
<Interleaving datablocks of length 9\ and 10:  1, 2, 3, 4, 5, 6, 7, 8, 9, .>
<Interleaving errorblocks of length 17:  1, 2, 3, 4, 5, 6, 7, 8, 9, 10, 11,
12, 13, 14, 15, 16, 17, .><Interleaving complete.> <Writing data... done.>
<Applying Mask 0... done. Calculating penalty... penalty is 977>
<Applying Mask 1... done. Calculating penalty... penalty is 1059>
<Applying Mask 2... done. Calculating penalty... penalty is 1019>
<Applying Mask 3... done. Calculating penalty... penalty is 990>
<Applying Mask 4... done. Calculating penalty... penalty is 1006>
<Applying Mask 5... done. Calculating penalty... penalty is 1014>
<Applying Mask 6... done. Calculating penalty... penalty is 1001>
<Applying Mask 7... done. Calculating penalty... penalty is 983>
<Selected Mask 0>
<Encoding and writing format string... done.>
<Encoding and writing version information... done.>
<Saving QR code to memory... done.>
<Writing QR code to aux file... done.>
<Printing matrix... done.>


Overfull \hbox (251.2543pt too wide) in paragraph at lines 604--605
 []\OT1/cmr/m/n/12 codigo":488526,"nome":"RAYNARA VIT[]ORIA DE SOUZA SILVA"[]$[
]$
 []


Overfull \hbox (14.82458pt too wide) in paragraph at lines 597--606
[][] [] 
 []



[22]
! Missing $ inserted.
<inserted text> 
                $
l.626     \textbf{Escola:} CEF04_
                                 PLAN \\
I've inserted a begin-math/end-math symbol since I think
you left one out. Proceed, with fingers crossed.

! Missing $ inserted.
<inserted text> 
                $
l.629 \end{minipage}
                    
I've inserted a begin-math/end-math symbol since I think
you left one out. Proceed, with fingers crossed.




<QR code requested for " {"codigo":520954,"nome":"RICHARD SAMUEL DA HORA GOMES"
} " in version 0-M.>
<Error-correction level increased from M to H at no cost.>

<Calculating QR code for " {"codigo":520954,"nome":"RICHARD SAMUEL DA HORA GOME
S"} " in version 1-H.>
<Splitting off block 1> <Making error block 1>
<Interleaving datablocks of length 9\ and 10:  1, 2, 3, 4, 5, 6, 7, 8, 9, .>
<Interleaving errorblocks of length 17:  1, 2, 3, 4, 5, 6, 7, 8, 9, 10, 11,
12, 13, 14, 15, 16, 17, .><Interleaving complete.> <Writing data... done.>
<Applying Mask 0... done. Calculating penalty... penalty is 977>
<Applying Mask 1... done. Calculating penalty... penalty is 1059>
<Applying Mask 2... done. Calculating penalty... penalty is 1019>
<Applying Mask 3... done. Calculating penalty... penalty is 990>
<Applying Mask 4... done. Calculating penalty... penalty is 1006>
<Applying Mask 5... done. Calculating penalty... penalty is 1014>
<Applying Mask 6... done. Calculating penalty... penalty is 1001>
<Applying Mask 7... done. Calculating penalty... penalty is 983>
<Selected Mask 0>
<Encoding and writing format string... done.>
<Encoding and writing version information... done.>
<Saving QR code to memory... done.>
<Writing QR code to aux file... done.>
<Printing matrix... done.>


Overfull \hbox (251.34738pt too wide) in paragraph at lines 632--633
 []\OT1/cmr/m/n/12 codigo":520954,"nome":"RICHARD SAMUEL DA HORA GOMES"[]$[]$
 []


Overfull \hbox (14.82458pt too wide) in paragraph at lines 625--634
[][] [] 
 []



[23]
! Missing $ inserted.
<inserted text> 
                $
l.654     \textbf{Escola:} CEF04_
                                 PLAN \\
I've inserted a begin-math/end-math symbol since I think
you left one out. Proceed, with fingers crossed.

! Missing $ inserted.
<inserted text> 
                $
l.657 \end{minipage}
                    
I've inserted a begin-math/end-math symbol since I think
you left one out. Proceed, with fingers crossed.




<QR code requested for " {"codigo":551974,"nome":"SAMUEL DE FARIAS LANDIM"} " i
n version 0-M.>
<Error-correction level increased from M to H at no cost.>

<Calculating QR code for " {"codigo":551974,"nome":"SAMUEL DE FARIAS LANDIM"} "
 in version 1-H.>
<Splitting off block 1> <Making error block 1>
<Interleaving datablocks of length 9\ and 10:  1, 2, 3, 4, 5, 6, 7, 8, 9, .>
<Interleaving errorblocks of length 17:  1, 2, 3, 4, 5, 6, 7, 8, 9, 10, 11,
12, 13, 14, 15, 16, 17, .><Interleaving complete.> <Writing data... done.>
<Applying Mask 0... done. Calculating penalty... penalty is 977>
<Applying Mask 1... done. Calculating penalty... penalty is 1059>
<Applying Mask 2... done. Calculating penalty... penalty is 1019>
<Applying Mask 3... done. Calculating penalty... penalty is 990>
<Applying Mask 4... done. Calculating penalty... penalty is 1006>
<Applying Mask 5... done. Calculating penalty... penalty is 1014>
<Applying Mask 6... done. Calculating penalty... penalty is 1001>
<Applying Mask 7... done. Calculating penalty... penalty is 983>
<Selected Mask 0>
<Encoding and writing format string... done.>
<Encoding and writing version information... done.>
<Saving QR code to memory... done.>
<Writing QR code to aux file... done.>
<Printing matrix... done.>


Overfull \hbox (200.51593pt too wide) in paragraph at lines 660--661
 []\OT1/cmr/m/n/12 codigo":551974,"nome":"SAMUEL DE FARIAS LANDIM"[]$[]$
 []


Overfull \hbox (14.82458pt too wide) in paragraph at lines 653--662
[][] [] 
 []



[24]
! Missing $ inserted.
<inserted text> 
                $
l.682     \textbf{Escola:} CEF04_
                                 PLAN \\
I've inserted a begin-math/end-math symbol since I think
you left one out. Proceed, with fingers crossed.

! Missing $ inserted.
<inserted text> 
                $
l.685 \end{minipage}
                    
I've inserted a begin-math/end-math symbol since I think
you left one out. Proceed, with fingers crossed.




<QR code requested for " {"codigo":133653,"nome":"SARA RAQUEL FRANCISCA DE JESU
S DA SILVA"} " in version 0-M.>
<Error-correction level increased from M to H at no cost.>

<Calculating QR code for " {"codigo":133653,"nome":"SARA RAQUEL FRANCISCA DE JE
SUS DA SILVA"} " in version 1-H.>
<Splitting off block 1> <Making error block 1>
<Interleaving datablocks of length 9\ and 10:  1, 2, 3, 4, 5, 6, 7, 8, 9, .>
<Interleaving errorblocks of length 17:  1, 2, 3, 4, 5, 6, 7, 8, 9, 10, 11,
12, 13, 14, 15, 16, 17, .><Interleaving complete.> <Writing data... done.>
<Applying Mask 0... done. Calculating penalty... penalty is 977>
<Applying Mask 1... done. Calculating penalty... penalty is 1059>
<Applying Mask 2... done. Calculating penalty... penalty is 1019>
<Applying Mask 3... done. Calculating penalty... penalty is 990>
<Applying Mask 4... done. Calculating penalty... penalty is 1006>
<Applying Mask 5... done. Calculating penalty... penalty is 1014>
<Applying Mask 6... done. Calculating penalty... penalty is 1001>
<Applying Mask 7... done. Calculating penalty... penalty is 983>
<Selected Mask 0>
<Encoding and writing format string... done.>
<Encoding and writing version information... done.>
<Saving QR code to memory... done.>
<Writing QR code to aux file... done.>
<Printing matrix... done.>


Overfull \hbox (311.62733pt too wide) in paragraph at lines 688--689
 []\OT1/cmr/m/n/12 codigo":133653,"nome":"SARA RAQUEL FRANCISCA DE JESUS DA SIL
VA"[]$[]$
 []


Overfull \hbox (14.82458pt too wide) in paragraph at lines 681--690
[][] [] 
 []



[25]
! Missing $ inserted.
<inserted text> 
                $
l.710     \textbf{Escola:} CEF04_
                                 PLAN \\
I've inserted a begin-math/end-math symbol since I think
you left one out. Proceed, with fingers crossed.

! Missing $ inserted.
<inserted text> 
                $
l.713 \end{minipage}
                    
I've inserted a begin-math/end-math symbol since I think
you left one out. Proceed, with fingers crossed.




<QR code requested for " {"codigo":471625,"nome":"TAYLANNE RODRIGUES LIMA"} " i
n version 0-M.>
<Error-correction level increased from M to H at no cost.>

<Calculating QR code for " {"codigo":471625,"nome":"TAYLANNE RODRIGUES LIMA"} "
 in version 1-H.>
<Splitting off block 1> <Making error block 1>
<Interleaving datablocks of length 9\ and 10:  1, 2, 3, 4, 5, 6, 7, 8, 9, .>
<Interleaving errorblocks of length 17:  1, 2, 3, 4, 5, 6, 7, 8, 9, 10, 11,
12, 13, 14, 15, 16, 17, .><Interleaving complete.> <Writing data... done.>
<Applying Mask 0... done. Calculating penalty... penalty is 977>
<Applying Mask 1... done. Calculating penalty... penalty is 1059>
<Applying Mask 2... done. Calculating penalty... penalty is 1019>
<Applying Mask 3... done. Calculating penalty... penalty is 990>
<Applying Mask 4... done. Calculating penalty... penalty is 1006>
<Applying Mask 5... done. Calculating penalty... penalty is 1014>
<Applying Mask 6... done. Calculating penalty... penalty is 1001>
<Applying Mask 7... done. Calculating penalty... penalty is 983>
<Selected Mask 0>
<Encoding and writing format string... done.>
<Encoding and writing version information... done.>
<Saving QR code to memory... done.>
<Writing QR code to aux file... done.>
<Printing matrix... done.>


Overfull \hbox (206.6367pt too wide) in paragraph at lines 716--717
 []\OT1/cmr/m/n/12 codigo":471625,"nome":"TAYLANNE RODRIGUES LIMA"[]$[]$
 []


Overfull \hbox (14.82458pt too wide) in paragraph at lines 709--718
[][] [] 
 []



[26]
! Missing $ inserted.
<inserted text> 
                $
l.738     \textbf{Escola:} CEF04_
                                 PLAN \\
I've inserted a begin-math/end-math symbol since I think
you left one out. Proceed, with fingers crossed.

! Missing $ inserted.
<inserted text> 
                $
l.741 \end{minipage}
                    
I've inserted a begin-math/end-math symbol since I think
you left one out. Proceed, with fingers crossed.




<QR code requested for " {"codigo":497289,"nome":"UANE VITORIA MARTINS BATISTA 
DA SILVA"} " in version 0-M.>
<Error-correction level increased from M to H at no cost.>

<Calculating QR code for " {"codigo":497289,"nome":"UANE VITORIA MARTINS BATIST
A DA SILVA"} " in version 1-H.>
<Splitting off block 1> <Making error block 1>
<Interleaving datablocks of length 9\ and 10:  1, 2, 3, 4, 5, 6, 7, 8, 9, .>
<Interleaving errorblocks of length 17:  1, 2, 3, 4, 5, 6, 7, 8, 9, 10, 11,
12, 13, 14, 15, 16, 17, .><Interleaving complete.> <Writing data... done.>
<Applying Mask 0... done. Calculating penalty... penalty is 977>
<Applying Mask 1... done. Calculating penalty... penalty is 1059>
<Applying Mask 2... done. Calculating penalty... penalty is 1019>
<Applying Mask 3... done. Calculating penalty... penalty is 990>
<Applying Mask 4... done. Calculating penalty... penalty is 1006>
<Applying Mask 5... done. Calculating penalty... penalty is 1014>
<Applying Mask 6... done. Calculating penalty... penalty is 1001>
<Applying Mask 7... done. Calculating penalty... penalty is 983>
<Selected Mask 0>
<Encoding and writing format string... done.>
<Encoding and writing version information... done.>
<Saving QR code to memory... done.>
<Writing QR code to aux file... done.>
<Printing matrix... done.>


Overfull \hbox (295.62607pt too wide) in paragraph at lines 744--745
 []\OT1/cmr/m/n/12 codigo":497289,"nome":"UANE VITORIA MARTINS BATISTA DA SILVA
"[]$[]$
 []


Overfull \hbox (14.82458pt too wide) in paragraph at lines 737--746
[][] [] 
 []



[27]
! Missing $ inserted.
<inserted text> 
                $
l.766     \textbf{Escola:} CEF04_
                                 PLAN \\
I've inserted a begin-math/end-math symbol since I think
you left one out. Proceed, with fingers crossed.

! Missing $ inserted.
<inserted text> 
                $
l.769 \end{minipage}
                    
I've inserted a begin-math/end-math symbol since I think
you left one out. Proceed, with fingers crossed.




<QR code requested for " {"codigo":534309,"nome":"VICTOR MEDEIROS BERNADINO"} "
 in version 0-M.>
<Error-correction level increased from M to H at no cost.>

<Calculating QR code for " {"codigo":534309,"nome":"VICTOR MEDEIROS BERNADINO"}
 " in version 1-H.>
<Splitting off block 1> <Making error block 1>
<Interleaving datablocks of length 9\ and 10:  1, 2, 3, 4, 5, 6, 7, 8, 9, .>
<Interleaving errorblocks of length 17:  1, 2, 3, 4, 5, 6, 7, 8, 9, 10, 11,
12, 13, 14, 15, 16, 17, .><Interleaving complete.> <Writing data... done.>
<Applying Mask 0... done. Calculating penalty... penalty is 977>
<Applying Mask 1... done. Calculating penalty... penalty is 1059>
<Applying Mask 2... done. Calculating penalty... penalty is 1019>
<Applying Mask 3... done. Calculating penalty... penalty is 990>
<Applying Mask 4... done. Calculating penalty... penalty is 1006>
<Applying Mask 5... done. Calculating penalty... penalty is 1014>
<Applying Mask 6... done. Calculating penalty... penalty is 1001>
<Applying Mask 7... done. Calculating penalty... penalty is 983>
<Selected Mask 0>
<Encoding and writing format string... done.>
<Encoding and writing version information... done.>
<Saving QR code to memory... done.>
<Writing QR code to aux file... done.>
<Printing matrix... done.>


Overfull \hbox (226.95735pt too wide) in paragraph at lines 772--773
 []\OT1/cmr/m/n/12 codigo":534309,"nome":"VICTOR MEDEIROS BERNADINO"[]$[]$
 []


Overfull \hbox (14.82458pt too wide) in paragraph at lines 765--774
[][] [] 
 []



[28]
! Missing $ inserted.
<inserted text> 
                $
l.794     \textbf{Escola:} CEF04_
                                 PLAN \\
I've inserted a begin-math/end-math symbol since I think
you left one out. Proceed, with fingers crossed.

! Missing $ inserted.
<inserted text> 
                $
l.797 \end{minipage}
                    
I've inserted a begin-math/end-math symbol since I think
you left one out. Proceed, with fingers crossed.




<QR code requested for " {"codigo":1005887,"nome":"YASMIN BORGES DE SOUSA"} " i
n version 0-M.>
<Error-correction level increased from M to H at no cost.>

<Calculating QR code for " {"codigo":1005887,"nome":"YASMIN BORGES DE SOUSA"} "
 in version 1-H.>
<Splitting off block 1> <Making error block 1>
<Interleaving datablocks of length 9\ and 10:  1, 2, 3, 4, 5, 6, 7, 8, 9, .>
<Interleaving errorblocks of length 17:  1, 2, 3, 4, 5, 6, 7, 8, 9, 10, 11,
12, 13, 14, 15, 16, 17, .><Interleaving complete.> <Writing data... done.>
<Applying Mask 0... done. Calculating penalty... penalty is 977>
<Applying Mask 1... done. Calculating penalty... penalty is 1059>
<Applying Mask 2... done. Calculating penalty... penalty is 1019>
<Applying Mask 3... done. Calculating penalty... penalty is 990>
<Applying Mask 4... done. Calculating penalty... penalty is 1006>
<Applying Mask 5... done. Calculating penalty... penalty is 1014>
<Applying Mask 6... done. Calculating penalty... penalty is 1001>
<Applying Mask 7... done. Calculating penalty... penalty is 983>
<Selected Mask 0>
<Encoding and writing format string... done.>
<Encoding and writing version information... done.>
<Saving QR code to memory... done.>
<Writing QR code to aux file... done.>
<Printing matrix... done.>


Overfull \hbox (203.87701pt too wide) in paragraph at lines 800--801
 []\OT1/cmr/m/n/12 codigo":1005887,"nome":"YASMIN BORGES DE SOUSA"[]$[]$
 []


Overfull \hbox (14.82458pt too wide) in paragraph at lines 793--802
[][] [] 
 []



[29]
! Missing $ inserted.
<inserted text> 
                $
l.822     \textbf{Escola:} CEF04_
                                 PLAN \\
I've inserted a begin-math/end-math symbol since I think
you left one out. Proceed, with fingers crossed.

! Missing $ inserted.
<inserted text> 
                $
l.825 \end{minipage}
                    
I've inserted a begin-math/end-math symbol since I think
you left one out. Proceed, with fingers crossed.




<QR code requested for " {"codigo":227138,"nome":"YURI CAUAN BARBOSA DE CASTRO"
} " in version 0-M.>
<Error-correction level increased from M to H at no cost.>

<Calculating QR code for " {"codigo":227138,"nome":"YURI CAUAN BARBOSA DE CASTR
O"} " in version 1-H.>
<Splitting off block 1> <Making error block 1>
<Interleaving datablocks of length 9\ and 10:  1, 2, 3, 4, 5, 6, 7, 8, 9, .>
<Interleaving errorblocks of length 17:  1, 2, 3, 4, 5, 6, 7, 8, 9, 10, 11,
12, 13, 14, 15, 16, 17, .><Interleaving complete.> <Writing data... done.>
<Applying Mask 0... done. Calculating penalty... penalty is 977>
<Applying Mask 1... done. Calculating penalty... penalty is 1059>
<Applying Mask 2... done. Calculating penalty... penalty is 1019>
<Applying Mask 3... done. Calculating penalty... penalty is 990>
<Applying Mask 4... done. Calculating penalty... penalty is 1006>
<Applying Mask 5... done. Calculating penalty... penalty is 1014>
<Applying Mask 6... done. Calculating penalty... penalty is 1001>
<Applying Mask 7... done. Calculating penalty... penalty is 983>
<Selected Mask 0>
<Encoding and writing format string... done.>
<Encoding and writing version information... done.>
<Saving QR code to memory... done.>
<Writing QR code to aux file... done.>
<Printing matrix... done.>


Overfull \hbox (247.18907pt too wide) in paragraph at lines 828--829
 []\OT1/cmr/m/n/12 codigo":227138,"nome":"YURI CAUAN BARBOSA DE CASTRO"[]$[]$
 []


Overfull \hbox (14.82458pt too wide) in paragraph at lines 821--830
[][] [] 
 []



[30] (C:\projetos\sistema_educacional\api\uploads\CEF04_PLAN\gabaritos\2Q.aux
<Reading QR code for " "codigo":1222177,"nome":"ADRIEL LAZARO OLIVEIRA DE SOUZA
" " at level 1-H from aux file.>

<Reading QR code for " "codigo":621046,"nome":"ANA GABRIELLY TAVARES DA COSTA" 
" at level 1-H from aux file.>

<Reading QR code for " "codigo":529638,"nome":"ARTHUR DA SILVA NEPOMUCENO" " at
 level 1-H from aux file.>

<Reading QR code for " "codigo":325265,"nome":"CAMILA MAGALHAES SANTOS" " at le
vel 1-H from aux file.>

<Reading QR code for " "codigo":491899,"nome":"DAVI BEZERRA MENDONÇA" " at lev
el 1-H from aux file.>

<Reading QR code for " "codigo":1265405,"nome":"HELOISA AGDA DE BRITO CUNHA" " 
at level 1-H from aux file.>

<Reading QR code for " "codigo":565508,"nome":"IGOR GABRIEL SANTOS DA SILVA" " 
at level 1-H from aux file.>

<Reading QR code for " "codigo":544688,"nome":"ISAAC DE JESUS GAMA" " at level 
1-H from aux file.>

<Reading QR code for " "codigo":1015710,"nome":"JOAO PEDRO NASCIMENTO DE CARVAL
HO" " at level 1-H from aux file.>

<Reading QR code for " "codigo":1271540,"nome":"JULIANA MESSIAS RIBEIRO" " at l
evel 1-H from aux file.>

<Reading QR code for " "codigo":536421,"nome":"KARINE DA SILVA SANTOS" " at lev
el 1-H from aux file.>

<Reading QR code for " "codigo":548925,"nome":"LAYLA RIBEIRO DUARTE LISBOA" " a
t level 1-H from aux file.>

<Reading QR code for " "codigo":203667,"nome":"LUAN GABRIEL DA SILVA NASCIMENTO
" " at level 1-H from aux file.>

<Reading QR code for " "codigo":469788,"nome":"LUIZ GUILHERME SILVA MARTINS" " 
at level 1-H from aux file.>

<Reading QR code for " "codigo":491532,"nome":"MANUELA LOPES RODRIGUES" " at le
vel 1-H from aux file.>

<Reading QR code for " "codigo":558802,"nome":"MARIANA GONÇALVES ARAUJO" " at 
level 1-H from aux file.>

<Reading QR code for " "codigo":562868,"nome":"MIGUEL GABRIEL DOS SANTOS SILVA"
 " at level 1-H from aux file.>

<Reading QR code for " "codigo":492018,"nome":"NATÁLIA MAGALHÃES DE OLIVEIRA"
 " at level 1-H from aux file.>

<Reading QR code for " "codigo":463140,"nome":"PAULO RICARDO SENA DA SILVA" " a
t level 1-H from aux file.>

<Reading QR code for " "codigo":388222,"nome":"PAULO VÍCTOR ROSÁRIO DE MELO" 
" at level 1-H from aux file.>

<Reading QR code for " "codigo":321949,"nome":"RAEL CHRISTIAN FIGUEIREDO MARTIR
ES" " at level 1-H from aux file.>

<Reading QR code for " "codigo":488526,"nome":"RAYNARA VITÓRIA DE SOUZA SILVA"
 " at level 1-H from aux file.>

<Reading QR code for " "codigo":520954,"nome":"RICHARD SAMUEL DA HORA GOMES" " 
at level 1-H from aux file.>

<Reading QR code for " "codigo":551974,"nome":"SAMUEL DE FARIAS LANDIM" " at le
vel 1-H from aux file.>

<Reading QR code for " "codigo":133653,"nome":"SARA RAQUEL FRANCISCA DE JESUS D
A SILVA" " at level 1-H from aux file.>

<Reading QR code for " "codigo":471625,"nome":"TAYLANNE RODRIGUES LIMA" " at le
vel 1-H from aux file.>

<Reading QR code for " "codigo":497289,"nome":"UANE VITORIA MARTINS BATISTA DA 
SILVA" " at level 1-H from aux file.>

<Reading QR code for " "codigo":534309,"nome":"VICTOR MEDEIROS BERNADINO" " at 
level 1-H from aux file.>

<Reading QR code for " "codigo":1005887,"nome":"YASMIN BORGES DE SOUSA" " at le
vel 1-H from aux file.>

<Reading QR code for " "codigo":227138,"nome":"YURI CAUAN BARBOSA DE CASTRO" " 
at level 1-H from aux file.>
)
 ***********
LaTeX2e <2024-11-01> patch level 2
L3 programming layer <2025-01-18>
 ***********
 ) 
Here is how much of TeX's memory you used:
 15618 strings out of 473530
 313768 string characters out of 5714794
 794685 words of memory out of 5000000
 38640 multiletter control sequences out of 15000+600000
 561880 words of font info for 46 fonts, out of 8000000 for 9000
 1141 hyphenation exceptions out of 8191
 102i,8n,185p,712b,898s stack positions out of 10000i,1000n,20000p,200000b,200000s
<C:/Users/santo/AppData/Local/Programs/MiKTeX/fonts/type1/public/amsfonts/cm/
cmbx12.pfb><C:/Users/santo/AppData/Local/Programs/MiKTeX/fonts/type1/public/ams
fonts/cm/cmmi12.pfb><C:/Users/santo/AppData/Local/Programs/MiKTeX/fonts/type1/p
ublic/amsfonts/cm/cmmi8.pfb><C:/Users/santo/AppData/Local/Programs/MiKTeX/fonts
/type1/public/amsfonts/cm/cmr12.pfb>
Output written on C:\projetos\sistema_educacional\api\uploads\CEF04_PLAN\gabari
tos\2Q.pdf (30 pages, 171049 bytes).
PDF statistics:
 121 PDF objects out of 1000 (max. 8388607)
 0 named destinations out of 1000 (max. 500000)
 13 words of extra memory for PDF output out of 10000 (max. 10000000)

